

================== ASTRAL ===================== 

This is ASTRAL version 5.15.4
Using native AVX batch computing.
Gene trees are treated as unrooted
Warning:

 Problem using GPU. Proceeding without GPU
org.jocl.CLException: CL_PLATFORM_NOT_FOUND_KHR
org.jocl.CLException: CL_PLATFORM_NOT_FOUND_KHR
Starting 2 threads ...
There are 2 threads used to run.
1000 trees read from /home/vasenaj/Desktop/phylogenetic-tree-comparison-rt-refactor/data_sets/gene-trees/model.15taxon/1000gene-100bp/R6/all_gt.tre
All output trees will be *arbitrarily* rooted at N

======== Running the main analysis
Number of taxa: 15 (15 species)
Taxa: [N, F, C, A, D, O, K, E, H, G, J, I, B, L, M]
Taxon occupancy: {A=1000, B=1000, C=1000, D=1000, E=1000, F=1000, G=1000, H=1000, I=1000, J=1000, K=1000, L=1000, M=1000, N=1000, O=1000}
Using polytree-based weight calculation.
Number of gene trees: 1000
0 trees have missing taxa
Calculating distance matrix (for completion of X) ....with 2 distance matrices for parallellism
Species tree distances calculated ...

Building set of clusters (X) from gene trees 
------------------------------
Number of Clusters after addition from gene trees: 5947
Number of Clusters after addition by distance: 5947
Adding to X using resolutions of greedy consensus ...

Computing greedy consensus  
Threshold 0.0:
Threshold 0.01:
Threshold 0.02:
Threshold 0.05:
took 0 seconds
Limit for sigma of degrees:425

polytomy size limit : > 14
 [4, 11, 13, 14]
discarded polytomies: 
polytomy of size 4; rounds with additions with at least 5 support: 0; clusters: 5947
Threshold 0.1:
polytomy of size 11; rounds with additions with at least 5 support: 0; clusters: 5947
Threshold 0.2:
polytomy of size 13; rounds with additions with at least 5 support: 0; clusters: 5947
Threshold 0.3333333333333333:
polytomy of size 14; rounds with additions with at least 5 support: 0; clusters: 5947
Number of Clusters after addition by greedy: 5947
partitions formed in 10.439 secs
Dynamic Programming starting after 10.439 secs
Polytree max score: 1365000
Polytree building time: 0.195 seconds.
Using native AVX batch computing method.
Number of quartet trees in the gene trees: 1365000
Computing hash values took 0 seconds
Size of largest cluster: 15
Size of largest cluster: 15
Finishing up:77890 77568 77889
Total Number of elements: 77889
Normalized score (portion of input quartet trees satisfied before correcting for multiple individuals): 0.5113340659340659
Final optimization score: 697971
Optimal tree inferred in 20.634 secs.
Weight calculation using polytrees cumulatively took 7.013536152 secs
(N,(M,(L,(O,(K,(J,(I,(H,(G,(F,(E,(D,(C,(A,B))))))))))))));
Final quartet score is: 697971
Final normalized quartet score is: 0.5113340659340659
(N,(M,(L,(O,(K,(J,(I,(H,(G,(F,(E,(D,(C,(A,B)1:0.10441745953157258)1:0.15749383346240545)1:0.11517654539548361)1:0.1402136760931036)1:0.14047710813514805)1:0.11536872681533407)1:0.08139643740511292)1:0.11367839679858943)1:0.086285094615443)0.52:0.042707303732874034)0.99:0.06903503800252714)1:0.0921558193749463));
ASTRAL finished in 22.089 secs
Shutting down threading
Memory Peak: 1110