

================== ASTRAL ===================== 

This is ASTRAL version 5.15.4
Using native AVX batch computing.
Gene trees are treated as unrooted
Warning:

 Problem using GPU. Proceeding without GPU
org.jocl.CLException: CL_PLATFORM_NOT_FOUND_KHR
org.jocl.CLException: CL_PLATFORM_NOT_FOUND_KHR
Starting 2 threads ...
There are 2 threads used to run.
25 trees read from /home/vasenaj/Desktop/phylogenetic-tree-comparison-rt-refactor/data_sets/gene-trees/model.37taxon/noscale.25g.500b/R3/all_gt.tre
All output trees will be *arbitrarily* rooted at GAL

======== Running the main analysis
Number of taxa: 37 (37 species)
Taxa: [GAL, MYO, VIC, CAN, FEL, PTE, TUR, BOS, SUS, EQU, CAV, ORY, OCH, TUP, CAL, PON, GOR, PAN, HOM, TAR, OTO, MIC, NEW, DIP, SPE, RAT, MUS, ERI, SOR, DAS, CHO, ECH, PRO, LOX, ORN, MAC, MON]
Taxon occupancy: {PTE=25, NEW=25, TAR=25, RAT=25, SPE=25, ORN=25, OTO=25, CHO=25, PRO=25, ORY=25, MYO=25, MIC=25, BOS=25, HOM=25, EQU=25, DIP=25, MUS=25, GOR=25, ECH=25, FEL=25, MON=25, TUP=25, PON=25, MAC=25, CAL=25, TUR=25, SUS=25, VIC=25, CAN=25, GAL=25, LOX=25, OCH=25, SOR=25, DAS=25, CAV=25, PAN=25, ERI=25}
Using polytree-based weight calculation.
Number of gene trees: 25
0 trees have missing taxa
Calculating distance matrix (for completion of X) ....with 2 distance matrices for parallellism
Species tree distances calculated ...

Building set of clusters (X) from gene trees 
------------------------------
Number of Clusters after addition from gene trees: 629
Number of Clusters after addition by distance: 629
Adding to X using resolutions of greedy consensus ...

Computing greedy consensus  
took 0 seconds
Limit for sigma of degrees:975

polytomy size limit : > 5
 [3, 3, 4, 5]
discarded polytomies: 
Threshold 0.0:
Threshold 0.01:
Threshold 0.02:
Threshold 0.05:
Threshold 0.1:
Threshold 0.2:
Threshold 0.3333333333333333:
polytomy of size 4; rounds with additions with at least 5 support: 0; clusters: 629
polytomy of size 3; rounds with additions with at least 5 support: 0; clusters: 629
polytomy of size 5; rounds with additions with at least 5 support: 0; clusters: 629
polytomy of size 3; rounds with additions with at least 5 support: 0; clusters: 629
Number of Clusters after addition by greedy: 629
partitions formed in 0.766 secs
Dynamic Programming starting after 0.766 secs
Polytree max score: 1651125
Polytree building time: 0.034 seconds.
Using native AVX batch computing method.
Number of quartet trees in the gene trees: 1651125
Computing hash values took 0 seconds
Size of largest cluster: 37
Size of largest cluster: 37
Finishing up:734 7 8
Total Number of elements: 733
Normalized score (portion of input quartet trees satisfied before correcting for multiple individuals): 0.8658411688999924
Final optimization score: 1429612
Optimal tree inferred in 1.91 secs.
Weight calculation using polytrees cumulatively took 0.009041118 secs
(GAL,(((((TUP,(TAR,((CAL,(NEW,(PON,(GOR,(PAN,HOM))))),(OTO,MIC)))),((CAV,((DIP,SPE),(RAT,MUS))),(ORY,OCH))),((((VIC,(SUS,(TUR,BOS))),(EQU,(CAN,FEL))),(MYO,PTE)),(ERI,SOR))),((ECH,(PRO,LOX)),(DAS,CHO))),(ORN,(MAC,MON))));
Final quartet score is: 1429612
Final normalized quartet score is: 0.8658411688999924
(GAL,(((((TUP,(TAR,((CAL,(NEW,(PON,(GOR,(PAN,HOM)1:0.5500463369192721)1:1.0659352626418097)1:1.178654996341646)0.65:0.13016945014980444)1:0.8331412453641467,(OTO,MIC)1:1.4692147686210426)0.83:0.21570221346555318)1:0.6830487689390252)0.76:0.17280652902742957,((CAV,((DIP,SPE)0.41:0.022095463627817998,(RAT,MUS)1:1.9363406980391626)0.66:0.12805192685989705)1:0.6609778976265538,(ORY,OCH)1:1.7540191412452077)1:0.5480483342565992)1:1.5546479911251427,((((VIC,(SUS,(TUR,BOS)1:0.5500463369192721)1:0.7731898882334817)1:1.0162055136996924,(EQU,(CAN,FEL)1:1.2373283980268193)0.7:0.1423614720727948)0.59:0.13186480726745184,(MYO,PTE)0.7:0.1456021579452148)0.99:0.44739553317302916,(ERI,SOR)0.99:0.48550781578170077)1:0.9398933048704723)1:1.0830865854190368,((ECH,(PRO,LOX)1:1.466337068793427)1:1.7540191412452077,(DAS,CHO)1:1.7965787556640034)0.84:0.2171945919538158)1:0.8329778066124548,(ORN,(MAC,MON)1:1.4590110287013534)0.42:0.02388437287054255));
ASTRAL finished in 2.439 secs
Shutting down threading
Memory Peak: 1122