

================== ASTRAL ===================== 

This is ASTRAL version 5.15.4
Using native AVX batch computing.
Gene trees are treated as unrooted
Warning:

 Problem using GPU. Proceeding without GPU
org.jocl.CLException: CL_PLATFORM_NOT_FOUND_KHR
org.jocl.CLException: CL_PLATFORM_NOT_FOUND_KHR
Starting 2 threads ...
There are 2 threads used to run.
50 trees read from /home/vasenaj/Desktop/phylogenetic-tree-comparison-rt-refactor/data_sets/gene-trees/model.11taxon/estimated_50genes_strongILS/R2/all_gt.tre
All output trees will be *arbitrarily* rooted at 11

======== Running the main analysis
Number of taxa: 11 (11 species)
Taxa: [11, 6, 5, 10, 7, 9, 8, 3, 4, 2, 1]
Taxon occupancy: {11=50, 1=50, 2=50, 3=50, 4=50, 5=50, 6=50, 7=50, 8=50, 9=50, 10=50}
Using polytree-based weight calculation.
Number of gene trees: 50
0 trees have missing taxa
Calculating distance matrix (for completion of X) ....with 2 distance matrices for parallellism
Species tree distances calculated ...

Building set of clusters (X) from gene trees 
------------------------------
Number of Clusters after addition from gene trees: 143
Number of Clusters after addition by distance: 143
Adding to X using resolutions of greedy consensus ...

Computing greedy consensus  
took 0 seconds
Limit for sigma of degrees:325

polytomy size limit : > 3
 [3, 3]
discarded polytomies: 
Threshold 0.0:
Threshold 0.01:
Threshold 0.02:
Threshold 0.05:
Threshold 0.1:
Threshold 0.2:
Threshold 0.3333333333333333:
polytomy of size 3; rounds with additions with at least 5 support: 0; clusters: 143
polytomy of size 3; rounds with additions with at least 5 support: 0; clusters: 143
Number of Clusters after addition by greedy: 143
partitions formed in 0.446 secs
Dynamic Programming starting after 0.446 secs
Polytree max score: 16500
Polytree building time: 0.035 seconds.
Using native AVX batch computing method.
Number of quartet trees in the gene trees: 16500
Computing hash values took 0 seconds
Size of largest cluster: 11
Size of largest cluster: 11
Finishing up:189 0 0
Total Number of elements: 188
Normalized score (portion of input quartet trees satisfied before correcting for multiple individuals): 0.8206060606060606
Final optimization score: 13540
Optimal tree inferred in 1.569 secs.
Weight calculation using polytrees cumulatively took 0.002682066 secs
(11,((4,(3,(2,1))),(10,(9,((6,5),(7,8))))));
Final quartet score is: 13540
Final normalized quartet score is: 0.8206060606060606
(11,((4,(3,(2,1)0.85:0.1808520488145946)0.98:0.2710150199665693)1:2.4464403689602054,(10,(9,((6,5)1:0.8041256885219955,(7,8)1:1.361396809498163)0.93:0.20914879902709907)1:0.36936010346604814)1:2.0112332916533036));
ASTRAL finished in 1.902 secs
Shutting down threading
Memory Peak: 1188