

================== ASTRAL ===================== 

This is ASTRAL version 5.15.4
Using native AVX batch computing.
Gene trees are treated as unrooted
Warning:

 Problem using GPU. Proceeding without GPU
org.jocl.CLException: CL_PLATFORM_NOT_FOUND_KHR
org.jocl.CLException: CL_PLATFORM_NOT_FOUND_KHR
Starting 2 threads ...
There are 2 threads used to run.
800 trees read from /home/vasenaj/Desktop/phylogenetic-tree-comparison-rt-refactor/data_sets/gene-trees/model.37taxon/noscale.800g.500b/R5/all_gt.tre
All output trees will be *arbitrarily* rooted at GAL

======== Running the main analysis
Number of taxa: 37 (37 species)
Taxa: [GAL, MON, MAC, ORN, SOR, CAN, EQU, FEL, BOS, SUS, VIC, TUR, ERI, MYO, PTE, PON, GOR, PAN, HOM, CAL, NEW, OTO, MIC, TAR, OCH, TUP, RAT, MUS, SPE, DIP, ORY, CAV, DAS, CHO, LOX, PRO, ECH]
Taxon occupancy: {PTE=800, NEW=800, TAR=800, RAT=800, SPE=800, ORN=800, OTO=800, CHO=800, PRO=800, ORY=800, MYO=800, MIC=800, BOS=800, HOM=800, EQU=800, MUS=800, DIP=800, GOR=800, ECH=800, FEL=800, MON=800, MAC=800, PON=800, TUP=800, CAL=800, SUS=800, TUR=800, CAN=800, VIC=800, GAL=800, LOX=800, OCH=800, SOR=800, DAS=800, CAV=800, PAN=800, ERI=800}
Using polytree-based weight calculation.
Number of gene trees: 800
0 trees have missing taxa
Calculating distance matrix (for completion of X) ....with 2 distance matrices for parallellism
Species tree distances calculated ...

Building set of clusters (X) from gene trees 
------------------------------
Number of Clusters after addition from gene trees: 3897
Number of Clusters after addition by distance: 3897
Adding to X using resolutions of greedy consensus ...

Computing greedy consensus  
Threshold 0.0:
Threshold 0.01:
Threshold 0.02:
Threshold 0.05:
Threshold 0.1:
Threshold 0.2:
took 0 seconds
Limit for sigma of degrees:975

polytomy size limit : > 5
 [3, 3, 3, 3, 3, 3, 5]
discarded polytomies: 
polytomy of size 3; rounds with additions with at least 5 support: 0; clusters: 3897
polytomy of size 3; rounds with additions with at least 5 support: 0; clusters: 3897
Threshold 0.3333333333333333:
polytomy of size 5; rounds with additions with at least 5 support: 0; clusters: 3897
polytomy of size 3; rounds with additions with at least 5 support: 0; clusters: 3897
polytomy of size 3; rounds with additions with at least 5 support: 0; clusters: 3897
polytomy of size 3; rounds with additions with at least 5 support: 0; clusters: 3897
polytomy of size 3; rounds with additions with at least 5 support: 0; clusters: 3897
Number of Clusters after addition by greedy: 3897
partitions formed in 3.397 secs
Dynamic Programming starting after 3.397 secs
Polytree max score: 52836000
Polytree building time: 0.19 seconds.
Using native AVX batch computing method.
Number of quartet trees in the gene trees: 52836000
Computing hash values took 0 seconds
Size of largest cluster: 37
Size of largest cluster: 37
Finishing up:15800 192 15799
Total Number of elements: 15799
Normalized score (portion of input quartet trees satisfied before correcting for multiple individuals): 0.8514084904231963
Final optimization score: 44985019
Optimal tree inferred in 5.466 secs.
Weight calculation using polytrees cumulatively took 0.573008759 secs
(GAL,(ORN,((MON,MAC),(((((TAR,(CAL,(NEW,(PON,(GOR,(PAN,HOM)))))),(OTO,MIC)),(TUP,((OCH,ORY),(SPE,(CAV,(DIP,(RAT,MUS))))))),((((EQU,(CAN,FEL)),(VIC,(SUS,(BOS,TUR)))),(MYO,PTE)),(SOR,ERI))),((DAS,CHO),(ECH,(LOX,PRO)))))));
Final quartet score is: 48096684
Final normalized quartet score is: 0.9103013854190325
(GAL,(ORN,((MON,MAC)1:1.7422723675035692,(((((TAR,(CAL,(NEW,(PON,(GOR,(PAN,HOM)1:0.5088630945923122)1:1.4558467548381206)1:1.8454951287419148)1:0.24133231305293387)1:0.8321653297052741)1:0.18353952668265827,(OTO,MIC)1:1.603759651717046)1:1.203794471735179,(TUP,((OCH,ORY)1:2.4196661279196046,(SPE,(CAV,(DIP,(RAT,MUS)1:2.34569084922207)1:0.2200697421188982)0.75:0.03195007979219258)1:0.7056627526405217)1:0.5364205331827695)0.99:0.07026760141685526)1:1.3463085400021804,((((EQU,(CAN,FEL)1:1.8928696487202783)1:0.0870028649386938,(VIC,(SUS,(BOS,TUR)1:0.7192618215990196)1:0.27415464263462463)1:2.0184987408238264)1:0.08078052512414423,(MYO,PTE)1:0.8817945966222662)1:0.3821745844150892,(SOR,ERI)1:0.36002114067988944)1:1.4458012141980565)1:0.8975997115537534,((DAS,CHO)1:3.267622099551348,(ECH,(LOX,PRO)1:1.3584846176265406)1:1.7669640940363287)0.98:0.06498151800370078)1:0.8532299021052824)1:0.12319217394309621));
ASTRAL finished in 6.784 secs
Shutting down threading
Memory Peak: 1128