

================== ASTRAL ===================== 

This is ASTRAL version 5.15.4
Using native AVX batch computing.
Gene trees are treated as unrooted
Warning:

 Problem using GPU. Proceeding without GPU
org.jocl.CLException: CL_PLATFORM_NOT_FOUND_KHR
org.jocl.CLException: CL_PLATFORM_NOT_FOUND_KHR
Starting 2 threads ...
There are 2 threads used to run.
1000 trees read from /home/vasenaj/Desktop/phylogenetic-tree-comparison-rt-refactor/data_sets/gene-trees/model.10.2000000.0.000001/06/truegenetrees
All output trees will be *arbitrarily* rooted at 0

======== Running the main analysis
Number of taxa: 11 (11 species)
Taxa: [0, 10, 2, 9, 7, 1, 6, 8, 3, 4, 5]
Taxon occupancy: {0=1000, 1=1000, 2=1000, 3=1000, 4=1000, 5=1000, 6=1000, 7=1000, 8=1000, 9=1000, 10=1000}
Using polytree-based weight calculation.
Number of gene trees: 1000
0 trees have missing taxa
Calculating distance matrix (for completion of X) ....with 2 distance matrices for parallellism
Species tree distances calculated ...

Building set of clusters (X) from gene trees 
------------------------------
Number of Clusters after addition from gene trees: 101
Number of Clusters after addition by distance: 101
Adding to X using resolutions of greedy consensus ...

Computing greedy consensus  
took 0 seconds
Limit for sigma of degrees:325

polytomy size limit : > 3
 []
discarded polytomies: 
Threshold 0.0:
Threshold 0.01:
Threshold 0.02:
Threshold 0.05:
Threshold 0.1:
Threshold 0.2:
Threshold 0.3333333333333333:
Number of Clusters after addition by greedy: 101
partitions formed in 0.766 secs
Dynamic Programming starting after 0.766 secs
Polytree max score: 330000
Polytree building time: 0.083 seconds.
Using native AVX batch computing method.
Number of quartet trees in the gene trees: 330000
Computing hash values took 0 seconds
Size of largest cluster: 11
Size of largest cluster: 11
Finishing up:95 25 26
Total Number of elements: 94
Normalized score (portion of input quartet trees satisfied before correcting for multiple individuals): 0.9293151515151515
Final optimization score: 306674
Optimal tree inferred in 1.976 secs.
Weight calculation using polytrees cumulatively took 0.002844297 secs
(0,(((2,9),(10,7)),((6,(8,(3,4))),(1,5))));
Final quartet score is: 306674
Final normalized quartet score is: 0.9293151515151515
(0,(((2,9)1:0.28269950110731706,(10,7)1:3.507557397653066)1:5.586998939332913,((6,(8,(3,4)1:0.6171856397569004)1:3.207452805202728)1:4.798541578968634,(1,5)1:0.969900182479536)1:1.1017390500173672));
ASTRAL finished in 2.884 secs
Shutting down threading
Memory Peak: 1078