

================== ASTRAL ===================== 

This is ASTRAL version 5.15.4
Using native AVX batch computing.
Gene trees are treated as unrooted
Warning:

 Problem using GPU. Proceeding without GPU
org.jocl.CLException: CL_PLATFORM_NOT_FOUND_KHR
org.jocl.CLException: CL_PLATFORM_NOT_FOUND_KHR
Starting 2 threads ...
There are 2 threads used to run.
1000 trees read from /home/vasenaj/Desktop/phylogenetic-tree-comparison-rt-refactor/data_sets/gene-trees/model.10.2000000.0.000001/32/truegenetrees
All output trees will be *arbitrarily* rooted at 0

======== Running the main analysis
Number of taxa: 11 (11 species)
Taxa: [0, 7, 3, 1, 2, 10, 4, 9, 6, 8, 5]
Taxon occupancy: {0=1000, 1=1000, 2=1000, 3=1000, 4=1000, 5=1000, 6=1000, 7=1000, 8=1000, 9=1000, 10=1000}
Using polytree-based weight calculation.
Number of gene trees: 1000
0 trees have missing taxa
Calculating distance matrix (for completion of X) ....with 2 distance matrices for parallellism
Species tree distances calculated ...

Building set of clusters (X) from gene trees 
------------------------------
Number of Clusters after addition from gene trees: 99
Number of Clusters after addition by distance: 99
Adding to X using resolutions of greedy consensus ...

Computing greedy consensus  
Threshold 0.0:
Threshold 0.01:
Threshold 0.02:
Threshold 0.05:
Threshold 0.1:
Threshold 0.2:
Threshold 0.3333333333333333:
took 0 seconds
Limit for sigma of degrees:325

polytomy size limit : > 3
 []
discarded polytomies: 
Number of Clusters after addition by greedy: 99
partitions formed in 0.736 secs
Dynamic Programming starting after 0.736 secs
Polytree max score: 330000
Polytree building time: 0.12 seconds.
Using native AVX batch computing method.
Number of quartet trees in the gene trees: 330000
Computing hash values took 0 seconds
Size of largest cluster: 11
Size of largest cluster: 11
Finishing up:103 10 11
Total Number of elements: 102
Normalized score (portion of input quartet trees satisfied before correcting for multiple individuals): 0.9351666666666667
Final optimization score: 308605
Optimal tree inferred in 1.963 secs.
Weight calculation using polytrees cumulatively took 0.003776908 secs
(0,(((2,(1,(7,3))),(10,(4,(9,6)))),(8,5)));
Final quartet score is: 308605
Final normalized quartet score is: 0.9351666666666667
(0,(((2,(1,(7,3)1:2.4257522273013365)1:2.5617078635373662)1:1.4218853062225925,(10,(4,(9,6)1:0.5687262181074342)1:1.2431935174792175)1:6.5032896712070904)1:1.0597902948145217,(8,5)1:6.5032896712070904));
ASTRAL finished in 3.06 secs
Shutting down threading
Memory Peak: 1078