

================== ASTRAL ===================== 

This is ASTRAL version 5.15.4
Using native AVX batch computing.
Gene trees are treated as unrooted
Warning:

 Problem using GPU. Proceeding without GPU
org.jocl.CLException: CL_PLATFORM_NOT_FOUND_KHR
org.jocl.CLException: CL_PLATFORM_NOT_FOUND_KHR
Starting 2 threads ...
There are 2 threads used to run.
50 trees read from /home/vasenaj/Desktop/phylogenetic-tree-comparison-rt-refactor/data_sets/gene-trees/model.11taxon/simulated_50genes_strongILS/R19/all_gt.tre
All output trees will be *arbitrarily* rooted at 11.11

======== Running the main analysis
Number of taxa: 11 (11 species)
Taxa: [11.11, 4.4, 2.2, 1.1, 3.3, 10.10, 7.7, 8.8, 5.5, 6.6, 9.9]
Taxon occupancy: {7.7=50, 8.8=50, 1.1=50, 9.9=50, 2.2=50, 11.11=50, 10.10=50, 3.3=50, 4.4=50, 5.5=50, 6.6=50}
Using polytree-based weight calculation.
Number of gene trees: 50
0 trees have missing taxa
Calculating distance matrix (for completion of X) ....with 2 distance matrices for parallellism
Species tree distances calculated ...

Building set of clusters (X) from gene trees 
------------------------------
Number of Clusters after addition from gene trees: 71
Number of Clusters after addition by distance: 71
Adding to X using resolutions of greedy consensus ...

Computing greedy consensus  
took 0 seconds
Limit for sigma of degrees:325

polytomy size limit : > 3
 []
discarded polytomies: 
Threshold 0.0:
Threshold 0.01:
Threshold 0.02:
Threshold 0.05:
Threshold 0.1:
Threshold 0.2:
Threshold 0.3333333333333333:
Number of Clusters after addition by greedy: 71
partitions formed in 0.206 secs
Dynamic Programming starting after 0.206 secs
Polytree max score: 16500
Polytree building time: 0.022 seconds.
Using native AVX batch computing method.
Number of quartet trees in the gene trees: 16500
Computing hash values took 0 seconds
Size of largest cluster: 11
Size of largest cluster: 11
Finishing up:51 9 10
Total Number of elements: 50
Normalized score (portion of input quartet trees satisfied before correcting for multiple individuals): 0.9391515151515152
Final optimization score: 15496
Optimal tree inferred in 1.319 secs.
Weight calculation using polytrees cumulatively took 0.001028655 secs
(11.11,((10.10,(9.9,((7.7,8.8),(5.5,6.6)))),(4.4,(3.3,(2.2,1.1)))));
Final quartet score is: 15496
Final normalized quartet score is: 0.9391515151515152
(11.11,((10.10,(9.9,((7.7,8.8)1:2.8332133440562166,(5.5,6.6)1:3.5263605246161593)1:0.4583075894825443)1:1.3573068242466386)1:3.5263605246161593,(4.4,(3.3,(2.2,1.1)1:0.5819215454497209)1:1.65455834771457)1:3.5263605246161593));
ASTRAL finished in 1.762 secs
Shutting down threading
Memory Peak: 1194