

================== ASTRAL ===================== 

This is ASTRAL version 5.15.4
Using native AVX batch computing.
Gene trees are treated as unrooted
Warning:

 Problem using GPU. Proceeding without GPU
org.jocl.CLException: CL_PLATFORM_NOT_FOUND_KHR
org.jocl.CLException: CL_PLATFORM_NOT_FOUND_KHR
Starting 2 threads ...
There are 2 threads used to run.
100 trees read from /home/vasenaj/Desktop/phylogenetic-tree-comparison-rt-refactor/data_sets/gene-trees/model.11taxon/estimated_100genes_strongILS/R4/all_gt.tre
All output trees will be *arbitrarily* rooted at 3

======== Running the main analysis
Number of taxa: 11 (11 species)
Taxa: [3, 2, 4, 11, 5, 8, 6, 7, 9, 10, 1]
Taxon occupancy: {11=100, 1=100, 2=100, 3=100, 4=100, 5=100, 6=100, 7=100, 8=100, 9=100, 10=100}
Using polytree-based weight calculation.
Number of gene trees: 100
0 trees have missing taxa
Calculating distance matrix (for completion of X) ....with 2 distance matrices for parallellism
Species tree distances calculated ...

Building set of clusters (X) from gene trees 
------------------------------
Number of Clusters after addition from gene trees: 201
Number of Clusters after addition by distance: 201
Adding to X using resolutions of greedy consensus ...

Computing greedy consensus  
Threshold 0.0:
Threshold 0.01:
Threshold 0.02:
Threshold 0.05:
Threshold 0.1:
Threshold 0.2:
Threshold 0.3333333333333333:
took 0 seconds
Limit for sigma of degrees:325

polytomy size limit : > 3
 [3, 3]
discarded polytomies: 
polytomy of size 3; rounds with additions with at least 5 support: 0; clusters: 201
polytomy of size 3; rounds with additions with at least 5 support: 0; clusters: 201
Number of Clusters after addition by greedy: 201
partitions formed in 0.475 secs
Dynamic Programming starting after 0.476 secs
Polytree max score: 33000
Polytree building time: 0.029 seconds.
Using native AVX batch computing method.
Number of quartet trees in the gene trees: 33000
Computing hash values took 0 seconds
Size of largest cluster: 11
Size of largest cluster: 11
Finishing up:355 56 57
Total Number of elements: 354
Normalized score (portion of input quartet trees satisfied before correcting for multiple individuals): 0.8065757575757576
Final optimization score: 26617
Optimal tree inferred in 1.612 secs.
Weight calculation using polytrees cumulatively took 0.009252659 secs
(3,(1,(2,(4,(11,(10,(9,((8,7),(5,6)))))))));
Final quartet score is: 26617
Final normalized quartet score is: 0.8065757575757576
(3,(1,(2,(4,(11,(10,(9,((8,7)1:0.6084368931775839,(5,6)1:0.7131478472666153)1:0.33758671881198177)1:0.2996344059756218)1:2.1116374814803227)1:1.9880393782727175)1:0.5030763775197578)0.46:0.025698687821307218));
ASTRAL finished in 2.117 secs
Shutting down threading
Memory Peak: 1194