

================== ASTRAL ===================== 

This is ASTRAL version 5.15.4
Using native AVX batch computing.
Gene trees are treated as unrooted
Warning:

 Problem using GPU. Proceeding without GPU
org.jocl.CLException: CL_PLATFORM_NOT_FOUND_KHR
org.jocl.CLException: CL_PLATFORM_NOT_FOUND_KHR
Starting 2 threads ...
There are 2 threads used to run.
1000 trees read from /home/vasenaj/Desktop/phylogenetic-tree-comparison-rt-refactor/data_sets/gene-trees/model.10.2000000.0.000001/33/truegenetrees
All output trees will be *arbitrarily* rooted at 0

======== Running the main analysis
Number of taxa: 11 (11 species)
Taxa: [0, 4, 1, 7, 5, 10, 3, 6, 9, 8, 2]
Taxon occupancy: {0=1000, 1=1000, 2=1000, 3=1000, 4=1000, 5=1000, 6=1000, 7=1000, 8=1000, 9=1000, 10=1000}
Using polytree-based weight calculation.
Number of gene trees: 1000
0 trees have missing taxa
Calculating distance matrix (for completion of X) ....with 2 distance matrices for parallellism
Species tree distances calculated ...

Building set of clusters (X) from gene trees 
------------------------------
Number of Clusters after addition from gene trees: 109
Number of Clusters after addition by distance: 109
Adding to X using resolutions of greedy consensus ...

Computing greedy consensus  
Threshold 0.0:
Threshold 0.01:
took 0 seconds
Limit for sigma of degrees:325

polytomy size limit : > 3
 []
discarded polytomies: 
Threshold 0.02:
Threshold 0.05:
Threshold 0.1:
Threshold 0.2:
Threshold 0.3333333333333333:
Number of Clusters after addition by greedy: 109
partitions formed in 1.315 secs
Dynamic Programming starting after 1.315 secs
Polytree max score: 330000
Polytree building time: 0.164 seconds.
Using native AVX batch computing method.
Number of quartet trees in the gene trees: 330000
Computing hash values took 0 seconds
Size of largest cluster: 11
Size of largest cluster: 11
Finishing up:118 0 117
Total Number of elements: 117
Normalized score (portion of input quartet trees satisfied before correcting for multiple individuals): 0.9335909090909091
Final optimization score: 308085
Optimal tree inferred in 2.611 secs.
Weight calculation using polytrees cumulatively took 0.005318296 secs
(0,(((5,(6,(10,3))),(4,(1,7))),(2,(9,8))));
Final quartet score is: 308085
Final normalized quartet score is: 0.9335909090909091
(0,(((5,(6,(10,3)1:2.2406097941657404)1:3.3046165536563747)1:1.7130240015422855,(4,(1,7)1:1.8398505770949893)1:5.810142490647089)1:0.5524301282745483,(2,(9,8)1:5.404677382538943)1:2.742089555513494));
ASTRAL finished in 3.581 secs
Shutting down threading
Memory Peak: 1078