

================== ASTRAL ===================== 

This is ASTRAL version 5.15.4
Using native AVX batch computing.
Gene trees are treated as unrooted
Warning:

 Problem using GPU. Proceeding without GPU
org.jocl.CLException: CL_PLATFORM_NOT_FOUND_KHR
org.jocl.CLException: CL_PLATFORM_NOT_FOUND_KHR
Starting 2 threads ...
There are 2 threads used to run.
1000 trees read from /home/vasenaj/Desktop/phylogenetic-tree-comparison-rt-refactor/data_sets/gene-trees/model.15taxon/1000gene-1000bp/R5/all_gt.tre
All output trees will be *arbitrarily* rooted at N

======== Running the main analysis
Number of taxa: 15 (15 species)
Taxa: [N, G, K, J, L, I, E, H, F, C, B, D, A, M, O]
Taxon occupancy: {A=1000, B=1000, C=1000, D=1000, E=1000, F=1000, G=1000, H=1000, I=1000, J=1000, K=1000, L=1000, M=1000, N=1000, O=1000}
Using polytree-based weight calculation.
Number of gene trees: 1000
0 trees have missing taxa
Calculating distance matrix (for completion of X) ....with 2 distance matrices for parallellism
Species tree distances calculated ...

Building set of clusters (X) from gene trees 
------------------------------
Number of Clusters after addition from gene trees: 4633
Number of Clusters after addition by distance: 4633
Adding to X using resolutions of greedy consensus ...

Computing greedy consensus  
took 0 seconds
Limit for sigma of degrees:425

polytomy size limit : > 13
 [3, 3, 12, 13]
discarded polytomies: 
Threshold 0.0:
Threshold 0.01:
Threshold 0.02:
Threshold 0.05:
Threshold 0.1:
polytomy of size 3; rounds with additions with at least 5 support: 0; clusters: 4633
polytomy of size 3; rounds with additions with at least 5 support: 0; clusters: 4633
Threshold 0.2:
polytomy of size 12; rounds with additions with at least 5 support: 0; clusters: 4633
Threshold 0.3333333333333333:
polytomy of size 13; rounds with additions with at least 5 support: 0; clusters: 4633
Number of Clusters after addition by greedy: 4633
partitions formed in 3.653 secs
Dynamic Programming starting after 3.653 secs
Polytree max score: 1365000
Polytree building time: 0.136 seconds.
Using native AVX batch computing method.
Number of quartet trees in the gene trees: 1365000
Computing hash values took 0 seconds
Size of largest cluster: 15
Size of largest cluster: 15
Finishing up:48200 192 48199
Total Number of elements: 48199
Normalized score (portion of input quartet trees satisfied before correcting for multiple individuals): 0.5930747252747253
Final optimization score: 809547
Optimal tree inferred in 7.329 secs.
Weight calculation using polytrees cumulatively took 2.180783673 secs
(N,(O,(M,(L,(K,(J,(I,(H,(G,(F,(E,(D,(C,(B,A))))))))))))));
Final quartet score is: 809547
Final normalized quartet score is: 0.5930747252747253
(N,(O,(M,(L,(K,(J,(I,(H,(G,(F,(E,(D,(C,(B,A)1:0.18447171888443445)1:0.1710601663513965)1:0.212955862256728)1:0.14612161613793104)1:0.1649606457951059)1:0.20407785378376703)1:0.200191131420263)1:0.17005444902665254)1:0.18262130201276386)1:0.13899799849037364)1:0.13822602323869912)0.52:0.04195171166451291));
ASTRAL finished in 8.227 secs
Shutting down threading
Memory Peak: 1116