
================== ASTRAL-Pro ===================== 

This is ASTRAL-Pro (A-Pro) version 1.1.6
Using native AVX batch computing.
Gene trees are treated as unrooted
There are 2 threads used to run.
ti: 3
tx: 3
pw: 4
The number of input tree read is 25
450 trees read from /home/vasenaj/Desktop/phylogenetic-tree-comparison-rt-refactor/data_sets/gene-trees/model.37taxon/noscale.25g.500b/R9/all_gt.tre
25 extra trees.
All output trees will be *arbitrarily* rooted at FEL

======== Running the main analysis
Number of taxa: 37 (37 species)
Taxa: [FEL, CAN, VIC, BOS, TUR, SUS, PTE, EQU, MYO, ERI, SOR, DIP, SPE, OCH, ORY, CAV, TUP, RAT, MUS, CHO, DAS, TAR, MIC, OTO, NEW, CAL, PON, PAN, GOR, HOM, MON, ORN, PRO, LOX, ECH, MAC, GAL]
Taxon occupancy: {PTE=450, NEW=450, RAT=450, TAR=450, SPE=450, ORN=450, CHO=450, OTO=450, PRO=450, ORY=450, MYO=450, MIC=450, BOS=450, HOM=450, EQU=450, DIP=450, MUS=450, GOR=450, ECH=450, FEL=450, MON=450, TUP=450, PON=450, MAC=450, CAL=450, TUR=450, SUS=450, CAN=450, VIC=450, GAL=450, LOX=450, OCH=450, SOR=450, DAS=450, CAV=450, PAN=450, ERI=450}
Using polytree-based weight calculation.
Number of gene trees: 450
0 trees have missing taxa
Calculating distance matrix (for completion of X) ....with 2 distance matrices in parallel
Species tree distances calculated ...

Building set of clusters (X) from gene trees 
------------------------------
Number of Clusters after addition by distance: 611
Adding to X using resolutions of greedy consensus ...

Computing greedy consensus  took 0 seconds
Limit for sigma of degrees:975

polytomy size limit : > 6
 [3, 3, 3, 4, 6]
discarded polytomies: 
Threshold 0.0:
Threshold 0.01:
Threshold 0.02:
Threshold 0.05:
Threshold 0.1:
Threshold 0.2:
polytomy of size 3; rounds with additions with at least 5 support: 0; clusters: 611
Threshold 0.3333333333333333:
polytomy of size 3; rounds with additions with at least 5 support: 0; clusters: 611
polytomy of size 4; rounds with additions with at least 5 support: 0; clusters: 611
polytomy of size 3; rounds with additions with at least 5 support: 0; clusters: 611
polytomy of size 6; rounds with additions with at least 5 support: 0; clusters: 611
Number of Clusters after addition by greedy: 611
calculating extra bipartitions from extra input trees ...
Number of Clusters after additions from extra trees: 611
partitions formed in 1.957 secs
Dynamic Programming starting after 1.957 secs
Polytree max score: 1651125
Polytree building time: 0.155 seconds.
Number of quartet trees in the gene trees: 1651125
Computing hash values took 0 seconds
Size of largest cluster: 37
Total Number of elements: 731
Final optimization score: 0
Size of largest cluster: 37
732 11 11
Total Number of elements: 731
Normalized score (portion of input quartet trees satisfied before correcting for multiple individuals): 0.8563543038837157
Final optimization score: 1413948
Optimal tree inferred in 3.287 secs.
Weight calculation cumulatively took 0.011020012 secs
(FEL,(CAN,(EQU,(((((((TAR,(CAL,(NEW,(PON,(GOR,(PAN,HOM)))))),(MIC,OTO)),(TUP,((SPE,(CAV,(DIP,(RAT,MUS)))),(OCH,ORY)))),((((MON,MAC),(ORN,GAL)),(ECH,(PRO,LOX))),(CHO,DAS))),(ERI,SOR)),(PTE,MYO)),(VIC,(SUS,(BOS,TUR)))))));
Final quartet score is: 1413948
Final normalized quartet score is: 0.8563543038837157
(FEL,(CAN,(EQU,(((((((TAR,(CAL,(NEW,(PON,(GOR,(PAN,HOM)1:0.6554068525770984)1:1.2431935174792175)1:1.733399854042472)0.97:0.36504021475464843)0.98:0.4137687186267241)0.78:0.19295481309532328,(MIC,OTO)1:2.6013170016324128)1:0.921239426268874,(TUP,((SPE,(CAV,(DIP,(RAT,MUS)1:1.466337068793427)0.98:0.4050281406552862)0.42:0.021258012779108666)1:0.7742320978119254,(OCH,ORY)1:2.176291367669754)0.97:0.38804478261627484)0.83:0.2218280250570529)1:1.1706901669791663,((((MON,MAC)1:1.612940542985303,(ORN,GAL)0.88:0.2465803967662291)1:0.7444404749474959,(ECH,(PRO,LOX)1:0.6785483811387929)1:1.249882505630014)0.5:0.06453852113757118,(CHO,DAS)1:2.719100037288796)1:1.4314301657646067)1:1.0245043165143881,(ERI,SOR)0.75:0.1685120233964104)0.99:0.4503750512059345,(PTE,MYO)1:0.9461169364265203)0.53:0.07078509665764482,(VIC,(SUS,(BOS,TUR)0.99:0.454736157114947)1:0.5500463369192721)1:1.665465743903763)0.53:0.08369520325511072)1:1.4590110287013534));
ASTRAL-Pro finished in 3.94 secs
Memory Peak: 1116