

================== ASTRAL ===================== 

This is ASTRAL version 5.15.4
Using native AVX batch computing.
Gene trees are treated as unrooted
Warning:

 Problem using GPU. Proceeding without GPU
org.jocl.CLException: CL_PLATFORM_NOT_FOUND_KHR
org.jocl.CLException: CL_PLATFORM_NOT_FOUND_KHR
Starting 2 threads ...
There are 2 threads used to run.
1000 trees read from /home/vasenaj/Desktop/phylogenetic-tree-comparison-rt-refactor/data_sets/gene-trees/model.10.2000000.0.000001/29/truegenetrees
All output trees will be *arbitrarily* rooted at 0

======== Running the main analysis
Number of taxa: 11 (11 species)
Taxa: [0, 1, 10, 6, 2, 8, 5, 9, 7, 3, 4]
Taxon occupancy: {0=1000, 1=1000, 2=1000, 3=1000, 4=1000, 5=1000, 6=1000, 7=1000, 8=1000, 9=1000, 10=1000}
Using polytree-based weight calculation.
Number of gene trees: 1000
0 trees have missing taxa
Calculating distance matrix (for completion of X) ....with 2 distance matrices for parallellism
Species tree distances calculated ...

Building set of clusters (X) from gene trees 
------------------------------
Number of Clusters after addition from gene trees: 77
Number of Clusters after addition by distance: 77
Adding to X using resolutions of greedy consensus ...

Computing greedy consensus  
took 0 seconds
Limit for sigma of degrees:325

polytomy size limit : > 3
 []
discarded polytomies: 
Threshold 0.0:
Threshold 0.01:
Threshold 0.02:
Threshold 0.05:
Threshold 0.1:
Threshold 0.2:
Threshold 0.3333333333333333:
Number of Clusters after addition by greedy: 77
partitions formed in 0.75 secs
Dynamic Programming starting after 0.75 secs
Polytree max score: 330000
Polytree building time: 0.12 seconds.
Using native AVX batch computing method.
Number of quartet trees in the gene trees: 330000
Computing hash values took 0 seconds
Size of largest cluster: 11
Size of largest cluster: 11
Finishing up:53 22 23
Total Number of elements: 52
Normalized score (portion of input quartet trees satisfied before correcting for multiple individuals): 0.9718363636363636
Final optimization score: 320706
Optimal tree inferred in 1.994 secs.
Weight calculation using polytrees cumulatively took 0.00188117 secs
(0,(((6,(1,10)),(2,8)),((5,(9,7)),(3,4))));
Final quartet score is: 320706
Final normalized quartet score is: 0.9718363636363636
(0,(((6,(1,10)1:0.45355621597509843)1:5.404677382538943,(2,8)1:5.404677382538943)1:2.5714640384827296,((5,(9,7)1:3.5991245911785574)1:1.4249957286369859,(3,4)1:5.116995310087171)1:4.423848129527227));
ASTRAL finished in 3.055 secs
Shutting down threading
Memory Peak: 1078