

================== ASTRAL ===================== 

This is ASTRAL version 5.15.4
Using native AVX batch computing.
Gene trees are treated as unrooted
Warning:

 Problem using GPU. Proceeding without GPU
org.jocl.CLException: CL_PLATFORM_NOT_FOUND_KHR
org.jocl.CLException: CL_PLATFORM_NOT_FOUND_KHR
Starting 2 threads ...
There are 2 threads used to run.
25 trees read from /home/vasenaj/Desktop/phylogenetic-tree-comparison-rt-refactor/data_sets/gene-trees/model.11taxon/estimated_25genes_strongILS/R8/all_gt.tre
All output trees will be *arbitrarily* rooted at 10

======== Running the main analysis
Number of taxa: 11 (11 species)
Taxa: [10, 7, 5, 6, 8, 9, 11, 4, 3, 2, 1]
Taxon occupancy: {11=25, 1=25, 2=25, 3=25, 4=25, 5=25, 6=25, 7=25, 8=25, 9=25, 10=25}
Using polytree-based weight calculation.
Number of gene trees: 25
0 trees have missing taxa
Calculating distance matrix (for completion of X) ....with 2 distance matrices for parallellism
Species tree distances calculated ...

Building set of clusters (X) from gene trees 
------------------------------
Number of Clusters after addition from gene trees: 103
Number of Clusters after addition by distance: 103
Adding to X using resolutions of greedy consensus ...

Computing greedy consensus  
took 0 seconds
Limit for sigma of degrees:325

polytomy size limit : > 3
 [3]
discarded polytomies: 
Threshold 0.0:
Threshold 0.01:
Threshold 0.02:
Threshold 0.05:
Threshold 0.1:
Threshold 0.2:
Threshold 0.3333333333333333:
polytomy of size 3; rounds with additions with at least 5 support: 0; clusters: 103
Number of Clusters after addition by greedy: 103
partitions formed in 0.253 secs
Dynamic Programming starting after 0.254 secs
Polytree max score: 8250
Polytree building time: 0.019 seconds.
Using native AVX batch computing method.
Number of quartet trees in the gene trees: 8250
Computing hash values took 0 seconds
Size of largest cluster: 11
Size of largest cluster: 11
Finishing up:106 0 0
Total Number of elements: 105
Normalized score (portion of input quartet trees satisfied before correcting for multiple individuals): 0.8489696969696969
Final optimization score: 7004
Optimal tree inferred in 1.352 secs.
Weight calculation using polytrees cumulatively took 0.001405972 secs
(10,((9,((5,6),(7,8))),(11,(4,(1,(3,2))))));
Final quartet score is: 7004
Final normalized quartet score is: 0.8489696969696969
(10,((9,((5,6)1:1.0373414632750688,(7,8)1:0.7210041350629116)0.81:0.2195442672845627)0.99:0.454736157114947,(11,(4,(1,(3,2)0.8:0.2592441371312475)1:0.6013396313068224)1:2.8526314299133184)1:2.159484249353373));
ASTRAL finished in 1.699 secs
Shutting down threading
Memory Peak: 1188