

================== ASTRAL ===================== 

This is ASTRAL version 5.15.4
Using native AVX batch computing.
Gene trees are treated as unrooted
Warning:

 Problem using GPU. Proceeding without GPU
org.jocl.CLException: CL_PLATFORM_NOT_FOUND_KHR
org.jocl.CLException: CL_PLATFORM_NOT_FOUND_KHR
Starting 2 threads ...
There are 2 threads used to run.
1000 trees read from /home/vasenaj/Desktop/phylogenetic-tree-comparison-rt-refactor/data_sets/gene-trees/model.10.2000000.0.000001/28/truegenetrees
All output trees will be *arbitrarily* rooted at 0

======== Running the main analysis
Number of taxa: 11 (11 species)
Taxa: [0, 3, 2, 5, 10, 9, 8, 1, 7, 6, 4]
Taxon occupancy: {0=1000, 1=1000, 2=1000, 3=1000, 4=1000, 5=1000, 6=1000, 7=1000, 8=1000, 9=1000, 10=1000}
Using polytree-based weight calculation.
Number of gene trees: 1000
0 trees have missing taxa
Calculating distance matrix (for completion of X) ....with 2 distance matrices for parallellism
Species tree distances calculated ...

Building set of clusters (X) from gene trees 
------------------------------
Number of Clusters after addition from gene trees: 113
Number of Clusters after addition by distance: 113
Adding to X using resolutions of greedy consensus ...

Computing greedy consensus  
Threshold 0.0:
Threshold 0.01:
Threshold 0.02:
Threshold 0.05:
Threshold 0.1:
Threshold 0.2:
Threshold 0.3333333333333333:
took 0 seconds
Limit for sigma of degrees:325

polytomy size limit : > 3
 []
discarded polytomies: 
Number of Clusters after addition by greedy: 113
partitions formed in 0.873 secs
Dynamic Programming starting after 0.873 secs
Polytree max score: 330000
Polytree building time: 0.113 seconds.
Using native AVX batch computing method.
Number of quartet trees in the gene trees: 330000
Computing hash values took 0 seconds
Size of largest cluster: 11
Size of largest cluster: 11
Finishing up:115 0 114
Total Number of elements: 114
Normalized score (portion of input quartet trees satisfied before correcting for multiple individuals): 0.9456696969696969
Final optimization score: 312071
Optimal tree inferred in 2.125 secs.
Weight calculation using polytrees cumulatively took 0.001405711 secs
(0,(4,(((3,(2,5)),(10,9)),(1,(6,(8,7))))));
Final quartet score is: 312071
Final normalized quartet score is: 0.9456696969696969
(0,(4,(((3,(2,5)1:1.8398505770949893)1:1.6670077642555785,(10,9)1:4.6061696863211585)1:4.684131227790876,(1,(6,(8,7)1:2.269183166609797)1:2.7656200529236874)1:2.558476842955921)1:0.22805695096842976));
ASTRAL finished in 3.258 secs
Shutting down threading
Memory Peak: 1078