

================== ASTRAL ===================== 

This is ASTRAL version 5.15.4
Using native AVX batch computing.
Gene trees are treated as unrooted
Warning:

 Problem using GPU. Proceeding without GPU
org.jocl.CLException: CL_PLATFORM_NOT_FOUND_KHR
org.jocl.CLException: CL_PLATFORM_NOT_FOUND_KHR
Starting 2 threads ...
There are 2 threads used to run.
200 trees read from /home/vasenaj/Desktop/phylogenetic-tree-comparison-rt-refactor/data_sets/gene-trees/model.37taxon/noscale.200g.500b/R19/all_gt.tre
All output trees will be *arbitrarily* rooted at MYO

======== Running the main analysis
Number of taxa: 37 (37 species)
Taxa: [MYO, FEL, CAN, PTE, CHO, DAS, LOX, ECH, PRO, MAC, TUP, SPE, RAT, MUS, DIP, CAV, ORY, OCH, TAR, PAN, GOR, HOM, PON, NEW, CAL, MIC, OTO, ERI, SOR, EQU, VIC, TUR, BOS, SUS, ORN, MON, GAL]
Taxon occupancy: {PTE=200, NEW=200, RAT=200, TAR=200, SPE=200, ORN=200, CHO=200, OTO=200, PRO=200, ORY=200, MYO=200, MIC=200, HOM=200, BOS=200, EQU=200, MUS=200, DIP=200, ECH=200, GOR=200, FEL=200, MON=200, MAC=200, TUP=200, PON=200, CAL=200, TUR=200, SUS=200, CAN=200, VIC=200, GAL=200, LOX=200, OCH=200, DAS=200, SOR=200, CAV=200, PAN=200, ERI=200}
Using polytree-based weight calculation.
Number of gene trees: 200
0 trees have missing taxa
Calculating distance matrix (for completion of X) ....with 2 distance matrices for parallellism
Species tree distances calculated ...

Building set of clusters (X) from gene trees 
------------------------------
Number of Clusters after addition from gene trees: 1835
Number of Clusters after addition by distance: 1835
Adding to X using resolutions of greedy consensus ...

Computing greedy consensus  
took 0 seconds
Limit for sigma of degrees:975

polytomy size limit : > 5
 [3, 3, 3, 3, 3, 5]
discarded polytomies: 
Threshold 0.0:
Threshold 0.01:
Threshold 0.02:
Threshold 0.05:
Threshold 0.1:
Threshold 0.2:
polytomy of size 3; rounds with additions with at least 5 support: 0; clusters: 1835
Threshold 0.3333333333333333:
polytomy of size 3; rounds with additions with at least 5 support: 0; clusters: 1835
polytomy of size 3; rounds with additions with at least 5 support: 0; clusters: 1835
polytomy of size 3; rounds with additions with at least 5 support: 0; clusters: 1835
polytomy of size 3; rounds with additions with at least 5 support: 0; clusters: 1835
polytomy of size 5; rounds with additions with at least 5 support: 0; clusters: 1835
Number of Clusters after addition by greedy: 1835
partitions formed in 1.549 secs
Dynamic Programming starting after 1.549 secs
Polytree max score: 13209000
Polytree building time: 0.053 seconds.
Using native AVX batch computing method.
Number of quartet trees in the gene trees: 13209000
Computing hash values took 0 seconds
Size of largest cluster: 37
Size of largest cluster: 37
Finishing up:4610 96 97
Total Number of elements: 4609
Normalized score (portion of input quartet trees satisfied before correcting for multiple individuals): 0.8532450601862367
Final optimization score: 11270514
Optimal tree inferred in 2.91 secs.
Weight calculation using polytrees cumulatively took 0.090930246 secs
(MYO,(PTE,((((((TAR,(CAL,(NEW,(PON,(GOR,(PAN,HOM)))))),(MIC,OTO)),(TUP,((CAV,(SPE,(DIP,(RAT,MUS)))),(ORY,OCH)))),(((ECH,(LOX,PRO)),(CHO,DAS)),((MAC,MON),(ORN,GAL)))),(ERI,SOR)),((VIC,(SUS,(TUR,BOS))),(EQU,(FEL,CAN))))));
Final quartet score is: 12055948
Final normalized quartet score is: 0.9127070936482701
(MYO,(PTE,((((((TAR,(CAL,(NEW,(PON,(GOR,(PAN,HOM)1:0.34396290835037063)1:1.5124228424697757)1:1.8819985734742066)1:0.24012307295891216)1:0.7447023578873192)1:0.1816554673801313,(MIC,OTO)1:1.6448583625961992)1:1.3825434090091648,(TUP,((CAV,(SPE,(DIP,(RAT,MUS)1:2.4080431648687184)1:0.27852766020606495)0.48:0.023358381803602838)1:0.7041527943965478,(ORY,OCH)1:2.5213848583904106)1:0.4747291361253304)0.99:0.14052093680623476)1:1.4271533486913892,(((ECH,(LOX,PRO)1:1.085962174501483)1:1.7395104749507446,(CHO,DAS)1:2.714601464589432)0.85:0.08106861279137591,((MAC,MON)1:2.048711000588795,(ORN,GAL)0.84:0.09170970412883044)1:0.820968437392293)1:0.8385730294930571)1:1.2323527419837124,(ERI,SOR)1:0.33625539573692825)1:0.45001449237914515,((VIC,(SUS,(TUR,BOS)1:0.8025153258424617)1:0.18735455388353744)1:1.8403506482212255,(EQU,(FEL,CAN)1:1.9784805051814949)0.94:0.1148721644154872)0.8:0.07068149180462711)1:0.8918061600605253));
ASTRAL finished in 3.981 secs
Shutting down threading
Memory Peak: 1134