

================== ASTRAL ===================== 

This is ASTRAL version 5.15.4
Using native AVX batch computing.
Gene trees are treated as unrooted
Warning:

 Problem using GPU. Proceeding without GPU
org.jocl.CLException: CL_PLATFORM_NOT_FOUND_KHR
org.jocl.CLException: CL_PLATFORM_NOT_FOUND_KHR
Starting 2 threads ...
There are 2 threads used to run.
100 trees read from /home/vasenaj/Desktop/phylogenetic-tree-comparison-rt-refactor/data_sets/gene-trees/model.15taxon/100gene-100bp/R5/all_gt.tre
All output trees will be *arbitrarily* rooted at M

======== Running the main analysis
Number of taxa: 15 (15 species)
Taxa: [M, H, E, C, F, B, D, A, I, L, O, J, N, K, G]
Taxon occupancy: {A=100, B=100, C=100, D=100, E=100, F=100, G=100, H=100, I=100, J=100, K=100, L=100, M=100, N=100, O=100}
Using polytree-based weight calculation.
Number of gene trees: 100
0 trees have missing taxa
Calculating distance matrix (for completion of X) ....with 2 distance matrices for parallellism
Species tree distances calculated ...

Building set of clusters (X) from gene trees 
------------------------------
Number of Clusters after addition from gene trees: 1237
Number of Clusters after addition by distance: 1237
Adding to X using resolutions of greedy consensus ...

Computing greedy consensus  
took 0 seconds
Limit for sigma of degrees:425

polytomy size limit : > 14
 [5, 7, 13, 14]
discarded polytomies: 
Threshold 0.0:
Threshold 0.01:
Threshold 0.02:
Threshold 0.05:
polytomy of size 5; rounds with additions with at least 5 support: 1; clusters: 1241
Threshold 0.1:
polytomy of size 7; rounds with additions with at least 5 support: 0; clusters: 1247
Threshold 0.2:
polytomy of size 13; rounds with additions with at least 5 support: 0; clusters: 1247
Threshold 0.3333333333333333:
polytomy of size 14; rounds with additions with at least 5 support: 0; clusters: 1247
Number of Clusters after addition by greedy: 1247
partitions formed in 2.754 secs
Dynamic Programming starting after 2.754 secs
Polytree max score: 136500
Polytree building time: 0.04 seconds.
Using native AVX batch computing method.
Number of quartet trees in the gene trees: 136500
Computing hash values took 0 seconds
Size of largest cluster: 15
Size of largest cluster: 15
Finishing up:4016 160 160
Total Number of elements: 4015
Normalized score (portion of input quartet trees satisfied before correcting for multiple individuals): 0.5226739926739927
Final optimization score: 71345
Optimal tree inferred in 3.995 secs.
Weight calculation using polytrees cumulatively took 0.046463631 secs
(M,(N,(L,(K,(J,(I,(O,(H,(G,(F,(E,(D,(C,(B,A))))))))))))));
Final quartet score is: 71345
Final normalized quartet score is: 0.5226739926739927
(M,(N,(L,(K,(J,(I,(O,(H,(G,(F,(E,(D,(C,(B,A)1:0.2472561959798819)0.87:0.11986666304685556)0.9:0.13778370236305312)0.67:0.07182573457125561)0.97:0.1807386518334496)0.75:0.09061823392062297)0.6:0.10308430887465175)0.6:0.09021181245597554)0.59:0.05294482242602338)0.8:0.10371171066764234)0.69:0.08472285943994486)0.92:0.14634295575872278));
ASTRAL finished in 4.542 secs
Shutting down threading
Memory Peak: 1104