

================== ASTRAL ===================== 

This is ASTRAL version 5.15.4
Using native AVX batch computing.
Gene trees are treated as unrooted
Warning:

 Problem using GPU. Proceeding without GPU
org.jocl.CLException: CL_PLATFORM_NOT_FOUND_KHR
org.jocl.CLException: CL_PLATFORM_NOT_FOUND_KHR
Starting 2 threads ...
There are 2 threads used to run.
1000 trees read from /home/vasenaj/Desktop/phylogenetic-tree-comparison-rt-refactor/data_sets/gene-trees/model.10.2000000.0.000001/47/truegenetrees
All output trees will be *arbitrarily* rooted at 9

======== Running the main analysis
Number of taxa: 11 (11 species)
Taxa: [9, 4, 3, 8, 10, 6, 2, 1, 7, 5, 0]
Taxon occupancy: {0=1000, 1=1000, 2=1000, 3=1000, 4=1000, 5=1000, 6=1000, 7=1000, 8=1000, 9=1000, 10=1000}
Using polytree-based weight calculation.
Number of gene trees: 1000
0 trees have missing taxa
Calculating distance matrix (for completion of X) ....with 2 distance matrices for parallellism
Species tree distances calculated ...

Building set of clusters (X) from gene trees 
------------------------------
Number of Clusters after addition from gene trees: 67
Number of Clusters after addition by distance: 67
Adding to X using resolutions of greedy consensus ...

Computing greedy consensus  
took 0 seconds
Limit for sigma of degrees:325

polytomy size limit : > 3
 []
discarded polytomies: 
Threshold 0.0:
Threshold 0.01:
Threshold 0.02:
Threshold 0.05:
Threshold 0.1:
Threshold 0.2:
Threshold 0.3333333333333333:
Number of Clusters after addition by greedy: 67
partitions formed in 0.898 secs
Dynamic Programming starting after 0.898 secs
Polytree max score: 330000
Polytree building time: 0.094 seconds.
Using native AVX batch computing method.
Number of quartet trees in the gene trees: 330000
Computing hash values took 0 seconds
Size of largest cluster: 11
Size of largest cluster: 11
Total Number of elements: 43
Normalized score (portion of input quartet trees satisfied before correcting for multiple individuals): 0.8631939393939394
Final optimization score: 284854
Optimal tree inferred in 2.118 secs.
Weight calculation using polytrees cumulatively took 4.60342E-4 secs
(9,(4,(((0,(6,2)),(7,(1,5))),(3,(8,10)))));
Final quartet score is: 284854
Final normalized quartet score is: 0.8631939393939394
Finishing up:44 43 43
(9,(4,(((0,(6,2)1:6.5032896712070904)1:0.5854716642673718,(7,(1,5)1:0.2926895941824032)1:6.5032896712070904)1:0.2967137444821285,(3,(8,10)1:3.6129179133108944)1:5.404677382538943)1:5.810142490647089));
ASTRAL finished in 3.123 secs
Shutting down threading
Memory Peak: 1078