

================== ASTRAL ===================== 

This is ASTRAL version 5.15.4
Using native AVX batch computing.
Gene trees are treated as unrooted
Warning:

 Problem using GPU. Proceeding without GPU
org.jocl.CLException: CL_PLATFORM_NOT_FOUND_KHR
org.jocl.CLException: CL_PLATFORM_NOT_FOUND_KHR
Starting 2 threads ...
There are 2 threads used to run.
1000 trees read from /home/vasenaj/Desktop/phylogenetic-tree-comparison-rt-refactor/data_sets/gene-trees/model.10.2000000.0.000001/30/truegenetrees
All output trees will be *arbitrarily* rooted at 0

======== Running the main analysis
Number of taxa: 11 (11 species)
Taxa: [0, 8, 3, 10, 5, 7, 4, 9, 1, 6, 2]
Taxon occupancy: {0=1000, 1=1000, 2=1000, 3=1000, 4=1000, 5=1000, 6=1000, 7=1000, 8=1000, 9=1000, 10=1000}
Using polytree-based weight calculation.
Number of gene trees: 1000
0 trees have missing taxa
Calculating distance matrix (for completion of X) ....with 2 distance matrices for parallellism
Species tree distances calculated ...

Building set of clusters (X) from gene trees 
------------------------------
Number of Clusters after addition from gene trees: 135
Number of Clusters after addition by distance: 135
Adding to X using resolutions of greedy consensus ...

Computing greedy consensus  
Threshold 0.0:
Threshold 0.01:
Threshold 0.02:
Threshold 0.05:
Threshold 0.1:
Threshold 0.2:
Threshold 0.3333333333333333:
took 0 seconds
Limit for sigma of degrees:325

polytomy size limit : > 3
 []
discarded polytomies: 
Number of Clusters after addition by greedy: 135
partitions formed in 0.929 secs
Dynamic Programming starting after 0.929 secs
Polytree max score: 330000
Polytree building time: 0.051 seconds.
Using native AVX batch computing method.
Number of quartet trees in the gene trees: 330000
Computing hash values took 0 seconds
Size of largest cluster: 11
Size of largest cluster: 11
Finishing up:179 64 178
Total Number of elements: 178
Normalized score (portion of input quartet trees satisfied before correcting for multiple individuals): 0.8904818181818182
Final optimization score: 293859
Optimal tree inferred in 2.073 secs.
Weight calculation using polytrees cumulatively took 0.006901507 secs
(0,(((9,(1,(6,2))),(10,(4,(5,7)))),(8,3)));
Final quartet score is: 293859
Final normalized quartet score is: 0.8904818181818182
(0,(((9,(1,(6,2)1:4.423848129527227)1:4.838281907618131)1:0.44397179052778857,(10,(4,(5,7)1:3.1359938412205817)1:1.6473607668717813)1:2.7203634613355674)1:0.3742394611465109,(8,3)1:5.404677382538943));
ASTRAL finished in 2.951 secs
Shutting down threading
Memory Peak: 1078