

================== ASTRAL ===================== 

This is ASTRAL version 5.15.4
Using native AVX batch computing.
Gene trees are treated as unrooted
Warning:

 Problem using GPU. Proceeding without GPU
org.jocl.CLException: CL_PLATFORM_NOT_FOUND_KHR
org.jocl.CLException: CL_PLATFORM_NOT_FOUND_KHR
Starting 2 threads ...
There are 2 threads used to run.
1000 trees read from /home/vasenaj/Desktop/phylogenetic-tree-comparison-rt-refactor/data_sets/gene-trees/model.10.2000000.0.000001/10/truegenetrees
All output trees will be *arbitrarily* rooted at 7

======== Running the main analysis
Number of taxa: 11 (11 species)
Taxa: [7, 8, 6, 2, 1, 3, 5, 4, 10, 9, 0]
Taxon occupancy: {0=1000, 1=1000, 2=1000, 3=1000, 4=1000, 5=1000, 6=1000, 7=1000, 8=1000, 9=1000, 10=1000}
Using polytree-based weight calculation.
Number of gene trees: 1000
0 trees have missing taxa
Calculating distance matrix (for completion of X) ....with 2 distance matrices for parallellism
Species tree distances calculated ...

Building set of clusters (X) from gene trees 
------------------------------
Number of Clusters after addition from gene trees: 181
Number of Clusters after addition by distance: 181
Adding to X using resolutions of greedy consensus ...

Computing greedy consensus  
took 0 seconds
Limit for sigma of degrees:325

polytomy size limit : > 3
 []
discarded polytomies: 
Threshold 0.0:
Threshold 0.01:
Threshold 0.02:
Threshold 0.05:
Threshold 0.1:
Threshold 0.2:
Threshold 0.3333333333333333:
Number of Clusters after addition by greedy: 181
partitions formed in 0.993 secs
Dynamic Programming starting after 0.993 secs
Polytree max score: 330000
Polytree building time: 0.048 seconds.
Using native AVX batch computing method.
Number of quartet trees in the gene trees: 330000
Computing hash values took 0 seconds
Size of largest cluster: 11
Size of largest cluster: 11
Total Number of elements: 289
Normalized score (portion of input quartet trees satisfied before correcting for multiple individuals): 0.8890484848484849
Final optimization score: 293386
Optimal tree inferred in 2.137 secs.
Weight calculation using polytrees cumulatively took 0.002452626 secs
(7,(8,((6,0),(((3,5),(10,(4,9))),(2,1)))));
Final quartet score is: 293386
Final normalized quartet score is: 0.8890484848484849
Finishing up:290 289 289
(7,(8,((6,0)1:0.30089875672345606,(((3,5)1:2.611469373096427,(10,(4,9)0.69:0.023820428118786197)1:0.8359983051332702)1:2.9599178007643525,(2,1)1:0.26613760834996986)1:3.9775610268988033)1:5.810142490647089));
ASTRAL finished in 3.098 secs
Shutting down threading
Memory Peak: 1078