

================== ASTRAL ===================== 

This is ASTRAL version 5.15.4
Using native AVX batch computing.
Gene trees are treated as unrooted
Warning:

 Problem using GPU. Proceeding without GPU
org.jocl.CLException: CL_PLATFORM_NOT_FOUND_KHR
org.jocl.CLException: CL_PLATFORM_NOT_FOUND_KHR
Starting 2 threads ...
There are 2 threads used to run.
15 trees read from /home/vasenaj/Desktop/phylogenetic-tree-comparison-rt-refactor/data_sets/gene-trees/model.11taxon/simulated_15genes_strongILS/R8/all_gt.tre
All output trees will be *arbitrarily* rooted at 11.11

======== Running the main analysis
Number of taxa: 11 (11 species)
Taxa: [11.11, 10.10, 9.9, 5.5, 6.6, 7.7, 8.8, 4.4, 1.1, 2.2, 3.3]
Taxon occupancy: {7.7=15, 8.8=15, 9.9=15, 1.1=15, 2.2=15, 11.11=15, 10.10=15, 3.3=15, 4.4=15, 5.5=15, 6.6=15}
Using polytree-based weight calculation.
Number of gene trees: 15
0 trees have missing taxa
Calculating distance matrix (for completion of X) ....with 2 distance matrices for parallellism
Species tree distances calculated ...

Building set of clusters (X) from gene trees 
------------------------------
Number of Clusters after addition from gene trees: 49
Number of Clusters after addition by distance: 49
Adding to X using resolutions of greedy consensus ...

Computing greedy consensus  
took 0 seconds
Limit for sigma of degrees:325

polytomy size limit : > 3
 []
discarded polytomies: 
Threshold 0.0:
Threshold 0.01:
Threshold 0.02:
Threshold 0.05:
Threshold 0.1:
Threshold 0.2:
Threshold 0.3333333333333333:
Number of Clusters after addition by greedy: 49
partitions formed in 0.156 secs
Dynamic Programming starting after 0.157 secs
Polytree max score: 4950
Polytree building time: 0.033 seconds.
Using native AVX batch computing method.
Number of quartet trees in the gene trees: 4950
Computing hash values took 0 seconds
Size of largest cluster: 11
Size of largest cluster: 11
Total Number of elements: 19
Finishing up:20 19 19
Normalized score (portion of input quartet trees satisfied before correcting for multiple individuals): 0.9567676767676768
Final optimization score: 4736
Optimal tree inferred in 1.279 secs.
Weight calculation using polytrees cumulatively took 3.42434E-4 secs
(11.11,((10.10,(9.9,((7.7,8.8),(5.5,6.6)))),(4.4,(3.3,(1.1,2.2)))));
Final quartet score is: 4736
Final normalized quartet score is: 0.9567676767676768
You may want to ignore posterior probabilities and other statistics related to the following branch branch because the effective number of genes impacting it is only 15:
	{7.7, 8.8}
You may want to ignore posterior probabilities and other statistics related to the following branch branch because the effective number of genes impacting it is only 15:
	{5.5, 6.6}
You may want to ignore posterior probabilities and other statistics related to the following branch branch because the effective number of genes impacting it is only 15:
	{5.5, 6.6, 7.7, 8.8}
You may want to ignore posterior probabilities and other statistics related to the following branch branch because the effective number of genes impacting it is only 15:
	{9.9, 5.5, 6.6, 7.7, 8.8}
You may want to ignore posterior probabilities and other statistics related to the following branch branch because the effective number of genes impacting it is only 15:
	{10.10, 9.9, 5.5, 6.6, 7.7, 8.8}
You may want to ignore posterior probabilities and other statistics related to the following branch branch because the effective number of genes impacting it is only 15:
	{1.1, 2.2}
You may want to ignore posterior probabilities and other statistics related to the following branch branch because the effective number of genes impacting it is only 15:
	{1.1, 2.2, 3.3}
You may want to ignore posterior probabilities and other statistics related to the following branch branch because the effective number of genes impacting it is only 15:
	{4.4, 1.1, 2.2, 3.3}
(11.11,((10.10,(9.9,((7.7,8.8)1:2.367123614131617,(5.5,6.6)1:2.367123614131617)0.85:0.2876820724517809)1:2.367123614131617)1:2.367123614131617,(4.4,(3.3,(1.1,2.2)1:0.7576857016975165)1:1.6739764335716716)1:2.367123614131617));
ASTRAL finished in 1.632 secs
Shutting down threading
Memory Peak: 1188