

================== ASTRAL ===================== 

This is ASTRAL version 5.15.4
Using native AVX batch computing.
Gene trees are treated as unrooted
Warning:

 Problem using GPU. Proceeding without GPU
org.jocl.CLException: CL_PLATFORM_NOT_FOUND_KHR
org.jocl.CLException: CL_PLATFORM_NOT_FOUND_KHR
Starting 2 threads ...
There are 2 threads used to run.
1000 trees read from /home/vasenaj/Desktop/phylogenetic-tree-comparison-rt-refactor/data_sets/gene-trees/model.15taxon/1000gene-true/R7/all_gt.tre
All output trees will be *arbitrarily* rooted at M

======== Running the main analysis
Number of taxa: 15 (15 species)
Taxa: [M, F, D, B, E, A, I, G, C, L, N, H, J, K, O]
Taxon occupancy: {A=1000, B=1000, C=1000, D=1000, E=1000, F=1000, G=1000, H=1000, I=1000, J=1000, K=1000, L=1000, M=1000, N=1000, O=1000}
Using polytree-based weight calculation.
Number of gene trees: 1000
0 trees have missing taxa
Calculating distance matrix (for completion of X) ....with 2 distance matrices for parallellism
Species tree distances calculated ...

Building set of clusters (X) from gene trees 
------------------------------
Number of Clusters after addition from gene trees: 4247
Number of Clusters after addition by distance: 4247
Adding to X using resolutions of greedy consensus ...

Computing greedy consensus  
took 0 seconds
Limit for sigma of degrees:425

polytomy size limit : > 13
 [11, 13]
discarded polytomies: 
Threshold 0.0:
Threshold 0.01:
Threshold 0.02:
Threshold 0.05:
Threshold 0.1:
Threshold 0.2:
polytomy of size 11; rounds with additions with at least 5 support: 0; clusters: 4247
Threshold 0.3333333333333333:
polytomy of size 13; rounds with additions with at least 5 support: 0; clusters: 4247
Number of Clusters after addition by greedy: 4247
partitions formed in 4.858 secs
Dynamic Programming starting after 4.859 secs
Polytree max score: 1365000
Polytree building time: 0.199 seconds.
Using native AVX batch computing method.
Number of quartet trees in the gene trees: 1365000
Computing hash values took 0 seconds
Size of largest cluster: 15
Size of largest cluster: 15
Finishing up:42114 640 641
Total Number of elements: 42113
Normalized score (portion of input quartet trees satisfied before correcting for multiple individuals): 0.6195069597069597
Final optimization score: 845627
Optimal tree inferred in 9.842 secs.
Weight calculation using polytrees cumulatively took 3.004176327 secs
(M,((N,O),(L,(K,(J,(I,(H,(G,(F,(E,(D,(C,(B,A)))))))))))));
Final quartet score is: 845627
Final normalized quartet score is: 0.6195069597069597
(M,((N,O)1:0.20863886511132804,(L,(K,(J,(I,(H,(G,(F,(E,(D,(C,(B,A)1:0.27100538777192196)1:0.20835918394603156)1:0.18859493962974652)1:0.2133164546624384)1:0.20816205572606863)1:0.20176146980184997)1:0.151448705743529)1:0.231734292343114)1:0.19095008429152927)1:0.19228107849855086)1:0.22178787271433514));
ASTRAL finished in 10.859 secs
Shutting down threading
Memory Peak: 1104