

================== ASTRAL ===================== 

This is ASTRAL version 5.15.4
Using native AVX batch computing.
Gene trees are treated as unrooted
Warning:

 Problem using GPU. Proceeding without GPU
org.jocl.CLException: CL_PLATFORM_NOT_FOUND_KHR
org.jocl.CLException: CL_PLATFORM_NOT_FOUND_KHR
Starting 2 threads ...
There are 2 threads used to run.
100 trees read from /home/vasenaj/Desktop/phylogenetic-tree-comparison-rt-refactor/data_sets/gene-trees/model.11taxon/simulated_100genes_strongILS/R13/all_gt.tre
All output trees will be *arbitrarily* rooted at 11.11

======== Running the main analysis
Number of taxa: 11 (11 species)
Taxa: [11.11, 3.3, 2.2, 1.1, 4.4, 10.10, 6.6, 5.5, 9.9, 7.7, 8.8]
Taxon occupancy: {7.7=100, 8.8=100, 1.1=100, 9.9=100, 2.2=100, 11.11=100, 10.10=100, 3.3=100, 4.4=100, 5.5=100, 6.6=100}
Using polytree-based weight calculation.
Number of gene trees: 100
0 trees have missing taxa
Calculating distance matrix (for completion of X) ....with 2 distance matrices for parallellism
Species tree distances calculated ...

Building set of clusters (X) from gene trees 
------------------------------
Number of Clusters after addition from gene trees: 83
Number of Clusters after addition by distance: 83
Adding to X using resolutions of greedy consensus ...

Computing greedy consensus  
took 0 seconds
Limit for sigma of degrees:325

polytomy size limit : > 3
 []
discarded polytomies: 
Threshold 0.0:
Threshold 0.01:
Threshold 0.02:
Threshold 0.05:
Threshold 0.1:
Threshold 0.2:
Threshold 0.3333333333333333:
Number of Clusters after addition by greedy: 83
partitions formed in 0.261 secs
Dynamic Programming starting after 0.262 secs
Polytree max score: 33000
Polytree building time: 0.052 seconds.
Using native AVX batch computing method.
Number of quartet trees in the gene trees: 33000
Computing hash values took 0 seconds
Size of largest cluster: 11
Size of largest cluster: 11
Finishing up:67 0 66
Total Number of elements: 66
Normalized score (portion of input quartet trees satisfied before correcting for multiple individuals): 0.9362424242424242
Final optimization score: 30896
Optimal tree inferred in 1.411 secs.
Weight calculation using polytrees cumulatively took 0.003283839 secs
(11.11,((10.10,(9.9,((7.7,8.8),(6.6,5.5)))),(4.4,(3.3,(2.2,1.1)))));
Final quartet score is: 30896
Final normalized quartet score is: 0.9362424242424242
(11.11,((10.10,(9.9,((7.7,8.8)1:3.1110431200649846,(6.6,5.5)1:3.1110431200649846)1:0.4388120167677284)1:1.6069657232887113)1:4.209655408733094,(4.4,(3.3,(2.2,1.1)1:0.35950780702303653)1:1.5355067593065663)1:4.209655408733094));
ASTRAL finished in 1.896 secs
Shutting down threading
Memory Peak: 1200