

================== ASTRAL ===================== 

This is ASTRAL version 5.15.4
Using native AVX batch computing.
Gene trees are treated as unrooted
Warning:

 Problem using GPU. Proceeding without GPU
org.jocl.CLException: CL_PLATFORM_NOT_FOUND_KHR
org.jocl.CLException: CL_PLATFORM_NOT_FOUND_KHR
Starting 2 threads ...
There are 2 threads used to run.
15 trees read from /home/vasenaj/Desktop/phylogenetic-tree-comparison-rt-refactor/data_sets/gene-trees/model.11taxon/estimated_15genes_strongILS/R15/all_gt.tre
All output trees will be *arbitrarily* rooted at 2

======== Running the main analysis
Number of taxa: 11 (11 species)
Taxa: [2, 4, 10, 5, 9, 6, 8, 7, 11, 3, 1]
Taxon occupancy: {11=15, 1=15, 2=15, 3=15, 4=15, 5=15, 6=15, 7=15, 8=15, 9=15, 10=15}
Using polytree-based weight calculation.
Number of gene trees: 15
0 trees have missing taxa
Calculating distance matrix (for completion of X) ....with 2 distance matrices for parallellism
Species tree distances calculated ...

Building set of clusters (X) from gene trees 
------------------------------
Number of Clusters after addition from gene trees: 95
Number of Clusters after addition by distance: 95
Adding to X using resolutions of greedy consensus ...

Computing greedy consensus  
took 0 seconds
Limit for sigma of degrees:325

polytomy size limit : > 3
 [3, 3]
discarded polytomies: 
Threshold 0.0:
Threshold 0.01:
Threshold 0.02:
Threshold 0.05:
Threshold 0.1:
Threshold 0.2:
Threshold 0.3333333333333333:
polytomy of size 3; rounds with additions with at least 5 support: 0; clusters: 95
polytomy of size 3; rounds with additions with at least 5 support: 0; clusters: 95
Number of Clusters after addition by greedy: 95
partitions formed in 0.204 secs
Dynamic Programming starting after 0.204 secs
Polytree max score: 4950
Polytree building time: 0.009 seconds.
Using native AVX batch computing method.
Number of quartet trees in the gene trees: 4950
Computing hash values took 0 seconds
Size of largest cluster: 11
Size of largest cluster: 11
Finishing up:85 0 1
Total Number of elements: 84
Normalized score (portion of input quartet trees satisfied before correcting for multiple individuals): 0.8175757575757576
Final optimization score: 4047
Optimal tree inferred in 1.303 secs.
Weight calculation using polytrees cumulatively took 0.003918549 secs
(2,(4,(1,(3,(11,(10,(9,((5,6),(8,7)))))))));
Final quartet score is: 4047
Final normalized quartet score is: 0.8175757575757576
You may want to ignore posterior probabilities and other statistics related to the following branch branch because the effective number of genes impacting it is only 15:
	{5, 6}
You may want to ignore posterior probabilities and other statistics related to the following branch branch because the effective number of genes impacting it is only 15:
	{8, 7}
You may want to ignore posterior probabilities and other statistics related to the following branch branch because the effective number of genes impacting it is only 15:
	{5, 6, 8, 7}
You may want to ignore posterior probabilities and other statistics related to the following branch branch because the effective number of genes impacting it is only 15:
	{5, 9, 6, 8, 7}
You may want to ignore posterior probabilities and other statistics related to the following branch branch because the effective number of genes impacting it is only 15:
	{10, 5, 9, 6, 8, 7}
You may want to ignore posterior probabilities and other statistics related to the following branch branch because the effective number of genes impacting it is only 15:
	{10, 5, 9, 6, 8, 7, 11}
You may want to ignore posterior probabilities and other statistics related to the following branch branch because the effective number of genes impacting it is only 15:
	{10, 5, 9, 6, 8, 7, 11, 3}
You may want to ignore posterior probabilities and other statistics related to the following branch branch because the effective number of genes impacting it is only 15:
	{10, 5, 9, 6, 8, 7, 11, 3, 1}
(2,(4,(1,(3,(11,(10,(9,((5,6)0.99:0.5994616964826223,(8,7)1:0.9808292530117262)0.61:0.14250006260728304)0.96:0.4575811092471784)1:2.367123614131617)1:1.3862943611198908)0.47:0.05035388614561479)0.85:0.2876820724517809));
ASTRAL finished in 1.585 secs
Shutting down threading
Memory Peak: 1194