

================== ASTRAL ===================== 

This is ASTRAL version 5.15.4
Using native AVX batch computing.
Gene trees are treated as unrooted
Warning:

 Problem using GPU. Proceeding without GPU
org.jocl.CLException: CL_PLATFORM_NOT_FOUND_KHR
org.jocl.CLException: CL_PLATFORM_NOT_FOUND_KHR
Starting 2 threads ...
There are 2 threads used to run.
1000 trees read from /home/vasenaj/Desktop/phylogenetic-tree-comparison-rt-refactor/data_sets/gene-trees/model.15taxon/1000gene-true/R2/all_gt.tre
All output trees will be *arbitrarily* rooted at N

======== Running the main analysis
Number of taxa: 15 (15 species)
Taxa: [N, A, D, B, H, E, C, F, G, K, I, J, L, M, O]
Taxon occupancy: {A=1000, B=1000, C=1000, D=1000, E=1000, F=1000, G=1000, H=1000, I=1000, J=1000, K=1000, L=1000, M=1000, N=1000, O=1000}
Using polytree-based weight calculation.
Number of gene trees: 1000
0 trees have missing taxa
Calculating distance matrix (for completion of X) ....with 2 distance matrices for parallellism
Species tree distances calculated ...

Building set of clusters (X) from gene trees 
------------------------------
Number of Clusters after addition from gene trees: 4339
Number of Clusters after addition by distance: 4339
Adding to X using resolutions of greedy consensus ...

Computing greedy consensus  
took 0 seconds
Limit for sigma of degrees:425

polytomy size limit : > 13
 [12, 13]
discarded polytomies: 
Threshold 0.0:
Threshold 0.01:
Threshold 0.02:
Threshold 0.05:
Threshold 0.1:
Threshold 0.2:
polytomy of size 12; rounds with additions with at least 5 support: 0; clusters: 4339
Threshold 0.3333333333333333:
polytomy of size 13; rounds with additions with at least 5 support: 0; clusters: 4339
Number of Clusters after addition by greedy: 4339
partitions formed in 4.022 secs
Dynamic Programming starting after 4.022 secs
Polytree max score: 1365000
Polytree building time: 0.115 seconds.
Using native AVX batch computing method.
Number of quartet trees in the gene trees: 1365000
Computing hash values took 0 seconds
Size of largest cluster: 15
Size of largest cluster: 15
Finishing up:42483 768 42482
Total Number of elements: 42482
Normalized score (portion of input quartet trees satisfied before correcting for multiple individuals): 0.6124688644688645
Final optimization score: 836020
Optimal tree inferred in 6.95 secs.
Weight calculation using polytrees cumulatively took 1.609396983 secs
(N,(O,(M,(L,(K,(J,(I,(H,(G,(F,(E,(D,(C,(A,B))))))))))))));
Final quartet score is: 836020
Final normalized quartet score is: 0.6124688644688645
(N,(O,(M,(L,(K,(J,(I,(H,(G,(F,(E,(D,(C,(A,B)1:0.17728928489531876)1:0.1928756481137398)1:0.14100897334142135)1:0.2229978742799354)1:0.1959200927035524)1:0.16874213367980848)1:0.21361827478729922)1:0.15831142162300937)1:0.21931099486019295)1:0.21128852621109218)1:0.18702791905836405)1:0.22024441123163577));
ASTRAL finished in 7.57 secs
Shutting down threading
Memory Peak: 1104