

================== ASTRAL ===================== 

This is ASTRAL version 5.15.4
Using native AVX batch computing.
Gene trees are treated as unrooted
Warning:

 Problem using GPU. Proceeding without GPU
org.jocl.CLException: CL_PLATFORM_NOT_FOUND_KHR
org.jocl.CLException: CL_PLATFORM_NOT_FOUND_KHR
Starting 2 threads ...
There are 2 threads used to run.
100 trees read from /home/vasenaj/Desktop/phylogenetic-tree-comparison-rt-refactor/data_sets/gene-trees/model.11taxon/estimated_100genes_strongILS/R18/all_gt.tre
All output trees will be *arbitrarily* rooted at 3

======== Running the main analysis
Number of taxa: 11 (11 species)
Taxa: [3, 4, 11, 7, 8, 10, 9, 5, 6, 2, 1]
Taxon occupancy: {11=100, 1=100, 2=100, 3=100, 4=100, 5=100, 6=100, 7=100, 8=100, 9=100, 10=100}
Using polytree-based weight calculation.
Number of gene trees: 100
0 trees have missing taxa
Calculating distance matrix (for completion of X) ....with 2 distance matrices for parallellism
Species tree distances calculated ...

Building set of clusters (X) from gene trees 
------------------------------
Number of Clusters after addition from gene trees: 171
Number of Clusters after addition by distance: 171
Adding to X using resolutions of greedy consensus ...

Computing greedy consensus  
took 0 seconds
Limit for sigma of degrees:325

polytomy size limit : > 3
 [3]
discarded polytomies: 
Threshold 0.0:
Threshold 0.01:
Threshold 0.02:
Threshold 0.05:
Threshold 0.1:
Threshold 0.2:
Threshold 0.3333333333333333:
polytomy of size 3; rounds with additions with at least 5 support: 0; clusters: 171
Number of Clusters after addition by greedy: 171
partitions formed in 0.445 secs
Dynamic Programming starting after 0.445 secs
Polytree max score: 33000
Polytree building time: 0.066 seconds.
Using native AVX batch computing method.
Number of quartet trees in the gene trees: 33000
Computing hash values took 0 seconds
Size of largest cluster: 11
Size of largest cluster: 11
Finishing up:299 0 0
Total Number of elements: 298
Normalized score (portion of input quartet trees satisfied before correcting for multiple individuals): 0.8057878787878788
Final optimization score: 26591
Optimal tree inferred in 1.625 secs.
Weight calculation using polytrees cumulatively took 0.006381642 secs
(3,((4,(11,(10,(9,((5,6),(7,8)))))),(2,1)));
Final quartet score is: 26591
Final normalized quartet score is: 0.8057878787878788
(3,((4,(11,(10,(9,((5,6)1:0.4908704718402544,(7,8)1:0.9681797519476539)0.72:0.08184920639703196)1:0.3229502112892389)1:2.7745708834437743)1:2.6692103677859484)1:0.4635183393506286,(2,1)0.82:0.10494805947544783));
ASTRAL finished in 2.121 secs
Shutting down threading
Memory Peak: 1200