
================== ASTRAL-Pro ===================== 

This is ASTRAL-Pro (A-Pro) version 1.1.6
Using native AVX batch computing.
Gene trees are treated as unrooted
There are 2 threads used to run.
ti: 3
tx: 3
pw: 4
The number of input tree read is 1000
16000 trees read from /home/vasenaj/Desktop/phylogenetic-tree-comparison-rt-refactor/data_sets/gene-trees/model.10.2000000.0.000001/17/truegenetrees
1000 extra trees.
All output trees will be *arbitrarily* rooted at 10

======== Running the main analysis
Number of taxa: 11 (11 species)
Taxa: [10, 4, 6, 5, 9, 2, 8, 1, 7, 3, 0]
Taxon occupancy: {0=16000, 1=16000, 2=16000, 3=16000, 4=16000, 5=16000, 6=16000, 7=16000, 8=16000, 9=16000, 10=16000}
Using polytree-based weight calculation.
Number of gene trees: 16000
0 trees have missing taxa
Calculating distance matrix (for completion of X) ....with 2 distance matrices in parallel
Species tree distances calculated ...

Building set of clusters (X) from gene trees 
------------------------------
Number of Clusters after addition by distance: 127
Adding to X using resolutions of greedy consensus ...

Computing greedy consensus  took 1 seconds
Limit for sigma of degrees:325

polytomy size limit : > 3
 []
discarded polytomies: 
Threshold 0.0:
Threshold 0.01:
Threshold 0.02:
Threshold 0.05:
Threshold 0.1:
Threshold 0.2:
Threshold 0.3333333333333333:
Number of Clusters after addition by greedy: 127
calculating extra bipartitions from extra input trees ...
Number of Clusters after additions from extra trees: 127
partitions formed in 9.701 secs
Dynamic Programming starting after 9.701 secs
Polytree max score: 330000
Polytree building time: 0.641 seconds.
Number of quartet trees in the gene trees: 330000
Computing hash values took 0 seconds
Size of largest cluster: 11
Total Number of elements: 163
Final optimization score: 0
Size of largest cluster: 11
164 18 19
Total Number of elements: 163
Normalized score (portion of input quartet trees satisfied before correcting for multiple individuals): 0.9093969696969697
Final optimization score: 300101
Optimal tree inferred in 11.639 secs.
Weight calculation cumulatively took 0.002312553 secs
(10,(4,(6,((0,(5,((2,8),(9,1)))),(7,3)))));
Final quartet score is: 300101
Final normalized quartet score is: 0.9093969696969697
(10,(4,(6,((0,(5,((2,8)1:1.2752415005055753,(9,1)1:0.8641727098785775)1:0.19473595994233664)1:6.5032896712070904)1:3.9775610268988033,(7,3)1:2.4899141715186226)1:0.9561610065962318)1:3.1316927593211905));
ASTRAL-Pro finished in 14.754 secs
Memory Peak: 1092