

================== ASTRAL ===================== 

This is ASTRAL version 5.15.4
Using native AVX batch computing.
Gene trees are treated as unrooted
Warning:

 Problem using GPU. Proceeding without GPU
org.jocl.CLException: CL_PLATFORM_NOT_FOUND_KHR
org.jocl.CLException: CL_PLATFORM_NOT_FOUND_KHR
Starting 2 threads ...
There are 2 threads used to run.
400 trees read from /home/vasenaj/Desktop/phylogenetic-tree-comparison-rt-refactor/data_sets/gene-trees/model.37taxon/noscale.400g.500b/R14/all_gt.tre
All output trees will be *arbitrarily* rooted at GAL

======== Running the main analysis
Number of taxa: 37 (37 species)
Taxa: [GAL, DAS, ORN, MON, MAC, ECH, LOX, PRO, CHO, TAR, PON, HOM, GOR, PAN, NEW, CAL, OTO, MIC, DIP, SPE, CAV, OCH, ORY, RAT, MUS, TUP, MYO, PTE, EQU, CAN, FEL, SOR, ERI, SUS, BOS, TUR, VIC]
Taxon occupancy: {PTE=400, NEW=400, TAR=400, RAT=400, SPE=400, ORN=400, CHO=400, OTO=400, PRO=400, ORY=400, MYO=400, MIC=400, HOM=400, BOS=400, EQU=400, DIP=400, MUS=400, ECH=400, GOR=400, FEL=400, MON=400, MAC=400, PON=400, TUP=400, CAL=400, SUS=400, TUR=400, CAN=400, VIC=400, GAL=400, LOX=400, OCH=400, DAS=400, SOR=400, CAV=400, PAN=400, ERI=400}
Using polytree-based weight calculation.
Number of gene trees: 400
0 trees have missing taxa
Calculating distance matrix (for completion of X) ....with 2 distance matrices for parallellism
Species tree distances calculated ...

Building set of clusters (X) from gene trees 
------------------------------
Number of Clusters after addition from gene trees: 2663
Number of Clusters after addition by distance: 2663
Adding to X using resolutions of greedy consensus ...

Computing greedy consensus  
took 0 seconds
Limit for sigma of degrees:975

polytomy size limit : > 5
 [3, 3, 3, 3, 3, 3, 5, 5]
discarded polytomies: 
Threshold 0.0:
Threshold 0.01:
Threshold 0.02:
Threshold 0.05:
Threshold 0.1:
polytomy of size 3; rounds with additions with at least 5 support: 0; clusters: 2663
Threshold 0.2:
polytomy of size 5; rounds with additions with at least 5 support: 0; clusters: 2663
polytomy of size 3; rounds with additions with at least 5 support: 0; clusters: 2663
Threshold 0.3333333333333333:
polytomy of size 5; rounds with additions with at least 5 support: 0; clusters: 2663
polytomy of size 3; rounds with additions with at least 5 support: 0; clusters: 2663
polytomy of size 3; rounds with additions with at least 5 support: 0; clusters: 2663
polytomy of size 3; rounds with additions with at least 5 support: 0; clusters: 2663
polytomy of size 3; rounds with additions with at least 5 support: 0; clusters: 2663
Number of Clusters after addition by greedy: 2663
partitions formed in 2.843 secs
Dynamic Programming starting after 2.843 secs
Polytree max score: 26418000
Polytree building time: 0.11 seconds.
Using native AVX batch computing method.
Number of quartet trees in the gene trees: 26418000
Computing hash values took 0 seconds
Size of largest cluster: 37
Size of largest cluster: 37
Finishing up:8218 444 445
Total Number of elements: 8217
Normalized score (portion of input quartet trees satisfied before correcting for multiple individuals): 0.8521999394352335
Final optimization score: 22513418
Optimal tree inferred in 4.346 secs.
Weight calculation using polytrees cumulatively took 0.216899437 secs
(GAL,(ORN,((MON,MAC),(((((TAR,(CAL,(NEW,(PON,(GOR,(HOM,PAN)))))),(OTO,MIC)),(TUP,((SPE,(CAV,(DIP,(RAT,MUS)))),(OCH,ORY)))),((((VIC,(SUS,(BOS,TUR))),(EQU,(CAN,FEL))),(MYO,PTE)),(SOR,ERI))),((DAS,CHO),(ECH,(LOX,PRO)))))));
Final quartet score is: 24054404
Final normalized quartet score is: 0.910530850177909
(GAL,(ORN,((MON,MAC)1:1.8920696594490864,(((((TAR,(CAL,(NEW,(PON,(GOR,(HOM,PAN)1:0.5712164823834806)1:1.4679820392429188)1:1.5609149731359853)1:0.24131198651476826)1:0.8663137648120404)1:0.23966125658049509,(OTO,MIC)1:1.4690444303253305)1:1.1080899511432654,(TUP,((SPE,(CAV,(DIP,(RAT,MUS)1:2.934840190161995)1:0.2508853983272256)0.55:0.026533458026828622)1:0.7187847532001748,(OCH,ORY)1:2.3414866550864293)1:0.5365426020987679)0.51:0.020645697221746043)1:1.527153910607751,((((VIC,(SUS,(BOS,TUR)1:0.6793076414388394)1:0.2249304563321043)1:2.1423963909155352,(EQU,(CAN,FEL)1:2.5986637677716056)0.61:0.03186132632850463)0.64:0.03181765273573488,(MYO,PTE)1:0.9017931707411854)1:0.34699644206478863,(SOR,ERI)1:0.26627881575369905)1:1.5501638333665524)1:0.8874619017678129,((DAS,CHO)1:2.7769623624512287,(ECH,(LOX,PRO)1:1.1338070841486094)1:1.8764498058029344)0.69:0.04605466342961411)1:0.8103336717048766)0.66:0.0392433840064999));
ASTRAL finished in 5.559 secs
Shutting down threading
Memory Peak: 1134