

================== ASTRAL ===================== 

This is ASTRAL version 5.15.4
Using native AVX batch computing.
Gene trees are treated as unrooted
Warning:

 Problem using GPU. Proceeding without GPU
org.jocl.CLException: CL_PLATFORM_NOT_FOUND_KHR
org.jocl.CLException: CL_PLATFORM_NOT_FOUND_KHR
Starting 2 threads ...
There are 2 threads used to run.
100 trees read from /home/vasenaj/Desktop/phylogenetic-tree-comparison-rt-refactor/data_sets/gene-trees/model.15taxon/100gene-100bp/R7/all_gt.tre
All output trees will be *arbitrarily* rooted at J

======== Running the main analysis
Number of taxa: 15 (15 species)
Taxa: [J, H, K, E, B, F, A, O, I, D, G, L, M, C, N]
Taxon occupancy: {A=100, B=100, C=100, D=100, E=100, F=100, G=100, H=100, I=100, J=100, K=100, L=100, M=100, N=100, O=100}
Using polytree-based weight calculation.
Number of gene trees: 100
0 trees have missing taxa
Calculating distance matrix (for completion of X) ....with 2 distance matrices for parallellism
Species tree distances calculated ...

Building set of clusters (X) from gene trees 
------------------------------
Number of Clusters after addition from gene trees: 1369
Number of Clusters after addition by distance: 1369
Adding to X using resolutions of greedy consensus ...

Computing greedy consensus  
took 0 seconds
Limit for sigma of degrees:425

polytomy size limit : > 14
 [3, 5, 8, 13, 14]
discarded polytomies: 
Threshold 0.0:
Threshold 0.01:
Threshold 0.02:
Threshold 0.05:
polytomy of size 3; rounds with additions with at least 5 support: 0; clusters: 1369
polytomy of size 5; rounds with additions with at least 5 support: 2; clusters: 1373
Threshold 0.1:
polytomy of size 8; rounds with additions with at least 5 support: 0; clusters: 1375
Threshold 0.2:
polytomy of size 13; rounds with additions with at least 5 support: 0; clusters: 1375
Threshold 0.3333333333333333:
polytomy of size 14; rounds with additions with at least 5 support: 0; clusters: 1375
Number of Clusters after addition by greedy: 1375
partitions formed in 1.443 secs
Dynamic Programming starting after 1.444 secs
Polytree max score: 136500
Polytree building time: 0.045 seconds.
Using native AVX batch computing method.
Number of quartet trees in the gene trees: 136500
Computing hash values took 0 seconds
Size of largest cluster: 15
Size of largest cluster: 15
Finishing up:4003 0 0
Total Number of elements: 4002
Normalized score (portion of input quartet trees satisfied before correcting for multiple individuals): 0.48102564102564105
Final optimization score: 65660
Optimal tree inferred in 2.68 secs.
Weight calculation using polytrees cumulatively took 0.037560299 secs
(J,(((G,(F,(E,(D,(C,(B,A)))))),(H,I)),((K,O),(L,(M,N)))));
Final quartet score is: 65660
Final normalized quartet score is: 0.48102564102564105
(J,(((G,(F,(E,(D,(C,(B,A)1:0.24884223913551698)0.73:0.08472285943994486)0.74:0.09387556579092957)0.7:0.07626821189081649)0.68:0.07528917216150857)0.98:0.186786957416553,(H,I)0.66:0.07030713139406579)0.54:0.04210464137117443,((K,O)0.54:0.04299018493136842,(L,(M,N)0.5:0.03270731797578433)0.61:0.05704193838701866)0.56:0.047017808327619696));
ASTRAL finished in 3.138 secs
Shutting down threading
Memory Peak: 1104