

================== ASTRAL ===================== 

This is ASTRAL version 5.15.4
Using native AVX batch computing.
Gene trees are treated as unrooted
Warning:

 Problem using GPU. Proceeding without GPU
org.jocl.CLException: CL_PLATFORM_NOT_FOUND_KHR
org.jocl.CLException: CL_PLATFORM_NOT_FOUND_KHR
Starting 2 threads ...
There are 2 threads used to run.
100 trees read from /home/vasenaj/Desktop/phylogenetic-tree-comparison-rt-refactor/data_sets/gene-trees/model.11taxon/estimated_100genes_strongILS/R12/all_gt.tre
All output trees will be *arbitrarily* rooted at 2

======== Running the main analysis
Number of taxa: 11 (11 species)
Taxa: [2, 4, 11, 10, 5, 6, 7, 8, 9, 3, 1]
Taxon occupancy: {11=100, 1=100, 2=100, 3=100, 4=100, 5=100, 6=100, 7=100, 8=100, 9=100, 10=100}
Using polytree-based weight calculation.
Number of gene trees: 100
0 trees have missing taxa
Calculating distance matrix (for completion of X) ....with 2 distance matrices for parallellism
Species tree distances calculated ...

Building set of clusters (X) from gene trees 
------------------------------
Number of Clusters after addition from gene trees: 161
Number of Clusters after addition by distance: 161
Adding to X using resolutions of greedy consensus ...

Computing greedy consensus  
took 0 seconds
Limit for sigma of degrees:325

polytomy size limit : > 3
 [3, 3]
discarded polytomies: 
Threshold 0.0:
Threshold 0.01:
Threshold 0.02:
Threshold 0.05:
Threshold 0.1:
Threshold 0.2:
Threshold 0.3333333333333333:
polytomy of size 3; rounds with additions with at least 5 support: 0; clusters: 161
polytomy of size 3; rounds with additions with at least 5 support: 0; clusters: 161
Number of Clusters after addition by greedy: 161
partitions formed in 0.466 secs
Dynamic Programming starting after 0.466 secs
Polytree max score: 33000
Polytree building time: 0.031 seconds.
Using native AVX batch computing method.
Number of quartet trees in the gene trees: 33000
Computing hash values took 0 seconds
Size of largest cluster: 11
Size of largest cluster: 11
Finishing up:263 24 25
Total Number of elements: 262
Normalized score (portion of input quartet trees satisfied before correcting for multiple individuals): 0.8142121212121212
Final optimization score: 26869
Optimal tree inferred in 1.631 secs.
Weight calculation using polytrees cumulatively took 0.009619798 secs
(2,((4,(11,(10,(9,((5,6),(7,8)))))),(3,1)));
Final quartet score is: 26869
Final normalized quartet score is: 0.8142121212121212
(2,((4,(11,(10,(9,((5,6)1:0.7551429683032174,(7,8)1:0.7088281861220991)0.76:0.096734460938059)1:0.4426581753552069)1:2.1302138670532598)1:2.600217496298998)1:0.3178351106224685,(3,1)0.66:0.06652068234156244));
ASTRAL finished in 2.097 secs
Shutting down threading
Memory Peak: 1200