

================== ASTRAL ===================== 

This is ASTRAL version 5.15.4
Using native AVX batch computing.
Gene trees are treated as unrooted
Warning:

 Problem using GPU. Proceeding without GPU
org.jocl.CLException: CL_PLATFORM_NOT_FOUND_KHR
org.jocl.CLException: CL_PLATFORM_NOT_FOUND_KHR
Starting 2 threads ...
There are 2 threads used to run.
200 trees read from /home/vasenaj/Desktop/phylogenetic-tree-comparison-rt-refactor/data_sets/gene-trees/model.37taxon/noscale.200g.500b/R18/all_gt.tre
All output trees will be *arbitrarily* rooted at MAC

======== Running the main analysis
Number of taxa: 37 (37 species)
Taxa: [MAC, ORN, GAL, SOR, MYO, ERI, TUR, BOS, SUS, VIC, CAN, FEL, EQU, PTE, NEW, CAL, TAR, MIC, OTO, PON, PAN, HOM, GOR, DIP, SPE, ORY, OCH, CAV, RAT, MUS, TUP, ECH, LOX, PRO, DAS, CHO, MON]
Taxon occupancy: {PTE=200, NEW=200, TAR=200, RAT=200, SPE=200, ORN=200, OTO=200, CHO=200, PRO=200, ORY=200, MYO=200, MIC=200, BOS=200, HOM=200, EQU=200, DIP=200, MUS=200, GOR=200, ECH=200, FEL=200, MON=200, MAC=200, PON=200, TUP=200, CAL=200, TUR=200, SUS=200, VIC=200, CAN=200, GAL=200, LOX=200, OCH=200, SOR=200, DAS=200, CAV=200, PAN=200, ERI=200}
Using polytree-based weight calculation.
Number of gene trees: 200
0 trees have missing taxa
Calculating distance matrix (for completion of X) ....with 2 distance matrices for parallellism
Species tree distances calculated ...

Building set of clusters (X) from gene trees 
------------------------------
Number of Clusters after addition from gene trees: 1827
Number of Clusters after addition by distance: 1827
Adding to X using resolutions of greedy consensus ...

Computing greedy consensus  
took 0 seconds
Limit for sigma of degrees:975

polytomy size limit : > 5
 [3, 3, 3, 4, 5]
discarded polytomies: 
Threshold 0.0:
Threshold 0.01:
Threshold 0.02:
Threshold 0.05:
Threshold 0.1:
Threshold 0.2:
polytomy of size 3; rounds with additions with at least 5 support: 0; clusters: 1827
Threshold 0.3333333333333333:
polytomy of size 5; rounds with additions with at least 5 support: 0; clusters: 1827
polytomy of size 4; rounds with additions with at least 5 support: 0; clusters: 1827
polytomy of size 3; rounds with additions with at least 5 support: 0; clusters: 1827
polytomy of size 3; rounds with additions with at least 5 support: 0; clusters: 1827
Number of Clusters after addition by greedy: 1827
partitions formed in 1.453 secs
Dynamic Programming starting after 1.453 secs
Polytree max score: 13209000
Polytree building time: 0.061 seconds.
Using native AVX batch computing method.
Number of quartet trees in the gene trees: 13209000
Computing hash values took 0 seconds
Size of largest cluster: 37
Size of largest cluster: 37
Finishing up:4613 80 81
Total Number of elements: 4612
Normalized score (portion of input quartet trees satisfied before correcting for multiple individuals): 0.8473565750624574
Final optimization score: 11192733
Optimal tree inferred in 2.778 secs.
Weight calculation using polytrees cumulatively took 0.079279664 secs
(MAC,(MON,((((((TAR,(CAL,(NEW,(PON,(GOR,(PAN,HOM)))))),(MIC,OTO)),(TUP,((SPE,(CAV,(DIP,(RAT,MUS)))),(ORY,OCH)))),((((VIC,(SUS,(TUR,BOS))),(EQU,(CAN,FEL))),(MYO,PTE)),(SOR,ERI))),((DAS,CHO),(ECH,(LOX,PRO)))),(ORN,GAL))));
Final quartet score is: 11152704
Final normalized quartet score is: 0.8443261412673178
(MAC,(MON,((((((TAR,(CAL,(NEW,(PON,(GOR,(PAN,HOM)1:0.5033906452784724)1:1.2602536402245255)1:1.8825091683282908)1:0.27397449409730273)1:0.7332438991845519)1:0.22156785662851664,(MIC,OTO)1:1.518825427467674)1:0.9873715739947785,(TUP,((SPE,(CAV,(DIP,(RAT,MUS)1:2.3194070921520864)0.99:0.16044589415164237)0.97:0.12495068625421349)1:0.6302424560280661,(ORY,OCH)1:2.3055746318424135)1:0.5048391182450531)0.78:0.07570383601416683)1:1.1916585874359662,((((VIC,(SUS,(TUR,BOS)1:0.6766034858741867)1:0.23511565546535176)1:2.07690192788181,(EQU,(CAN,FEL)1:1.8027946728029378)0.98:0.1336735491390842)0.65:0.04743846618460562,(MYO,PTE)1:0.8308209908637133)1:0.31535634133511087,(SOR,ERI)1:0.38323040622377075)1:1.5941797192308698)1:0.9270586508321979,((DAS,CHO)1:3.478251710731554,(ECH,(LOX,PRO)1:1.5305439699644372)1:1.8690657191956277)0.95:0.1108690261829928)1:0.8600026030426489,(ORN,GAL)1:0.17515597485979012)1:1.6127223595794657));
ASTRAL finished in 3.68 secs
Shutting down threading
Memory Peak: 1134