

================== ASTRAL ===================== 

This is ASTRAL version 5.15.4
Using native AVX batch computing.
Gene trees are treated as unrooted
Warning:

 Problem using GPU. Proceeding without GPU
org.jocl.CLException: CL_PLATFORM_NOT_FOUND_KHR
org.jocl.CLException: CL_PLATFORM_NOT_FOUND_KHR
Starting 2 threads ...
There are 2 threads used to run.
1000 trees read from /home/vasenaj/Desktop/phylogenetic-tree-comparison-rt-refactor/data_sets/gene-trees/model.10.2000000.0.000001/16/truegenetrees
All output trees will be *arbitrarily* rooted at 3

======== Running the main analysis
Number of taxa: 11 (11 species)
Taxa: [3, 4, 7, 9, 2, 1, 8, 6, 10, 5, 0]
Taxon occupancy: {0=1000, 1=1000, 2=1000, 3=1000, 4=1000, 5=1000, 6=1000, 7=1000, 8=1000, 9=1000, 10=1000}
Using polytree-based weight calculation.
Number of gene trees: 1000
0 trees have missing taxa
Calculating distance matrix (for completion of X) ....with 2 distance matrices for parallellism
Species tree distances calculated ...

Building set of clusters (X) from gene trees 
------------------------------
Number of Clusters after addition from gene trees: 113
Number of Clusters after addition by distance: 113
Adding to X using resolutions of greedy consensus ...

Computing greedy consensus  
took 0 seconds
Limit for sigma of degrees:325

polytomy size limit : > 3
 []
discarded polytomies: 
Threshold 0.0:
Threshold 0.01:
Threshold 0.02:
Threshold 0.05:
Threshold 0.1:
Threshold 0.2:
Threshold 0.3333333333333333:
Number of Clusters after addition by greedy: 113
partitions formed in 0.782 secs
Dynamic Programming starting after 0.782 secs
Polytree max score: 330000
Polytree building time: 0.094 seconds.
Using native AVX batch computing method.
Number of quartet trees in the gene trees: 330000
Computing hash values took 0 seconds
Size of largest cluster: 11
Size of largest cluster: 11
Finishing up:114 0 113
Total Number of elements: 113
Normalized score (portion of input quartet trees satisfied before correcting for multiple individuals): 0.9586848484848485
Final optimization score: 316366
Optimal tree inferred in 2.039 secs.
Weight calculation using polytrees cumulatively took 0.003725466 secs
(3,(4,(0,((1,(2,(7,9))),(8,(5,(6,10)))))));
Final quartet score is: 316366
Final normalized quartet score is: 0.9586848484848485
(3,(4,(0,((1,(2,(7,9)1:1.105692740567196)1:2.674648274717961)1:3.6898789544470203,(8,(5,(6,10)1:0.7318485480770403)1:3.829141021780527)1:3.576550269140015)1:1.7948862305773126)1:0.7380985684222117));
ASTRAL finished in 3.117 secs
Shutting down threading
Memory Peak: 1078