

================== ASTRAL ===================== 

This is ASTRAL version 5.15.4
Using native AVX batch computing.
Gene trees are treated as unrooted
Warning:

 Problem using GPU. Proceeding without GPU
org.jocl.CLException: CL_PLATFORM_NOT_FOUND_KHR
org.jocl.CLException: CL_PLATFORM_NOT_FOUND_KHR
Starting 2 threads ...
There are 2 threads used to run.
1000 trees read from /home/vasenaj/Desktop/phylogenetic-tree-comparison-rt-refactor/data_sets/gene-trees/model.10.2000000.0.000001/23/truegenetrees
All output trees will be *arbitrarily* rooted at 0

======== Running the main analysis
Number of taxa: 11 (11 species)
Taxa: [0, 3, 10, 8, 4, 6, 5, 1, 2, 9, 7]
Taxon occupancy: {0=1000, 1=1000, 2=1000, 3=1000, 4=1000, 5=1000, 6=1000, 7=1000, 8=1000, 9=1000, 10=1000}
Using polytree-based weight calculation.
Number of gene trees: 1000
0 trees have missing taxa
Calculating distance matrix (for completion of X) ....with 2 distance matrices for parallellism
Species tree distances calculated ...

Building set of clusters (X) from gene trees 
------------------------------
Number of Clusters after addition from gene trees: 119
Number of Clusters after addition by distance: 119
Adding to X using resolutions of greedy consensus ...

Computing greedy consensus  
Threshold 0.0:
Threshold 0.01:
Threshold 0.02:
Threshold 0.05:
Threshold 0.1:
Threshold 0.2:
Threshold 0.3333333333333333:
took 0 seconds
Limit for sigma of degrees:325

polytomy size limit : > 3
 []
discarded polytomies: 
Number of Clusters after addition by greedy: 119
partitions formed in 0.837 secs
Dynamic Programming starting after 0.837 secs
Polytree max score: 330000
Polytree building time: 0.129 seconds.
Using native AVX batch computing method.
Number of quartet trees in the gene trees: 330000
Computing hash values took 0 seconds
Size of largest cluster: 11
Size of largest cluster: 11
Total Number of elements: 131
Normalized score (portion of input quartet trees satisfied before correcting for multiple individuals): 0.954830303030303
Final optimization score: 315094
Optimal tree inferred in 2.064 secs.
Weight calculation using polytrees cumulatively took 0.001191824 secs
(0,(((8,(3,10)),(6,(4,5))),(7,(1,(2,9)))));
Final quartet score is: 315094
Final normalized quartet score is: 0.954830303030303
Finishing up:132 131 131
(0,(((8,(3,10)1:1.959994888937052)1:1.2974531574531838,(6,(4,5)1:0.6255538894274171)1:2.7228951082573465)1:3.334538233521422,(7,(1,(2,9)1:1.4598645542878097)1:1.745398398201301)1:5.586998939332913));
ASTRAL finished in 3.104 secs
Shutting down threading
Memory Peak: 1078