

================== ASTRAL ===================== 

This is ASTRAL version 5.15.4
Using native AVX batch computing.
Gene trees are treated as unrooted
Warning:

 Problem using GPU. Proceeding without GPU
org.jocl.CLException: CL_PLATFORM_NOT_FOUND_KHR
org.jocl.CLException: CL_PLATFORM_NOT_FOUND_KHR
Starting 2 threads ...
There are 2 threads used to run.
100 trees read from /home/vasenaj/Desktop/phylogenetic-tree-comparison-rt-refactor/data_sets/gene-trees/model.15taxon/100gene-1000bp/R8/all_gt.tre
All output trees will be *arbitrarily* rooted at G

======== Running the main analysis
Number of taxa: 15 (15 species)
Taxa: [G, A, C, B, I, O, N, M, H, F, E, L, J, K, D]
Taxon occupancy: {A=100, B=100, C=100, D=100, E=100, F=100, G=100, H=100, I=100, J=100, K=100, L=100, M=100, N=100, O=100}
Using polytree-based weight calculation.
Number of gene trees: 100
0 trees have missing taxa
Calculating distance matrix (for completion of X) ....with 2 distance matrices for parallellism
Species tree distances calculated ...

Building set of clusters (X) from gene trees 
------------------------------
Number of Clusters after addition from gene trees: 1007
Number of Clusters after addition by distance: 1007
Adding to X using resolutions of greedy consensus ...

Computing greedy consensus  
took 0 seconds
Threshold 0.0:
Threshold 0.01:
Threshold 0.02:
Threshold 0.05:
Threshold 0.1:
Limit for sigma of degrees:425

polytomy size limit : > 13
 [4, 12, 13]
discarded polytomies: 
polytomy of size 4; rounds with additions with at least 5 support: 0; clusters: 1007
Threshold 0.2:
polytomy of size 12; rounds with additions with at least 5 support: 0; clusters: 1007
Threshold 0.3333333333333333:
polytomy of size 13; rounds with additions with at least 5 support: 0; clusters: 1007
Number of Clusters after addition by greedy: 1007
partitions formed in 1.571 secs
Dynamic Programming starting after 1.571 secs
Polytree max score: 136500
Polytree building time: 0.045 seconds.
Using native AVX batch computing method.
Number of quartet trees in the gene trees: 136500
Computing hash values took 0 seconds
Size of largest cluster: 15
Size of largest cluster: 15
Finishing up:2970 42 43
Total Number of elements: 2969
Normalized score (portion of input quartet trees satisfied before correcting for multiple individuals): 0.6170622710622711
Final optimization score: 84229
Optimal tree inferred in 2.87 secs.
Weight calculation using polytrees cumulatively took 0.043708079 secs
(G,((F,(E,(D,(C,(A,B))))),(H,(I,(J,(K,(O,(L,(N,M)))))))));
Final quartet score is: 84229
Final normalized quartet score is: 0.6170622710622711
(G,((F,(E,(D,(C,(A,B)0.99:0.21605241631252622)1:0.26542926281031404)0.99:0.20840126957700628)0.99:0.21810264768164456)1:0.2407795917121664,(H,(I,(J,(K,(O,(L,(N,M)0.94:0.15209009801429088)0.66:0.07158398429810885)0.69:0.0900763753324533)0.99:0.2357014455744587)0.98:0.19959866303358365)0.98:0.19198621416996206)1:0.23981283241612258));
ASTRAL finished in 3.533 secs
Shutting down threading
Memory Peak: 1110