mode = Command line [1.0*ws - 1.0*wv]
Using no annotations for branches
Python Engine: python3
Input file consists of gene trees ... generating weighted quartets to file: input-wqrts-for-jar.wqrts
inputFile = /home/vasenaj/Desktop/phylogenetic-tree-comparison-rt-refactor/data_sets/gene-trees/model.37taxon/noscale.25g.500b/R18/all_gt.tre, outputFile = input-wqrts-for-jar.wqrts
--- Time to run => 19.755019187927246 seconds ---
Generating weighted quartets completed.
Quartet Score level: 2
================= **** ========== Running wQFM v1.3 ============== **** ====================
Reading from file <input-wqrts-for-jar.wqrts> done.
Initial-Num-Quartets = 152906
Running with partition score mode = Command line [1.0*ws - 1.0*wv]
37
{PTE=10, NEW=34, RAT=11, TAR=28, SPE=27, ORN=23, CHO=14, OTO=25, PRO=26, ORY=24, MYO=9, MIC=20, BOS=0, HOM=33, EQU=5, DIP=4, MUS=8, ECH=16, GOR=32, FEL=7, MON=21, TUP=13, MAC=19, PON=36, CAL=1, SUS=29, TUR=31, CAN=2, VIC=30, GAL=17, LOX=18, OCH=22, SOR=12, DAS=15, CAV=3, PAN=35, ERI=6}
{0=BOS, 1=CAL, 2=CAN, 3=CAV, 4=DIP, 5=EQU, 6=ERI, 7=FEL, 8=MUS, 9=MYO, 10=PTE, 11=RAT, 12=SOR, 13=TUP, 14=CHO, 15=DAS, 16=ECH, 17=GAL, 18=LOX, 19=MAC, 20=MIC, 21=MON, 22=OCH, 23=ORN, 24=ORY, 25=OTO, 26=PRO, 27=SPE, 28=TAR, 29=SUS, 30=VIC, 31=TUR, 32=GOR, 33=HOM, 34=NEW, 35=PAN, 36=PON}
Total Num-Taxa = 37
mode = Command line [1.0*ws - 1.0*wv] LEVEL: 1, ALPHA: 1.0, BETA: 1.0
mode = Command line [1.0*ws - 1.0*wv] LEVEL: 2, ALPHA: 1.0, BETA: 1.0
mode = Command line [1.0*ws - 1.0*wv] LEVEL: 3, ALPHA: 1.0, BETA: 1.0
mode = Command line [1.0*ws - 1.0*wv] LEVEL: 4, ALPHA: 1.0, BETA: 1.0
mode = Command line [1.0*ws - 1.0*wv] LEVEL: 5, ALPHA: 1.0, BETA: 1.0
mode = Command line [1.0*ws - 1.0*wv] LEVEL: 4, ALPHA: 1.0, BETA: 1.0
mode = Command line [1.0*ws - 1.0*wv] LEVEL: 5, ALPHA: 1.0, BETA: 1.0
mode = Command line [1.0*ws - 1.0*wv] LEVEL: 6, ALPHA: 1.0, BETA: 1.0
mode = Command line [1.0*ws - 1.0*wv] LEVEL: 7, ALPHA: 1.0, BETA: 1.0
mode = Command line [1.0*ws - 1.0*wv] LEVEL: 8, ALPHA: 1.0, BETA: 1.0
mode = Command line [1.0*ws - 1.0*wv] LEVEL: 9, ALPHA: 1.0, BETA: 1.0
mode = Command line [1.0*ws - 1.0*wv] LEVEL: 3, ALPHA: 1.0, BETA: 1.0
mode = Command line [1.0*ws - 1.0*wv] LEVEL: 4, ALPHA: 1.0, BETA: 1.0
mode = Command line [1.0*ws - 1.0*wv] LEVEL: 5, ALPHA: 1.0, BETA: 1.0
mode = Command line [1.0*ws - 1.0*wv] LEVEL: 6, ALPHA: 1.0, BETA: 1.0
mode = Command line [1.0*ws - 1.0*wv] LEVEL: 7, ALPHA: 1.0, BETA: 1.0
mode = Command line [1.0*ws - 1.0*wv] LEVEL: 5, ALPHA: 1.0, BETA: 1.0
mode = Command line [1.0*ws - 1.0*wv] LEVEL: 6, ALPHA: 1.0, BETA: 1.0
mode = Command line [1.0*ws - 1.0*wv] LEVEL: 4, ALPHA: 1.0, BETA: 1.0
mode = Command line [1.0*ws - 1.0*wv] LEVEL: 2, ALPHA: 1.0, BETA: 1.0
mode = Command line [1.0*ws - 1.0*wv] LEVEL: 3, ALPHA: 1.0, BETA: 1.0
mode = Command line [1.0*ws - 1.0*wv] LEVEL: 4, ALPHA: 1.0, BETA: 1.0
mode = Command line [1.0*ws - 1.0*wv] LEVEL: 5, ALPHA: 1.0, BETA: 1.0
mode = Command line [1.0*ws - 1.0*wv] LEVEL: 6, ALPHA: 1.0, BETA: 1.0
mode = Command line [1.0*ws - 1.0*wv] LEVEL: 4, ALPHA: 1.0, BETA: 1.0
mode = Command line [1.0*ws - 1.0*wv] LEVEL: 5, ALPHA: 1.0, BETA: 1.0
mode = Command line [1.0*ws - 1.0*wv] LEVEL: 6, ALPHA: 1.0, BETA: 1.0
mode = Command line [1.0*ws - 1.0*wv] LEVEL: 3, ALPHA: 1.0, BETA: 1.0
mode = Command line [1.0*ws - 1.0*wv] LEVEL: 4, ALPHA: 1.0, BETA: 1.0
mode = Command line [1.0*ws - 1.0*wv] LEVEL: 5, ALPHA: 1.0, BETA: 1.0
mode = Command line [1.0*ws - 1.0*wv] LEVEL: 4, ALPHA: 1.0, BETA: 1.0
mode = Command line [1.0*ws - 1.0*wv] LEVEL: 5, ALPHA: 1.0, BETA: 1.0
mode = Command line [1.0*ws - 1.0*wv] LEVEL: 6, ALPHA: 1.0, BETA: 1.0
mode = Command line [1.0*ws - 1.0*wv] LEVEL: 6, ALPHA: 1.0, BETA: 1.0


[L 49.] FMRunner: final tree return
(((((CHO,DAS),((GAL,ORN),(MAC,MON))),(ECH,(LOX,PRO))),((ERI,SOR),((EQU,(CAN,FEL)),((MYO,PTE),(VIC,(SUS,(BOS,TUR))))))),((TUP,((OCH,ORY),(SPE,(CAV,(DIP,(MUS,RAT)))))),((MIC,OTO),(TAR,(CAL,(NEW,(PON,(GOR,(HOM,PAN)))))))));
>-> Successfully written to output-file /home/vasenaj/Desktop/phylogenetic-tree-comparison-rt-refactor/results/wQFM/data_sets/gene-trees/model.37taxon/noscale.25g.500b/R18/speciestree.txt

Time taken = 6345 ms ==> 0 minutes and 6 seconds.
================= **** ======================== **** ====================
No annotations used.
python3 compute_quartet_score.py input-wqrts-for-jar.wqrts /home/vasenaj/Desktop/phylogenetic-tree-comparison-rt-refactor/results/wQFM/data_sets/gene-trees/model.37taxon/noscale.25g.500b/R18/speciestree.txt 2
1374851.0	1651125.0	0.8326752971458854
Memory Peak: 1076