

================== ASTRAL ===================== 

This is ASTRAL version 5.15.4
Using native AVX batch computing.
Gene trees are treated as unrooted
Warning:

 Problem using GPU. Proceeding without GPU
org.jocl.CLException: CL_PLATFORM_NOT_FOUND_KHR
org.jocl.CLException: CL_PLATFORM_NOT_FOUND_KHR
Starting 2 threads ...
There are 2 threads used to run.
1000 trees read from /home/vasenaj/Desktop/phylogenetic-tree-comparison-rt-refactor/data_sets/gene-trees/model.10.2000000.0.000001/05/truegenetrees
All output trees will be *arbitrarily* rooted at 0

======== Running the main analysis
Number of taxa: 11 (11 species)
Taxa: [0, 8, 4, 7, 9, 6, 3, 2, 5, 1, 10]
Taxon occupancy: {0=1000, 1=1000, 2=1000, 3=1000, 4=1000, 5=1000, 6=1000, 7=1000, 8=1000, 9=1000, 10=1000}
Using polytree-based weight calculation.
Number of gene trees: 1000
0 trees have missing taxa
Calculating distance matrix (for completion of X) ....with 2 distance matrices for parallellism
Species tree distances calculated ...

Building set of clusters (X) from gene trees 
------------------------------
Number of Clusters after addition from gene trees: 125
Number of Clusters after addition by distance: 125
Adding to X using resolutions of greedy consensus ...

Computing greedy consensus  
Threshold 0.0:
Threshold 0.01:
Threshold 0.02:
Threshold 0.05:
Threshold 0.1:
Threshold 0.2:
Threshold 0.3333333333333333:
took 0 seconds
Limit for sigma of degrees:325

polytomy size limit : > 3
 []
discarded polytomies: 
Number of Clusters after addition by greedy: 125
partitions formed in 1.071 secs
Dynamic Programming starting after 1.072 secs
Polytree max score: 330000
Polytree building time: 0.063 seconds.
Using native AVX batch computing method.
Number of quartet trees in the gene trees: 330000
Computing hash values took 0 seconds
Size of largest cluster: 11
Size of largest cluster: 11
Finishing up:159 128 158
Total Number of elements: 158
Normalized score (portion of input quartet trees satisfied before correcting for multiple individuals): 0.9449090909090909
Final optimization score: 311820
Optimal tree inferred in 2.283 secs.
Weight calculation using polytrees cumulatively took 0.001710537 secs
(0,(((2,(10,(5,1))),(3,(9,6))),(7,(8,4))));
Final quartet score is: 311820
Final normalized quartet score is: 0.9449090909090909
(0,(((2,(10,(5,1)1:0.29469964511042757)1:2.826988999299979)1:1.370764559501763,(3,(9,6)1:0.823117062189989)1:2.013249792472596)1:5.324634674865401,(7,(8,4)1:1.3913018828505126)1:5.810142490647089));
ASTRAL finished in 3.238 secs
Shutting down threading
Memory Peak: 1078