

================== ASTRAL ===================== 

This is ASTRAL version 5.15.4
Using native AVX batch computing.
Gene trees are treated as unrooted
Warning:

 Problem using GPU. Proceeding without GPU
org.jocl.CLException: CL_PLATFORM_NOT_FOUND_KHR
org.jocl.CLException: CL_PLATFORM_NOT_FOUND_KHR
Starting 2 threads ...
There are 2 threads used to run.
200 trees read from /home/vasenaj/Desktop/phylogenetic-tree-comparison-rt-refactor/data_sets/gene-trees/model.37taxon/noscale.200g.500b/R12/all_gt.tre
All output trees will be *arbitrarily* rooted at OTO

======== Running the main analysis
Number of taxa: 37 (37 species)
Taxa: [OTO, TUP, ORY, OCH, DIP, SPE, MUS, RAT, CAV, ORN, MAC, MON, GAL, CHO, DAS, ECH, PRO, LOX, SOR, MYO, CAN, FEL, SUS, BOS, TUR, PTE, EQU, ERI, VIC, TAR, NEW, CAL, GOR, HOM, PAN, PON, MIC]
Taxon occupancy: {PTE=200, NEW=200, RAT=200, TAR=200, SPE=200, ORN=200, OTO=200, CHO=200, PRO=200, ORY=200, MYO=200, MIC=200, BOS=200, HOM=200, EQU=200, DIP=200, MUS=200, ECH=200, GOR=200, FEL=200, MON=200, TUP=200, MAC=200, PON=200, CAL=200, SUS=200, TUR=200, CAN=200, VIC=200, GAL=200, LOX=200, OCH=200, DAS=200, SOR=200, CAV=200, PAN=200, ERI=200}
Using polytree-based weight calculation.
Number of gene trees: 200
0 trees have missing taxa
Calculating distance matrix (for completion of X) ....with 2 distance matrices for parallellism
Species tree distances calculated ...

Building set of clusters (X) from gene trees 
------------------------------
Number of Clusters after addition from gene trees: 1779
Number of Clusters after addition by distance: 1779
Adding to X using resolutions of greedy consensus ...

Computing greedy consensus  
took 0 seconds
Threshold 0.0:
Threshold 0.01:
Threshold 0.02:
Threshold 0.05:
Threshold 0.1:
Threshold 0.2:
Limit for sigma of degrees:975

polytomy size limit : > 5
 [3, 3, 3, 4, 5, 5]
discarded polytomies: 
polytomy of size 5; rounds with additions with at least 5 support: 0; clusters: 1779
Threshold 0.3333333333333333:
polytomy of size 5; rounds with additions with at least 5 support: 0; clusters: 1779
polytomy of size 3; rounds with additions with at least 5 support: 0; clusters: 1779
polytomy of size 4; rounds with additions with at least 5 support: 0; clusters: 1779
polytomy of size 3; rounds with additions with at least 5 support: 0; clusters: 1779
polytomy of size 3; rounds with additions with at least 5 support: 0; clusters: 1779
Number of Clusters after addition by greedy: 1779
partitions formed in 1.401 secs
Dynamic Programming starting after 1.401 secs
Polytree max score: 13209000
Polytree building time: 0.048 seconds.
Using native AVX batch computing method.
Number of quartet trees in the gene trees: 13209000
Computing hash values took 0 seconds
Size of largest cluster: 37
Size of largest cluster: 37
Finishing up:4412 112 113
Total Number of elements: 4411
Normalized score (portion of input quartet trees satisfied before correcting for multiple individuals): 0.8485994397759103
Final optimization score: 11209150
Optimal tree inferred in 2.639 secs.
Weight calculation using polytrees cumulatively took 0.058181006 secs
(OTO,(MIC,((((((EQU,((VIC,(SUS,(BOS,TUR))),(CAN,FEL))),(MYO,PTE)),(SOR,ERI)),(((CHO,DAS),(ECH,(PRO,LOX))),((ORN,GAL),(MAC,MON)))),(TUP,((SPE,(CAV,(DIP,(MUS,RAT)))),(ORY,OCH)))),(TAR,(CAL,(NEW,(PON,(GOR,(HOM,PAN)))))))));
Final quartet score is: 11776205
Final normalized quartet score is: 0.8915288818229995
(OTO,(MIC,((((((EQU,((VIC,(SUS,(BOS,TUR)1:0.7046263353074915)1:0.26458291562322006)1:1.8317893686153768,(CAN,FEL)1:2.1445901028099987)0.58:0.04946203161286871)0.73:0.06401745341066327,(MYO,PTE)1:0.8870802095511388)1:0.3084807672511151,(SOR,ERI)1:0.41875626013776357)1:1.467020162257412,(((CHO,DAS)1:3.251587914394094,(ECH,(PRO,LOX)1:1.0911773101805917)1:2.2193900686249926)0.67:0.059104367186196,((ORN,GAL)1:0.18015294656482836,(MAC,MON)1:1.6293083846368492)1:0.7641314487307795)1:0.8551685649163571)1:1.337126965909519,(TUP,((SPE,(CAV,(DIP,(MUS,RAT)1:2.1839244793963024)1:0.17434800282553078)0.77:0.0692760938934028)1:0.7769074032363805,(ORY,OCH)1:2.741437217134948)1:0.4283313529824306)0.87:0.08586194415332252)1:1.2128742451581116,(TAR,(CAL,(NEW,(PON,(GOR,(HOM,PAN)1:0.4911205526866583)1:1.1965378258384178)1:2.276800975838331)1:0.28200092094442625)1:1.020960496658345)0.96:0.11357747247086893)1:1.6206950669587339));
ASTRAL finished in 3.852 secs
Shutting down threading
Memory Peak: 1134