

================== ASTRAL ===================== 

This is ASTRAL version 5.15.4
Using native AVX batch computing.
Gene trees are treated as unrooted
Warning:

 Problem using GPU. Proceeding without GPU
org.jocl.CLException: CL_PLATFORM_NOT_FOUND_KHR
org.jocl.CLException: CL_PLATFORM_NOT_FOUND_KHR
Starting 2 threads ...
There are 2 threads used to run.
1000 trees read from /home/vasenaj/Desktop/phylogenetic-tree-comparison-rt-refactor/data_sets/gene-trees/model.15taxon/1000gene-true/R4/all_gt.tre
All output trees will be *arbitrarily* rooted at K

======== Running the main analysis
Number of taxa: 15 (15 species)
Taxa: [K, L, I, J, H, C, D, A, F, E, B, G, N, M, O]
Taxon occupancy: {A=1000, B=1000, C=1000, D=1000, E=1000, F=1000, G=1000, H=1000, I=1000, J=1000, K=1000, L=1000, M=1000, N=1000, O=1000}
Using polytree-based weight calculation.
Number of gene trees: 1000
0 trees have missing taxa
Calculating distance matrix (for completion of X) ....with 2 distance matrices for parallellism
Species tree distances calculated ...

Building set of clusters (X) from gene trees 
------------------------------
Number of Clusters after addition from gene trees: 4109
Number of Clusters after addition by distance: 4109
Adding to X using resolutions of greedy consensus ...

Computing greedy consensus  
took 0 seconds
Limit for sigma of degrees:425

polytomy size limit : > 13
 [12, 13]
discarded polytomies: 
Threshold 0.0:
Threshold 0.01:
Threshold 0.02:
Threshold 0.05:
Threshold 0.1:
Threshold 0.2:
polytomy of size 12; rounds with additions with at least 5 support: 0; clusters: 4109
Threshold 0.3333333333333333:
polytomy of size 13; rounds with additions with at least 5 support: 0; clusters: 4109
Number of Clusters after addition by greedy: 4109
partitions formed in 5.604 secs
Dynamic Programming starting after 5.604 secs
Polytree max score: 1365000
Polytree building time: 0.09 seconds.
Using native AVX batch computing method.
Number of quartet trees in the gene trees: 1365000
Computing hash values took 0 seconds
Size of largest cluster: 15
Size of largest cluster: 15
Finishing up:39528 1344 1345
Total Number of elements: 39527
Normalized score (portion of input quartet trees satisfied before correcting for multiple individuals): 0.6215333333333334
Final optimization score: 848393
Optimal tree inferred in 8.557 secs.
Weight calculation using polytrees cumulatively took 1.373841409 secs
(K,((L,(M,(N,O))),(J,(I,(H,(G,(F,(E,(D,(C,(A,B)))))))))));
Final quartet score is: 848393
Final normalized quartet score is: 0.6215333333333334
(K,((L,(M,(N,O)1:0.16602156004897692)1:0.2417112453324175)1:0.22270658386133188,(J,(I,(H,(G,(F,(E,(D,(C,(A,B)1:0.1771401980519573)1:0.2303269050450395)1:0.19040609685026796)1:0.17609721203771794)1:0.23277394084656772)1:0.204559285834555)1:0.1948876934985046)1:0.17745330609915533)1:0.18047511067711863));
ASTRAL finished in 9.202 secs
Shutting down threading
Memory Peak: 1104