

================== ASTRAL ===================== 

This is ASTRAL version 5.15.4
Using native AVX batch computing.
Gene trees are treated as unrooted
Warning:

 Problem using GPU. Proceeding without GPU
org.jocl.CLException: CL_PLATFORM_NOT_FOUND_KHR
org.jocl.CLException: CL_PLATFORM_NOT_FOUND_KHR
Starting 2 threads ...
There are 2 threads used to run.
100 trees read from /home/vasenaj/Desktop/phylogenetic-tree-comparison-rt-refactor/data_sets/gene-trees/model.11taxon/estimated_100genes_strongILS/R16/all_gt.tre
All output trees will be *arbitrarily* rooted at 2

======== Running the main analysis
Number of taxa: 11 (11 species)
Taxa: [2, 4, 3, 11, 7, 9, 10, 6, 5, 8, 1]
Taxon occupancy: {11=100, 1=100, 2=100, 3=100, 4=100, 5=100, 6=100, 7=100, 8=100, 9=100, 10=100}
Using polytree-based weight calculation.
Number of gene trees: 100
0 trees have missing taxa
Calculating distance matrix (for completion of X) ....with 2 distance matrices for parallellism
Species tree distances calculated ...

Building set of clusters (X) from gene trees 
------------------------------
Number of Clusters after addition from gene trees: 173
Number of Clusters after addition by distance: 173
Adding to X using resolutions of greedy consensus ...

Computing greedy consensus  
Threshold 0.0:
Threshold 0.01:
took 0 seconds
Limit for sigma of degrees:325

polytomy size limit : > 3
 [3, 3, 3]
discarded polytomies: 
Threshold 0.02:
Threshold 0.05:
Threshold 0.1:
Threshold 0.2:
polytomy of size 3; rounds with additions with at least 5 support: 0; clusters: 173
Threshold 0.3333333333333333:
polytomy of size 3; rounds with additions with at least 5 support: 0; clusters: 173
polytomy of size 3; rounds with additions with at least 5 support: 0; clusters: 173
Number of Clusters after addition by greedy: 173
partitions formed in 0.551 secs
Dynamic Programming starting after 0.551 secs
Polytree max score: 33000
Polytree building time: 0.026 seconds.
Using native AVX batch computing method.
Number of quartet trees in the gene trees: 33000
Computing hash values took 0 seconds
Size of largest cluster: 11
Size of largest cluster: 11
Finishing up:296 192 295
Total Number of elements: 295
Normalized score (portion of input quartet trees satisfied before correcting for multiple individuals): 0.795969696969697
Final optimization score: 26267
Optimal tree inferred in 1.674 secs.
Weight calculation using polytrees cumulatively took 0.002576286 secs
(2,(3,(1,(4,(11,(10,(9,((6,5),(7,8)))))))));
Final quartet score is: 26267
Final normalized quartet score is: 0.795969696969697
(2,(3,(1,(4,(11,(10,(9,((6,5)1:1.0679692225560238,(7,8)1:0.7350305585161223)0.49:0.05337988878050413)1:0.2526590376622178)1:2.417895939505043)1:2.535678975161424)1:0.3149239004150099)0.64:0.06652068234156244));
ASTRAL finished in 2.082 secs
Shutting down threading
Memory Peak: 1200