

================== ASTRAL ===================== 

This is ASTRAL version 5.15.4
Using native AVX batch computing.
Gene trees are treated as unrooted
Warning:

 Problem using GPU. Proceeding without GPU
org.jocl.CLException: CL_PLATFORM_NOT_FOUND_KHR
org.jocl.CLException: CL_PLATFORM_NOT_FOUND_KHR
Starting 2 threads ...
There are 2 threads used to run.
800 trees read from /home/vasenaj/Desktop/phylogenetic-tree-comparison-rt-refactor/data_sets/gene-trees/model.37taxon/noscale.800g.500b/R8/all_gt.tre
All output trees will be *arbitrarily* rooted at GAL

======== Running the main analysis
Number of taxa: 37 (37 species)
Taxa: [GAL, MAC, MON, ORN, TUP, RAT, DIP, MUS, SPE, CAV, ORY, OCH, MIC, OTO, TAR, CAL, NEW, PON, GOR, PAN, HOM, VIC, BOS, SUS, TUR, EQU, SOR, ERI, MYO, PTE, FEL, CAN, DAS, CHO, ECH, LOX, PRO]
Taxon occupancy: {PTE=800, NEW=800, RAT=800, TAR=800, SPE=800, ORN=800, OTO=800, CHO=800, PRO=800, ORY=800, MYO=800, MIC=800, HOM=800, BOS=800, EQU=800, DIP=800, MUS=800, GOR=800, ECH=800, FEL=800, MON=800, MAC=800, TUP=800, PON=800, CAL=800, SUS=800, TUR=800, VIC=800, CAN=800, GAL=800, LOX=800, OCH=800, SOR=800, DAS=800, CAV=800, PAN=800, ERI=800}
Using polytree-based weight calculation.
Number of gene trees: 800
0 trees have missing taxa
Calculating distance matrix (for completion of X) ....with 2 distance matrices for parallellism
Species tree distances calculated ...

Building set of clusters (X) from gene trees 
------------------------------
Number of Clusters after addition from gene trees: 3949
Number of Clusters after addition by distance: 3949
Adding to X using resolutions of greedy consensus ...

Computing greedy consensus  
Threshold 0.0:
Threshold 0.01:
Threshold 0.02:
Threshold 0.05:
Threshold 0.1:
Threshold 0.2:
took 0 seconds
Limit for sigma of degrees:975

polytomy size limit : > 5
 [3, 3, 3, 3, 4, 4, 5]
discarded polytomies: 
polytomy of size 4; rounds with additions with at least 5 support: 0; clusters: 3949
polytomy of size 3; rounds with additions with at least 5 support: 0; clusters: 3949
Threshold 0.3333333333333333:
polytomy of size 5; rounds with additions with at least 5 support: 0; clusters: 3949
polytomy of size 4; rounds with additions with at least 5 support: 0; clusters: 3949
polytomy of size 3; rounds with additions with at least 5 support: 0; clusters: 3949
polytomy of size 3; rounds with additions with at least 5 support: 0; clusters: 3949
polytomy of size 3; rounds with additions with at least 5 support: 0; clusters: 3949
Number of Clusters after addition by greedy: 3949
partitions formed in 3.137 secs
Dynamic Programming starting after 3.137 secs
Polytree max score: 52836000
Polytree building time: 0.194 seconds.
Using native AVX batch computing method.
Number of quartet trees in the gene trees: 52836000
Computing hash values took 0 seconds
Size of largest cluster: 37
Size of largest cluster: 37
Finishing up:16170 192 16169
Total Number of elements: 16169
Normalized score (portion of input quartet trees satisfied before correcting for multiple individuals): 0.8510659966689379
Final optimization score: 44966923
Optimal tree inferred in 5.007 secs.
Weight calculation using polytrees cumulatively took 0.515993158 secs
(GAL,(ORN,((MAC,MON),(((((TAR,(CAL,(NEW,(PON,(GOR,(PAN,HOM)))))),(MIC,OTO)),(TUP,((SPE,(CAV,(DIP,(RAT,MUS)))),(ORY,OCH)))),((((VIC,(SUS,(BOS,TUR))),(EQU,(FEL,CAN))),(MYO,PTE)),(SOR,ERI))),((DAS,CHO),(ECH,(LOX,PRO)))))));
Final quartet score is: 48045708
Final normalized quartet score is: 0.9093365886895298
(GAL,(ORN,((MAC,MON)1:1.6625786912713354,(((((TAR,(CAL,(NEW,(PON,(GOR,(PAN,HOM)1:0.5868617787953618)1:1.4569423785401459)1:1.8343190836468517)1:0.2237629287841396)1:0.8128140119177186)1:0.2005648066508777,(MIC,OTO)1:1.4239905929201389)1:1.2991341856774914,(TUP,((SPE,(CAV,(DIP,(RAT,MUS)1:2.3474174683560647)1:0.22339894653970838)0.73:0.03485447876811827)1:0.6921645174640952,(ORY,OCH)1:2.3367449758517322)1:0.5460730106864329)0.98:0.06708540754057316)1:1.323726397451683,((((VIC,(SUS,(BOS,TUR)1:0.8113433881430439)1:0.24720061939573967)1:2.1035614233195243,(EQU,(FEL,CAN)1:1.9791168172099352)0.44:0.00842332939843672)1:0.10888476641721885,(MYO,PTE)1:0.8945442729343528)1:0.39689745812330224,(SOR,ERI)1:0.3720226233420411)1:1.5262204636371073)1:0.7968578243644994,((DAS,CHO)1:3.4217727793786112,(ECH,(LOX,PRO)1:1.1771277428303313)1:1.7752186550940772)0.92:0.04901842055501763)1:0.895630498151663)1:0.09238064238334019));
ASTRAL finished in 6.736 secs
Shutting down threading
Memory Peak: 1128