

================== ASTRAL ===================== 

This is ASTRAL version 5.15.4
Using native AVX batch computing.
Gene trees are treated as unrooted
Warning:

 Problem using GPU. Proceeding without GPU
org.jocl.CLException: CL_PLATFORM_NOT_FOUND_KHR
org.jocl.CLException: CL_PLATFORM_NOT_FOUND_KHR
Starting 2 threads ...
There are 2 threads used to run.
100 trees read from /home/vasenaj/Desktop/phylogenetic-tree-comparison-rt-refactor/data_sets/gene-trees/model.15taxon/100gene-true/R5/all_gt.tre
All output trees will be *arbitrarily* rooted at N

======== Running the main analysis
Number of taxa: 15 (15 species)
Taxa: [N, M, K, J, G, L, I, H, C, B, A, D, F, E, O]
Taxon occupancy: {A=100, B=100, C=100, D=100, E=100, F=100, G=100, H=100, I=100, J=100, K=100, L=100, M=100, N=100, O=100}
Using polytree-based weight calculation.
Number of gene trees: 100
0 trees have missing taxa
Calculating distance matrix (for completion of X) ....with 2 distance matrices for parallellism
Species tree distances calculated ...

Building set of clusters (X) from gene trees 
------------------------------
Number of Clusters after addition from gene trees: 1005
Number of Clusters after addition by distance: 1005
Adding to X using resolutions of greedy consensus ...

Computing greedy consensus  
took 0 seconds
Limit for sigma of degrees:425

polytomy size limit : > 13
 [11, 13]
discarded polytomies: 
Threshold 0.0:
Threshold 0.01:
Threshold 0.02:
Threshold 0.05:
Threshold 0.1:
Threshold 0.2:
polytomy of size 11; rounds with additions with at least 5 support: 0; clusters: 1005
Threshold 0.3333333333333333:
polytomy of size 13; rounds with additions with at least 5 support: 0; clusters: 1005
Number of Clusters after addition by greedy: 1005
partitions formed in 0.91 secs
Dynamic Programming starting after 0.91 secs
Polytree max score: 136500
Polytree building time: 0.032 seconds.
Using native AVX batch computing method.
Number of quartet trees in the gene trees: 136500
Computing hash values took 0 seconds
Size of largest cluster: 15
Size of largest cluster: 15
Finishing up:3052 23 24
Total Number of elements: 3051
Normalized score (portion of input quartet trees satisfied before correcting for multiple individuals): 0.6146813186813187
Final optimization score: 83904
Optimal tree inferred in 2.144 secs.
Weight calculation using polytrees cumulatively took 0.039750069 secs
(N,(O,(M,(L,(K,(J,(I,(H,(G,(F,(E,(D,(C,(B,A))))))))))))));
Final quartet score is: 83904
Final normalized quartet score is: 0.6146813186813187
(N,(O,(M,(L,(K,(J,(I,(H,(G,(F,(E,(D,(C,(B,A)1:0.32981130166918404)0.92:0.1429623778415045)0.98:0.19929650258408738)0.93:0.1496914401120043)0.97:0.1758573463790282)0.96:0.1657690677811236)0.87:0.1256819007764819)0.92:0.14319605000052996)0.99:0.22531174172532298)1:0.25329658948489714)1:0.26103751222933547)0.89:0.1264841471091196));
ASTRAL finished in 2.547 secs
Shutting down threading
Memory Peak: 1098