

================== ASTRAL ===================== 

This is ASTRAL version 5.15.4
Using native AVX batch computing.
Gene trees are treated as unrooted
Warning:

 Problem using GPU. Proceeding without GPU
org.jocl.CLException: CL_PLATFORM_NOT_FOUND_KHR
org.jocl.CLException: CL_PLATFORM_NOT_FOUND_KHR
Starting 2 threads ...
There are 2 threads used to run.
1000 trees read from /home/vasenaj/Desktop/phylogenetic-tree-comparison-rt-refactor/data_sets/gene-trees/model.15taxon/1000gene-1000bp/R8/all_gt.tre
All output trees will be *arbitrarily* rooted at B

======== Running the main analysis
Number of taxa: 15 (15 species)
Taxa: [B, A, G, D, I, O, M, N, H, E, F, K, L, J, C]
Taxon occupancy: {A=1000, B=1000, C=1000, D=1000, E=1000, F=1000, G=1000, H=1000, I=1000, J=1000, K=1000, L=1000, M=1000, N=1000, O=1000}
Using polytree-based weight calculation.
Number of gene trees: 1000
0 trees have missing taxa
Calculating distance matrix (for completion of X) ....with 2 distance matrices for parallellism
Species tree distances calculated ...

Building set of clusters (X) from gene trees 
------------------------------
Number of Clusters after addition from gene trees: 4433
Number of Clusters after addition by distance: 4433
Adding to X using resolutions of greedy consensus ...

Computing greedy consensus  
took 0 seconds
Limit for sigma of degrees:425

polytomy size limit : > 13
 [4, 12, 13]
discarded polytomies: 
Threshold 0.0:
Threshold 0.01:
Threshold 0.02:
Threshold 0.05:
Threshold 0.1:
polytomy of size 4; rounds with additions with at least 5 support: 0; clusters: 4433
Threshold 0.2:
polytomy of size 12; rounds with additions with at least 5 support: 0; clusters: 4433
Threshold 0.3333333333333333:
polytomy of size 13; rounds with additions with at least 5 support: 0; clusters: 4433
Number of Clusters after addition by greedy: 4433
partitions formed in 4.856 secs
Dynamic Programming starting after 4.856 secs
Polytree max score: 1365000
Polytree building time: 0.159 seconds.
Using native AVX batch computing method.
Number of quartet trees in the gene trees: 1365000
Computing hash values took 0 seconds
Size of largest cluster: 15
Size of largest cluster: 15
Finishing up:44928 639 639
Total Number of elements: 44927
Normalized score (portion of input quartet trees satisfied before correcting for multiple individuals): 0.602021978021978
Final optimization score: 821760
Optimal tree inferred in 8.243 secs.
Weight calculation using polytrees cumulatively took 1.705641964 secs
(B,(A,(C,(D,(E,(F,(G,(H,(I,(J,(K,(L,(M,(O,N))))))))))))));
Final quartet score is: 821760
Final normalized quartet score is: 0.602021978021978
(B,(A,(C,(D,(E,(F,(G,(H,(I,(J,(K,(L,(M,(O,N)0.85:0.050058450622268505)1:0.125481057437688)1:0.1678217936801156)1:0.18803213685715708)1:0.15756559492732705)1:0.2185338128827833)1:0.19618921212040782)1:0.1821167825568333)1:0.18062469557929492)1:0.22464317668897585)1:0.1622892390713838)1:0.1909500842915286));
ASTRAL finished in 9.133 secs
Shutting down threading
Memory Peak: 1116