

================== ASTRAL ===================== 

This is ASTRAL version 5.15.4
Using native AVX batch computing.
Gene trees are treated as unrooted
Warning:

 Problem using GPU. Proceeding without GPU
org.jocl.CLException: CL_PLATFORM_NOT_FOUND_KHR
org.jocl.CLException: CL_PLATFORM_NOT_FOUND_KHR
Starting 2 threads ...
There are 2 threads used to run.
1000 trees read from /home/vasenaj/Desktop/phylogenetic-tree-comparison-rt-refactor/data_sets/gene-trees/model.15taxon/1000gene-true/R5/all_gt.tre
All output trees will be *arbitrarily* rooted at N

======== Running the main analysis
Number of taxa: 15 (15 species)
Taxa: [N, M, K, J, G, L, I, H, C, B, A, D, F, E, O]
Taxon occupancy: {A=1000, B=1000, C=1000, D=1000, E=1000, F=1000, G=1000, H=1000, I=1000, J=1000, K=1000, L=1000, M=1000, N=1000, O=1000}
Using polytree-based weight calculation.
Number of gene trees: 1000
0 trees have missing taxa
Calculating distance matrix (for completion of X) ....with 2 distance matrices for parallellism
Species tree distances calculated ...

Building set of clusters (X) from gene trees 
------------------------------
Number of Clusters after addition from gene trees: 4333
Number of Clusters after addition by distance: 4333
Adding to X using resolutions of greedy consensus ...

Computing greedy consensus  
Threshold 0.0:
Threshold 0.01:
Threshold 0.02:
Threshold 0.05:
Threshold 0.1:
Threshold 0.2:
took 0 seconds
Limit for sigma of degrees:425

polytomy size limit : > 13
 [12, 13]
discarded polytomies: 
polytomy of size 12; rounds with additions with at least 5 support: 0; clusters: 4333
Threshold 0.3333333333333333:
polytomy of size 13; rounds with additions with at least 5 support: 0; clusters: 4333
Number of Clusters after addition by greedy: 4333
partitions formed in 4.282 secs
Dynamic Programming starting after 4.282 secs
Polytree max score: 1365000
Polytree building time: 0.112 seconds.
Using native AVX batch computing method.
Number of quartet trees in the gene trees: 1365000
Computing hash values took 0 seconds
Size of largest cluster: 15
Size of largest cluster: 15
Finishing up:43929 512 43928
Total Number of elements: 43928
Normalized score (portion of input quartet trees satisfied before correcting for multiple individuals): 0.6124893772893772
Final optimization score: 836048
Optimal tree inferred in 7.112 secs.
Weight calculation using polytrees cumulatively took 1.502250554 secs
(N,(O,(M,(L,(K,(J,(I,(H,(G,(F,(E,(D,(C,(B,A))))))))))))));
Final quartet score is: 836048
Final normalized quartet score is: 0.6124893772893772
(N,(O,(M,(L,(K,(J,(I,(H,(G,(F,(E,(D,(C,(B,A)1:0.1873290785245771)1:0.18096927927120138)1:0.21766408554958358)1:0.15701998270766712)1:0.16447476933067748)1:0.21066289009060202)1:0.20745275563056145)1:0.18009626237142384)1:0.2143990126978979)1:0.19890180909406166)1:0.20852698325844812)1:0.17565055082281822));
ASTRAL finished in 7.745 secs
Shutting down threading
Memory Peak: 1104