

================== ASTRAL ===================== 

This is ASTRAL version 5.15.4
Using native AVX batch computing.
Gene trees are treated as unrooted
Warning:

 Problem using GPU. Proceeding without GPU
org.jocl.CLException: CL_PLATFORM_NOT_FOUND_KHR
org.jocl.CLException: CL_PLATFORM_NOT_FOUND_KHR
Starting 2 threads ...
There are 2 threads used to run.
200 trees read from /home/vasenaj/Desktop/phylogenetic-tree-comparison-rt-refactor/data_sets/gene-trees/model.37taxon/noscale.200g.500b/R17/all_gt.tre
All output trees will be *arbitrarily* rooted at ECH

======== Running the main analysis
Number of taxa: 37 (37 species)
Taxa: [ECH, LOX, SOR, CAN, EQU, FEL, BOS, SUS, VIC, TUR, ERI, MYO, PTE, PON, GOR, PAN, HOM, CAL, NEW, OTO, MIC, TAR, OCH, TUP, RAT, MUS, SPE, DIP, ORY, CAV, DAS, CHO, ORN, GAL, MON, MAC, PRO]
Taxon occupancy: {PTE=200, NEW=200, TAR=200, RAT=200, SPE=200, ORN=200, OTO=200, CHO=200, PRO=200, ORY=200, MYO=200, MIC=200, BOS=200, HOM=200, EQU=200, MUS=200, DIP=200, ECH=200, GOR=200, FEL=200, MON=200, PON=200, TUP=200, MAC=200, CAL=200, SUS=200, TUR=200, CAN=200, VIC=200, GAL=200, LOX=200, OCH=200, SOR=200, DAS=200, CAV=200, PAN=200, ERI=200}
Using polytree-based weight calculation.
Number of gene trees: 200
0 trees have missing taxa
Calculating distance matrix (for completion of X) ....with 2 distance matrices for parallellism
Species tree distances calculated ...

Building set of clusters (X) from gene trees 
------------------------------
Number of Clusters after addition from gene trees: 1779
Number of Clusters after addition by distance: 1779
Adding to X using resolutions of greedy consensus ...

Computing greedy consensus  
took 0 seconds
Limit for sigma of degrees:975

polytomy size limit : > 5
 [3, 3, 3, 3, 4, 5]
discarded polytomies: 
Threshold 0.0:
Threshold 0.01:
Threshold 0.02:
Threshold 0.05:
Threshold 0.1:
Threshold 0.2:
polytomy of size 4; rounds with additions with at least 5 support: 0; clusters: 1779
Threshold 0.3333333333333333:
polytomy of size 5; rounds with additions with at least 5 support: 0; clusters: 1779
polytomy of size 3; rounds with additions with at least 5 support: 0; clusters: 1779
polytomy of size 3; rounds with additions with at least 5 support: 0; clusters: 1779
polytomy of size 3; rounds with additions with at least 5 support: 0; clusters: 1779
polytomy of size 3; rounds with additions with at least 5 support: 0; clusters: 1779
Number of Clusters after addition by greedy: 1779
partitions formed in 1.401 secs
Dynamic Programming starting after 1.401 secs
Polytree max score: 13209000
Polytree building time: 0.052 seconds.
Using native AVX batch computing method.
Number of quartet trees in the gene trees: 13209000
Computing hash values took 0 seconds
Size of largest cluster: 37
Size of largest cluster: 37
Finishing up:4441 64 4440
Total Number of elements: 4440
Normalized score (portion of input quartet trees satisfied before correcting for multiple individuals): 0.8500685895980014
Final optimization score: 11228556
Optimal tree inferred in 2.693 secs.
Weight calculation using polytrees cumulatively took 0.075840706 secs
(ECH,((((((TUP,((CAV,(SPE,(DIP,(RAT,MUS)))),(OCH,ORY))),((TAR,(CAL,(NEW,(PON,(GOR,(PAN,HOM)))))),(OTO,MIC))),(((EQU,((VIC,(SUS,(BOS,TUR))),(CAN,FEL))),(MYO,PTE)),(SOR,ERI))),((ORN,GAL),(MON,MAC))),(DAS,CHO)),(LOX,PRO)));
Final quartet score is: 11339190
Final normalized quartet score is: 0.8584442425618897
(ECH,((((((TUP,((CAV,(SPE,(DIP,(RAT,MUS)1:2.068092663871182)1:0.27793028862318697)0.56:0.03851200911944067)1:0.6539982265828989,(OCH,ORY)1:2.308573134838668)1:0.6143959355481314)0.74:0.06085896874759008,((TAR,(CAL,(NEW,(PON,(GOR,(PAN,HOM)1:0.6207652676149048)1:1.5134495366051368)1:1.6421500019599946)1:0.2996292600847928)1:0.8320090306273126)0.99:0.1610149813511576,(OTO,MIC)1:1.607307986176274)1:1.051746759459893)1:1.2492899788896887,(((EQU,((VIC,(SUS,(BOS,TUR)1:0.6368182980823722)1:0.36004042507790346)1:2.3850983511694697,(CAN,FEL)1:1.7732746545539508)0.43:0.01563780475974629)1:0.17187524391260567,(MYO,PTE)1:0.785628590208839)1:0.3577797269993488,(SOR,ERI)1:0.29343914074184857)1:1.4029289880624787)1:0.9331685361607017,((ORN,GAL)0.92:0.10242498233153789,(MON,MAC)1:1.7978840205261692)1:0.7989223758836765)0.54:0.03341227722775359,(DAS,CHO)1:3.748455185909382)1:1.5956573689563,(LOX,PRO)1:1.3706145973733963));
ASTRAL finished in 3.581 secs
Shutting down threading
Memory Peak: 1134