

================== ASTRAL ===================== 

This is ASTRAL version 5.15.4
Using native AVX batch computing.
Gene trees are treated as unrooted
Warning:

 Problem using GPU. Proceeding without GPU
org.jocl.CLException: CL_PLATFORM_NOT_FOUND_KHR
org.jocl.CLException: CL_PLATFORM_NOT_FOUND_KHR
Starting 2 threads ...
There are 2 threads used to run.
100 trees read from /home/vasenaj/Desktop/phylogenetic-tree-comparison-rt-refactor/data_sets/gene-trees/model.15taxon/100gene-true/R3/all_gt.tre
All output trees will be *arbitrarily* rooted at O

======== Running the main analysis
Number of taxa: 15 (15 species)
Taxa: [O, M, G, K, I, D, F, J, E, C, A, B, H, N, L]
Taxon occupancy: {A=100, B=100, C=100, D=100, E=100, F=100, G=100, H=100, I=100, J=100, K=100, L=100, M=100, N=100, O=100}
Using polytree-based weight calculation.
Number of gene trees: 100
0 trees have missing taxa
Calculating distance matrix (for completion of X) ....with 2 distance matrices for parallellism
Species tree distances calculated ...

Building set of clusters (X) from gene trees 
------------------------------
Number of Clusters after addition from gene trees: 1001
Number of Clusters after addition by distance: 1001
Adding to X using resolutions of greedy consensus ...

Computing greedy consensus  
took 0 seconds
Limit for sigma of degrees:425

polytomy size limit : > 13
 [6, 6, 13]
discarded polytomies: 
Threshold 0.0:
Threshold 0.01:
Threshold 0.02:
Threshold 0.05:
Threshold 0.1:
Threshold 0.2:
polytomy of size 6; rounds with additions with at least 5 support: 0; clusters: 1001
polytomy of size 6; rounds with additions with at least 5 support: 0; clusters: 1001
Threshold 0.3333333333333333:
polytomy of size 13; rounds with additions with at least 5 support: 0; clusters: 1001
Number of Clusters after addition by greedy: 1001
partitions formed in 0.666 secs
Dynamic Programming starting after 0.667 secs
Polytree max score: 136500
Polytree building time: 0.024 seconds.
Using native AVX batch computing method.
Number of quartet trees in the gene trees: 136500
Computing hash values took 0 seconds
Size of largest cluster: 15
Size of largest cluster: 15
Finishing up:2974 128 2973
Total Number of elements: 2973
Normalized score (portion of input quartet trees satisfied before correcting for multiple individuals): 0.6177142857142857
Final optimization score: 84318
Optimal tree inferred in 1.873 secs.
Weight calculation using polytrees cumulatively took 0.041946281 secs
(O,(N,(M,(L,(K,(J,(I,(H,(G,(F,(E,(D,(C,(A,B))))))))))))));
Final quartet score is: 84318
Final normalized quartet score is: 0.6177142857142857
(O,(N,(M,(L,(K,(J,(I,(H,(G,(F,(E,(D,(C,(A,B)0.98:0.1977870683352328)1:0.24970841502336594)0.98:0.18728434613608408)0.64:0.06299955194298379)0.97:0.1807386518334493)0.91:0.14225798275797413)0.81:0.10347638886399167)1:0.3071778161484804)0.95:0.1598046975096212)0.96:0.17011908300598957)0.99:0.2316744355131514)0.8:0.11115283636233055));
ASTRAL finished in 2.306 secs
Shutting down threading
Memory Peak: 1098