

================== ASTRAL ===================== 

This is ASTRAL version 5.15.4
Using native AVX batch computing.
Gene trees are treated as unrooted
Warning:

 Problem using GPU. Proceeding without GPU
org.jocl.CLException: CL_PLATFORM_NOT_FOUND_KHR
org.jocl.CLException: CL_PLATFORM_NOT_FOUND_KHR
Starting 2 threads ...
There are 2 threads used to run.
800 trees read from /home/vasenaj/Desktop/phylogenetic-tree-comparison-rt-refactor/data_sets/gene-trees/model.37taxon/noscale.800g.500b/R13/all_gt.tre
All output trees will be *arbitrarily* rooted at GAL

======== Running the main analysis
Number of taxa: 37 (37 species)
Taxa: [GAL, MON, MAC, ORN, OCH, ORY, TUP, DIP, SPE, RAT, MUS, CAV, TAR, GOR, HOM, PAN, PON, NEW, CAL, OTO, MIC, ERI, SOR, CAN, PTE, FEL, EQU, MYO, VIC, BOS, TUR, SUS, ECH, PRO, LOX, CHO, DAS]
Taxon occupancy: {PTE=800, NEW=800, RAT=800, TAR=800, SPE=800, ORN=800, OTO=800, CHO=800, PRO=800, ORY=800, MYO=800, MIC=800, HOM=800, BOS=800, EQU=800, DIP=800, MUS=800, GOR=800, ECH=800, FEL=800, MON=800, MAC=800, TUP=800, PON=800, CAL=800, TUR=800, SUS=800, CAN=800, VIC=800, GAL=800, LOX=800, OCH=800, SOR=800, DAS=800, CAV=800, PAN=800, ERI=800}
Using polytree-based weight calculation.
Number of gene trees: 800
0 trees have missing taxa
Calculating distance matrix (for completion of X) ....with 2 distance matrices for parallellism
Species tree distances calculated ...

Building set of clusters (X) from gene trees 
------------------------------
Number of Clusters after addition from gene trees: 3911
Number of Clusters after addition by distance: 3911
Adding to X using resolutions of greedy consensus ...

Computing greedy consensus  
took 0 seconds
Limit for sigma of degrees:975

polytomy size limit : > 5
 [3, 3, 3, 3, 3, 4, 5]
discarded polytomies: 
Threshold 0.0:
Threshold 0.01:
Threshold 0.02:
Threshold 0.05:
Threshold 0.1:
Threshold 0.2:
polytomy of size 3; rounds with additions with at least 5 support: 0; clusters: 3911
polytomy of size 3; rounds with additions with at least 5 support: 0; clusters: 3911
Threshold 0.3333333333333333:
polytomy of size 5; rounds with additions with at least 5 support: 0; clusters: 3911
polytomy of size 4; rounds with additions with at least 5 support: 0; clusters: 3911
polytomy of size 3; rounds with additions with at least 5 support: 0; clusters: 3911
polytomy of size 3; rounds with additions with at least 5 support: 0; clusters: 3911
polytomy of size 3; rounds with additions with at least 5 support: 0; clusters: 3911
Number of Clusters after addition by greedy: 3911
partitions formed in 3.2 secs
Dynamic Programming starting after 3.2 secs
Polytree max score: 52836000
Polytree building time: 0.135 seconds.
Using native AVX batch computing method.
Number of quartet trees in the gene trees: 52836000
Computing hash values took 0 seconds
Size of largest cluster: 37
Size of largest cluster: 37
Finishing up:15717 512 15716
Total Number of elements: 15716
Normalized score (portion of input quartet trees satisfied before correcting for multiple individuals): 0.8535629495041259
Final optimization score: 45098852
Optimal tree inferred in 5.084 secs.
Weight calculation using polytrees cumulatively took 0.566681528 secs
(GAL,(ORN,((MON,MAC),(((((TAR,(CAL,(NEW,(PON,(GOR,(HOM,PAN)))))),(OTO,MIC)),(TUP,((OCH,ORY),(SPE,(CAV,(DIP,(RAT,MUS))))))),((((VIC,(SUS,(BOS,TUR))),(EQU,(CAN,FEL))),(PTE,MYO)),(ERI,SOR))),((CHO,DAS),(ECH,(PRO,LOX)))))));
Final quartet score is: 48230190
Final normalized quartet score is: 0.9128281853281853
(GAL,(ORN,((MON,MAC)1:1.749916545573692,(((((TAR,(CAL,(NEW,(PON,(GOR,(HOM,PAN)1:0.4602256371499081)1:1.4401535307926197)1:2.0320494175078854)1:0.18330065139105386)1:0.8159145273955059)1:0.24102729118475788,(OTO,MIC)1:1.3672533770307072)1:1.2262564361441521,(TUP,((OCH,ORY)1:2.28820705650878,(SPE,(CAV,(DIP,(RAT,MUS)1:2.2811163885348225)1:0.2257431138358602)0.94:0.05313890870134204)1:0.6850960327630776)1:0.5879649062801641)0.73:0.02950479383140827)1:1.410183246083249,((((VIC,(SUS,(BOS,TUR)1:0.7526020747895026)1:0.23571371372311786)1:1.9049183811820718,(EQU,(CAN,FEL)1:2.0235323472403204)1:0.11809031600822313)0.95:0.05537782648334953,(PTE,MYO)1:0.8065828806886038)1:0.3988734103630536,(ERI,SOR)1:0.37174403624114416)1:1.4854909492494903)1:0.9479522133647484,((CHO,DAS)1:3.2152541140340403,(ECH,(PRO,LOX)1:1.204303328209296)1:1.8273211544592065)1:0.08470361825568569)1:0.8399745541078841)0.99:0.07868878410161019));
ASTRAL finished in 6.747 secs
Shutting down threading
Memory Peak: 1134