

================== ASTRAL ===================== 

This is ASTRAL version 5.15.4
Using native AVX batch computing.
Gene trees are treated as unrooted
Warning:

 Problem using GPU. Proceeding without GPU
org.jocl.CLException: CL_PLATFORM_NOT_FOUND_KHR
org.jocl.CLException: CL_PLATFORM_NOT_FOUND_KHR
Starting 2 threads ...
There are 2 threads used to run.
25 trees read from /home/vasenaj/Desktop/phylogenetic-tree-comparison-rt-refactor/data_sets/gene-trees/model.11taxon/estimated_25genes_strongILS/R5/all_gt.tre
All output trees will be *arbitrarily* rooted at 4

======== Running the main analysis
Number of taxa: 11 (11 species)
Taxa: [4, 2, 11, 10, 7, 8, 5, 6, 9, 3, 1]
Taxon occupancy: {11=25, 1=25, 2=25, 3=25, 4=25, 5=25, 6=25, 7=25, 8=25, 9=25, 10=25}
Using polytree-based weight calculation.
Number of gene trees: 25
0 trees have missing taxa
Calculating distance matrix (for completion of X) ....with 2 distance matrices for parallellism
Species tree distances calculated ...

Building set of clusters (X) from gene trees 
------------------------------
Number of Clusters after addition from gene trees: 113
Number of Clusters after addition by distance: 113
Adding to X using resolutions of greedy consensus ...

Computing greedy consensus  
took 0 seconds
Limit for sigma of degrees:325

polytomy size limit : > 3
 []
discarded polytomies: 
Threshold 0.0:
Threshold 0.01:
Threshold 0.02:
Threshold 0.05:
Threshold 0.1:
Threshold 0.2:
Threshold 0.3333333333333333:
Number of Clusters after addition by greedy: 113
partitions formed in 0.185 secs
Dynamic Programming starting after 0.186 secs
Polytree max score: 8250
Polytree building time: 0.013 seconds.
Using native AVX batch computing method.
Number of quartet trees in the gene trees: 8250
Computing hash values took 0 seconds
Size of largest cluster: 11
Size of largest cluster: 11
Finishing up:113 0 0
Total Number of elements: 112
Normalized score (portion of input quartet trees satisfied before correcting for multiple individuals): 0.8456969696969697
Final optimization score: 6977
Optimal tree inferred in 1.302 secs.
Weight calculation using polytrees cumulatively took 0.00160759 secs
(4,((11,(10,(9,((7,8),(5,6))))),(3,(2,1))));
Final quartet score is: 6977
Final normalized quartet score is: 0.8456969696969697
(4,((11,(10,(9,((7,8)1:1.5027047129643016,(5,6)1:1.0490375030382602)0.89:0.2561337147168551)0.99:0.47308529578314346)1:1.466337068793427)1:1.466337068793427,(3,(2,1)0.98:0.3994734784398977)1:0.6633750222262749));
ASTRAL finished in 1.617 secs
Shutting down threading
Memory Peak: 1188