

================== ASTRAL ===================== 

This is ASTRAL version 5.15.4
Using native AVX batch computing.
Gene trees are treated as unrooted
Warning:

 Problem using GPU. Proceeding without GPU
org.jocl.CLException: CL_PLATFORM_NOT_FOUND_KHR
org.jocl.CLException: CL_PLATFORM_NOT_FOUND_KHR
Starting 2 threads ...
There are 2 threads used to run.
1000 trees read from /home/vasenaj/Desktop/phylogenetic-tree-comparison-rt-refactor/data_sets/gene-trees/model.10.2000000.0.000001/11/truegenetrees
All output trees will be *arbitrarily* rooted at 7

======== Running the main analysis
Number of taxa: 11 (11 species)
Taxa: [7, 8, 10, 5, 6, 2, 9, 1, 3, 4, 0]
Taxon occupancy: {0=1000, 1=1000, 2=1000, 3=1000, 4=1000, 5=1000, 6=1000, 7=1000, 8=1000, 9=1000, 10=1000}
Using polytree-based weight calculation.
Number of gene trees: 1000
0 trees have missing taxa
Calculating distance matrix (for completion of X) ....with 2 distance matrices for parallellism
Species tree distances calculated ...

Building set of clusters (X) from gene trees 
------------------------------
Number of Clusters after addition from gene trees: 223
Number of Clusters after addition by distance: 223
Adding to X using resolutions of greedy consensus ...

Computing greedy consensus  
took 0 seconds
Limit for sigma of degrees:325

polytomy size limit : > 3
 []
discarded polytomies: 
Threshold 0.0:
Threshold 0.01:
Threshold 0.02:
Threshold 0.05:
Threshold 0.1:
Threshold 0.2:
Threshold 0.3333333333333333:
Number of Clusters after addition by greedy: 223
partitions formed in 0.635 secs
Dynamic Programming starting after 0.635 secs
Polytree max score: 330000
Polytree building time: 0.1 seconds.
Using native AVX batch computing method.
Number of quartet trees in the gene trees: 330000
Computing hash values took 0 seconds
Size of largest cluster: 11
Size of largest cluster: 11
Finishing up:451 19 20
Total Number of elements: 450
Normalized score (portion of input quartet trees satisfied before correcting for multiple individuals): 0.8597363636363636
Final optimization score: 283713
Optimal tree inferred in 1.896 secs.
Weight calculation using polytrees cumulatively took 0.009819857 secs
(7,(8,(10,((4,0),((1,3),(5,(9,(6,2))))))));
Final quartet score is: 283713
Final normalized quartet score is: 0.8597363636363636
(7,(8,(10,((4,0)1:1.8739690249866856,((1,3)1:2.6013170016324105,(5,(9,(6,2)1:3.216755197865042)1:0.31429246400689115)1:0.47968067077250703)1:2.438545578761249)1:0.1918573881493246)1:5.810142490647089));
ASTRAL finished in 3.015 secs
Shutting down threading
Memory Peak: 1078