

================== ASTRAL ===================== 

This is ASTRAL version 5.15.4
Using native AVX batch computing.
Gene trees are treated as unrooted
Warning:

 Problem using GPU. Proceeding without GPU
org.jocl.CLException: CL_PLATFORM_NOT_FOUND_KHR
org.jocl.CLException: CL_PLATFORM_NOT_FOUND_KHR
Starting 2 threads ...
There are 2 threads used to run.
25 trees read from /home/vasenaj/Desktop/phylogenetic-tree-comparison-rt-refactor/data_sets/gene-trees/model.11taxon/estimated_25genes_strongILS/R6/all_gt.tre
All output trees will be *arbitrarily* rooted at 2

======== Running the main analysis
Number of taxa: 11 (11 species)
Taxa: [2, 4, 11, 5, 7, 8, 10, 9, 6, 3, 1]
Taxon occupancy: {11=25, 1=25, 2=25, 3=25, 4=25, 5=25, 6=25, 7=25, 8=25, 9=25, 10=25}
Using polytree-based weight calculation.
Number of gene trees: 25
0 trees have missing taxa
Calculating distance matrix (for completion of X) ....with 2 distance matrices for parallellism
Species tree distances calculated ...

Building set of clusters (X) from gene trees 
------------------------------
Number of Clusters after addition from gene trees: 121
Number of Clusters after addition by distance: 121
Adding to X using resolutions of greedy consensus ...

Computing greedy consensus  
took 0 seconds
Limit for sigma of degrees:325

polytomy size limit : > 3
 [3]
discarded polytomies: 
Threshold 0.0:
Threshold 0.01:
Threshold 0.02:
Threshold 0.05:
Threshold 0.1:
Threshold 0.2:
Threshold 0.3333333333333333:
polytomy of size 3; rounds with additions with at least 5 support: 0; clusters: 121
Number of Clusters after addition by greedy: 121
partitions formed in 0.253 secs
Dynamic Programming starting after 0.253 secs
Polytree max score: 8250
Polytree building time: 0.011 seconds.
Using native AVX batch computing method.
Number of quartet trees in the gene trees: 8250
Computing hash values took 0 seconds
Size of largest cluster: 11
Size of largest cluster: 11
Finishing up:161 35 36
Total Number of elements: 160
Normalized score (portion of input quartet trees satisfied before correcting for multiple individuals): 0.7918787878787878
Final optimization score: 6533
Optimal tree inferred in 1.369 secs.
Weight calculation using polytrees cumulatively took 0.002001493 secs
(2,((4,(11,(10,(9,((7,8),(5,6)))))),(3,1)));
Final quartet score is: 6533
Final normalized quartet score is: 0.7918787878787878
(2,((4,(11,(10,(9,((7,8)0.92:0.2876820724517809,(5,6)0.96:0.3500252030259165)0.68:0.13353139262452263)0.83:0.21357410029805904)1:2.8526314299133184)1:2.8526314299133184)0.83:0.21357410029805904,(3,1)0.71:0.15294947848162427));
ASTRAL finished in 1.68 secs
Shutting down threading
Memory Peak: 1188