

================== ASTRAL ===================== 

This is ASTRAL version 5.15.4
Using native AVX batch computing.
Gene trees are treated as unrooted
Warning:

 Problem using GPU. Proceeding without GPU
org.jocl.CLException: CL_PLATFORM_NOT_FOUND_KHR
org.jocl.CLException: CL_PLATFORM_NOT_FOUND_KHR
Starting 2 threads ...
There are 2 threads used to run.
25 trees read from /home/vasenaj/Desktop/phylogenetic-tree-comparison-rt-refactor/data_sets/gene-trees/model.37taxon/noscale.25g.500b/R12/all_gt.tre
All output trees will be *arbitrarily* rooted at GAL

======== Running the main analysis
Number of taxa: 37 (37 species)
Taxa: [GAL, MAC, MON, ORN, CHO, DAS, ECH, PRO, LOX, SOR, MYO, CAN, FEL, SUS, BOS, TUR, PTE, EQU, ERI, VIC, ORY, OCH, DIP, SPE, MUS, RAT, CAV, TUP, TAR, NEW, CAL, GOR, HOM, PAN, PON, MIC, OTO]
Taxon occupancy: {PTE=25, NEW=25, RAT=25, TAR=25, SPE=25, ORN=25, CHO=25, OTO=25, PRO=25, ORY=25, MYO=25, MIC=25, BOS=25, HOM=25, EQU=25, DIP=25, MUS=25, ECH=25, GOR=25, FEL=25, MON=25, MAC=25, TUP=25, PON=25, CAL=25, SUS=25, TUR=25, CAN=25, VIC=25, GAL=25, LOX=25, OCH=25, DAS=25, SOR=25, CAV=25, PAN=25, ERI=25}
Using polytree-based weight calculation.
Number of gene trees: 25
0 trees have missing taxa
Calculating distance matrix (for completion of X) ....with 2 distance matrices for parallellism
Species tree distances calculated ...

Building set of clusters (X) from gene trees 
------------------------------
Number of Clusters after addition from gene trees: 573
Number of Clusters after addition by distance: 573
Adding to X using resolutions of greedy consensus ...

Computing greedy consensus  
took 0 seconds
Limit for sigma of degrees:975

polytomy size limit : > 5
 [3, 3, 3, 3, 3, 3, 4, 4, 5]
discarded polytomies: 
Threshold 0.0:
Threshold 0.01:
Threshold 0.02:
Threshold 0.05:
Threshold 0.1:
polytomy of size 3; rounds with additions with at least 5 support: 0; clusters: 573
Threshold 0.2:
polytomy of size 4; rounds with additions with at least 5 support: 0; clusters: 573
Threshold 0.3333333333333333:
polytomy of size 3; rounds with additions with at least 5 support: 0; clusters: 573
polytomy of size 5; rounds with additions with at least 5 support: 0; clusters: 573
polytomy of size 3; rounds with additions with at least 5 support: 0; clusters: 573
polytomy of size 3; rounds with additions with at least 5 support: 0; clusters: 573
polytomy of size 4; rounds with additions with at least 5 support: 0; clusters: 573
polytomy of size 3; rounds with additions with at least 5 support: 0; clusters: 573
polytomy of size 3; rounds with additions with at least 5 support: 0; clusters: 573
Number of Clusters after addition by greedy: 573
partitions formed in 0.572 secs
Dynamic Programming starting after 0.572 secs
Polytree max score: 1651125
Polytree building time: 0.026 seconds.
Using native AVX batch computing method.
Number of quartet trees in the gene trees: 1651125
Computing hash values took 0 seconds
Size of largest cluster: 37
Size of largest cluster: 37
Finishing up:688 24 25
Total Number of elements: 687
Normalized score (portion of input quartet trees satisfied before correcting for multiple individuals): 0.8565499280793398
Final optimization score: 1414271
Optimal tree inferred in 1.718 secs.
Weight calculation using polytrees cumulatively took 0.007088291 secs
(GAL,((ORN,(((((TUP,((TAR,(CAL,(NEW,(PON,(GOR,(HOM,PAN)))))),(MIC,OTO))),((SPE,(CAV,(DIP,(MUS,RAT)))),(ORY,OCH))),(((EQU,((SUS,(VIC,(BOS,TUR))),(CAN,FEL))),(MYO,PTE)),(SOR,ERI))),(ECH,(PRO,LOX))),(CHO,DAS))),(MAC,MON)));
Final quartet score is: 1414271
Final normalized quartet score is: 0.8565499280793398
(GAL,((ORN,(((((TUP,((TAR,(CAL,(NEW,(PON,(GOR,(HOM,PAN)0.7:0.1465439379789564)1:0.8397506547518209)1:1.747098698400633)0.99:0.4430742173671043)1:0.6034471136463869)0.83:0.2114505063804456,(MIC,OTO)1:0.8667159462443051)1:1.404157478540521)0.42:0.04084107284632346,((SPE,(CAV,(DIP,(MUS,RAT)1:1.466337068793427)0.92:0.2970498224553809)0.42:0.023101331273397974)1:0.9114945596106623,(ORY,OCH)1:2.159484249353373)0.91:0.29122680915259264)1:1.5460551538379148,(((EQU,((SUS,(VIC,(BOS,TUR)1:0.8941950210388243)0.48:0.049271049006782794)1:2.003032072537835,(CAN,FEL)1:1.3629947172918384)0.43:0.045741930143546876)0.65:0.12337902116050466,(MYO,PTE)1:0.5597875059748246)0.64:0.1316613875553805,(SOR,ERI)0.96:0.3585081250203936)1:1.520232836998559)1:0.6762200913792017,(ECH,(PRO,LOX)0.99:0.4574135348856634)1:1.8217373153001604)0.47:0.047108886002287576,(CHO,DAS)1:1.832271338144956)1:0.6888141499488838)0.46:0.06967992063798982,(MAC,MON)1:1.2670041661729359));
ASTRAL finished in 2.259 secs
Shutting down threading
Memory Peak: 1128