

================== ASTRAL ===================== 

This is ASTRAL version 5.15.4
Using native AVX batch computing.
Gene trees are treated as unrooted
Warning:

 Problem using GPU. Proceeding without GPU
org.jocl.CLException: CL_PLATFORM_NOT_FOUND_KHR
org.jocl.CLException: CL_PLATFORM_NOT_FOUND_KHR
Starting 2 threads ...
There are 2 threads used to run.
100 trees read from /home/vasenaj/Desktop/phylogenetic-tree-comparison-rt-refactor/data_sets/gene-trees/model.11taxon/simulated_100genes_strongILS/R10/all_gt.tre
All output trees will be *arbitrarily* rooted at 4.4

======== Running the main analysis
Number of taxa: 11 (11 species)
Taxa: [4.4, 3.3, 1.1, 2.2, 8.8, 7.7, 9.9, 6.6, 5.5, 10.10, 11.11]
Taxon occupancy: {7.7=100, 8.8=100, 1.1=100, 9.9=100, 2.2=100, 10.10=100, 11.11=100, 3.3=100, 4.4=100, 5.5=100, 6.6=100}
Using polytree-based weight calculation.
Number of gene trees: 100
0 trees have missing taxa
Calculating distance matrix (for completion of X) ....with 2 distance matrices for parallellism
Species tree distances calculated ...

Building set of clusters (X) from gene trees 
------------------------------
Number of Clusters after addition from gene trees: 85
Number of Clusters after addition by distance: 85
Adding to X using resolutions of greedy consensus ...

Computing greedy consensus  
took 0 seconds
Limit for sigma of degrees:325

polytomy size limit : > 3
 []
discarded polytomies: 
Threshold 0.0:
Threshold 0.01:
Threshold 0.02:
Threshold 0.05:
Threshold 0.1:
Threshold 0.2:
Threshold 0.3333333333333333:
Number of Clusters after addition by greedy: 85
partitions formed in 0.425 secs
Dynamic Programming starting after 0.425 secs
Polytree max score: 33000
Polytree building time: 0.05 seconds.
Using native AVX batch computing method.
Number of quartet trees in the gene trees: 33000
Computing hash values took 0 seconds
Size of largest cluster: 11
Size of largest cluster: 11
Finishing up:72 71 71
Total Number of elements: 71
Normalized score (portion of input quartet trees satisfied before correcting for multiple individuals): 0.928060606060606
Final optimization score: 30626
Optimal tree inferred in 1.568 secs.
Weight calculation using polytrees cumulatively took 0.001883467 secs
(4.4,((11.11,(10.10,(9.9,((6.6,5.5),(8.8,7.7))))),(3.3,(1.1,2.2))));
Final quartet score is: 30626
Final normalized quartet score is: 0.928060606060606
(4.4,((11.11,(10.10,(9.9,((6.6,5.5)1:3.159833284234414,(8.8,7.7)1:2.6002174962989937)1:0.43689447063845643)1:1.2652164295666548)1:4.209655408733094)1:4.209655408733094,(3.3,(1.1,2.2)0.99:0.20232222350062407)1:1.5016052076308848));
ASTRAL finished in 2.037 secs
Shutting down threading
Memory Peak: 1200