

================== ASTRAL ===================== 

This is ASTRAL version 5.15.4
Using native AVX batch computing.
Gene trees are treated as unrooted
Warning:

 Problem using GPU. Proceeding without GPU
org.jocl.CLException: CL_PLATFORM_NOT_FOUND_KHR
org.jocl.CLException: CL_PLATFORM_NOT_FOUND_KHR
Starting 2 threads ...
There are 2 threads used to run.
100 trees read from /home/vasenaj/Desktop/phylogenetic-tree-comparison-rt-refactor/data_sets/gene-trees/model.15taxon/100gene-1000bp/R4/all_gt.tre
All output trees will be *arbitrarily* rooted at G

======== Running the main analysis
Number of taxa: 15 (15 species)
Taxa: [G, H, B, E, F, C, D, A, J, O, I, K, N, M, L]
Taxon occupancy: {A=100, B=100, C=100, D=100, E=100, F=100, G=100, H=100, I=100, J=100, K=100, L=100, M=100, N=100, O=100}
Using polytree-based weight calculation.
Number of gene trees: 100
0 trees have missing taxa
Calculating distance matrix (for completion of X) ....with 2 distance matrices for parallellism
Species tree distances calculated ...

Building set of clusters (X) from gene trees 
------------------------------
Number of Clusters after addition from gene trees: 1031
Number of Clusters after addition by distance: 1031
Adding to X using resolutions of greedy consensus ...

Computing greedy consensus  
Threshold 0.0:
Threshold 0.01:
Threshold 0.02:
Threshold 0.05:
Threshold 0.1:
Threshold 0.2:
took 0 seconds
Limit for sigma of degrees:425

polytomy size limit : > 13
 [11, 13]
discarded polytomies: 
polytomy of size 11; rounds with additions with at least 5 support: 0; clusters: 1031
Threshold 0.3333333333333333:
polytomy of size 13; rounds with additions with at least 5 support: 0; clusters: 1031
Number of Clusters after addition by greedy: 1031
partitions formed in 1.282 secs
Dynamic Programming starting after 1.282 secs
Polytree max score: 136500
Polytree building time: 0.032 seconds.
Using native AVX batch computing method.
Number of quartet trees in the gene trees: 136500
Computing hash values took 0 seconds
Size of largest cluster: 15
Size of largest cluster: 15
Finishing up:2908 64 2907
Total Number of elements: 2907
Normalized score (portion of input quartet trees satisfied before correcting for multiple individuals): 0.5972307692307692
Final optimization score: 81522
Optimal tree inferred in 2.583 secs.
Weight calculation using polytrees cumulatively took 0.040924402 secs
(G,((F,(E,(D,(C,(B,A))))),(H,(I,(J,(K,(L,(O,(N,M)))))))));
Final quartet score is: 81522
Final normalized quartet score is: 0.5972307692307692
(G,((F,(E,(D,(C,(B,A)0.96:0.18430371799794576)1:0.27604883163777466)0.91:0.14005901620018849)0.7:0.07671354701285027)0.98:0.1946246532307203,(H,(I,(J,(K,(L,(O,(N,M)0.8:0.10563558098757624)0.91:0.13520438703056503)0.99:0.2268633324167416)0.99:0.22376255473849402)0.76:0.10908029676035798)1:0.26162196578191593)0.85:0.12048292885816948));
ASTRAL finished in 3.302 secs
Shutting down threading
Memory Peak: 1110