
================== ASTRAL-Pro ===================== 

This is ASTRAL-Pro (A-Pro) version 1.1.6
Using native AVX batch computing.
Gene trees are treated as unrooted
There are 2 threads used to run.
ti: 3
tx: 3
pw: 4
The number of input tree read is 1000
16000 trees read from /home/vasenaj/Desktop/phylogenetic-tree-comparison-rt-refactor/data_sets/gene-trees/model.10.2000000.0.000001/49/truegenetrees
1000 extra trees.
All output trees will be *arbitrarily* rooted at 8

======== Running the main analysis
Number of taxa: 11 (11 species)
Taxa: [8, 7, 9, 6, 3, 10, 1, 4, 5, 2, 0]
Taxon occupancy: {0=16000, 1=16000, 2=16000, 3=16000, 4=16000, 5=16000, 6=16000, 7=16000, 8=16000, 9=16000, 10=16000}
Using polytree-based weight calculation.
Number of gene trees: 16000
0 trees have missing taxa
Calculating distance matrix (for completion of X) ....with 2 distance matrices in parallel
Species tree distances calculated ...

Building set of clusters (X) from gene trees 
------------------------------
Number of Clusters after addition by distance: 323
Adding to X using resolutions of greedy consensus ...

Computing greedy consensus  took 1 seconds
Limit for sigma of degrees:325

polytomy size limit : > 3
 []
discarded polytomies: 
Threshold 0.0:
Threshold 0.01:
Threshold 0.02:
Threshold 0.05:
Threshold 0.1:
Threshold 0.2:
Threshold 0.3333333333333333:
Number of Clusters after addition by greedy: 323
calculating extra bipartitions from extra input trees ...
Number of Clusters after additions from extra trees: 323
partitions formed in 9.115 secs
Dynamic Programming starting after 9.115 secs
Polytree max score: 330000
Polytree building time: 0.583 seconds.
Number of quartet trees in the gene trees: 330000
Computing hash values took 0 seconds
Size of largest cluster: 11
Total Number of elements: 1078
Final optimization score: 0
Size of largest cluster: 11
1079 51 52
Total Number of elements: 1078
Normalized score (portion of input quartet trees satisfied before correcting for multiple individuals): 0.8194272727272728
Final optimization score: 270411
Optimal tree inferred in 11.04 secs.
Weight calculation cumulatively took 0.014369421 secs
(8,((7,1),(((3,10),(9,6)),(4,(0,(5,2))))));
Final quartet score is: 270411
Final normalized quartet score is: 0.8194272727272728
(8,((7,1)1:0.5406748028281382,(((3,10)1:0.35131714377634954,(9,6)1:2.7470854027068636)1:0.6725075057895478,(4,(0,(5,2)1:6.5032896712070904)1:4.9228392956462)1:0.6595037374494891)1:0.8434808537353161));
ASTRAL-Pro finished in 13.989 secs
Memory Peak: 1092