

================== ASTRAL ===================== 

This is ASTRAL version 5.15.4
Using native AVX batch computing.
Gene trees are treated as unrooted
Warning:

 Problem using GPU. Proceeding without GPU
org.jocl.CLException: CL_PLATFORM_NOT_FOUND_KHR
org.jocl.CLException: CL_PLATFORM_NOT_FOUND_KHR
Starting 2 threads ...
There are 2 threads used to run.
1000 trees read from /home/vasenaj/Desktop/phylogenetic-tree-comparison-rt-refactor/data_sets/gene-trees/model.10.2000000.0.000001/04/truegenetrees
All output trees will be *arbitrarily* rooted at 3

======== Running the main analysis
Number of taxa: 11 (11 species)
Taxa: [3, 5, 1, 6, 8, 10, 4, 7, 2, 9, 0]
Taxon occupancy: {0=1000, 1=1000, 2=1000, 3=1000, 4=1000, 5=1000, 6=1000, 7=1000, 8=1000, 9=1000, 10=1000}
Using polytree-based weight calculation.
Number of gene trees: 1000
0 trees have missing taxa
Calculating distance matrix (for completion of X) ....with 2 distance matrices for parallellism
Species tree distances calculated ...

Building set of clusters (X) from gene trees 
------------------------------
Number of Clusters after addition from gene trees: 79
Number of Clusters after addition by distance: 79
Adding to X using resolutions of greedy consensus ...

Computing greedy consensus  
took 0 seconds
Threshold 0.0:
Threshold 0.01:
Threshold 0.02:
Threshold 0.05:
Threshold 0.1:
Threshold 0.2:
Threshold 0.3333333333333333:
Limit for sigma of degrees:325

polytomy size limit : > 3
 []
discarded polytomies: 
Number of Clusters after addition by greedy: 79
partitions formed in 0.8 secs
Dynamic Programming starting after 0.8 secs
Polytree max score: 330000
Polytree building time: 0.132 seconds.
Using native AVX batch computing method.
Number of quartet trees in the gene trees: 330000
Computing hash values took 0 seconds
Size of largest cluster: 11
Size of largest cluster: 11
Finishing up:62 0 61
Total Number of elements: 61
Normalized score (portion of input quartet trees satisfied before correcting for multiple individuals): 0.9381666666666667
Final optimization score: 309595
Optimal tree inferred in 2.074 secs.
Weight calculation using polytrees cumulatively took 0.001815668 secs
(3,((0,(((6,4),(8,10)),(9,(7,2)))),(5,1)));
Final quartet score is: 309595
Final normalized quartet score is: 0.9381666666666667
(3,((0,(((6,4)1:0.4029707191869921,(8,10)1:0.648217749004629)1:6.5032896712070904,(9,(7,2)1:4.8938517587729455)1:2.6114693730964293)1:1.2811336656245838)1:5.810142490647089,(5,1)1:1.9389414797392202));
ASTRAL finished in 2.921 secs
Shutting down threading
Memory Peak: 1078