

================== ASTRAL ===================== 

This is ASTRAL version 5.15.4
Using native AVX batch computing.
Gene trees are treated as unrooted
Warning:

 Problem using GPU. Proceeding without GPU
org.jocl.CLException: CL_PLATFORM_NOT_FOUND_KHR
org.jocl.CLException: CL_PLATFORM_NOT_FOUND_KHR
Starting 2 threads ...
There are 2 threads used to run.
800 trees read from /home/vasenaj/Desktop/phylogenetic-tree-comparison-rt-refactor/data_sets/gene-trees/model.37taxon/noscale.800g.500b/R11/all_gt.tre
All output trees will be *arbitrarily* rooted at GAL

======== Running the main analysis
Number of taxa: 37 (37 species)
Taxa: [GAL, CHO, DAS, ECH, LOX, PRO, TUP, DIP, MUS, RAT, SPE, OTO, MIC, CAV, TAR, PON, PAN, GOR, HOM, NEW, CAL, ORY, OCH, PTE, MYO, EQU, ERI, FEL, CAN, TUR, VIC, BOS, SUS, SOR, MAC, ORN, MON]
Taxon occupancy: {PTE=800, NEW=800, RAT=800, TAR=800, SPE=800, ORN=800, CHO=800, OTO=800, PRO=800, ORY=800, MYO=800, MIC=800, HOM=800, BOS=800, EQU=800, DIP=800, MUS=800, ECH=800, GOR=800, FEL=800, MON=800, TUP=800, PON=800, MAC=800, CAL=800, TUR=800, SUS=800, CAN=800, VIC=800, GAL=800, LOX=800, OCH=800, DAS=800, SOR=800, CAV=800, PAN=800, ERI=800}
Using polytree-based weight calculation.
Number of gene trees: 800
0 trees have missing taxa
Calculating distance matrix (for completion of X) ....with 2 distance matrices for parallellism
Species tree distances calculated ...

Building set of clusters (X) from gene trees 
------------------------------
Number of Clusters after addition from gene trees: 3851
Number of Clusters after addition by distance: 3851
Adding to X using resolutions of greedy consensus ...

Computing greedy consensus  
took 0 seconds
Limit for sigma of degrees:975

polytomy size limit : > 5
 [3, 3, 3, 4, 4, 5]
discarded polytomies: 
Threshold 0.0:
Threshold 0.01:
Threshold 0.02:
Threshold 0.05:
Threshold 0.1:
Threshold 0.2:
polytomy of size 4; rounds with additions with at least 5 support: 0; clusters: 3851
Threshold 0.3333333333333333:
polytomy of size 5; rounds with additions with at least 5 support: 0; clusters: 3851
polytomy of size 3; rounds with additions with at least 5 support: 0; clusters: 3851
polytomy of size 4; rounds with additions with at least 5 support: 0; clusters: 3851
polytomy of size 3; rounds with additions with at least 5 support: 0; clusters: 3851
polytomy of size 3; rounds with additions with at least 5 support: 0; clusters: 3851
Number of Clusters after addition by greedy: 3851
partitions formed in 3.117 secs
Dynamic Programming starting after 3.117 secs
Polytree max score: 52836000
Polytree building time: 0.106 seconds.
Using native AVX batch computing method.
Number of quartet trees in the gene trees: 52836000
Computing hash values took 0 seconds
Size of largest cluster: 37
Size of largest cluster: 37
Finishing up:15687 128 15686
Total Number of elements: 15686
Normalized score (portion of input quartet trees satisfied before correcting for multiple individuals): 0.8564302180331592
Final optimization score: 45250347
Optimal tree inferred in 5.054 secs.
Weight calculation using polytrees cumulatively took 0.561320165 secs
(GAL,(ORN,((MAC,MON),(((((TAR,(CAL,(NEW,(PON,(GOR,(PAN,HOM)))))),(OTO,MIC)),(TUP,((ORY,OCH),(SPE,(CAV,(DIP,(MUS,RAT))))))),((((VIC,(SUS,(TUR,BOS))),(EQU,(FEL,CAN))),(PTE,MYO)),(ERI,SOR))),((CHO,DAS),(ECH,(LOX,PRO)))))));
Final quartet score is: 48350965
Final normalized quartet score is: 0.9151140320993262
(GAL,(ORN,((MAC,MON)1:1.7458432201860565,(((((TAR,(CAL,(NEW,(PON,(GOR,(PAN,HOM)1:0.43983968455807654)1:1.4444747474555322)1:2.0140548316670324)1:0.23028205435842236)1:0.7972600354196173)1:0.22331216058770126,(OTO,MIC)1:1.6001560442137435)1:1.1739688792609042,(TUP,((ORY,OCH)1:2.4666474028003877,(SPE,(CAV,(DIP,(MUS,RAT)1:2.5399290160557673)1:0.21418229143478307)0.74:0.0306217108739053)1:0.6819738799618207)1:0.577061740671723)0.97:0.058742773427193105)1:1.548360651415664,((((VIC,(SUS,(TUR,BOS)1:0.7275502596249755)1:0.2501113000026309)1:2.1995994300241635,(EQU,(FEL,CAN)1:1.9879239197729521)0.89:0.04489094082501798)0.99:0.07379891111170563,(PTE,MYO)1:0.8608546510359113)1:0.34504750495138664,(ERI,SOR)1:0.30174812034938003)1:1.7200042663384594)1:0.8523363355192364,((CHO,DAS)1:3.2569268104346034,(ECH,(LOX,PRO)1:1.2204103134718018)1:1.8453098921015794)1:0.10754953665251328)1:0.8709684454880634)1:0.12672870026278607));
ASTRAL finished in 6.743 secs
Shutting down threading
Memory Peak: 1134