

================== ASTRAL ===================== 

This is ASTRAL version 5.15.4
Using native AVX batch computing.
Gene trees are treated as unrooted
Warning:

 Problem using GPU. Proceeding without GPU
org.jocl.CLException: CL_PLATFORM_NOT_FOUND_KHR
org.jocl.CLException: CL_PLATFORM_NOT_FOUND_KHR
Starting 2 threads ...
There are 2 threads used to run.
100 trees read from /home/vasenaj/Desktop/phylogenetic-tree-comparison-rt-refactor/data_sets/gene-trees/model.11taxon/simulated_100genes_strongILS/R4/all_gt.tre
All output trees will be *arbitrarily* rooted at 10.10

======== Running the main analysis
Number of taxa: 11 (11 species)
Taxa: [10.10, 5.5, 6.6, 7.7, 8.8, 9.9, 3.3, 2.2, 1.1, 4.4, 11.11]
Taxon occupancy: {7.7=100, 8.8=100, 9.9=100, 1.1=100, 2.2=100, 10.10=100, 11.11=100, 3.3=100, 4.4=100, 5.5=100, 6.6=100}
Using polytree-based weight calculation.
Number of gene trees: 100
0 trees have missing taxa
Calculating distance matrix (for completion of X) ....with 2 distance matrices for parallellism
Species tree distances calculated ...

Building set of clusters (X) from gene trees 
------------------------------
Number of Clusters after addition from gene trees: 81
Number of Clusters after addition by distance: 81
Adding to X using resolutions of greedy consensus ...

Computing greedy consensus  
Threshold 0.0:
Threshold 0.01:
Threshold 0.02:
Threshold 0.05:
Threshold 0.1:
Threshold 0.2:
Threshold 0.3333333333333333:
took 0 seconds
Limit for sigma of degrees:325

polytomy size limit : > 3
 []
discarded polytomies: 
Number of Clusters after addition by greedy: 81
partitions formed in 0.318 secs
Dynamic Programming starting after 0.318 secs
Polytree max score: 33000
Polytree building time: 0.093 seconds.
Using native AVX batch computing method.
Number of quartet trees in the gene trees: 33000
Computing hash values took 0 seconds
Size of largest cluster: 11
Size of largest cluster: 11
Finishing up:66 64 65
Total Number of elements: 65
Normalized score (portion of input quartet trees satisfied before correcting for multiple individuals): 0.9351515151515152
Final optimization score: 30860
Optimal tree inferred in 1.519 secs.
Weight calculation using polytrees cumulatively took 4.85961E-4 secs
(10.10,((9.9,((5.5,6.6),(7.7,8.8))),(11.11,(4.4,(3.3,(2.2,1.1))))));
Final quartet score is: 30860
Final normalized quartet score is: 0.9351515151515152
(10.10,((9.9,((5.5,6.6)1:3.159833284234414,(7.7,8.8)1:3.516508228173149)1:0.4799539600989036)1:1.3912571504620195,(11.11,(4.4,(3.3,(2.2,1.1)1:0.33585361612514675)1:1.5355067593065663)1:4.209655408733094)1:4.209655408733094));
ASTRAL finished in 1.92 secs
Shutting down threading
Memory Peak: 1194