

================== ASTRAL ===================== 

This is ASTRAL version 5.15.4
Using native AVX batch computing.
Gene trees are treated as unrooted
Warning:

 Problem using GPU. Proceeding without GPU
org.jocl.CLException: CL_PLATFORM_NOT_FOUND_KHR
org.jocl.CLException: CL_PLATFORM_NOT_FOUND_KHR
Starting 2 threads ...
There are 2 threads used to run.
1000 trees read from /home/vasenaj/Desktop/phylogenetic-tree-comparison-rt-refactor/data_sets/gene-trees/model.10.2000000.0.000001/46/truegenetrees
All output trees will be *arbitrarily* rooted at 0

======== Running the main analysis
Number of taxa: 11 (11 species)
Taxa: [0, 10, 3, 5, 6, 9, 2, 1, 7, 8, 4]
Taxon occupancy: {0=1000, 1=1000, 2=1000, 3=1000, 4=1000, 5=1000, 6=1000, 7=1000, 8=1000, 9=1000, 10=1000}
Using polytree-based weight calculation.
Number of gene trees: 1000
0 trees have missing taxa
Calculating distance matrix (for completion of X) ....with 2 distance matrices for parallellism
Species tree distances calculated ...

Building set of clusters (X) from gene trees 
------------------------------
Number of Clusters after addition from gene trees: 147
Number of Clusters after addition by distance: 147
Adding to X using resolutions of greedy consensus ...

Computing greedy consensus  
Threshold 0.0:
took 0 seconds
Limit for sigma of degrees:325

polytomy size limit : > 3
 []
discarded polytomies: 
Threshold 0.01:
Threshold 0.02:
Threshold 0.05:
Threshold 0.1:
Threshold 0.2:
Threshold 0.3333333333333333:
Number of Clusters after addition by greedy: 147
partitions formed in 1.041 secs
Dynamic Programming starting after 1.041 secs
Polytree max score: 330000
Polytree building time: 0.164 seconds.
Using native AVX batch computing method.
Number of quartet trees in the gene trees: 330000
Computing hash values took 0 seconds
Size of largest cluster: 11
Size of largest cluster: 11
Finishing up:221 220 220
Total Number of elements: 220
Normalized score (portion of input quartet trees satisfied before correcting for multiple individuals): 0.8865878787878788
Final optimization score: 292574
Optimal tree inferred in 2.308 secs.
Weight calculation using polytrees cumulatively took 0.001708499 secs
(0,(((7,8),((6,9),(4,(2,1)))),(5,(10,3))));
Final quartet score is: 292574
Final normalized quartet score is: 0.8865878787878788
(0,(((7,8)1:0.4362539372519993,((6,9)1:5.0369526024136375,(4,(2,1)1:1.858898772065683)1:2.1338418187400348)1:0.35482137528940916)1:4.798541578968634,(5,(10,3)1:3.3677954552779066)1:3.9005999857626694));
ASTRAL finished in 3.207 secs
Shutting down threading
Memory Peak: 1078