

================== ASTRAL ===================== 

This is ASTRAL version 5.15.4
Using native AVX batch computing.
Gene trees are treated as unrooted
Warning:

 Problem using GPU. Proceeding without GPU
org.jocl.CLException: CL_PLATFORM_NOT_FOUND_KHR
org.jocl.CLException: CL_PLATFORM_NOT_FOUND_KHR
Starting 2 threads ...
There are 2 threads used to run.
50 trees read from /home/vasenaj/Desktop/phylogenetic-tree-comparison-rt-refactor/data_sets/gene-trees/model.11taxon/estimated_50genes_strongILS/R15/all_gt.tre
All output trees will be *arbitrarily* rooted at 2

======== Running the main analysis
Number of taxa: 11 (11 species)
Taxa: [2, 11, 7, 8, 5, 9, 6, 10, 3, 4, 1]
Taxon occupancy: {11=50, 1=50, 2=50, 3=50, 4=50, 5=50, 6=50, 7=50, 8=50, 9=50, 10=50}
Using polytree-based weight calculation.
Number of gene trees: 50
0 trees have missing taxa
Calculating distance matrix (for completion of X) ....with 2 distance matrices for parallellism
Species tree distances calculated ...

Building set of clusters (X) from gene trees 
------------------------------
Number of Clusters after addition from gene trees: 161
Number of Clusters after addition by distance: 161
Adding to X using resolutions of greedy consensus ...

Computing greedy consensus  
took 0 seconds
Limit for sigma of degrees:325

polytomy size limit : > 4
 [3, 4]
discarded polytomies: 
Threshold 0.0:
Threshold 0.01:
Threshold 0.02:
Threshold 0.05:
Threshold 0.1:
Threshold 0.2:
Threshold 0.3333333333333333:
polytomy of size 3; rounds with additions with at least 5 support: 0; clusters: 161
polytomy of size 4; rounds with additions with at least 5 support: 0; clusters: 161
Number of Clusters after addition by greedy: 161
partitions formed in 0.27 secs
Dynamic Programming starting after 0.27 secs
Polytree max score: 16500
Polytree building time: 0.017 seconds.
Using native AVX batch computing method.
Number of quartet trees in the gene trees: 16500
Computing hash values took 0 seconds
Size of largest cluster: 11
Size of largest cluster: 11
Finishing up:222 43 44
Total Number of elements: 221
Normalized score (portion of input quartet trees satisfied before correcting for multiple individuals): 0.7853939393939394
Final optimization score: 12959
Optimal tree inferred in 1.384 secs.
Weight calculation using polytrees cumulatively took 0.003308598 secs
(2,(1,(3,(4,(11,(10,(9,((7,8),(5,6)))))))));
Final quartet score is: 12959
Final normalized quartet score is: 0.7853939393939394
(2,(1,(3,(4,(11,(10,(9,((7,8)1:0.7360722252769794,(5,6)1:0.7763461244149195)0.97:0.25236540052688095)0.8:0.14197026127038734)1:2.5331087516058775)1:1.9058727759954766)0.73:0.11332868530700324)0.77:0.13353139262452274));
ASTRAL finished in 1.726 secs
Shutting down threading
Memory Peak: 1194