

================== ASTRAL ===================== 

This is ASTRAL version 5.15.4
Using native AVX batch computing.
Gene trees are treated as unrooted
Warning:

 Problem using GPU. Proceeding without GPU
org.jocl.CLException: CL_PLATFORM_NOT_FOUND_KHR
org.jocl.CLException: CL_PLATFORM_NOT_FOUND_KHR
Starting 2 threads ...
There are 2 threads used to run.
1000 trees read from /home/vasenaj/Desktop/phylogenetic-tree-comparison-rt-refactor/data_sets/gene-trees/model.15taxon/1000gene-1000bp/R6/all_gt.tre
All output trees will be *arbitrarily* rooted at L

======== Running the main analysis
Number of taxa: 15 (15 species)
Taxa: [L, N, O, J, G, H, K, E, C, D, A, I, F, B, M]
Taxon occupancy: {A=1000, B=1000, C=1000, D=1000, E=1000, F=1000, G=1000, H=1000, I=1000, J=1000, K=1000, L=1000, M=1000, N=1000, O=1000}
Using polytree-based weight calculation.
Number of gene trees: 1000
0 trees have missing taxa
Calculating distance matrix (for completion of X) ....with 2 distance matrices for parallellism
Species tree distances calculated ...

Building set of clusters (X) from gene trees 
------------------------------
Number of Clusters after addition from gene trees: 4597
Number of Clusters after addition by distance: 4597
Adding to X using resolutions of greedy consensus ...

Computing greedy consensus  
Threshold 0.0:
Threshold 0.01:
Threshold 0.02:
Threshold 0.05:
Threshold 0.1:
took 0 seconds
Limit for sigma of degrees:425

polytomy size limit : > 13
 [3, 12, 13]
discarded polytomies: 
polytomy of size 3; rounds with additions with at least 5 support: 0; clusters: 4597
Threshold 0.2:
polytomy of size 12; rounds with additions with at least 5 support: 0; clusters: 4597
Threshold 0.3333333333333333:
polytomy of size 13; rounds with additions with at least 5 support: 0; clusters: 4597
Number of Clusters after addition by greedy: 4597
partitions formed in 3.888 secs
Dynamic Programming starting after 3.888 secs
Polytree max score: 1365000
Polytree building time: 0.119 seconds.
Using native AVX batch computing method.
Number of quartet trees in the gene trees: 1365000
Computing hash values took 0 seconds
Size of largest cluster: 15
Size of largest cluster: 15
Finishing up:47788 512 47787
Total Number of elements: 47787
Normalized score (portion of input quartet trees satisfied before correcting for multiple individuals): 0.6015413919413919
Final optimization score: 821104
Optimal tree inferred in 6.996 secs.
Weight calculation using polytrees cumulatively took 1.754560014 secs
(L,((M,(N,O)),(K,(J,(I,(H,(G,(F,(E,(D,(C,(A,B))))))))))));
Final quartet score is: 821104
Final normalized quartet score is: 0.6015413919413919
(L,((M,(N,O)0.99:0.0688769227361689)1:0.13385579621137852,(K,(J,(I,(H,(G,(F,(E,(D,(C,(A,B)1:0.17446042869484127)1:0.20042097639480283)1:0.22027554012080428)1:0.18387120843251897)1:0.21859596521817576)1:0.1629303674793041)1:0.17995529907931346)1:0.20218282716824693)1:0.18878596255810526)1:0.18312107712437195));
ASTRAL finished in 7.777 secs
Shutting down threading
Memory Peak: 1116