

================== ASTRAL ===================== 

This is ASTRAL version 5.15.4
Using native AVX batch computing.
Gene trees are treated as unrooted
Warning:

 Problem using GPU. Proceeding without GPU
org.jocl.CLException: CL_PLATFORM_NOT_FOUND_KHR
org.jocl.CLException: CL_PLATFORM_NOT_FOUND_KHR
Starting 2 threads ...
There are 2 threads used to run.
50 trees read from /home/vasenaj/Desktop/phylogenetic-tree-comparison-rt-refactor/data_sets/gene-trees/model.11taxon/simulated_50genes_strongILS/R14/all_gt.tre
All output trees will be *arbitrarily* rooted at 10.10

======== Running the main analysis
Number of taxa: 11 (11 species)
Taxa: [10.10, 7.7, 8.8, 9.9, 5.5, 6.6, 2.2, 3.3, 1.1, 4.4, 11.11]
Taxon occupancy: {7.7=50, 8.8=50, 9.9=50, 1.1=50, 2.2=50, 10.10=50, 11.11=50, 3.3=50, 4.4=50, 5.5=50, 6.6=50}
Using polytree-based weight calculation.
Number of gene trees: 50
0 trees have missing taxa
Calculating distance matrix (for completion of X) ....with 2 distance matrices for parallellism
Species tree distances calculated ...

Building set of clusters (X) from gene trees 
------------------------------
Number of Clusters after addition from gene trees: 67
Number of Clusters after addition by distance: 67
Adding to X using resolutions of greedy consensus ...

Computing greedy consensus  
took 0 seconds
Limit for sigma of degrees:325

polytomy size limit : > 3
 []
discarded polytomies: 
Threshold 0.0:
Threshold 0.01:
Threshold 0.02:
Threshold 0.05:
Threshold 0.1:
Threshold 0.2:
Threshold 0.3333333333333333:
Number of Clusters after addition by greedy: 67
partitions formed in 0.201 secs
Dynamic Programming starting after 0.201 secs
Polytree max score: 16500
Polytree building time: 0.017 seconds.
Using native AVX batch computing method.
Number of quartet trees in the gene trees: 16500
Computing hash values took 0 seconds
Size of largest cluster: 11
Size of largest cluster: 11
Finishing up:43 18 19
Total Number of elements: 42
Normalized score (portion of input quartet trees satisfied before correcting for multiple individuals): 0.931030303030303
Final optimization score: 15362
Optimal tree inferred in 1.298 secs.
Weight calculation using polytrees cumulatively took 5.33875E-4 secs
(10.10,((9.9,((5.5,6.6),(7.7,8.8))),(11.11,(4.4,(3.3,(2.2,1.1))))));
Final quartet score is: 15362
Final normalized quartet score is: 0.931030303030303
(10.10,((9.9,((5.5,6.6)1:3.5263605246161593,(7.7,8.8)1:2.14006616349627)1:0.34830669426821587)1:1.3291359472799418,(11.11,(4.4,(3.3,(2.2,1.1)0.99:0.30748469974796055)1:1.7346010553881062)1:3.5263605246161593)1:3.5263605246161593));
ASTRAL finished in 1.678 secs
Shutting down threading
Memory Peak: 1194