mode = Command line [1.0*ws - 1.0*wv]
Using no annotations for branches
Python Engine: python3
Input file consists of gene trees ... generating weighted quartets to file: input-wqrts-for-jar.wqrts
inputFile = /home/vasenaj/Desktop/phylogenetic-tree-comparison-rt-refactor/data_sets/gene-trees/model.10.2000000.0.000001/23/truegenetrees, outputFile = input-wqrts-for-jar.wqrts
--- Time to run => 17.285175800323486 seconds ---
Generating weighted quartets completed.
Quartet Score level: 2
================= **** ========== Running wQFM v1.3 ============== **** ====================
Reading from file <input-wqrts-for-jar.wqrts> done.
Initial-Num-Quartets = 751
Running with partition score mode = Command line [1.0*ws - 1.0*wv]
11
{0=0, 1=1, 2=9, 3=3, 4=4, 5=5, 6=6, 7=7, 8=8, 9=10, 10=2}
{0=0, 1=1, 2=10, 3=3, 4=4, 5=5, 6=6, 7=7, 8=8, 9=2, 10=9}
Total Num-Taxa = 11
mode = Command line [1.0*ws - 1.0*wv] LEVEL: 1, ALPHA: 1.0, BETA: 1.0
mode = Command line [1.0*ws - 1.0*wv] LEVEL: 2, ALPHA: 1.0, BETA: 1.0
mode = Command line [1.0*ws - 1.0*wv] LEVEL: 3, ALPHA: 1.0, BETA: 1.0
mode = Command line [1.0*ws - 1.0*wv] LEVEL: 3, ALPHA: 1.0, BETA: 1.0
mode = Command line [1.0*ws - 1.0*wv] LEVEL: 2, ALPHA: 1.0, BETA: 1.0
mode = Command line [1.0*ws - 1.0*wv] LEVEL: 3, ALPHA: 1.0, BETA: 1.0
mode = Command line [1.0*ws - 1.0*wv] LEVEL: 4, ALPHA: 1.0, BETA: 1.0
mode = Command line [1.0*ws - 1.0*wv] LEVEL: 3, ALPHA: 1.0, BETA: 1.0


[L 49.] FMRunner: final tree return
((0,(7,(1,(2,9)))),((8,(10,3)),(6,(4,5))));
>-> Successfully written to output-file /home/vasenaj/Desktop/phylogenetic-tree-comparison-rt-refactor/results/wQFM/data_sets/gene-trees/model.10.2000000.0.000001/23/speciestree.txt

Time taken = 704 ms ==> 0 minutes and 0 seconds.
================= **** ======================== **** ====================
No annotations used.
python3 compute_quartet_score.py input-wqrts-for-jar.wqrts /home/vasenaj/Desktop/phylogenetic-tree-comparison-rt-refactor/results/wQFM/data_sets/gene-trees/model.10.2000000.0.000001/23/speciestree.txt 2
315094.0	330000.0	0.954830303030303
Memory Peak: 1026