

================== ASTRAL ===================== 

This is ASTRAL version 5.15.4
Using native AVX batch computing.
Gene trees are treated as unrooted
Warning:

 Problem using GPU. Proceeding without GPU
org.jocl.CLException: CL_PLATFORM_NOT_FOUND_KHR
org.jocl.CLException: CL_PLATFORM_NOT_FOUND_KHR
Starting 2 threads ...
There are 2 threads used to run.
100 trees read from /home/vasenaj/Desktop/phylogenetic-tree-comparison-rt-refactor/data_sets/gene-trees/model.15taxon/100gene-true/R6/all_gt.tre
All output trees will be *arbitrarily* rooted at F

======== Running the main analysis
Number of taxa: 15 (15 species)
Taxa: [F, B, I, K, E, A, D, C, M, L, N, J, H, G, O]
Taxon occupancy: {A=100, B=100, C=100, D=100, E=100, F=100, G=100, H=100, I=100, J=100, K=100, L=100, M=100, N=100, O=100}
Using polytree-based weight calculation.
Number of gene trees: 100
0 trees have missing taxa
Calculating distance matrix (for completion of X) ....with 2 distance matrices for parallellism
Species tree distances calculated ...

Building set of clusters (X) from gene trees 
------------------------------
Number of Clusters after addition from gene trees: 943
Number of Clusters after addition by distance: 943
Adding to X using resolutions of greedy consensus ...

Computing greedy consensus  
took 0 seconds
Limit for sigma of degrees:425

polytomy size limit : > 13
 [5, 8, 13]
discarded polytomies: 
Threshold 0.0:
Threshold 0.01:
Threshold 0.02:
Threshold 0.05:
Threshold 0.1:
Threshold 0.2:
polytomy of size 5; rounds with additions with at least 5 support: 0; clusters: 943
polytomy of size 8; rounds with additions with at least 5 support: 0; clusters: 943
Threshold 0.3333333333333333:
polytomy of size 13; rounds with additions with at least 5 support: 0; clusters: 943
Number of Clusters after addition by greedy: 943
partitions formed in 0.75 secs
Dynamic Programming starting after 0.75 secs
Polytree max score: 136500
Polytree building time: 0.021 seconds.
Using native AVX batch computing method.
Number of quartet trees in the gene trees: 136500
Computing hash values took 0 seconds
Size of largest cluster: 15
Size of largest cluster: 15
Finishing up:2681 128 129
Total Number of elements: 2680
Normalized score (portion of input quartet trees satisfied before correcting for multiple individuals): 0.6375238095238095
Final optimization score: 87022
Optimal tree inferred in 1.887 secs.
Weight calculation using polytrees cumulatively took 0.039252931 secs
(F,((G,(H,(I,(J,(K,(L,(M,(N,O)))))))),(E,(D,(C,(B,A))))));
Final quartet score is: 87022
Final normalized quartet score is: 0.6375238095238095
(F,((G,(H,(I,(J,(K,(L,(M,(N,O)0.83:0.10839040366642058)0.98:0.19573241382156828)1:0.334988189848718)1:0.3483410732970117)0.97:0.17276342125908004)0.98:0.18941881866471674)1:0.3110554236370897)0.99:0.22252493081814353,(E,(D,(C,(B,A)0.99:0.20080821866940915)0.95:0.15550172709423954)0.98:0.19027388498444983)0.97:0.18281672887636763));
ASTRAL finished in 2.217 secs
Shutting down threading
Memory Peak: 1098