
================== ASTRAL-Pro ===================== 

This is ASTRAL-Pro (A-Pro) version 1.1.6
Using native AVX batch computing.
Gene trees are treated as unrooted
There are 2 threads used to run.
ti: 3
tx: 3
pw: 4
The number of input tree read is 1000
16000 trees read from /home/vasenaj/Desktop/phylogenetic-tree-comparison-rt-refactor/data_sets/gene-trees/model.10.2000000.0.000001/08/truegenetrees
1000 extra trees.
All output trees will be *arbitrarily* rooted at 6

======== Running the main analysis
Number of taxa: 11 (11 species)
Taxa: [6, 8, 2, 1, 10, 7, 4, 5, 3, 9, 0]
Taxon occupancy: {0=16000, 1=16000, 2=16000, 3=16000, 4=16000, 5=16000, 6=16000, 7=16000, 8=16000, 9=16000, 10=16000}
Using polytree-based weight calculation.
Number of gene trees: 16000
0 trees have missing taxa
Calculating distance matrix (for completion of X) ....with 2 distance matrices in parallel
Species tree distances calculated ...

Building set of clusters (X) from gene trees 
------------------------------
Number of Clusters after addition by distance: 263
Adding to X using resolutions of greedy consensus ...

Computing greedy consensus  took 1 seconds
Limit for sigma of degrees:325

polytomy size limit : > 3
 []
discarded polytomies: 
Threshold 0.0:
Threshold 0.01:
Threshold 0.02:
Threshold 0.05:
Threshold 0.1:
Threshold 0.2:
Threshold 0.3333333333333333:
Number of Clusters after addition by greedy: 263
calculating extra bipartitions from extra input trees ...
Number of Clusters after additions from extra trees: 263
partitions formed in 9.176 secs
Dynamic Programming starting after 9.176 secs
Polytree max score: 330000
Polytree building time: 0.67 seconds.
Number of quartet trees in the gene trees: 330000
Computing hash values took 0 seconds
Size of largest cluster: 11
Total Number of elements: 628
Final optimization score: 0
Size of largest cluster: 11
629 0 64
Total Number of elements: 628
Normalized score (portion of input quartet trees satisfied before correcting for multiple individuals): 0.8551424242424243
Final optimization score: 282197
Optimal tree inferred in 11.139 secs.
Weight calculation cumulatively took 0.005451289 secs
(6,(8,(0,(9,((7,4),((2,(1,10)),(5,3)))))));
Final quartet score is: 282197
Final normalized quartet score is: 0.8551424242424243
(6,(8,(0,(9,((7,4)1:1.4833643302037078,((2,(1,10)1:2.211119365655036)1:0.586863015673354,(5,3)1:2.274835180041143)1:0.6677482070384979)1:1.1037704241500526)1:5.116995310087171)1:0.36556261712082216));
ASTRAL-Pro finished in 13.693 secs
Memory Peak: 1092