mode = Command line [1.0*ws - 1.0*wv]
Using no annotations for branches
Python Engine: python3
Input file consists of gene trees ... generating weighted quartets to file: input-wqrts-for-jar.wqrts
inputFile = /home/vasenaj/Desktop/phylogenetic-tree-comparison-rt-refactor/data_sets/gene-trees/model.37taxon/noscale.25g.500b/R17/all_gt.tre, outputFile = input-wqrts-for-jar.wqrts
--- Time to run => 20.286313772201538 seconds ---
Generating weighted quartets completed.
Quartet Score level: 2
================= **** ========== Running wQFM v1.3 ============== **** ====================
Reading from file <input-wqrts-for-jar.wqrts> done.
Initial-Num-Quartets = 144863
Running with partition score mode = Command line [1.0*ws - 1.0*wv]
37
{PTE=7, NEW=34, RAT=30, TAR=32, SPE=31, ORN=24, CHO=11, OTO=26, PRO=29, ORY=25, MYO=6, MIC=20, BOS=0, HOM=17, EQU=3, DIP=13, MUS=22, ECH=14, GOR=16, FEL=5, MON=21, MAC=19, PON=28, TUP=33, CAL=1, SUS=35, TUR=36, CAN=2, VIC=9, GAL=15, LOX=18, OCH=23, SOR=8, DAS=12, CAV=10, PAN=27, ERI=4}
{0=BOS, 1=CAL, 2=CAN, 3=EQU, 4=ERI, 5=FEL, 6=MYO, 7=PTE, 8=SOR, 9=VIC, 10=CAV, 11=CHO, 12=DAS, 13=DIP, 14=ECH, 15=GAL, 16=GOR, 17=HOM, 18=LOX, 19=MAC, 20=MIC, 21=MON, 22=MUS, 23=OCH, 24=ORN, 25=ORY, 26=OTO, 27=PAN, 28=PON, 29=PRO, 30=RAT, 31=SPE, 32=TAR, 33=TUP, 34=NEW, 35=SUS, 36=TUR}
Total Num-Taxa = 37
mode = Command line [1.0*ws - 1.0*wv] LEVEL: 1, ALPHA: 1.0, BETA: 1.0
mode = Command line [1.0*ws - 1.0*wv] LEVEL: 2, ALPHA: 1.0, BETA: 1.0
mode = Command line [1.0*ws - 1.0*wv] LEVEL: 3, ALPHA: 1.0, BETA: 1.0
mode = Command line [1.0*ws - 1.0*wv] LEVEL: 4, ALPHA: 1.0, BETA: 1.0
mode = Command line [1.0*ws - 1.0*wv] LEVEL: 5, ALPHA: 1.0, BETA: 1.0
mode = Command line [1.0*ws - 1.0*wv] LEVEL: 6, ALPHA: 1.0, BETA: 1.0
mode = Command line [1.0*ws - 1.0*wv] LEVEL: 4, ALPHA: 1.0, BETA: 1.0
mode = Command line [1.0*ws - 1.0*wv] LEVEL: 5, ALPHA: 1.0, BETA: 1.0
mode = Command line [1.0*ws - 1.0*wv] LEVEL: 6, ALPHA: 1.0, BETA: 1.0
mode = Command line [1.0*ws - 1.0*wv] LEVEL: 3, ALPHA: 1.0, BETA: 1.0
mode = Command line [1.0*ws - 1.0*wv] LEVEL: 4, ALPHA: 1.0, BETA: 1.0
mode = Command line [1.0*ws - 1.0*wv] LEVEL: 5, ALPHA: 1.0, BETA: 1.0
mode = Command line [1.0*ws - 1.0*wv] LEVEL: 6, ALPHA: 1.0, BETA: 1.0
mode = Command line [1.0*ws - 1.0*wv] LEVEL: 5, ALPHA: 1.0, BETA: 1.0
mode = Command line [1.0*ws - 1.0*wv] LEVEL: 4, ALPHA: 1.0, BETA: 1.0
mode = Command line [1.0*ws - 1.0*wv] LEVEL: 5, ALPHA: 1.0, BETA: 1.0
mode = Command line [1.0*ws - 1.0*wv] LEVEL: 2, ALPHA: 1.0, BETA: 1.0
mode = Command line [1.0*ws - 1.0*wv] LEVEL: 3, ALPHA: 1.0, BETA: 1.0
mode = Command line [1.0*ws - 1.0*wv] LEVEL: 4, ALPHA: 1.0, BETA: 1.0
mode = Command line [1.0*ws - 1.0*wv] LEVEL: 5, ALPHA: 1.0, BETA: 1.0
mode = Command line [1.0*ws - 1.0*wv] LEVEL: 6, ALPHA: 1.0, BETA: 1.0
mode = Command line [1.0*ws - 1.0*wv] LEVEL: 5, ALPHA: 1.0, BETA: 1.0
mode = Command line [1.0*ws - 1.0*wv] LEVEL: 4, ALPHA: 1.0, BETA: 1.0
mode = Command line [1.0*ws - 1.0*wv] LEVEL: 5, ALPHA: 1.0, BETA: 1.0
mode = Command line [1.0*ws - 1.0*wv] LEVEL: 5, ALPHA: 1.0, BETA: 1.0
mode = Command line [1.0*ws - 1.0*wv] LEVEL: 3, ALPHA: 1.0, BETA: 1.0
mode = Command line [1.0*ws - 1.0*wv] LEVEL: 4, ALPHA: 1.0, BETA: 1.0
mode = Command line [1.0*ws - 1.0*wv] LEVEL: 5, ALPHA: 1.0, BETA: 1.0
mode = Command line [1.0*ws - 1.0*wv] LEVEL: 4, ALPHA: 1.0, BETA: 1.0
mode = Command line [1.0*ws - 1.0*wv] LEVEL: 5, ALPHA: 1.0, BETA: 1.0
mode = Command line [1.0*ws - 1.0*wv] LEVEL: 6, ALPHA: 1.0, BETA: 1.0
mode = Command line [1.0*ws - 1.0*wv] LEVEL: 6, ALPHA: 1.0, BETA: 1.0
mode = Command line [1.0*ws - 1.0*wv] LEVEL: 7, ALPHA: 1.0, BETA: 1.0
mode = Command line [1.0*ws - 1.0*wv] LEVEL: 8, ALPHA: 1.0, BETA: 1.0


[L 49.] FMRunner: final tree return
(((TUP,((OCH,ORY),(CAV,(SPE,(DIP,(MUS,RAT)))))),((TAR,(OTO,MIC)),(CAL,(NEW,(PON,(GOR,(HOM,PAN))))))),((((ORN,GAL),(MAC,MON)),((CHO,DAS),(ECH,(LOX,PRO)))),((SOR,ERI),(EQU,((MYO,PTE),((CAN,FEL),(VIC,(SUS,(BOS,TUR)))))))));
>-> Successfully written to output-file /home/vasenaj/Desktop/phylogenetic-tree-comparison-rt-refactor/results/wQFM/data_sets/gene-trees/model.37taxon/noscale.25g.500b/R17/speciestree.txt

Time taken = 6194 ms ==> 0 minutes and 6 seconds.
================= **** ======================== **** ====================
No annotations used.
python3 compute_quartet_score.py input-wqrts-for-jar.wqrts /home/vasenaj/Desktop/phylogenetic-tree-comparison-rt-refactor/results/wQFM/data_sets/gene-trees/model.37taxon/noscale.25g.500b/R17/speciestree.txt 2
1432789.0	1651125.0	0.8677653115300175
Memory Peak: 1076