

================== ASTRAL ===================== 

This is ASTRAL version 5.15.4
Using native AVX batch computing.
Gene trees are treated as unrooted
Warning:

 Problem using GPU. Proceeding without GPU
org.jocl.CLException: CL_PLATFORM_NOT_FOUND_KHR
org.jocl.CLException: CL_PLATFORM_NOT_FOUND_KHR
Starting 2 threads ...
There are 2 threads used to run.
100 trees read from /home/vasenaj/Desktop/phylogenetic-tree-comparison-rt-refactor/data_sets/gene-trees/model.15taxon/100gene-true/R1/all_gt.tre
All output trees will be *arbitrarily* rooted at O

======== Running the main analysis
Number of taxa: 15 (15 species)
Taxa: [O, N, J, L, H, I, F, A, C, D, B, E, G, K, M]
Taxon occupancy: {A=100, B=100, C=100, D=100, E=100, F=100, G=100, H=100, I=100, J=100, K=100, L=100, M=100, N=100, O=100}
Using polytree-based weight calculation.
Number of gene trees: 100
0 trees have missing taxa
Calculating distance matrix (for completion of X) ....with 2 distance matrices for parallellism
Species tree distances calculated ...

Building set of clusters (X) from gene trees 
------------------------------
Number of Clusters after addition from gene trees: 951
Number of Clusters after addition by distance: 951
Adding to X using resolutions of greedy consensus ...

Computing greedy consensus  
took 0 seconds
Limit for sigma of degrees:425

polytomy size limit : > 13
 [3, 10, 13]
discarded polytomies: 
Threshold 0.0:
Threshold 0.01:
Threshold 0.02:
Threshold 0.05:
Threshold 0.1:
Threshold 0.2:
polytomy of size 3; rounds with additions with at least 5 support: 0; clusters: 951
polytomy of size 10; rounds with additions with at least 5 support: 0; clusters: 951
Threshold 0.3333333333333333:
polytomy of size 13; rounds with additions with at least 5 support: 0; clusters: 951
Number of Clusters after addition by greedy: 951
partitions formed in 0.831 secs
Dynamic Programming starting after 0.831 secs
Polytree max score: 136500
Polytree building time: 0.032 seconds.
Using native AVX batch computing method.
Number of quartet trees in the gene trees: 136500
Computing hash values took 0 seconds
Size of largest cluster: 15
Size of largest cluster: 15
Finishing up:2726 192 2725
Total Number of elements: 2725
Normalized score (portion of input quartet trees satisfied before correcting for multiple individuals): 0.6270109890109891
Final optimization score: 85587
Optimal tree inferred in 2.041 secs.
Weight calculation using polytrees cumulatively took 0.029997177 secs
(O,(N,(M,(L,(K,(J,(I,(H,(G,(F,(E,(D,(C,(A,B))))))))))))));
Final quartet score is: 85587
Final normalized quartet score is: 0.6270109890109891
(O,(N,(M,(L,(K,(J,(I,(H,(G,(F,(E,(D,(C,(A,B)0.89:0.13211796482737548)0.68:0.09506268568104712)0.99:0.20535712719577784)1:0.3020867536543295)0.95:0.1578704609297902)0.83:0.1292970884857344)1:0.25156703646170203)1:0.24219769641684882)0.98:0.18380780923499312)1:0.24884223913551698)0.99:0.2156335681388635)0.93:0.15209009801429088));
ASTRAL finished in 2.397 secs
Shutting down threading
Memory Peak: 1098