

================== ASTRAL ===================== 

This is ASTRAL version 5.15.4
Using native AVX batch computing.
Gene trees are treated as unrooted
Warning:

 Problem using GPU. Proceeding without GPU
org.jocl.CLException: CL_PLATFORM_NOT_FOUND_KHR
org.jocl.CLException: CL_PLATFORM_NOT_FOUND_KHR
Starting 2 threads ...
There are 2 threads used to run.
1000 trees read from /home/vasenaj/Desktop/phylogenetic-tree-comparison-rt-refactor/data_sets/gene-trees/model.15taxon/1000gene-1000bp/R9/all_gt.tre
All output trees will be *arbitrarily* rooted at E

======== Running the main analysis
Number of taxa: 15 (15 species)
Taxa: [E, C, N, M, J, K, I, H, L, F, B, O, A, D, G]
Taxon occupancy: {A=1000, B=1000, C=1000, D=1000, E=1000, F=1000, G=1000, H=1000, I=1000, J=1000, K=1000, L=1000, M=1000, N=1000, O=1000}
Using polytree-based weight calculation.
Number of gene trees: 1000
0 trees have missing taxa
Calculating distance matrix (for completion of X) ....with 2 distance matrices for parallellism
Species tree distances calculated ...

Building set of clusters (X) from gene trees 
------------------------------
Number of Clusters after addition from gene trees: 4499
Number of Clusters after addition by distance: 4499
Adding to X using resolutions of greedy consensus ...

Computing greedy consensus  
took 0 seconds
Threshold 0.0:
Threshold 0.01:
Threshold 0.02:
Threshold 0.05:
Threshold 0.1:
Limit for sigma of degrees:425

polytomy size limit : > 13
 [3, 12, 13]
discarded polytomies: 
polytomy of size 3; rounds with additions with at least 5 support: 0; clusters: 4499
Threshold 0.2:
polytomy of size 12; rounds with additions with at least 5 support: 0; clusters: 4499
Threshold 0.3333333333333333:
polytomy of size 13; rounds with additions with at least 5 support: 0; clusters: 4499
Number of Clusters after addition by greedy: 4499
partitions formed in 4.149 secs
Dynamic Programming starting after 4.149 secs
Polytree max score: 1365000
Polytree building time: 0.153 seconds.
Using native AVX batch computing method.
Number of quartet trees in the gene trees: 1365000
Computing hash values took 0 seconds
Size of largest cluster: 15
Size of largest cluster: 15
Finishing up:45447 320 320
Total Number of elements: 45446
Normalized score (portion of input quartet trees satisfied before correcting for multiple individuals): 0.6012717948717948
Final optimization score: 820736
Optimal tree inferred in 8.493 secs.
Weight calculation using polytrees cumulatively took 2.846492273 secs
(E,((D,(C,(B,A))),(F,(G,(H,(I,(J,(K,(L,(M,(N,O)))))))))));
Final quartet score is: 820736
Final normalized quartet score is: 0.6012717948717948
(E,((D,(C,(B,A)1:0.2194665037633912)1:0.2241714611417485)1:0.17511482057993816,(F,(G,(H,(I,(J,(K,(L,(M,(N,O)1:0.09325186003817013)1:0.12981475869480708)1:0.15118305959923095)1:0.1710960875044689)1:0.16832407612113)1:0.20123774963101834)1:0.19910206768952457)1:0.1803654293014052)1:0.19044638206962564));
ASTRAL finished in 9.426 secs
Shutting down threading
Memory Peak: 1116