
================== ASTRAL-Pro ===================== 

This is ASTRAL-Pro (A-Pro) version 1.1.6
Using native AVX batch computing.
Gene trees are treated as unrooted
There are 2 threads used to run.
ti: 3
tx: 3
pw: 4
The number of input tree read is 1000
16000 trees read from /home/vasenaj/Desktop/phylogenetic-tree-comparison-rt-refactor/data_sets/gene-trees/model.10.2000000.0.000001/42/truegenetrees
1000 extra trees.
All output trees will be *arbitrarily* rooted at 7

======== Running the main analysis
Number of taxa: 11 (11 species)
Taxa: [7, 3, 1, 6, 9, 4, 5, 8, 10, 2, 0]
Taxon occupancy: {0=16000, 1=16000, 2=16000, 3=16000, 4=16000, 5=16000, 6=16000, 7=16000, 8=16000, 9=16000, 10=16000}
Using polytree-based weight calculation.
Number of gene trees: 16000
0 trees have missing taxa
Calculating distance matrix (for completion of X) ....with 2 distance matrices in parallel
Species tree distances calculated ...

Building set of clusters (X) from gene trees 
------------------------------
Number of Clusters after addition by distance: 115
Adding to X using resolutions of greedy consensus ...

Computing greedy consensus  took 0 seconds
Limit for sigma of degrees:325

polytomy size limit : > 3
 []
discarded polytomies: 
Threshold 0.0:
Threshold 0.01:
Threshold 0.02:
Threshold 0.05:
Threshold 0.1:
Threshold 0.2:
Threshold 0.3333333333333333:
Number of Clusters after addition by greedy: 115
calculating extra bipartitions from extra input trees ...
Number of Clusters after additions from extra trees: 115
partitions formed in 8.313 secs
Dynamic Programming starting after 8.313 secs
Polytree max score: 330000
Polytree building time: 0.558 seconds.
Number of quartet trees in the gene trees: 330000
Computing hash values took 0 seconds
Size of largest cluster: 11
Total Number of elements: 117
Final optimization score: 0
Size of largest cluster: 11
118 0 64
Total Number of elements: 117
Normalized score (portion of input quartet trees satisfied before correcting for multiple individuals): 0.9550030303030304
Final optimization score: 315151
Optimal tree inferred in 10.251 secs.
Weight calculation cumulatively took 0.001488325 secs
(7,(3,((9,(0,((5,(4,8)),(10,2)))),(1,6))));
Final quartet score is: 315151
Final normalized quartet score is: 0.9550030303030304
(7,(3,((9,(0,((5,(4,8)1:0.5345821112216905)1:2.066538136843928,(10,2)1:5.036952602413612)1:2.3761552861619646)1:2.677914472504582)1:4.10539439840869,(1,6)1:0.9349451674459592)1:1.4438642129413688));
ASTRAL-Pro finished in 12.939 secs
Memory Peak: 1092