

================== ASTRAL ===================== 

This is ASTRAL version 5.15.4
Using native AVX batch computing.
Gene trees are treated as unrooted
Warning:

 Problem using GPU. Proceeding without GPU
org.jocl.CLException: CL_PLATFORM_NOT_FOUND_KHR
org.jocl.CLException: CL_PLATFORM_NOT_FOUND_KHR
Starting 2 threads ...
There are 2 threads used to run.
100 trees read from /home/vasenaj/Desktop/phylogenetic-tree-comparison-rt-refactor/data_sets/gene-trees/model.11taxon/estimated_100genes_strongILS/R6/all_gt.tre
All output trees will be *arbitrarily* rooted at 3

======== Running the main analysis
Number of taxa: 11 (11 species)
Taxa: [3, 11, 8, 7, 10, 5, 6, 9, 4, 2, 1]
Taxon occupancy: {11=100, 1=100, 2=100, 3=100, 4=100, 5=100, 6=100, 7=100, 8=100, 9=100, 10=100}
Using polytree-based weight calculation.
Number of gene trees: 100
0 trees have missing taxa
Calculating distance matrix (for completion of X) ....with 2 distance matrices for parallellism
Species tree distances calculated ...

Building set of clusters (X) from gene trees 
------------------------------
Number of Clusters after addition from gene trees: 197
Number of Clusters after addition by distance: 197
Adding to X using resolutions of greedy consensus ...

Computing greedy consensus  
took 0 seconds
Limit for sigma of degrees:325

polytomy size limit : > 3
 [3, 3]
discarded polytomies: 
Threshold 0.0:
Threshold 0.01:
Threshold 0.02:
Threshold 0.05:
Threshold 0.1:
Threshold 0.2:
Threshold 0.3333333333333333:
polytomy of size 3; rounds with additions with at least 5 support: 0; clusters: 197
polytomy of size 3; rounds with additions with at least 5 support: 0; clusters: 197
Number of Clusters after addition by greedy: 197
partitions formed in 0.623 secs
Dynamic Programming starting after 0.623 secs
Polytree max score: 33000
Polytree building time: 0.042 seconds.
Using native AVX batch computing method.
Number of quartet trees in the gene trees: 33000
Computing hash values took 0 seconds
Size of largest cluster: 11
Size of largest cluster: 11
Finishing up:356 3 5
Total Number of elements: 355
Normalized score (portion of input quartet trees satisfied before correcting for multiple individuals): 0.7938181818181819
Final optimization score: 26196
Optimal tree inferred in 1.798 secs.
Weight calculation using polytrees cumulatively took 0.019975125 secs
(3,((4,(11,(10,(9,((8,7),(5,6)))))),(2,1)));
Final quartet score is: 26196
Final normalized quartet score is: 0.7938181818181819
(3,((4,(11,(10,(9,((8,7)1:0.5645785772775517,(5,6)1:0.6811962474600118)0.76:0.08926413757289357)1:0.316815222721723)1:2.4013666375538287)1:2.4178959395050392)1:0.3686681764217007,(2,1)0.87:0.12578214637828986));
ASTRAL finished in 2.197 secs
Shutting down threading
Memory Peak: 1194