

================== ASTRAL ===================== 

This is ASTRAL version 5.15.4
Using native AVX batch computing.
Gene trees are treated as unrooted
Warning:

 Problem using GPU. Proceeding without GPU
org.jocl.CLException: CL_PLATFORM_NOT_FOUND_KHR
org.jocl.CLException: CL_PLATFORM_NOT_FOUND_KHR
Starting 2 threads ...
There are 2 threads used to run.
100 trees read from /home/vasenaj/Desktop/phylogenetic-tree-comparison-rt-refactor/data_sets/gene-trees/model.11taxon/estimated_100genes_strongILS/R11/all_gt.tre
All output trees will be *arbitrarily* rooted at 2

======== Running the main analysis
Number of taxa: 11 (11 species)
Taxa: [2, 4, 11, 9, 6, 5, 7, 8, 10, 3, 1]
Taxon occupancy: {11=100, 1=100, 2=100, 3=100, 4=100, 5=100, 6=100, 7=100, 8=100, 9=100, 10=100}
Using polytree-based weight calculation.
Number of gene trees: 100
0 trees have missing taxa
Calculating distance matrix (for completion of X) ....with 2 distance matrices for parallellism
Species tree distances calculated ...

Building set of clusters (X) from gene trees 
------------------------------
Number of Clusters after addition from gene trees: 177
Number of Clusters after addition by distance: 177
Adding to X using resolutions of greedy consensus ...

Computing greedy consensus  
took 0 seconds
Limit for sigma of degrees:325

polytomy size limit : > 3
 [3, 3]
discarded polytomies: 
Threshold 0.0:
Threshold 0.01:
Threshold 0.02:
Threshold 0.05:
Threshold 0.1:
Threshold 0.2:
Threshold 0.3333333333333333:
polytomy of size 3; rounds with additions with at least 5 support: 0; clusters: 177
polytomy of size 3; rounds with additions with at least 5 support: 0; clusters: 177
Number of Clusters after addition by greedy: 177
partitions formed in 0.562 secs
Dynamic Programming starting after 0.562 secs
Polytree max score: 33000
Polytree building time: 0.04 seconds.
Using native AVX batch computing method.
Number of quartet trees in the gene trees: 33000
Computing hash values took 0 seconds
Size of largest cluster: 11
Size of largest cluster: 11
Finishing up:281 2 3
Total Number of elements: 280
Normalized score (portion of input quartet trees satisfied before correcting for multiple individuals): 0.8115454545454546
Final optimization score: 26781
Optimal tree inferred in 1.688 secs.
Weight calculation using polytrees cumulatively took 0.002384538 secs
(2,(1,(3,(4,(11,(10,(9,((6,5),(7,8)))))))));
Final quartet score is: 26781
Final normalized quartet score is: 0.8115454545454546
(2,(1,(3,(4,(11,(10,(9,((6,5)1:0.9244569409338217,(7,8)1:0.7174862488652133)0.98:0.1865383557993623)1:0.34158429083413183)1:2.5706586940574514)1:2.6692103677859462)1:0.37946242155258136)0.82:0.11948621792147489));
ASTRAL finished in 2.1 secs
Shutting down threading
Memory Peak: 1200