

================== ASTRAL ===================== 

This is ASTRAL version 5.15.4
Using native AVX batch computing.
Gene trees are treated as unrooted
Warning:

 Problem using GPU. Proceeding without GPU
org.jocl.CLException: CL_PLATFORM_NOT_FOUND_KHR
org.jocl.CLException: CL_PLATFORM_NOT_FOUND_KHR
Starting 2 threads ...
There are 2 threads used to run.
25 trees read from /home/vasenaj/Desktop/phylogenetic-tree-comparison-rt-refactor/data_sets/gene-trees/model.11taxon/estimated_25genes_strongILS/R19/all_gt.tre
All output trees will be *arbitrarily* rooted at 11

======== Running the main analysis
Number of taxa: 11 (11 species)
Taxa: [11, 7, 10, 8, 9, 6, 5, 2, 3, 4, 1]
Taxon occupancy: {11=25, 1=25, 2=25, 3=25, 4=25, 5=25, 6=25, 7=25, 8=25, 9=25, 10=25}
Using polytree-based weight calculation.
Number of gene trees: 25
0 trees have missing taxa
Calculating distance matrix (for completion of X) ....with 2 distance matrices for parallellism
Species tree distances calculated ...

Building set of clusters (X) from gene trees 
------------------------------
Number of Clusters after addition from gene trees: 125
Number of Clusters after addition by distance: 125
Adding to X using resolutions of greedy consensus ...

Computing greedy consensus  
took 0 seconds
Limit for sigma of degrees:325

polytomy size limit : > 3
 [3]
discarded polytomies: 
Threshold 0.0:
Threshold 0.01:
Threshold 0.02:
Threshold 0.05:
Threshold 0.1:
Threshold 0.2:
Threshold 0.3333333333333333:
polytomy of size 3; rounds with additions with at least 5 support: 0; clusters: 125
Number of Clusters after addition by greedy: 125
partitions formed in 0.277 secs
Dynamic Programming starting after 0.277 secs
Polytree max score: 8250
Polytree building time: 0.024 seconds.
Using native AVX batch computing method.
Number of quartet trees in the gene trees: 8250
Computing hash values took 0 seconds
Size of largest cluster: 11
Size of largest cluster: 11
Finishing up:152 24 25
Total Number of elements: 151
Normalized score (portion of input quartet trees satisfied before correcting for multiple individuals): 0.8124848484848485
Final optimization score: 6703
Optimal tree inferred in 1.405 secs.
Weight calculation using polytrees cumulatively took 0.001471586 secs
(11,((10,(9,((6,5),(7,8)))),(4,(3,(2,1)))));
Final quartet score is: 6703
Final normalized quartet score is: 0.8124848484848485
(11,((10,(9,((6,5)0.99:0.4612508381361409,(7,8)1:0.6088868369422057)0.73:0.17275210577780392)0.91:0.2876820724517809)1:2.5161591932921064,(4,(3,(2,1)0.96:0.34710549292258175)0.92:0.29319172826275053)1:2.159484249353373));
ASTRAL finished in 1.772 secs
Shutting down threading
Memory Peak: 1194