

================== ASTRAL ===================== 

This is ASTRAL version 5.15.4
Using native AVX batch computing.
Gene trees are treated as unrooted
Warning:

 Problem using GPU. Proceeding without GPU
org.jocl.CLException: CL_PLATFORM_NOT_FOUND_KHR
org.jocl.CLException: CL_PLATFORM_NOT_FOUND_KHR
Starting 2 threads ...
There are 2 threads used to run.
1000 trees read from /home/vasenaj/Desktop/phylogenetic-tree-comparison-rt-refactor/data_sets/gene-trees/model.15taxon/1000gene-true/R10/all_gt.tre
All output trees will be *arbitrarily* rooted at O

======== Running the main analysis
Number of taxa: 15 (15 species)
Taxa: [O, N, M, I, A, D, B, F, G, E, C, K, H, J, L]
Taxon occupancy: {A=1000, B=1000, C=1000, D=1000, E=1000, F=1000, G=1000, H=1000, I=1000, J=1000, K=1000, L=1000, M=1000, N=1000, O=1000}
Using polytree-based weight calculation.
Number of gene trees: 1000
0 trees have missing taxa
Calculating distance matrix (for completion of X) ....with 2 distance matrices for parallellism
Species tree distances calculated ...

Building set of clusters (X) from gene trees 
------------------------------
Number of Clusters after addition from gene trees: 4235
Number of Clusters after addition by distance: 4235
Adding to X using resolutions of greedy consensus ...

Computing greedy consensus  
took 0 seconds
Limit for sigma of degrees:425

polytomy size limit : > 13
 [12, 13]
discarded polytomies: 
Threshold 0.0:
Threshold 0.01:
Threshold 0.02:
Threshold 0.05:
Threshold 0.1:
Threshold 0.2:
polytomy of size 12; rounds with additions with at least 5 support: 0; clusters: 4235
Threshold 0.3333333333333333:
polytomy of size 13; rounds with additions with at least 5 support: 0; clusters: 4235
Number of Clusters after addition by greedy: 4235
partitions formed in 3.159 secs
Dynamic Programming starting after 3.159 secs
Polytree max score: 1365000
Polytree building time: 0.118 seconds.
Using native AVX batch computing method.
Number of quartet trees in the gene trees: 1365000
Computing hash values took 0 seconds
Size of largest cluster: 15
Size of largest cluster: 15
Finishing up:42082 320 42081
Total Number of elements: 42081
Normalized score (portion of input quartet trees satisfied before correcting for multiple individuals): 0.6162446886446886
Final optimization score: 841174
Optimal tree inferred in 6.056 secs.
Weight calculation using polytrees cumulatively took 1.577929015 secs
(O,(N,(M,(L,(K,(J,(I,(H,(G,(F,(E,(D,(C,(A,B))))))))))))));
Final quartet score is: 841174
Final normalized quartet score is: 0.6162446886446886
(O,(N,(M,(L,(K,(J,(I,(H,(G,(F,(E,(D,(C,(A,B)1:0.21002443996158765)1:0.1687997310625997)1:0.1956163352211891)1:0.21280136244954556)1:0.1977445777927621)1:0.2160951657877833)1:0.17667178405058945)1:0.16544675845023527)1:0.18152267518565862)1:0.20140356467780457)1:0.2157691201747351)1:0.1799766558766483));
ASTRAL finished in 6.882 secs
Shutting down threading
Memory Peak: 1110