mode = Command line [1.0*ws - 1.0*wv]
Using no annotations for branches
Python Engine: python3
Input file consists of gene trees ... generating weighted quartets to file: input-wqrts-for-jar.wqrts
inputFile = /home/vasenaj/Desktop/phylogenetic-tree-comparison-rt-refactor/data_sets/gene-trees/model.37taxon/noscale.200g.500b/R14/all_gt.tre, outputFile = input-wqrts-for-jar.wqrts
--- Time to run => 168.46154308319092 seconds ---
Generating weighted quartets completed.
Quartet Score level: 2
================= **** ========== Running wQFM v1.3 ============== **** ====================
Reading from file <input-wqrts-for-jar.wqrts> done.
Initial-Num-Quartets = 181733
Running with partition score mode = Command line [1.0*ws - 1.0*wv]
37
{PTE=21, NEW=32, RAT=22, TAR=36, SPE=24, ORN=18, CHO=4, OTO=33, PRO=20, ORY=19, MYO=16, MIC=31, BOS=0, HOM=30, EQU=8, DIP=6, MUS=15, ECH=7, GOR=29, FEL=10, MON=14, MAC=13, TUP=26, PON=35, CAL=1, SUS=25, TUR=27, CAN=2, VIC=28, GAL=11, LOX=12, OCH=17, DAS=5, SOR=23, CAV=3, PAN=34, ERI=9}
{0=BOS, 1=CAL, 2=CAN, 3=CAV, 4=CHO, 5=DAS, 6=DIP, 7=ECH, 8=EQU, 9=ERI, 10=FEL, 11=GAL, 12=LOX, 13=MAC, 14=MON, 15=MUS, 16=MYO, 17=OCH, 18=ORN, 19=ORY, 20=PRO, 21=PTE, 22=RAT, 23=SOR, 24=SPE, 25=SUS, 26=TUP, 27=TUR, 28=VIC, 29=GOR, 30=HOM, 31=MIC, 32=NEW, 33=OTO, 34=PAN, 35=PON, 36=TAR}
Total Num-Taxa = 37
mode = Command line [1.0*ws - 1.0*wv] LEVEL: 1, ALPHA: 1.0, BETA: 1.0
mode = Command line [1.0*ws - 1.0*wv] LEVEL: 2, ALPHA: 1.0, BETA: 1.0
mode = Command line [1.0*ws - 1.0*wv] LEVEL: 3, ALPHA: 1.0, BETA: 1.0
mode = Command line [1.0*ws - 1.0*wv] LEVEL: 4, ALPHA: 1.0, BETA: 1.0
mode = Command line [1.0*ws - 1.0*wv] LEVEL: 5, ALPHA: 1.0, BETA: 1.0
mode = Command line [1.0*ws - 1.0*wv] LEVEL: 6, ALPHA: 1.0, BETA: 1.0
mode = Command line [1.0*ws - 1.0*wv] LEVEL: 5, ALPHA: 1.0, BETA: 1.0
mode = Command line [1.0*ws - 1.0*wv] LEVEL: 6, ALPHA: 1.0, BETA: 1.0
mode = Command line [1.0*ws - 1.0*wv] LEVEL: 7, ALPHA: 1.0, BETA: 1.0
mode = Command line [1.0*ws - 1.0*wv] LEVEL: 4, ALPHA: 1.0, BETA: 1.0
mode = Command line [1.0*ws - 1.0*wv] LEVEL: 3, ALPHA: 1.0, BETA: 1.0
mode = Command line [1.0*ws - 1.0*wv] LEVEL: 4, ALPHA: 1.0, BETA: 1.0
mode = Command line [1.0*ws - 1.0*wv] LEVEL: 5, ALPHA: 1.0, BETA: 1.0
mode = Command line [1.0*ws - 1.0*wv] LEVEL: 6, ALPHA: 1.0, BETA: 1.0
mode = Command line [1.0*ws - 1.0*wv] LEVEL: 7, ALPHA: 1.0, BETA: 1.0
mode = Command line [1.0*ws - 1.0*wv] LEVEL: 7, ALPHA: 1.0, BETA: 1.0
mode = Command line [1.0*ws - 1.0*wv] LEVEL: 8, ALPHA: 1.0, BETA: 1.0
mode = Command line [1.0*ws - 1.0*wv] LEVEL: 4, ALPHA: 1.0, BETA: 1.0
mode = Command line [1.0*ws - 1.0*wv] LEVEL: 5, ALPHA: 1.0, BETA: 1.0
mode = Command line [1.0*ws - 1.0*wv] LEVEL: 2, ALPHA: 1.0, BETA: 1.0
mode = Command line [1.0*ws - 1.0*wv] LEVEL: 3, ALPHA: 1.0, BETA: 1.0
mode = Command line [1.0*ws - 1.0*wv] LEVEL: 4, ALPHA: 1.0, BETA: 1.0
mode = Command line [1.0*ws - 1.0*wv] LEVEL: 5, ALPHA: 1.0, BETA: 1.0
mode = Command line [1.0*ws - 1.0*wv] LEVEL: 4, ALPHA: 1.0, BETA: 1.0
mode = Command line [1.0*ws - 1.0*wv] LEVEL: 5, ALPHA: 1.0, BETA: 1.0
mode = Command line [1.0*ws - 1.0*wv] LEVEL: 5, ALPHA: 1.0, BETA: 1.0
mode = Command line [1.0*ws - 1.0*wv] LEVEL: 6, ALPHA: 1.0, BETA: 1.0
mode = Command line [1.0*ws - 1.0*wv] LEVEL: 3, ALPHA: 1.0, BETA: 1.0
mode = Command line [1.0*ws - 1.0*wv] LEVEL: 4, ALPHA: 1.0, BETA: 1.0
mode = Command line [1.0*ws - 1.0*wv] LEVEL: 5, ALPHA: 1.0, BETA: 1.0
mode = Command line [1.0*ws - 1.0*wv] LEVEL: 6, ALPHA: 1.0, BETA: 1.0
mode = Command line [1.0*ws - 1.0*wv] LEVEL: 4, ALPHA: 1.0, BETA: 1.0
mode = Command line [1.0*ws - 1.0*wv] LEVEL: 5, ALPHA: 1.0, BETA: 1.0
mode = Command line [1.0*ws - 1.0*wv] LEVEL: 6, ALPHA: 1.0, BETA: 1.0


[L 49.] FMRunner: final tree return
(((((ORN,GAL),(MAC,MON)),((CHO,DAS),(ECH,(PRO,LOX)))),((ERI,SOR),((MYO,PTE),((EQU,(CAN,FEL)),(VIC,(SUS,(BOS,TUR))))))),((TUP,((OCH,ORY),(SPE,(CAV,(DIP,(RAT,MUS)))))),((OTO,MIC),(TAR,(CAL,(NEW,(PON,(GOR,(PAN,HOM)))))))));
>-> Successfully written to output-file /home/vasenaj/Desktop/phylogenetic-tree-comparison-rt-refactor/results/wQFM/data_sets/gene-trees/model.37taxon/noscale.200g.500b/R14/speciestree.txt

Time taken = 8832 ms ==> 0 minutes and 8 seconds.
================= **** ======================== **** ====================
No annotations used.
python3 compute_quartet_score.py input-wqrts-for-jar.wqrts /home/vasenaj/Desktop/phylogenetic-tree-comparison-rt-refactor/results/wQFM/data_sets/gene-trees/model.37taxon/noscale.200g.500b/R14/speciestree.txt 2
11259233.0	13209000.0	0.8523910212733742
Memory Peak: 1082