

================== ASTRAL ===================== 

This is ASTRAL version 5.15.4
Using native AVX batch computing.
Gene trees are treated as unrooted
Warning:

 Problem using GPU. Proceeding without GPU
org.jocl.CLException: CL_PLATFORM_NOT_FOUND_KHR
org.jocl.CLException: CL_PLATFORM_NOT_FOUND_KHR
Starting 2 threads ...
There are 2 threads used to run.
1000 trees read from /home/vasenaj/Desktop/phylogenetic-tree-comparison-rt-refactor/data_sets/gene-trees/model.10.2000000.0.000001/19/truegenetrees
All output trees will be *arbitrarily* rooted at 8

======== Running the main analysis
Number of taxa: 11 (11 species)
Taxa: [8, 1, 5, 7, 6, 4, 3, 10, 2, 9, 0]
Taxon occupancy: {0=1000, 1=1000, 2=1000, 3=1000, 4=1000, 5=1000, 6=1000, 7=1000, 8=1000, 9=1000, 10=1000}
Using polytree-based weight calculation.
Number of gene trees: 1000
0 trees have missing taxa
Calculating distance matrix (for completion of X) ....with 2 distance matrices for parallellism
Species tree distances calculated ...

Building set of clusters (X) from gene trees 
------------------------------
Number of Clusters after addition from gene trees: 117
Number of Clusters after addition by distance: 117
Adding to X using resolutions of greedy consensus ...

Computing greedy consensus  
Threshold 0.0:
Threshold 0.01:
Threshold 0.02:
Threshold 0.05:
Threshold 0.1:
Threshold 0.2:
Threshold 0.3333333333333333:
took 0 seconds
Limit for sigma of degrees:325

polytomy size limit : > 3
 []
discarded polytomies: 
Number of Clusters after addition by greedy: 117
partitions formed in 0.811 secs
Dynamic Programming starting after 0.811 secs
Polytree max score: 330000
Polytree building time: 0.119 seconds.
Using native AVX batch computing method.
Number of quartet trees in the gene trees: 330000
Computing hash values took 0 seconds
Size of largest cluster: 11
Size of largest cluster: 11
Finishing up:130 0 129
Total Number of elements: 129
Normalized score (portion of input quartet trees satisfied before correcting for multiple individuals): 0.9437666666666666
Final optimization score: 311443
Optimal tree inferred in 2.07 secs.
Weight calculation using polytrees cumulatively took 0.00377377 secs
(8,(1,(5,(7,(0,((2,(3,10)),(9,(6,4))))))));
Final quartet score is: 311443
Final normalized quartet score is: 0.9437666666666666
(8,(1,(5,(7,(0,((2,(3,10)1:0.6714071939235395)1:3.226144938214874,(9,(6,4)1:2.4493331698902434)1:0.6817241608944717)1:4.657462980708724)1:3.6316100463230465)1:1.0916436193520165)1:3.4587672334836355));
ASTRAL finished in 3.088 secs
Shutting down threading
Memory Peak: 1078