

================== ASTRAL ===================== 

This is ASTRAL version 5.15.4
Using native AVX batch computing.
Gene trees are treated as unrooted
Warning:

 Problem using GPU. Proceeding without GPU
org.jocl.CLException: CL_PLATFORM_NOT_FOUND_KHR
org.jocl.CLException: CL_PLATFORM_NOT_FOUND_KHR
Starting 2 threads ...
There are 2 threads used to run.
1000 trees read from /home/vasenaj/Desktop/phylogenetic-tree-comparison-rt-refactor/data_sets/gene-trees/model.15taxon/1000gene-1000bp/R1/all_gt.tre
All output trees will be *arbitrarily* rooted at O

======== Running the main analysis
Number of taxa: 15 (15 species)
Taxa: [O, M, K, H, I, E, G, A, C, D, F, B, J, L, N]
Taxon occupancy: {A=1000, B=1000, C=1000, D=1000, E=1000, F=1000, G=1000, H=1000, I=1000, J=1000, K=1000, L=1000, M=1000, N=1000, O=1000}
Using polytree-based weight calculation.
Number of gene trees: 1000
0 trees have missing taxa
Calculating distance matrix (for completion of X) ....with 2 distance matrices for parallellism
Species tree distances calculated ...

Building set of clusters (X) from gene trees 
------------------------------
Number of Clusters after addition from gene trees: 4305
Number of Clusters after addition by distance: 4305
Adding to X using resolutions of greedy consensus ...

Computing greedy consensus  
took 0 seconds
Limit for sigma of degrees:425

polytomy size limit : > 13
 [3, 12, 13]
discarded polytomies: 
Threshold 0.0:
Threshold 0.01:
Threshold 0.02:
Threshold 0.05:
Threshold 0.1:
polytomy of size 3; rounds with additions with at least 5 support: 0; clusters: 4305
Threshold 0.2:
polytomy of size 12; rounds with additions with at least 5 support: 0; clusters: 4305
Threshold 0.3333333333333333:
polytomy of size 13; rounds with additions with at least 5 support: 0; clusters: 4305
Number of Clusters after addition by greedy: 4305
partitions formed in 3.748 secs
Dynamic Programming starting after 3.748 secs
Polytree max score: 1365000
Polytree building time: 0.174 seconds.
Using native AVX batch computing method.
Number of quartet trees in the gene trees: 1365000
Computing hash values took 0 seconds
Size of largest cluster: 15
Size of largest cluster: 15
Finishing up:42373 384 385
Total Number of elements: 42372
Normalized score (portion of input quartet trees satisfied before correcting for multiple individuals): 0.6025150183150183
Final optimization score: 822433
Optimal tree inferred in 7.331 secs.
Weight calculation using polytrees cumulatively took 2.16008403 secs
(O,(N,(M,(L,(K,(J,(I,(H,(G,(F,(E,(D,(C,(A,B))))))))))))));
Final quartet score is: 822433
Final normalized quartet score is: 0.6025150183150183
(O,(N,(M,(L,(K,(J,(I,(H,(G,(F,(E,(D,(C,(A,B)1:0.23435122823981686)1:0.15613930554724514)1:0.16557937565088057)1:0.22596763184851107)1:0.17374703469276362)1:0.2023728235326805)1:0.21044268882575587)1:0.19842961880783858)1:0.15551135648777048)1:0.14973155413348208)1:0.14363716454462486)0.97:0.07182440611336224));
ASTRAL finished in 8.299 secs
Shutting down threading
Memory Peak: 1116