

================== ASTRAL ===================== 

This is ASTRAL version 5.15.4
Using native AVX batch computing.
Gene trees are treated as unrooted
Warning:

 Problem using GPU. Proceeding without GPU
org.jocl.CLException: CL_PLATFORM_NOT_FOUND_KHR
org.jocl.CLException: CL_PLATFORM_NOT_FOUND_KHR
Starting 2 threads ...
There are 2 threads used to run.
50 trees read from /home/vasenaj/Desktop/phylogenetic-tree-comparison-rt-refactor/data_sets/gene-trees/model.11taxon/estimated_50genes_strongILS/R10/all_gt.tre
All output trees will be *arbitrarily* rooted at 2

======== Running the main analysis
Number of taxa: 11 (11 species)
Taxa: [2, 11, 5, 6, 9, 10, 8, 7, 3, 4, 1]
Taxon occupancy: {11=50, 1=50, 2=50, 3=50, 4=50, 5=50, 6=50, 7=50, 8=50, 9=50, 10=50}
Using polytree-based weight calculation.
Number of gene trees: 50
0 trees have missing taxa
Calculating distance matrix (for completion of X) ....with 2 distance matrices for parallellism
Species tree distances calculated ...

Building set of clusters (X) from gene trees 
------------------------------
Number of Clusters after addition from gene trees: 137
Number of Clusters after addition by distance: 137
Adding to X using resolutions of greedy consensus ...

Computing greedy consensus  
took 0 seconds
Limit for sigma of degrees:325

polytomy size limit : > 3
 [3, 3]
discarded polytomies: 
Threshold 0.0:
Threshold 0.01:
Threshold 0.02:
Threshold 0.05:
Threshold 0.1:
Threshold 0.2:
Threshold 0.3333333333333333:
polytomy of size 3; rounds with additions with at least 5 support: 0; clusters: 137
polytomy of size 3; rounds with additions with at least 5 support: 0; clusters: 137
Number of Clusters after addition by greedy: 137
partitions formed in 0.341 secs
Dynamic Programming starting after 0.341 secs
Polytree max score: 16500
Polytree building time: 0.029 seconds.
Using native AVX batch computing method.
Number of quartet trees in the gene trees: 16500
Computing hash values took 0 seconds
Size of largest cluster: 11
Size of largest cluster: 11
Finishing up:203 0 202
Total Number of elements: 202
Normalized score (portion of input quartet trees satisfied before correcting for multiple individuals): 0.8026666666666666
Final optimization score: 13244
Optimal tree inferred in 1.452 secs.
Weight calculation using polytrees cumulatively took 0.002982862 secs
(2,(1,(3,(4,(11,(10,(9,((5,6),(8,7)))))))));
Final quartet score is: 13244
Final normalized quartet score is: 0.8026666666666666
(2,(1,(3,(4,(11,(10,(9,((5,6)1:0.7947798261037571,(8,7)1:0.6641596436866927)0.45:0.04640330909335881)1:0.365113812584597)1:2.4277482359480516)1:3.5263605246161593)0.97:0.249215791623985)0.66:0.11686434013931098));
ASTRAL finished in 1.805 secs
Shutting down threading
Memory Peak: 1194