
================== ASTRAL-Pro ===================== 

This is ASTRAL-Pro (A-Pro) version 1.1.6
Using native AVX batch computing.
Gene trees are treated as unrooted
There are 2 threads used to run.
ti: 3
tx: 3
pw: 4
The number of input tree read is 5
90 trees read from /home/vasenaj/Desktop/phylogenetic-tree-comparison-rt-refactor/data_sets/gene-trees/model.11taxon/simulated_5genes_strongILS/R17/all_gt.tre
5 extra trees.
All output trees will be *arbitrarily* rooted at 2.2

======== Running the main analysis
Number of taxa: 11 (11 species)
Taxa: [2.2, 1.1, 3.3, 4.4, 10.10, 9.9, 5.5, 6.6, 7.7, 8.8, 11.11]
Taxon occupancy: {7.7=90, 8.8=90, 1.1=90, 9.9=90, 2.2=90, 10.10=90, 11.11=90, 3.3=90, 4.4=90, 5.5=90, 6.6=90}
Using polytree-based weight calculation.
Number of gene trees: 90
0 trees have missing taxa
Calculating distance matrix (for completion of X) ....with 2 distance matrices in parallel
Species tree distances calculated ...

Building set of clusters (X) from gene trees 
------------------------------
Number of Clusters after addition by distance: 47
Adding to X using resolutions of greedy consensus ...

Computing greedy consensus  took 0 seconds
Limit for sigma of degrees:325

polytomy size limit : > 3
 []
discarded polytomies: 
Threshold 0.0:
Threshold 0.01:
Threshold 0.02:
Threshold 0.05:
Threshold 0.1:
Threshold 0.2:
Threshold 0.3333333333333333:
Number of Clusters after addition by greedy: 47
calculating extra bipartitions from extra input trees ...
Number of Clusters after additions from extra trees: 47
partitions formed in 0.306 secs
Dynamic Programming starting after 0.307 secs
Polytree max score: 1650
Polytree building time: 0.036 seconds.
Number of quartet trees in the gene trees: 1650
Computing hash values took 0 seconds
Size of largest cluster: 11
Total Number of elements: 17
Final optimization score: 0
Size of largest cluster: 11
Total Number of elements: 17
java.lang.NullPointerException
	at phylonet.coalescent.TurnTaskToScores.run(TurnTaskToScores.java:208)
	at java.base/java.lang.Thread.run(Thread.java:829)
Normalized score (portion of input quartet trees satisfied before correcting for multiple individuals): 0.9684848484848485
Final optimization score: 1598
Optimal tree inferred in 1.443 secs.
Weight calculation cumulatively took 3.86987E-4 secs
(2.2,(1.1,(3.3,(4.4,(11.11,(10.10,(9.9,((5.5,6.6),(7.7,8.8)))))))));
Final quartet score is: 1598
Final normalized quartet score is: 0.9684848484848485
You may want to ignore posterior probabilities and other statistics related to the following branch branch because the effective number of genes impacting it is only 5:
	{7.7, 8.8}
You may want to ignore posterior probabilities and other statistics related to the following branch branch because the effective number of genes impacting it is only 5:
	{5.5, 6.6, 7.7, 8.8}
You may want to ignore posterior probabilities and other statistics related to the following branch branch because the effective number of genes impacting it is only 5:
	{9.9, 5.5, 6.6, 7.7, 8.8}
You may want to ignore posterior probabilities and other statistics related to the following branch branch because the effective number of genes impacting it is only 5:
	{10.10, 9.9, 5.5, 6.6, 7.7, 8.8}
You may want to ignore posterior probabilities and other statistics related to the following branch branch because the effective number of genes impacting it is only 5:
	{10.10, 9.9, 5.5, 6.6, 7.7, 8.8, 11.11}
You may want to ignore posterior probabilities and other statistics related to the following branch branch because the effective number of genes impacting it is only 5:
	{4.4, 10.10, 9.9, 5.5, 6.6, 7.7, 8.8, 11.11}
You may want to ignore posterior probabilities and other statistics related to the following branch branch because the effective number of genes impacting it is only 5:
	{3.3, 4.4, 10.10, 9.9, 5.5, 6.6, 7.7, 8.8, 11.11}
You may want to ignore posterior probabilities and other statistics related to the following branch branch because the effective number of genes impacting it is only 5:
	{5.5, 6.6}
(2.2,(1.1,(3.3,(4.4,(11.11,(10.10,(9.9,((5.5,6.6)0.99:1.3862943611198908,(7.7,8.8)0.99:1.3862943611198908)0.93:0.6931471805599453)0.99:1.3862943611198908)0.99:1.3862943611198908)0.99:1.3862943611198908)0.72:0.2876820724517809)0.99:1.3862943611198908));
ASTRAL-Pro finished in 1.786 secs
Memory Peak: 1182