

================== ASTRAL ===================== 

This is ASTRAL version 5.15.4
Using native AVX batch computing.
Gene trees are treated as unrooted
Warning:

 Problem using GPU. Proceeding without GPU
org.jocl.CLException: CL_PLATFORM_NOT_FOUND_KHR
org.jocl.CLException: CL_PLATFORM_NOT_FOUND_KHR
Starting 2 threads ...
There are 2 threads used to run.
1000 trees read from /home/vasenaj/Desktop/phylogenetic-tree-comparison-rt-refactor/data_sets/gene-trees/model.10.2000000.0.000001/24/truegenetrees
All output trees will be *arbitrarily* rooted at 4

======== Running the main analysis
Number of taxa: 11 (11 species)
Taxa: [4, 3, 6, 1, 8, 5, 9, 10, 7, 2, 0]
Taxon occupancy: {0=1000, 1=1000, 2=1000, 3=1000, 4=1000, 5=1000, 6=1000, 7=1000, 8=1000, 9=1000, 10=1000}
Using polytree-based weight calculation.
Number of gene trees: 1000
0 trees have missing taxa
Calculating distance matrix (for completion of X) ....with 2 distance matrices for parallellism
Species tree distances calculated ...

Building set of clusters (X) from gene trees 
------------------------------
Number of Clusters after addition from gene trees: 197
Number of Clusters after addition by distance: 197
Adding to X using resolutions of greedy consensus ...

Computing greedy consensus  
took 0 seconds
Limit for sigma of degrees:325

polytomy size limit : > 4
 [4]
discarded polytomies: 
Threshold 0.0:
Threshold 0.01:
Threshold 0.02:
Threshold 0.05:
Threshold 0.1:
Threshold 0.2:
Threshold 0.3333333333333333:
polytomy of size 4; rounds with additions with at least 5 support: 0; clusters: 197
Number of Clusters after addition by greedy: 197
partitions formed in 1.245 secs
Dynamic Programming starting after 1.245 secs
Polytree max score: 330000
Polytree building time: 0.11 seconds.
Using native AVX batch computing method.
Number of quartet trees in the gene trees: 330000
Computing hash values took 0 seconds
Size of largest cluster: 11
Size of largest cluster: 11
Finishing up:417 0 0
Total Number of elements: 416
Normalized score (portion of input quartet trees satisfied before correcting for multiple individuals): 0.8501090909090909
Final optimization score: 280536
Optimal tree inferred in 2.482 secs.
Weight calculation using polytrees cumulatively took 0.005389898 secs
(4,(0,(((7,(9,10)),(8,5)),(2,(3,(6,1))))));
Final quartet score is: 280536
Final normalized quartet score is: 0.8501090909090909
(4,(0,(((7,(9,10)1:4.018383021419052)1:2.3289024013114186,(8,5)1:5.404677382538943)1:1.6141944616448962,(2,(3,(6,1)1:5.086223651420416)0.78:0.030060569321520545)1:0.2697289798681778)1:1.4012913710968269));
ASTRAL finished in 3.312 secs
Shutting down threading
Memory Peak: 1078