

================== ASTRAL ===================== 

This is ASTRAL version 5.15.4
Using native AVX batch computing.
Gene trees are treated as unrooted
Warning:

 Problem using GPU. Proceeding without GPU
org.jocl.CLException: CL_PLATFORM_NOT_FOUND_KHR
org.jocl.CLException: CL_PLATFORM_NOT_FOUND_KHR
Starting 2 threads ...
There are 2 threads used to run.
15 trees read from /home/vasenaj/Desktop/phylogenetic-tree-comparison-rt-refactor/data_sets/gene-trees/model.11taxon/estimated_15genes_strongILS/R6/all_gt.tre
All output trees will be *arbitrarily* rooted at 11

======== Running the main analysis
Number of taxa: 11 (11 species)
Taxa: [11, 7, 6, 9, 8, 5, 10, 3, 2, 4, 1]
Taxon occupancy: {11=15, 1=15, 2=15, 3=15, 4=15, 5=15, 6=15, 7=15, 8=15, 9=15, 10=15}
Using polytree-based weight calculation.
Number of gene trees: 15
0 trees have missing taxa
Calculating distance matrix (for completion of X) ....with 2 distance matrices for parallellism
Species tree distances calculated ...

Building set of clusters (X) from gene trees 
------------------------------
Number of Clusters after addition from gene trees: 101
Number of Clusters after addition by distance: 101
Adding to X using resolutions of greedy consensus ...

Computing greedy consensus  
took 0 seconds
Limit for sigma of degrees:325

polytomy size limit : > 3
 [3]
discarded polytomies: 
Threshold 0.0:
Threshold 0.01:
Threshold 0.02:
Threshold 0.05:
Threshold 0.1:
Threshold 0.2:
Threshold 0.3333333333333333:
polytomy of size 3; rounds with additions with at least 5 support: 0; clusters: 101
Number of Clusters after addition by greedy: 101
partitions formed in 0.201 secs
Dynamic Programming starting after 0.201 secs
Polytree max score: 4950
Polytree building time: 0.009 seconds.
Using native AVX batch computing method.
Number of quartet trees in the gene trees: 4950
Computing hash values took 0 seconds
Size of largest cluster: 11
Size of largest cluster: 11
Finishing up:102 6 7
Total Number of elements: 101
Normalized score (portion of input quartet trees satisfied before correcting for multiple individuals): 0.8347474747474748
Final optimization score: 4132
Optimal tree inferred in 1.287 secs.
Weight calculation using polytrees cumulatively took 0.001127631 secs
(11,((10,(9,((7,8),(6,5)))),(4,(3,(2,1)))));
Final quartet score is: 4132
Final normalized quartet score is: 0.8347474747474748
You may want to ignore posterior probabilities and other statistics related to the following branch branch because the effective number of genes impacting it is only 15:
	{7, 8}
You may want to ignore posterior probabilities and other statistics related to the following branch branch because the effective number of genes impacting it is only 15:
	{6, 5}
You may want to ignore posterior probabilities and other statistics related to the following branch branch because the effective number of genes impacting it is only 15:
	{7, 6, 8, 5}
You may want to ignore posterior probabilities and other statistics related to the following branch branch because the effective number of genes impacting it is only 15:
	{7, 6, 9, 8, 5}
You may want to ignore posterior probabilities and other statistics related to the following branch branch because the effective number of genes impacting it is only 15:
	{7, 6, 9, 8, 5, 10}
You may want to ignore posterior probabilities and other statistics related to the following branch branch because the effective number of genes impacting it is only 15:
	{2, 1}
You may want to ignore posterior probabilities and other statistics related to the following branch branch because the effective number of genes impacting it is only 15:
	{3, 2, 1}
You may want to ignore posterior probabilities and other statistics related to the following branch branch because the effective number of genes impacting it is only 15:
	{3, 2, 4, 1}
(11,((10,(9,((7,8)0.92:0.37145195551723964,(6,5)0.97:0.4953214372300254)0.47:0.08985632912186105)0.99:0.6179237593223578)1:2.367123614131617,(4,(3,(2,1)0.45:0.039845908547199674)0.91:0.3522205935893521)1:2.367123614131617));
ASTRAL finished in 1.58 secs
Shutting down threading
Memory Peak: 1188