

================== ASTRAL ===================== 

This is ASTRAL version 5.15.4
Using native AVX batch computing.
Gene trees are treated as unrooted
Warning:

 Problem using GPU. Proceeding without GPU
org.jocl.CLException: CL_PLATFORM_NOT_FOUND_KHR
org.jocl.CLException: CL_PLATFORM_NOT_FOUND_KHR
Starting 2 threads ...
There are 2 threads used to run.
25 trees read from /home/vasenaj/Desktop/phylogenetic-tree-comparison-rt-refactor/data_sets/gene-trees/model.37taxon/noscale.25g.500b/R7/all_gt.tre
All output trees will be *arbitrarily* rooted at GAL

======== Running the main analysis
Number of taxa: 37 (37 species)
Taxa: [GAL, MAC, MON, CHO, DAS, CAN, FEL, PTE, MYO, VIC, SUS, TUR, BOS, EQU, SOR, ERI, OCH, ORY, TUP, CAL, TAR, MIC, OTO, NEW, GOR, PON, PAN, HOM, DIP, MUS, RAT, CAV, SPE, PRO, LOX, ECH, ORN]
Taxon occupancy: {PTE=25, NEW=25, TAR=25, RAT=25, SPE=25, ORN=25, CHO=25, OTO=25, PRO=25, ORY=25, MYO=25, MIC=25, BOS=25, HOM=25, EQU=25, DIP=25, MUS=25, GOR=25, ECH=25, FEL=25, MON=25, MAC=25, TUP=25, PON=25, CAL=25, SUS=25, TUR=25, CAN=25, VIC=25, GAL=25, LOX=25, OCH=25, DAS=25, SOR=25, CAV=25, PAN=25, ERI=25}
Using polytree-based weight calculation.
Number of gene trees: 25
0 trees have missing taxa
Calculating distance matrix (for completion of X) ....with 2 distance matrices for parallellism
Species tree distances calculated ...

Building set of clusters (X) from gene trees 
------------------------------
Number of Clusters after addition from gene trees: 615
Number of Clusters after addition by distance: 615
Adding to X using resolutions of greedy consensus ...

Computing greedy consensus  
Threshold 0.0:
Threshold 0.01:
Threshold 0.02:
Threshold 0.05:
Threshold 0.1:
Threshold 0.2:
took 0 seconds
Limit for sigma of degrees:975

polytomy size limit : > 5
 [3, 3, 3, 3, 4, 5]
discarded polytomies: 
polytomy of size 3; rounds with additions with at least 5 support: 0; clusters: 615
polytomy of size 3; rounds with additions with at least 5 support: 0; clusters: 615
Threshold 0.3333333333333333:
polytomy of size 5; rounds with additions with at least 5 support: 0; clusters: 615
polytomy of size 4; rounds with additions with at least 5 support: 0; clusters: 615
polytomy of size 3; rounds with additions with at least 5 support: 0; clusters: 615
polytomy of size 3; rounds with additions with at least 5 support: 0; clusters: 615
Number of Clusters after addition by greedy: 615
partitions formed in 0.586 secs
Dynamic Programming starting after 0.586 secs
Polytree max score: 1651125
Polytree building time: 0.017 seconds.
Using native AVX batch computing method.
Number of quartet trees in the gene trees: 1651125
Computing hash values took 0 seconds
Size of largest cluster: 37
Size of largest cluster: 37
Finishing up:744 0 0
Total Number of elements: 743
Normalized score (portion of input quartet trees satisfied before correcting for multiple individuals): 0.855327731092437
Final optimization score: 1412253
Optimal tree inferred in 1.739 secs.
Weight calculation using polytrees cumulatively took 0.008615061 secs
(GAL,((((((TUP,((TAR,(CAL,(NEW,(PON,(GOR,(PAN,HOM)))))),(MIC,OTO))),(((DIP,(MUS,RAT)),(CAV,SPE)),(OCH,ORY))),((((VIC,(SUS,(TUR,BOS))),(PTE,MYO)),(EQU,(CAN,FEL))),(SOR,ERI))),(CHO,DAS)),(ECH,(PRO,LOX))),(ORN,(MAC,MON))));
Final quartet score is: 1412253
Final normalized quartet score is: 0.855327731092437
(GAL,((((((TUP,((TAR,(CAL,(NEW,(PON,(GOR,(PAN,HOM)0.92:0.2876820724517809)1:1.3485540331370434)1:1.3121863889661687)0.78:0.18070995289961306)0.99:0.49935322260375353)0.98:0.4349123094344654,(MIC,OTO)1:1.27218105435247)1:0.6885788765895656)0.77:0.18567883450087183,(((DIP,(MUS,RAT)1:1.466337068793427)0.69:0.1477111218200353,(CAV,SPE)0.59:0.14388702538163187)0.99:0.4813498056330369,(OCH,ORY)1:1.5716975844512528)1:0.7217247336147468)1:1.0309256312127462,((((VIC,(SUS,(TUR,BOS)1:0.9025284025979683)0.72:0.17848278048678892)1:1.6486586255873819,(PTE,MYO)1:1.114715192706086)0.51:0.06857596468410586,(EQU,(CAN,FEL)1:1.4590110287013534)0.7:0.14418448212865687)0.97:0.37469344944141086,(SOR,ERI)0.95:0.323149155536613)1:1.234228737949091)1:1.0925631596466945,(CHO,DAS)1:2.3136349291806306)0.54:0.08134563945395253,(ECH,(PRO,LOX)1:1.2373283980268188)1:1.759590186294663)0.99:0.49597911564899594,(ORN,(MAC,MON)1:0.9025284025979683)0.74:0.20710158579244176));
ASTRAL finished in 2.226 secs
Shutting down threading
Memory Peak: 1122