

================== ASTRAL ===================== 

This is ASTRAL version 5.15.4
Using native AVX batch computing.
Gene trees are treated as unrooted
Warning:

 Problem using GPU. Proceeding without GPU
org.jocl.CLException: CL_PLATFORM_NOT_FOUND_KHR
org.jocl.CLException: CL_PLATFORM_NOT_FOUND_KHR
Starting 2 threads ...
There are 2 threads used to run.
1000 trees read from /home/vasenaj/Desktop/phylogenetic-tree-comparison-rt-refactor/data_sets/gene-trees/model.15taxon/1000gene-100bp/R10/all_gt.tre
All output trees will be *arbitrarily* rooted at O

======== Running the main analysis
Number of taxa: 15 (15 species)
Taxa: [O, F, B, D, A, C, G, I, H, K, M, N, J, L, E]
Taxon occupancy: {A=1000, B=1000, C=1000, D=1000, E=1000, F=1000, G=1000, H=1000, I=1000, J=1000, K=1000, L=1000, M=1000, N=1000, O=1000}
Using polytree-based weight calculation.
Number of gene trees: 1000
0 trees have missing taxa
Calculating distance matrix (for completion of X) ....with 2 distance matrices for parallellism
Species tree distances calculated ...

Building set of clusters (X) from gene trees 
------------------------------
Number of Clusters after addition from gene trees: 5731
Number of Clusters after addition by distance: 5731
Adding to X using resolutions of greedy consensus ...

Computing greedy consensus  
took 0 seconds
Limit for sigma of degrees:425

polytomy size limit : > 14
 [4, 10, 13, 14]
discarded polytomies: 
Threshold 0.0:
Threshold 0.01:
Threshold 0.02:
Threshold 0.05:
polytomy of size 4; rounds with additions with at least 5 support: 0; clusters: 5731
Threshold 0.1:
polytomy of size 10; rounds with additions with at least 5 support: 0; clusters: 5731
Threshold 0.2:
polytomy of size 13; rounds with additions with at least 5 support: 0; clusters: 5731
Threshold 0.3333333333333333:
polytomy of size 14; rounds with additions with at least 5 support: 0; clusters: 5731
Number of Clusters after addition by greedy: 5731
partitions formed in 7.273 secs
Dynamic Programming starting after 7.273 secs
Polytree max score: 1365000
Polytree building time: 0.189 seconds.
Using native AVX batch computing method.
Number of quartet trees in the gene trees: 1365000
Computing hash values took 0 seconds
Size of largest cluster: 15
Size of largest cluster: 15
Finishing up:73897 704 73896
Total Number of elements: 73896
Normalized score (portion of input quartet trees satisfied before correcting for multiple individuals): 0.5215787545787546
Final optimization score: 711955
Optimal tree inferred in 15.146 secs.
Weight calculation using polytrees cumulatively took 6.220376676 secs
(O,((L,(M,N)),(K,(J,(I,(H,(G,(F,(E,(D,(C,(B,A))))))))))));
Final quartet score is: 711955
Final normalized quartet score is: 0.5215787545787546
(O,((L,(M,N)1:0.12034625796565034)0.88:0.04040204819911143,(K,(J,(I,(H,(G,(F,(E,(D,(C,(B,A)1:0.1582382767595751)1:0.11602781100351141)1:0.16616899830947135)1:0.1416514219556453)1:0.12265878896041175)1:0.12381302485130188)1:0.09833673322204065)1:0.07688212317131114)1:0.07415280012638445)0.72:0.04083240083480729));
ASTRAL finished in 16.437 secs
Shutting down threading
Memory Peak: 1116