

================== ASTRAL ===================== 

This is ASTRAL version 5.15.4
Using native AVX batch computing.
Gene trees are treated as unrooted
Warning:

 Problem using GPU. Proceeding without GPU
org.jocl.CLException: CL_PLATFORM_NOT_FOUND_KHR
org.jocl.CLException: CL_PLATFORM_NOT_FOUND_KHR
Starting 2 threads ...
There are 2 threads used to run.
1000 trees read from /home/vasenaj/Desktop/phylogenetic-tree-comparison-rt-refactor/data_sets/gene-trees/model.10.2000000.0.000001/14/truegenetrees
All output trees will be *arbitrarily* rooted at 7

======== Running the main analysis
Number of taxa: 11 (11 species)
Taxa: [7, 10, 4, 8, 6, 2, 3, 5, 1, 9, 0]
Taxon occupancy: {0=1000, 1=1000, 2=1000, 3=1000, 4=1000, 5=1000, 6=1000, 7=1000, 8=1000, 9=1000, 10=1000}
Using polytree-based weight calculation.
Number of gene trees: 1000
0 trees have missing taxa
Calculating distance matrix (for completion of X) ....with 2 distance matrices for parallellism
Species tree distances calculated ...

Building set of clusters (X) from gene trees 
------------------------------
Number of Clusters after addition from gene trees: 267
Number of Clusters after addition by distance: 267
Adding to X using resolutions of greedy consensus ...

Computing greedy consensus  
took 0 seconds
Limit for sigma of degrees:325

polytomy size limit : > 3
 []
discarded polytomies: 
Threshold 0.0:
Threshold 0.01:
Threshold 0.02:
Threshold 0.05:
Threshold 0.1:
Threshold 0.2:
Threshold 0.3333333333333333:
Number of Clusters after addition by greedy: 267
partitions formed in 0.79 secs
Dynamic Programming starting after 0.79 secs
Polytree max score: 330000
Polytree building time: 0.113 seconds.
Using native AVX batch computing method.
Number of quartet trees in the gene trees: 330000
Computing hash values took 0 seconds
Size of largest cluster: 11
Size of largest cluster: 11
Finishing up:646 0 645
Total Number of elements: 645
Normalized score (portion of input quartet trees satisfied before correcting for multiple individuals): 0.855560606060606
Final optimization score: 282335
Optimal tree inferred in 2.071 secs.
Weight calculation using polytrees cumulatively took 0.01223873 secs
(7,(10,(((5,1),(2,3)),((9,0),(6,(4,8))))));
Final quartet score is: 282335
Final normalized quartet score is: 0.855560606060606
(7,(10,(((5,1)1:2.8378981984003304,(2,3)1:1.3215061209149706)1:0.7766048033335509,((9,0)1:4.739701078945684,(6,(4,8)1:1.1233923176665968)1:2.9455634873126813)1:0.752968241701371)1:0.595070872702341));
ASTRAL finished in 3.147 secs
Shutting down threading
Memory Peak: 1078