

================== ASTRAL ===================== 

This is ASTRAL version 5.15.4
Using native AVX batch computing.
Gene trees are treated as unrooted
Warning:

 Problem using GPU. Proceeding without GPU
org.jocl.CLException: CL_PLATFORM_NOT_FOUND_KHR
org.jocl.CLException: CL_PLATFORM_NOT_FOUND_KHR
Starting 2 threads ...
There are 2 threads used to run.
15 trees read from /home/vasenaj/Desktop/phylogenetic-tree-comparison-rt-refactor/data_sets/gene-trees/model.11taxon/simulated_15genes_strongILS/R5/all_gt.tre
All output trees will be *arbitrarily* rooted at 11.11

======== Running the main analysis
Number of taxa: 11 (11 species)
Taxa: [11.11, 6.6, 5.5, 10.10, 8.8, 7.7, 9.9, 4.4, 3.3, 1.1, 2.2]
Taxon occupancy: {7.7=15, 8.8=15, 9.9=15, 1.1=15, 2.2=15, 11.11=15, 10.10=15, 3.3=15, 4.4=15, 5.5=15, 6.6=15}
Using polytree-based weight calculation.
Number of gene trees: 15
Calculating distance matrix (for completion of X) ....0 trees have missing taxa
with 2 distance matrices for parallellism
Species tree distances calculated ...

Building set of clusters (X) from gene trees 
------------------------------
Number of Clusters after addition from gene trees: 57
Number of Clusters after addition by distance: 57
Adding to X using resolutions of greedy consensus ...

Computing greedy consensus  
took 0 seconds
Limit for sigma of degrees:325

polytomy size limit : > 3
 []
discarded polytomies: 
Threshold 0.0:
Threshold 0.01:
Threshold 0.02:
Threshold 0.05:
Threshold 0.1:
Threshold 0.2:
Threshold 0.3333333333333333:
Number of Clusters after addition by greedy: 57
partitions formed in 0.144 secs
Dynamic Programming starting after 0.144 secs
Polytree max score: 4950
Polytree building time: 0.008 seconds.
Using native AVX batch computing method.
Number of quartet trees in the gene trees: 4950
Computing hash values took 0 seconds
Size of largest cluster: 11
Size of largest cluster: 11
Total Number of elements: 30
Normalized score (portion of input quartet trees satisfied before correcting for multiple individuals): 0.924040404040404
Final optimization score: 4574
Optimal tree inferred in 1.209 secs.
Weight calculation using polytrees cumulatively took 2.68953E-4 secs
(11.11,((10.10,((9.9,(8.8,7.7)),(6.6,5.5))),(4.4,(3.3,(1.1,2.2)))));
Finishing up:31 30 30
Final quartet score is: 4574
Final normalized quartet score is: 0.924040404040404
You may want to ignore posterior probabilities and other statistics related to the following branch branch because the effective number of genes impacting it is only 15:
	{8.8, 7.7}
You may want to ignore posterior probabilities and other statistics related to the following branch branch because the effective number of genes impacting it is only 15:
	{8.8, 7.7, 9.9}
You may want to ignore posterior probabilities and other statistics related to the following branch branch because the effective number of genes impacting it is only 15:
	{6.6, 5.5}
You may want to ignore posterior probabilities and other statistics related to the following branch branch because the effective number of genes impacting it is only 15:
	{6.6, 5.5, 8.8, 7.7, 9.9}
You may want to ignore posterior probabilities and other statistics related to the following branch branch because the effective number of genes impacting it is only 15:
	{6.6, 5.5, 10.10, 8.8, 7.7, 9.9}
You may want to ignore posterior probabilities and other statistics related to the following branch branch because the effective number of genes impacting it is only 15:
	{1.1, 2.2}
You may want to ignore posterior probabilities and other statistics related to the following branch branch because the effective number of genes impacting it is only 15:
	{3.3, 1.1, 2.2}
You may want to ignore posterior probabilities and other statistics related to the following branch branch because the effective number of genes impacting it is only 15:
	{4.4, 3.3, 1.1, 2.2}
(11.11,((10.10,((9.9,(8.8,7.7)1:2.367123614131617)0.85:0.2876820724517809,(6.6,5.5)1:2.367123614131617)1:0.8266785731844677)1:2.367123614131617,(4.4,(3.3,(1.1,2.2)0.98:0.5753641449035618)1:1.4508328822574619)1:2.367123614131617));
ASTRAL finished in 1.577 secs
Shutting down threading
Memory Peak: 1188