

================== ASTRAL ===================== 

This is ASTRAL version 5.15.4
Using native AVX batch computing.
Gene trees are treated as unrooted
Warning:

 Problem using GPU. Proceeding without GPU
org.jocl.CLException: CL_PLATFORM_NOT_FOUND_KHR
org.jocl.CLException: CL_PLATFORM_NOT_FOUND_KHR
Starting 2 threads ...
There are 2 threads used to run.
1000 trees read from /home/vasenaj/Desktop/phylogenetic-tree-comparison-rt-refactor/data_sets/gene-trees/model.10.2000000.0.000001/26/truegenetrees
All output trees will be *arbitrarily* rooted at 0

======== Running the main analysis
Number of taxa: 11 (11 species)
Taxa: [0, 9, 10, 7, 2, 5, 8, 3, 6, 4, 1]
Taxon occupancy: {0=1000, 1=1000, 2=1000, 3=1000, 4=1000, 5=1000, 6=1000, 7=1000, 8=1000, 9=1000, 10=1000}
Using polytree-based weight calculation.
Number of gene trees: 1000
0 trees have missing taxa
Calculating distance matrix (for completion of X) ....with 2 distance matrices for parallellism
Species tree distances calculated ...

Building set of clusters (X) from gene trees 
------------------------------
Number of Clusters after addition from gene trees: 109
Number of Clusters after addition by distance: 109
Adding to X using resolutions of greedy consensus ...

Computing greedy consensus  
took 0 seconds
Limit for sigma of degrees:325

polytomy size limit : > 3
 []
discarded polytomies: 
Threshold 0.0:
Threshold 0.01:
Threshold 0.02:
Threshold 0.05:
Threshold 0.1:
Threshold 0.2:
Threshold 0.3333333333333333:
Number of Clusters after addition by greedy: 109
partitions formed in 0.719 secs
Dynamic Programming starting after 0.72 secs
Polytree max score: 330000
Polytree building time: 0.08 seconds.
Using native AVX batch computing method.
Number of quartet trees in the gene trees: 330000
Computing hash values took 0 seconds
Size of largest cluster: 11
Size of largest cluster: 11
Finishing up:107 14 15
Total Number of elements: 106
Normalized score (portion of input quartet trees satisfied before correcting for multiple individuals): 0.9232484848484849
Final optimization score: 304672
Optimal tree inferred in 1.929 secs.
Weight calculation using polytrees cumulatively took 0.011349631 secs
(0,((5,(2,(7,(9,10)))),((1,(6,4)),(8,3))));
Final quartet score is: 304672
Final normalized quartet score is: 0.9232484848484849
(0,((5,(2,(7,(9,10)1:0.5874245925960705)1:1.793759469894722)1:5.655991810819839)1:0.742339523494514,((1,(6,4)1:3.0937934867302057)1:0.21682613568443646,(8,3)1:3.5945687746426924)1:4.8168907176368165));
ASTRAL finished in 3.006 secs
Shutting down threading
Memory Peak: 1078