

================== ASTRAL ===================== 

This is ASTRAL version 5.15.4
Using native AVX batch computing.
Gene trees are treated as unrooted
Warning:

 Problem using GPU. Proceeding without GPU
org.jocl.CLException: CL_PLATFORM_NOT_FOUND_KHR
org.jocl.CLException: CL_PLATFORM_NOT_FOUND_KHR
Starting 2 threads ...
There are 2 threads used to run.
15 trees read from /home/vasenaj/Desktop/phylogenetic-tree-comparison-rt-refactor/data_sets/gene-trees/model.11taxon/estimated_15genes_strongILS/R8/all_gt.tre
All output trees will be *arbitrarily* rooted at 11

======== Running the main analysis
Number of taxa: 11 (11 species)
Taxa: [11, 9, 7, 10, 8, 5, 6, 3, 2, 4, 1]
Taxon occupancy: {11=15, 1=15, 2=15, 3=15, 4=15, 5=15, 6=15, 7=15, 8=15, 9=15, 10=15}
Using polytree-based weight calculation.
Number of gene trees: 15
0 trees have missing taxa
Calculating distance matrix (for completion of X) ....with 2 distance matrices for parallellism
Species tree distances calculated ...

Building set of clusters (X) from gene trees 
------------------------------
Number of Clusters after addition from gene trees: 97
Number of Clusters after addition by distance: 97
Adding to X using resolutions of greedy consensus ...

Computing greedy consensus  
Threshold 0.0:
Threshold 0.01:
Threshold 0.02:
Threshold 0.05:
Threshold 0.1:
Threshold 0.2:
Threshold 0.3333333333333333:
took 0 seconds
Limit for sigma of degrees:325

polytomy size limit : > 3
 [3]
discarded polytomies: 
polytomy of size 3; rounds with additions with at least 5 support: 0; clusters: 97
Number of Clusters after addition by greedy: 97
partitions formed in 0.215 secs
Dynamic Programming starting after 0.215 secs
Polytree max score: 4950
Polytree building time: 0.015 seconds.
Using native AVX batch computing method.
Number of quartet trees in the gene trees: 4950
Computing hash values took 0 seconds
Size of largest cluster: 11
Size of largest cluster: 11
Finishing up:88 87 87
Total Number of elements: 87
Normalized score (portion of input quartet trees satisfied before correcting for multiple individuals): 0.8153535353535354
Final optimization score: 4036
Optimal tree inferred in 1.3 secs.
Weight calculation using polytrees cumulatively took 8.57907E-4 secs
(11,((10,(9,((7,8),(5,6)))),(4,(1,(3,2)))));
Final quartet score is: 4036
Final normalized quartet score is: 0.8153535353535354
You may want to ignore posterior probabilities and other statistics related to the following branch branch because the effective number of genes impacting it is only 15:
	{7, 8}
You may want to ignore posterior probabilities and other statistics related to the following branch branch because the effective number of genes impacting it is only 15:
	{5, 6}
You may want to ignore posterior probabilities and other statistics related to the following branch branch because the effective number of genes impacting it is only 15:
	{7, 8, 5, 6}
You may want to ignore posterior probabilities and other statistics related to the following branch branch because the effective number of genes impacting it is only 15:
	{9, 7, 8, 5, 6}
You may want to ignore posterior probabilities and other statistics related to the following branch branch because the effective number of genes impacting it is only 15:
	{9, 7, 10, 8, 5, 6}
You may want to ignore posterior probabilities and other statistics related to the following branch branch because the effective number of genes impacting it is only 15:
	{3, 2}
You may want to ignore posterior probabilities and other statistics related to the following branch branch because the effective number of genes impacting it is only 15:
	{3, 2, 1}
You may want to ignore posterior probabilities and other statistics related to the following branch branch because the effective number of genes impacting it is only 15:
	{3, 2, 4, 1}
(11,((10,(9,((7,8)1:1.1560333420368167,(5,6)1:0.7295148247308203)0.58:0.11145544092532282)0.41:0.015748356968139168)1:1.2685113254635072,(4,(1,(3,2)0.81:0.27217788591581565)0.95:0.4418327522790392)1:1.6739764335716716));
ASTRAL finished in 1.653 secs
Shutting down threading
Memory Peak: 1188