

================== ASTRAL ===================== 

This is ASTRAL version 5.15.4
Using native AVX batch computing.
Gene trees are treated as unrooted
Warning:

 Problem using GPU. Proceeding without GPU
org.jocl.CLException: CL_PLATFORM_NOT_FOUND_KHR
org.jocl.CLException: CL_PLATFORM_NOT_FOUND_KHR
Starting 2 threads ...
There are 2 threads used to run.
100 trees read from /home/vasenaj/Desktop/phylogenetic-tree-comparison-rt-refactor/data_sets/gene-trees/model.11taxon/estimated_100genes_strongILS/R13/all_gt.tre
All output trees will be *arbitrarily* rooted at 4

======== Running the main analysis
Number of taxa: 11 (11 species)
Taxa: [4, 11, 9, 10, 7, 8, 5, 6, 2, 3, 1]
Taxon occupancy: {11=100, 1=100, 2=100, 3=100, 4=100, 5=100, 6=100, 7=100, 8=100, 9=100, 10=100}
Using polytree-based weight calculation.
Number of gene trees: 100
0 trees have missing taxa
Calculating distance matrix (for completion of X) ....with 2 distance matrices for parallellism
Species tree distances calculated ...

Building set of clusters (X) from gene trees 
------------------------------
Number of Clusters after addition from gene trees: 177
Number of Clusters after addition by distance: 177
Adding to X using resolutions of greedy consensus ...

Computing greedy consensus  
took 0 seconds
Limit for sigma of degrees:325

polytomy size limit : > 3
 [3, 3]
discarded polytomies: 
Threshold 0.0:
Threshold 0.01:
Threshold 0.02:
Threshold 0.05:
Threshold 0.1:
Threshold 0.2:
Threshold 0.3333333333333333:
polytomy of size 3; rounds with additions with at least 5 support: 0; clusters: 177
polytomy of size 3; rounds with additions with at least 5 support: 0; clusters: 177
Number of Clusters after addition by greedy: 177
partitions formed in 0.501 secs
Dynamic Programming starting after 0.502 secs
Polytree max score: 33000
Polytree building time: 0.04 seconds.
Using native AVX batch computing method.
Number of quartet trees in the gene trees: 33000
Computing hash values took 0 seconds
Size of largest cluster: 11
Size of largest cluster: 11
Finishing up:300 20 21
Total Number of elements: 299
Normalized score (portion of input quartet trees satisfied before correcting for multiple individuals): 0.8118484848484848
Final optimization score: 26791
Optimal tree inferred in 1.676 secs.
Weight calculation using polytrees cumulatively took 0.006235416 secs
(4,((11,(10,(9,((7,8),(5,6))))),(2,(3,1))));
Final quartet score is: 26791
Final normalized quartet score is: 0.8118484848484848
(4,((11,(10,(9,((7,8)1:0.8013405593020759,(5,6)1:0.908541485627922)0.96:0.16879953146198054)1:0.31477856213991956)1:2.7280508678088813)1:2.8659206620320012,(2,(3,1)0.95:0.16441355951872638)1:0.25703900633969556));
ASTRAL finished in 2.147 secs
Shutting down threading
Memory Peak: 1200