

================== ASTRAL ===================== 

This is ASTRAL version 5.15.4
Using native AVX batch computing.
Gene trees are treated as unrooted
Warning:

 Problem using GPU. Proceeding without GPU
org.jocl.CLException: CL_PLATFORM_NOT_FOUND_KHR
org.jocl.CLException: CL_PLATFORM_NOT_FOUND_KHR
Starting 2 threads ...
There are 2 threads used to run.
1000 trees read from /home/vasenaj/Desktop/phylogenetic-tree-comparison-rt-refactor/data_sets/gene-trees/model.10.2000000.0.000001/48/truegenetrees
All output trees will be *arbitrarily* rooted at 10

======== Running the main analysis
Number of taxa: 11 (11 species)
Taxa: [10, 8, 4, 2, 1, 7, 5, 9, 6, 3, 0]
Taxon occupancy: {0=1000, 1=1000, 2=1000, 3=1000, 4=1000, 5=1000, 6=1000, 7=1000, 8=1000, 9=1000, 10=1000}
Using polytree-based weight calculation.
Number of gene trees: 1000
0 trees have missing taxa
Calculating distance matrix (for completion of X) ....with 2 distance matrices for parallellism
Species tree distances calculated ...

Building set of clusters (X) from gene trees 
------------------------------
Number of Clusters after addition from gene trees: 117
Number of Clusters after addition by distance: 117
Adding to X using resolutions of greedy consensus ...

Computing greedy consensus  
Threshold 0.0:
Threshold 0.01:
Threshold 0.02:
Threshold 0.05:
Threshold 0.1:
Threshold 0.2:
Threshold 0.3333333333333333:
took 0 seconds
Limit for sigma of degrees:325

polytomy size limit : > 3
 []
discarded polytomies: 
Number of Clusters after addition by greedy: 117
partitions formed in 0.681 secs
Dynamic Programming starting after 0.682 secs
Polytree max score: 330000
Polytree building time: 0.066 seconds.
Using native AVX batch computing method.
Number of quartet trees in the gene trees: 330000
Computing hash values took 0 seconds
Size of largest cluster: 11
Size of largest cluster: 11
Finishing up:142 12 13
Total Number of elements: 141
Normalized score (portion of input quartet trees satisfied before correcting for multiple individuals): 0.9298121212121212
Final optimization score: 306838
Optimal tree inferred in 1.856 secs.
Weight calculation using polytrees cumulatively took 0.005487255 secs
(10,(8,((4,(2,1)),((0,(9,(6,3))),(7,5)))));
Final quartet score is: 306838
Final normalized quartet score is: 0.9298121212121212
(10,(8,((4,(2,1)1:2.6114693730964293)1:2.448610365377386,((0,(9,(6,3)1:0.10802807309160677)1:6.5032896712070904)1:2.784851414851578,(7,5)1:5.810142490647089)1:1.047968555849355)1:1.3714205122966838));
ASTRAL finished in 2.89 secs
Shutting down threading
Memory Peak: 1078