

================== ASTRAL ===================== 

This is ASTRAL version 5.15.4
Using native AVX batch computing.
Gene trees are treated as unrooted
Warning:

 Problem using GPU. Proceeding without GPU
org.jocl.CLException: CL_PLATFORM_NOT_FOUND_KHR
org.jocl.CLException: CL_PLATFORM_NOT_FOUND_KHR
Starting 2 threads ...
There are 2 threads used to run.
25 trees read from /home/vasenaj/Desktop/phylogenetic-tree-comparison-rt-refactor/data_sets/gene-trees/model.11taxon/simulated_25genes_strongILS/R5/all_gt.tre
All output trees will be *arbitrarily* rooted at 11.11

======== Running the main analysis
Number of taxa: 11 (11 species)
Taxa: [11.11, 4.4, 3.3, 1.1, 2.2, 10.10, 9.9, 6.6, 5.5, 8.8, 7.7]
Taxon occupancy: {7.7=25, 8.8=25, 1.1=25, 9.9=25, 2.2=25, 11.11=25, 10.10=25, 3.3=25, 4.4=25, 5.5=25, 6.6=25}
Using polytree-based weight calculation.
Number of gene trees: 25
0 trees have missing taxa
Calculating distance matrix (for completion of X) ....with 2 distance matrices for parallellism
Species tree distances calculated ...

Building set of clusters (X) from gene trees 
------------------------------
Number of Clusters after addition from gene trees: 63
Number of Clusters after addition by distance: 63
Adding to X using resolutions of greedy consensus ...

Computing greedy consensus  
took 0 seconds
Limit for sigma of degrees:325

polytomy size limit : > 3
 []
discarded polytomies: 
Threshold 0.0:
Threshold 0.01:
Threshold 0.02:
Threshold 0.05:
Threshold 0.1:
Threshold 0.2:
Threshold 0.3333333333333333:
Number of Clusters after addition by greedy: 63
partitions formed in 0.256 secs
Dynamic Programming starting after 0.256 secs
Polytree max score: 8250
Polytree building time: 0.024 seconds.
Using native AVX batch computing method.
Number of quartet trees in the gene trees: 8250
Computing hash values took 0 seconds
Size of largest cluster: 11
Size of largest cluster: 11
Total Number of elements: 37
Normalized score (portion of input quartet trees satisfied before correcting for multiple individuals): 0.9374545454545454
Final optimization score: 7734
Optimal tree inferred in 1.369 secs.
Weight calculation using polytrees cumulatively took 8.78296E-4 secs
(11.11,((4.4,(3.3,(1.1,2.2))),(10.10,(9.9,((6.6,5.5),(8.8,7.7))))));
Finishing up:38 37 37
Final quartet score is: 7734
Final normalized quartet score is: 0.9374545454545454
(11.11,((4.4,(3.3,(1.1,2.2)0.82:0.21357410029805904)1:1.7540191412452077)1:2.8526314299133184,(10.10,(9.9,((6.6,5.5)1:2.159484249353373,(8.8,7.7)1:2.8526314299133184)1:0.6370577139089022)1:1.0608719606852628)1:2.8526314299133184));
ASTRAL finished in 1.79 secs
Shutting down threading
Memory Peak: 1188