

================== ASTRAL ===================== 

This is ASTRAL version 5.15.4
Using native AVX batch computing.
Gene trees are treated as unrooted
Warning:

 Problem using GPU. Proceeding without GPU
org.jocl.CLException: CL_PLATFORM_NOT_FOUND_KHR
org.jocl.CLException: CL_PLATFORM_NOT_FOUND_KHR
Starting 2 threads ...
There are 2 threads used to run.
25 trees read from /home/vasenaj/Desktop/phylogenetic-tree-comparison-rt-refactor/data_sets/gene-trees/model.11taxon/estimated_25genes_strongILS/R2/all_gt.tre
All output trees will be *arbitrarily* rooted at 10

======== Running the main analysis
Number of taxa: 11 (11 species)
Taxa: [10, 7, 5, 6, 9, 8, 3, 2, 4, 11, 1]
Taxon occupancy: {11=25, 1=25, 2=25, 3=25, 4=25, 5=25, 6=25, 7=25, 8=25, 9=25, 10=25}
Using polytree-based weight calculation.
Number of gene trees: 25
0 trees have missing taxa
Calculating distance matrix (for completion of X) ....with 2 distance matrices for parallellism
Species tree distances calculated ...

Building set of clusters (X) from gene trees 
------------------------------
Number of Clusters after addition from gene trees: 119
Number of Clusters after addition by distance: 119
Adding to X using resolutions of greedy consensus ...

Computing greedy consensus  
Threshold 0.0:
Threshold 0.01:
Threshold 0.02:
Threshold 0.05:
Threshold 0.1:
Threshold 0.2:
took 0 seconds
Limit for sigma of degrees:325

polytomy size limit : > 3
 [3, 3, 3]
discarded polytomies: 
polytomy of size 3; rounds with additions with at least 5 support: 0; clusters: 119
Threshold 0.3333333333333333:
polytomy of size 3; rounds with additions with at least 5 support: 0; clusters: 119
polytomy of size 3; rounds with additions with at least 5 support: 0; clusters: 119
Number of Clusters after addition by greedy: 119
partitions formed in 0.526 secs
Dynamic Programming starting after 0.526 secs
Polytree max score: 8250
Polytree building time: 0.032 seconds.
Using native AVX batch computing method.
Number of quartet trees in the gene trees: 8250
Computing hash values took 0 seconds
Size of largest cluster: 11
Size of largest cluster: 11
Total Number of elements: 125
Normalized score (portion of input quartet trees satisfied before correcting for multiple individuals): 0.799030303030303
Final optimization score: 6592
Optimal tree inferred in 1.63 secs.
Weight calculation using polytrees cumulatively took 6.44E-4 secs
(10,((9,((5,6),(7,8))),(11,(4,(3,(2,1))))));
Finishing up:126 125 125
Final quartet score is: 6592
Final normalized quartet score is: 0.799030303030303
(10,((9,((5,6)1:1.1222409070615547,(7,8)1:0.7821585582162425)0.75:0.16989903679539747)0.66:0.16138834712748887,(11,(4,(3,(2,1)0.59:0.11988861622073602)0.58:0.12105073140091352)1:2.159484249353373)1:1.823012012732161));
ASTRAL finished in 2.105 secs
Shutting down threading
Memory Peak: 1188