

================== ASTRAL ===================== 

This is ASTRAL version 5.15.4
Using native AVX batch computing.
Gene trees are treated as unrooted
Warning:

 Problem using GPU. Proceeding without GPU
org.jocl.CLException: CL_PLATFORM_NOT_FOUND_KHR
org.jocl.CLException: CL_PLATFORM_NOT_FOUND_KHR
Starting 2 threads ...
There are 2 threads used to run.
25 trees read from /home/vasenaj/Desktop/phylogenetic-tree-comparison-rt-refactor/data_sets/gene-trees/model.37taxon/noscale.25g.500b/R1/all_gt.tre
All output trees will be *arbitrarily* rooted at GAL

======== Running the main analysis
Number of taxa: 37 (37 species)
Taxa: [GAL, CHO, DAS, PRO, LOX, ECH, TAR, CAL, NEW, PON, HOM, GOR, PAN, OTO, MIC, CAV, RAT, MUS, TUP, ORY, OCH, SPE, DIP, ERI, EQU, MYO, PTE, SOR, FEL, CAN, VIC, BOS, TUR, SUS, ORN, MAC, MON]
Taxon occupancy: {PTE=25, NEW=25, TAR=25, RAT=25, SPE=25, ORN=25, CHO=25, OTO=25, PRO=25, ORY=25, MYO=25, MIC=25, HOM=25, BOS=25, EQU=25, MUS=25, DIP=25, ECH=25, GOR=25, FEL=25, MON=25, PON=25, TUP=25, MAC=25, CAL=25, TUR=25, SUS=25, CAN=25, VIC=25, GAL=25, LOX=25, OCH=25, DAS=25, SOR=25, CAV=25, PAN=25, ERI=25}
Using polytree-based weight calculation.
Number of gene trees: 25
0 trees have missing taxa
Calculating distance matrix (for completion of X) ....with 2 distance matrices for parallellism
Species tree distances calculated ...

Building set of clusters (X) from gene trees 
------------------------------
Number of Clusters after addition from gene trees: 501
Number of Clusters after addition by distance: 501
Adding to X using resolutions of greedy consensus ...

Computing greedy consensus  
Threshold 0.0:
Threshold 0.01:
Threshold 0.02:
Threshold 0.05:
Threshold 0.1:
Threshold 0.2:
Threshold 0.3333333333333333:
took 0 seconds
Limit for sigma of degrees:975

polytomy size limit : > 3
 [3, 3, 3, 3, 3]
discarded polytomies: 
polytomy of size 3; rounds with additions with at least 5 support: 0; clusters: 501
polytomy of size 3; rounds with additions with at least 5 support: 0; clusters: 501
polytomy of size 3; rounds with additions with at least 5 support: 0; clusters: 501
polytomy of size 3; rounds with additions with at least 5 support: 0; clusters: 501
polytomy of size 3; rounds with additions with at least 5 support: 0; clusters: 501
Number of Clusters after addition by greedy: 501
partitions formed in 0.584 secs
Dynamic Programming starting after 0.584 secs
Polytree max score: 1651125
Polytree building time: 0.022 seconds.
Using native AVX batch computing method.
Number of quartet trees in the gene trees: 1651125
Computing hash values took 0 seconds
Size of largest cluster: 37
Size of largest cluster: 37
Finishing up:552 47 48
Total Number of elements: 551
Normalized score (portion of input quartet trees satisfied before correcting for multiple individuals): 0.8622484669543493
Final optimization score: 1423680
Optimal tree inferred in 1.723 secs.
Weight calculation using polytrees cumulatively took 0.007430839 secs
(GAL,((((((((VIC,(SUS,(BOS,TUR))),(EQU,(FEL,CAN))),(MYO,PTE)),(ERI,SOR)),(((TAR,(CAL,(NEW,(PON,(GOR,(HOM,PAN)))))),(OTO,MIC)),(TUP,((CAV,(SPE,(DIP,(RAT,MUS)))),(ORY,OCH))))),(ECH,(PRO,LOX))),(CHO,DAS)),(ORN,(MAC,MON))));
Final quartet score is: 1423264
Final normalized quartet score is: 0.8619965175259293
(GAL,((((((((VIC,(SUS,(BOS,TUR)1:0.7695201593445192)0.96:0.3677247801253174)1:1.765192441843333,(EQU,(FEL,CAN)1:1.7540191412452077)0.76:0.22074258977667155)0.68:0.13746376104224373,(MYO,PTE)1:1.6630473630394813)0.98:0.42909372650160926,(ERI,SOR)0.86:0.2623642644674911)1:1.7218620296106755,(((TAR,(CAL,(NEW,(PON,(GOR,(HOM,PAN)0.99:0.454736157114947)1:1.59986846141795)1:1.2431935174792175)0.45:0.08004270767353637)1:0.9525159360476376)0.6:0.1033783544538352,(OTO,MIC)1:2.4712638733842134)1:1.1298648321722147,(TUP,((CAV,(SPE,(DIP,(RAT,MUS)1:2.159484249353373)0.77:0.20925443915354242)0.43:0.03547772687444685)1:0.7333683940468102,(ORY,OCH)1:1.628855998291202)1:0.5937460312671421)0.47:0.07130126375976602)1:1.0369598118942893)1:0.7104006122654655,(ECH,(PRO,LOX)1:1.466337068793427)1:1.8629132294843458)0.44:0.03494415638602094,(CHO,DAS)1:2.159484249353373)1:0.933181968629348,(ORN,(MAC,MON)1:1.4517382693722745)0.7:0.1445812288111077));
ASTRAL finished in 2.16 secs
Shutting down threading
Memory Peak: 1122