

================== ASTRAL ===================== 

This is ASTRAL version 5.15.4
Using native AVX batch computing.
Gene trees are treated as unrooted
Warning:

 Problem using GPU. Proceeding without GPU
org.jocl.CLException: CL_PLATFORM_NOT_FOUND_KHR
org.jocl.CLException: CL_PLATFORM_NOT_FOUND_KHR
Starting 2 threads ...
There are 2 threads used to run.
800 trees read from /home/vasenaj/Desktop/phylogenetic-tree-comparison-rt-refactor/data_sets/gene-trees/model.37taxon/noscale.800g.500b/R1/all_gt.tre
All output trees will be *arbitrarily* rooted at GAL

======== Running the main analysis
Number of taxa: 37 (37 species)
Taxa: [GAL, CHO, DAS, PRO, LOX, ECH, TAR, CAL, NEW, PON, HOM, GOR, PAN, OTO, MIC, CAV, RAT, MUS, TUP, ORY, OCH, SPE, DIP, ERI, EQU, MYO, PTE, SOR, FEL, CAN, VIC, BOS, TUR, SUS, ORN, MAC, MON]
Taxon occupancy: {PTE=800, NEW=800, TAR=800, RAT=800, SPE=800, ORN=800, CHO=800, OTO=800, PRO=800, ORY=800, MYO=800, MIC=800, HOM=800, BOS=800, EQU=800, MUS=800, DIP=800, ECH=800, GOR=800, FEL=800, MON=800, PON=800, TUP=800, MAC=800, CAL=800, TUR=800, SUS=800, CAN=800, VIC=800, GAL=800, LOX=800, OCH=800, DAS=800, SOR=800, CAV=800, PAN=800, ERI=800}
Using polytree-based weight calculation.
Number of gene trees: 800
0 trees have missing taxa
Calculating distance matrix (for completion of X) ....with 2 distance matrices for parallellism
Species tree distances calculated ...

Building set of clusters (X) from gene trees 
------------------------------
Number of Clusters after addition from gene trees: 3987
Number of Clusters after addition by distance: 3987
Adding to X using resolutions of greedy consensus ...

Computing greedy consensus  
took 1 seconds
Limit for sigma of degrees:975

polytomy size limit : > 5
 [3, 3, 3, 4, 4, 5]
discarded polytomies: 
Threshold 0.0:
Threshold 0.01:
Threshold 0.02:
Threshold 0.05:
Threshold 0.1:
Threshold 0.2:
polytomy of size 4; rounds with additions with at least 5 support: 0; clusters: 3987
Threshold 0.3333333333333333:
polytomy of size 5; rounds with additions with at least 5 support: 0; clusters: 3987
polytomy of size 4; rounds with additions with at least 5 support: 0; clusters: 3987
polytomy of size 3; rounds with additions with at least 5 support: 0; clusters: 3987
polytomy of size 3; rounds with additions with at least 5 support: 0; clusters: 3987
polytomy of size 3; rounds with additions with at least 5 support: 0; clusters: 3987
Number of Clusters after addition by greedy: 3987
partitions formed in 5.511 secs
Dynamic Programming starting after 5.511 secs
Polytree max score: 52836000
Polytree building time: 0.341 seconds.
Using native AVX batch computing method.
Number of quartet trees in the gene trees: 52836000
Computing hash values took 0 seconds
Size of largest cluster: 37
Size of largest cluster: 37
Finishing up:16256 321 322
Total Number of elements: 16255
Normalized score (portion of input quartet trees satisfied before correcting for multiple individuals): 0.8524469869028692
Final optimization score: 45039889
Optimal tree inferred in 8.444 secs.
Weight calculation using polytrees cumulatively took 0.922528204 secs
(GAL,(ORN,((MAC,MON),(((((TAR,(CAL,(NEW,(PON,(GOR,(HOM,PAN)))))),(OTO,MIC)),(TUP,((SPE,(CAV,(DIP,(RAT,MUS)))),(ORY,OCH)))),((((EQU,(FEL,CAN)),(VIC,(SUS,(BOS,TUR)))),(MYO,PTE)),(ERI,SOR))),((CHO,DAS),(ECH,(PRO,LOX)))))));
Final quartet score is: 45039889
Final normalized quartet score is: 0.8524469869028692
(GAL,(ORN,((MAC,MON)1:1.730994658155894,(((((TAR,(CAL,(NEW,(PON,(GOR,(HOM,PAN)1:0.546959382887581)1:1.4766232105740111)1:1.7946897883851898)1:0.240333158408287)1:0.8044345051693145)1:0.2477522182351443,(OTO,MIC)1:1.6158022325012995)1:1.3043735564637746,(TUP,((SPE,(CAV,(DIP,(RAT,MUS)1:2.365435973858741)1:0.19251979035066835)0.93:0.05016048465230343)1:0.6605385992417561,(ORY,OCH)1:2.354075528831222)1:0.5435010128537913)0.95:0.05480698052048148)1:1.4117709446636233,((((EQU,(FEL,CAN)1:2.070886043623793)0.94:0.05272345120880214,(VIC,(SUS,(BOS,TUR)1:0.6946905608685142)1:0.30016843514196767)1:1.9060374189264928)0.96:0.05797311631199865,(MYO,PTE)1:0.889322572412932)1:0.37451012898364494,(ERI,SOR)1:0.3770621763755023)1:1.4947000676891258)1:0.8588994449885626,((CHO,DAS)1:3.2133123658511282,(ECH,(PRO,LOX)1:1.268193146423927)1:1.983748391295736)0.99:0.07300419279750693)1:0.8366957105189288)0.97:0.06660625724961049));
ASTRAL finished in 10.702 secs
Shutting down threading
Memory Peak: 1128