

================== ASTRAL ===================== 

This is ASTRAL version 5.15.4
Using native AVX batch computing.
Gene trees are treated as unrooted
Warning:

 Problem using GPU. Proceeding without GPU
org.jocl.CLException: CL_PLATFORM_NOT_FOUND_KHR
org.jocl.CLException: CL_PLATFORM_NOT_FOUND_KHR
Starting 2 threads ...
There are 2 threads used to run.
200 trees read from /home/vasenaj/Desktop/phylogenetic-tree-comparison-rt-refactor/data_sets/gene-trees/model.37taxon/noscale.200g.500b/R13/all_gt.tre
All output trees will be *arbitrarily* rooted at CHO

======== Running the main analysis
Number of taxa: 37 (37 species)
Taxa: [CHO, ORN, GAL, DIP, RAT, MUS, SPE, CAV, OCH, ORY, EQU, ERI, SUS, FEL, CAN, TUP, CAL, MIC, OTO, TAR, NEW, PON, HOM, GOR, PAN, MYO, PTE, VIC, TUR, BOS, SOR, ECH, LOX, PRO, MAC, MON, DAS]
Taxon occupancy: {PTE=200, NEW=200, RAT=200, TAR=200, SPE=200, ORN=200, CHO=200, OTO=200, PRO=200, ORY=200, MYO=200, MIC=200, HOM=200, BOS=200, EQU=200, DIP=200, MUS=200, GOR=200, ECH=200, FEL=200, MON=200, TUP=200, PON=200, MAC=200, CAL=200, SUS=200, TUR=200, CAN=200, VIC=200, GAL=200, LOX=200, OCH=200, SOR=200, DAS=200, CAV=200, PAN=200, ERI=200}
Using polytree-based weight calculation.
Number of gene trees: 200
0 trees have missing taxa
Calculating distance matrix (for completion of X) ....with 2 distance matrices for parallellism
Species tree distances calculated ...

Building set of clusters (X) from gene trees 
------------------------------
Number of Clusters after addition from gene trees: 1787
Number of Clusters after addition by distance: 1787
Adding to X using resolutions of greedy consensus ...

Computing greedy consensus  
took 0 seconds
Threshold 0.0:
Threshold 0.01:
Threshold 0.02:
Threshold 0.05:
Threshold 0.1:
Threshold 0.2:
Limit for sigma of degrees:975

polytomy size limit : > 5
 [3, 3, 3, 3, 4, 4, 5]
discarded polytomies: 
polytomy of size 4; rounds with additions with at least 5 support: 0; clusters: 1787
polytomy of size 3; rounds with additions with at least 5 support: 0; clusters: 1787
Threshold 0.3333333333333333:
polytomy of size 5; rounds with additions with at least 5 support: 0; clusters: 1787
polytomy of size 3; rounds with additions with at least 5 support: 0; clusters: 1787
polytomy of size 4; rounds with additions with at least 5 support: 0; clusters: 1787
polytomy of size 3; rounds with additions with at least 5 support: 0; clusters: 1787
polytomy of size 3; rounds with additions with at least 5 support: 0; clusters: 1787
Number of Clusters after addition by greedy: 1787
partitions formed in 1.467 secs
Dynamic Programming starting after 1.467 secs
Polytree max score: 13209000
Polytree building time: 0.046 seconds.
Using native AVX batch computing method.
Number of quartet trees in the gene trees: 13209000
Computing hash values took 0 seconds
Size of largest cluster: 37
Size of largest cluster: 37
Finishing up:4395 238 239
Total Number of elements: 4394
Normalized score (portion of input quartet trees satisfied before correcting for multiple individuals): 0.850065485653721
Final optimization score: 11228515
Optimal tree inferred in 2.752 secs.
Weight calculation using polytrees cumulatively took 0.074518617 secs
(CHO,(DAS,((((TUP,(((TAR,(CAL,(NEW,(PON,(GOR,(HOM,PAN)))))),(MIC,OTO)),(((DIP,(RAT,MUS)),(SPE,CAV)),(OCH,ORY)))),((((VIC,(SUS,(TUR,BOS))),(EQU,(FEL,CAN))),(MYO,PTE)),(ERI,SOR))),((ORN,GAL),(MAC,MON))),(ECH,(LOX,PRO)))));
Final quartet score is: 11314068
Final normalized quartet score is: 0.8565423574835339
(CHO,(DAS,((((TUP,(((TAR,(CAL,(NEW,(PON,(GOR,(HOM,PAN)1:0.621173680934856)1:1.2452157628599856)1:1.6764670948841243)1:0.33685748173818025)1:0.5681596456492394)1:0.2713217292779437,(MIC,OTO)1:1.3809780274926577)1:1.126129422997198,(((DIP,(RAT,MUS)1:2.180033423903336)1:0.2231144006196925,(SPE,CAV)0.6:0.041343611674818925)1:0.6993855039726374,(OCH,ORY)1:2.5048048040347926)1:0.5756993858369861)0.85:0.07997410464100839)1:1.2056042414366073,((((VIC,(SUS,(TUR,BOS)1:0.6778996623356336)1:0.2537403185589419)1:2.030783003219729,(EQU,(FEL,CAN)1:1.9244132839112171)0.55:0.06719544731032809)0.92:0.0986606691596007,(MYO,PTE)1:1.0721975726080288)1:0.36997796815239825,(ERI,SOR)1:0.3578693222974476)1:1.6082625663977457)1:0.8930816336041947,((ORN,GAL)1:0.2032999089050635,(MAC,MON)1:1.5479357126763067)1:0.7348079684890252)0.78:0.07171894144126012,(ECH,(LOX,PRO)1:1.6374833739619914)1:1.5853597951234857)1:3.758405516762543));
ASTRAL finished in 3.865 secs
Shutting down threading
Memory Peak: 1134