

================== ASTRAL ===================== 

This is ASTRAL version 5.15.4
Using native AVX batch computing.
Gene trees are treated as unrooted
Warning:

 Problem using GPU. Proceeding without GPU
org.jocl.CLException: CL_PLATFORM_NOT_FOUND_KHR
org.jocl.CLException: CL_PLATFORM_NOT_FOUND_KHR
Starting 2 threads ...
There are 2 threads used to run.
25 trees read from /home/vasenaj/Desktop/phylogenetic-tree-comparison-rt-refactor/data_sets/gene-trees/model.37taxon/noscale.25g.500b/R4/all_gt.tre
All output trees will be *arbitrarily* rooted at GAL

======== Running the main analysis
Number of taxa: 37 (37 species)
Taxa: [GAL, ECH, MON, MAC, CHO, DAS, SPE, CAV, DIP, RAT, MUS, TAR, NEW, CAL, HOM, PAN, GOR, PON, MIC, OTO, ORY, OCH, TUP, PRO, LOX, ERI, CAN, FEL, EQU, PTE, MYO, ORN, SOR, SUS, VIC, BOS, TUR]
Taxon occupancy: {PTE=25, NEW=25, RAT=25, TAR=25, SPE=25, ORN=25, CHO=25, OTO=25, PRO=25, ORY=25, MYO=25, MIC=25, HOM=25, BOS=25, EQU=25, DIP=25, MUS=25, ECH=25, GOR=25, FEL=25, MON=25, MAC=25, PON=25, TUP=25, CAL=25, SUS=25, TUR=25, CAN=25, VIC=25, GAL=25, LOX=25, OCH=25, DAS=25, SOR=25, CAV=25, PAN=25, ERI=25}
Using polytree-based weight calculation.
Number of gene trees: 25
0 trees have missing taxa
Calculating distance matrix (for completion of X) ....with 2 distance matrices for parallellism
Species tree distances calculated ...

Building set of clusters (X) from gene trees 
------------------------------
Number of Clusters after addition from gene trees: 619
Number of Clusters after addition by distance: 619
Adding to X using resolutions of greedy consensus ...

Computing greedy consensus  
took 0 seconds
Limit for sigma of degrees:975

polytomy size limit : > 5
 [3, 3, 3, 3, 3, 3, 5]
discarded polytomies: 
Threshold 0.0:
Threshold 0.01:
Threshold 0.02:
Threshold 0.05:
Threshold 0.1:
Threshold 0.2:
polytomy of size 3; rounds with additions with at least 5 support: 0; clusters: 619
Threshold 0.3333333333333333:
polytomy of size 5; rounds with additions with at least 5 support: 0; clusters: 621
polytomy of size 3; rounds with additions with at least 5 support: 0; clusters: 621
polytomy of size 3; rounds with additions with at least 5 support: 0; clusters: 621
polytomy of size 3; rounds with additions with at least 5 support: 0; clusters: 621
polytomy of size 3; rounds with additions with at least 5 support: 0; clusters: 621
polytomy of size 3; rounds with additions with at least 5 support: 0; clusters: 621
Number of Clusters after addition by greedy: 621
partitions formed in 0.565 secs
Dynamic Programming starting after 0.565 secs
Polytree max score: 1651125
Polytree building time: 0.016 seconds.
Using native AVX batch computing method.
Number of quartet trees in the gene trees: 1651125
Computing hash values took 0 seconds
Size of largest cluster: 37
Size of largest cluster: 37
Finishing up:729 57 58
Total Number of elements: 728
Normalized score (portion of input quartet trees satisfied before correcting for multiple individuals): 0.8432529336058748
Final optimization score: 1392316
Optimal tree inferred in 1.685 secs.
Weight calculation using polytrees cumulatively took 0.008306496 secs
(GAL,(((((TUP,(((TAR,(CAL,(NEW,(PON,(GOR,(HOM,PAN)))))),(MIC,OTO)),((SPE,(CAV,(DIP,(RAT,MUS)))),(ORY,OCH)))),((((EQU,(CAN,FEL)),(PTE,MYO)),(VIC,(SUS,(BOS,TUR)))),(ERI,SOR))),(CHO,DAS)),(ECH,(PRO,LOX))),(ORN,(MON,MAC))));
Final quartet score is: 1387156
Final normalized quartet score is: 0.8401277916572034
(GAL,(((((TUP,(((TAR,(CAL,(NEW,(PON,(GOR,(HOM,PAN)1:0.5500463369192721)1:1.3485540331370434)1:1.466337068793427)0.97:0.3677247801253174)1:0.6703325027937741)0.7:0.1445812288111077,(MIC,OTO)1:1.0373414632750688)1:0.8960880245566353,((SPE,(CAV,(DIP,(RAT,MUS)1:1.7540191412452077)1:0.5761414477021239)0.87:0.2522592426092965)0.92:0.29799144211064216,(ORY,OCH)1:1.823012012732159)0.97:0.3664029028674016)0.79:0.19860729866474008)1:0.9444928281093863,((((EQU,(CAN,FEL)1:0.9067212808580042)0.4:0.013004871022388377,(PTE,MYO)1:0.7862962357387825)0.5:0.06124724005349844,(VIC,(SUS,(BOS,TUR)1:0.7731898882334817)0.61:0.11179140598811681)1:2.1933858010290543)0.98:0.4009634216010512,(ERI,SOR)0.94:0.317037082179694)1:0.9170451641996409)1:0.8290571753019146,(CHO,DAS)1:2.495956485974587)0.44:0.061064708338106004,(ECH,(PRO,LOX)1:0.8941950210388243)1:1.333847885747348)1:0.6816747793977087,(ORN,(MON,MAC)1:2.0095441020624585)0.37:0.0035026305512020003));
ASTRAL finished in 2.118 secs
Shutting down threading
Memory Peak: 1122