

================== ASTRAL ===================== 

This is ASTRAL version 5.15.4
Using native AVX batch computing.
Gene trees are treated as unrooted
Warning:

 Problem using GPU. Proceeding without GPU
org.jocl.CLException: CL_PLATFORM_NOT_FOUND_KHR
org.jocl.CLException: CL_PLATFORM_NOT_FOUND_KHR
Starting 2 threads ...
There are 2 threads used to run.
1000 trees read from /home/vasenaj/Desktop/phylogenetic-tree-comparison-rt-refactor/data_sets/gene-trees/model.15taxon/1000gene-1000bp/R10/all_gt.tre
All output trees will be *arbitrarily* rooted at O

======== Running the main analysis
Number of taxa: 15 (15 species)
Taxa: [O, L, I, C, E, B, A, D, F, G, M, K, N, H, J]
Taxon occupancy: {A=1000, B=1000, C=1000, D=1000, E=1000, F=1000, G=1000, H=1000, I=1000, J=1000, K=1000, L=1000, M=1000, N=1000, O=1000}
Using polytree-based weight calculation.
Number of gene trees: 1000
0 trees have missing taxa
Calculating distance matrix (for completion of X) ....with 2 distance matrices for parallellism
Species tree distances calculated ...

Building set of clusters (X) from gene trees 
------------------------------
Number of Clusters after addition from gene trees: 4497
Number of Clusters after addition by distance: 4497
Adding to X using resolutions of greedy consensus ...

Computing greedy consensus  
took 0 seconds
Limit for sigma of degrees:425

polytomy size limit : > 13
 [3, 12, 13]
discarded polytomies: 
Threshold 0.0:
Threshold 0.01:
Threshold 0.02:
Threshold 0.05:
Threshold 0.1:
polytomy of size 3; rounds with additions with at least 5 support: 0; clusters: 4497
Threshold 0.2:
polytomy of size 12; rounds with additions with at least 5 support: 0; clusters: 4497
Threshold 0.3333333333333333:
polytomy of size 13; rounds with additions with at least 5 support: 0; clusters: 4497
Number of Clusters after addition by greedy: 4497
partitions formed in 3.173 secs
Dynamic Programming starting after 3.173 secs
Polytree max score: 1365000
Polytree building time: 0.092 seconds.
Using native AVX batch computing method.
Number of quartet trees in the gene trees: 1365000
Computing hash values took 0 seconds
Size of largest cluster: 15
Size of largest cluster: 15
Finishing up:46320 986 987
Total Number of elements: 46319
Normalized score (portion of input quartet trees satisfied before correcting for multiple individuals): 0.5984065934065934
Final optimization score: 816825
Optimal tree inferred in 6.508 secs.
Weight calculation using polytrees cumulatively took 1.988425667 secs
(O,((M,N),(L,(K,(J,(I,(H,(G,(F,(E,(D,(C,(B,A)))))))))))));
Final quartet score is: 816825
Final normalized quartet score is: 0.5984065934065934
(O,((M,N)0.59:0.04429851847823538,(L,(K,(J,(I,(H,(G,(F,(E,(D,(C,(B,A)1:0.19823166986279225)1:0.16405333222392757)1:0.20378910576690143)1:0.19645695652017853)1:0.19605681367904196)1:0.20622420034462394)1:0.16389665260858058)1:0.15932136747915726)1:0.15541410387402949)1:0.16199018642520968)1:0.1406534939894597));
ASTRAL finished in 7.335 secs
Shutting down threading
Memory Peak: 1122