

================== ASTRAL ===================== 

This is ASTRAL version 5.15.4
Using native AVX batch computing.
Gene trees are treated as unrooted
Warning:

 Problem using GPU. Proceeding without GPU
org.jocl.CLException: CL_PLATFORM_NOT_FOUND_KHR
org.jocl.CLException: CL_PLATFORM_NOT_FOUND_KHR
Starting 2 threads ...
There are 2 threads used to run.
1000 trees read from /home/vasenaj/Desktop/phylogenetic-tree-comparison-rt-refactor/data_sets/gene-trees/model.10.2000000.0.000001/12/truegenetrees
All output trees will be *arbitrarily* rooted at 0

======== Running the main analysis
Number of taxa: 11 (11 species)
Taxa: [0, 4, 9, 7, 6, 10, 3, 8, 5, 1, 2]
Taxon occupancy: {0=1000, 1=1000, 2=1000, 3=1000, 4=1000, 5=1000, 6=1000, 7=1000, 8=1000, 9=1000, 10=1000}
Using polytree-based weight calculation.
Number of gene trees: 1000
Calculating distance matrix (for completion of X) ....0 trees have missing taxa
with 2 distance matrices for parallellism
Species tree distances calculated ...

Building set of clusters (X) from gene trees 
------------------------------
Number of Clusters after addition from gene trees: 123
Number of Clusters after addition by distance: 123
Adding to X using resolutions of greedy consensus ...

Computing greedy consensus  
Threshold 0.0:
Threshold 0.01:
Threshold 0.02:
Threshold 0.05:
Threshold 0.1:
Threshold 0.2:
Threshold 0.3333333333333333:
took 0 seconds
Limit for sigma of degrees:325

polytomy size limit : > 3
 []
discarded polytomies: 
Number of Clusters after addition by greedy: 123
partitions formed in 1.006 secs
Dynamic Programming starting after 1.006 secs
Polytree max score: 330000
Polytree building time: 0.154 seconds.
Using native AVX batch computing method.
Number of quartet trees in the gene trees: 330000
Computing hash values took 0 seconds
Size of largest cluster: 11
Size of largest cluster: 11
Finishing up:152 0 0
Total Number of elements: 151
Normalized score (portion of input quartet trees satisfied before correcting for multiple individuals): 0.9331727272727273
Final optimization score: 307947
Optimal tree inferred in 2.327 secs.
Weight calculation using polytrees cumulatively took 0.002210338 secs
(0,(4,((10,(2,(1,(5,(3,8))))),(9,(7,6)))));
Final quartet score is: 307947
Final normalized quartet score is: 0.9331727272727273
(0,(4,((10,(2,(1,(5,(3,8)1:0.7034397278046216)1:0.8948649965366217)1:1.4491692651710593)1:4.251997872600565)1:1.4181655251200616,(9,(7,6)1:2.269183166609797)1:6.0978245630988885)1:0.9254484199087017));
ASTRAL finished in 3.155 secs
Shutting down threading
Memory Peak: 1078