

================== ASTRAL ===================== 

This is ASTRAL version 5.15.4
Using native AVX batch computing.
Gene trees are treated as unrooted
Warning:

 Problem using GPU. Proceeding without GPU
org.jocl.CLException: CL_PLATFORM_NOT_FOUND_KHR
org.jocl.CLException: CL_PLATFORM_NOT_FOUND_KHR
Starting 2 threads ...
There are 2 threads used to run.
50 trees read from /home/vasenaj/Desktop/phylogenetic-tree-comparison-rt-refactor/data_sets/gene-trees/model.11taxon/estimated_50genes_strongILS/R5/all_gt.tre
All output trees will be *arbitrarily* rooted at 8

======== Running the main analysis
Number of taxa: 11 (11 species)
Taxa: [8, 7, 9, 5, 6, 10, 4, 11, 3, 2, 1]
Taxon occupancy: {11=50, 1=50, 2=50, 3=50, 4=50, 5=50, 6=50, 7=50, 8=50, 9=50, 10=50}
Using polytree-based weight calculation.
Number of gene trees: 50
0 trees have missing taxa
Calculating distance matrix (for completion of X) ....with 2 distance matrices for parallellism
Species tree distances calculated ...

Building set of clusters (X) from gene trees 
------------------------------
Number of Clusters after addition from gene trees: 143
Number of Clusters after addition by distance: 143
Adding to X using resolutions of greedy consensus ...

Computing greedy consensus  
took 0 seconds
Limit for sigma of degrees:325

polytomy size limit : > 3
 [3]
discarded polytomies: 
Threshold 0.0:
Threshold 0.01:
Threshold 0.02:
Threshold 0.05:
Threshold 0.1:
Threshold 0.2:
Threshold 0.3333333333333333:
polytomy of size 3; rounds with additions with at least 5 support: 0; clusters: 143
Number of Clusters after addition by greedy: 143
partitions formed in 0.406 secs
Dynamic Programming starting after 0.406 secs
Polytree max score: 16500
Polytree building time: 0.019 seconds.
Using native AVX batch computing method.
Number of quartet trees in the gene trees: 16500
Computing hash values took 0 seconds
Size of largest cluster: 11
Size of largest cluster: 11
Finishing up:185 0 1
Total Number of elements: 184
Normalized score (portion of input quartet trees satisfied before correcting for multiple individuals): 0.8318787878787879
Final optimization score: 13726
Optimal tree inferred in 1.515 secs.
Weight calculation using polytrees cumulatively took 0.002195996 secs
(8,(7,(9,((10,(11,(4,(3,(2,1))))),(5,6)))));
Final quartet score is: 13726
Final normalized quartet score is: 0.8318787878787879
(8,(7,(9,((10,(11,(4,(3,(2,1)0.84:0.15476361273029682)1:0.8771508235368851)1:1.7346010553881062)1:1.8971199848858815)1:0.5576569234500894,(5,6)1:0.7365596734952591)0.68:0.11274062295544894)1:1.236354213828976));
ASTRAL finished in 1.891 secs
Shutting down threading
Memory Peak: 1188