

================== ASTRAL ===================== 

This is ASTRAL version 5.15.4
Using native AVX batch computing.
Gene trees are treated as unrooted
Warning:

 Problem using GPU. Proceeding without GPU
org.jocl.CLException: CL_PLATFORM_NOT_FOUND_KHR
org.jocl.CLException: CL_PLATFORM_NOT_FOUND_KHR
Starting 2 threads ...
There are 2 threads used to run.
200 trees read from /home/vasenaj/Desktop/phylogenetic-tree-comparison-rt-refactor/data_sets/gene-trees/model.37taxon/noscale.200g.500b/R15/all_gt.tre
All output trees will be *arbitrarily* rooted at MON

======== Running the main analysis
Number of taxa: 37 (37 species)
Taxa: [MON, GAL, ORN, TAR, MIC, OTO, NEW, PON, GOR, HOM, PAN, CAL, TUP, OCH, ORY, MUS, RAT, DIP, CAV, SPE, SOR, DAS, CHO, ECH, LOX, PRO, PTE, ERI, CAN, MYO, FEL, SUS, VIC, EQU, BOS, TUR, MAC]
Taxon occupancy: {PTE=200, NEW=200, TAR=200, RAT=200, SPE=200, ORN=200, OTO=200, CHO=200, PRO=200, ORY=200, MYO=200, MIC=200, HOM=200, BOS=200, EQU=200, MUS=200, DIP=200, GOR=200, ECH=200, FEL=200, MON=200, PON=200, TUP=200, MAC=200, CAL=200, SUS=200, TUR=200, CAN=200, VIC=200, GAL=200, LOX=200, OCH=200, SOR=200, DAS=200, CAV=200, PAN=200, ERI=200}
Using polytree-based weight calculation.
Number of gene trees: 200
0 trees have missing taxa
Calculating distance matrix (for completion of X) ....with 2 distance matrices for parallellism
Species tree distances calculated ...

Building set of clusters (X) from gene trees 
------------------------------
Number of Clusters after addition from gene trees: 1743
Number of Clusters after addition by distance: 1743
Adding to X using resolutions of greedy consensus ...

Computing greedy consensus  
Threshold 0.0:
Threshold 0.01:
Threshold 0.02:
Threshold 0.05:
Threshold 0.1:
Threshold 0.2:
took 0 seconds
Limit for sigma of degrees:975

polytomy size limit : > 5
 [3, 3, 3, 3, 3, 4, 5, 5]
discarded polytomies: 
polytomy of size 5; rounds with additions with at least 5 support: 0; clusters: 1743
polytomy of size 3; rounds with additions with at least 5 support: 0; clusters: 1743
Threshold 0.3333333333333333:
polytomy of size 5; rounds with additions with at least 5 support: 0; clusters: 1743
polytomy of size 3; rounds with additions with at least 5 support: 0; clusters: 1743
polytomy of size 4; rounds with additions with at least 5 support: 0; clusters: 1743
polytomy of size 3; rounds with additions with at least 5 support: 0; clusters: 1743
polytomy of size 3; rounds with additions with at least 5 support: 0; clusters: 1743
polytomy of size 3; rounds with additions with at least 5 support: 0; clusters: 1743
Number of Clusters after addition by greedy: 1743
partitions formed in 2.927 secs
Dynamic Programming starting after 2.927 secs
Polytree max score: 13209000
Polytree building time: 0.1 seconds.
Using native AVX batch computing method.
Number of quartet trees in the gene trees: 13209000
Computing hash values took 0 seconds
Size of largest cluster: 37
Size of largest cluster: 37
Finishing up:4296 0 4295
Total Number of elements: 4295
Normalized score (portion of input quartet trees satisfied before correcting for multiple individuals): 0.8557919600272541
Final optimization score: 11304156
Optimal tree inferred in 4.52 secs.
Weight calculation using polytrees cumulatively took 0.147716579 secs
(MON,(MAC,((((TUP,(((TAR,(CAL,(NEW,(PON,(GOR,(HOM,PAN)))))),(MIC,OTO)),((CAV,(SPE,(DIP,(MUS,RAT)))),(OCH,ORY)))),((((VIC,(SUS,(BOS,TUR))),(EQU,(PTE,MYO))),(CAN,FEL)),(SOR,ERI))),((ECH,(LOX,PRO)),(DAS,CHO))),(GAL,ORN))));
Final quartet score is: 11304156
Final normalized quartet score is: 0.8557919600272541
(MON,(MAC,((((TUP,(((TAR,(CAL,(NEW,(PON,(GOR,(HOM,PAN)1:0.3763709671092313)1:1.529499583446531)1:2.121352437295473)1:0.19596744155305634)1:0.6544049592096586)1:0.24802635834078698,(MIC,OTO)1:1.4254297900634907)1:1.1592450694317136,((CAV,(SPE,(DIP,(MUS,RAT)1:2.332890442489374)1:0.18205022318762318)0.78:0.08142996715143454)1:0.6225635352239103,(OCH,ORY)1:2.3904109128140885)1:0.7090993767004351)0.42:0.015104017117863322)1:1.454084557519084,((((VIC,(SUS,(BOS,TUR)1:0.5807439201909573)1:0.29692106282017827)1:2.181919415579497,(EQU,(PTE,MYO)1:0.8460548521476059)0.59:0.03944959506614122)0.47:0.019885919677474218,(CAN,FEL)1:1.9248123200906762)1:0.3488039886382737,(SOR,ERI)1:0.29596563817826876)1:1.4518139361412017)1:0.8563659083659029,((ECH,(LOX,PRO)1:1.133907442120476)1:1.8232674646891447,(DAS,CHO)1:3.2317065438402635)0.88:0.08998390455100637)1:0.834015811848499,(GAL,ORN)0.81:0.07280415700644141)1:1.5165359588083271));
ASTRAL finished in 6.359 secs
Shutting down threading
Memory Peak: 1134