

================== ASTRAL ===================== 

This is ASTRAL version 5.15.4
Using native AVX batch computing.
Gene trees are treated as unrooted
Warning:

 Problem using GPU. Proceeding without GPU
org.jocl.CLException: CL_PLATFORM_NOT_FOUND_KHR
org.jocl.CLException: CL_PLATFORM_NOT_FOUND_KHR
Starting 2 threads ...
There are 2 threads used to run.
25 trees read from /home/vasenaj/Desktop/phylogenetic-tree-comparison-rt-refactor/data_sets/gene-trees/model.11taxon/estimated_25genes_strongILS/R16/all_gt.tre
All output trees will be *arbitrarily* rooted at 2

======== Running the main analysis
Number of taxa: 11 (11 species)
Taxa: [2, 11, 10, 8, 9, 7, 6, 5, 4, 3, 1]
Taxon occupancy: {11=25, 1=25, 2=25, 3=25, 4=25, 5=25, 6=25, 7=25, 8=25, 9=25, 10=25}
Using polytree-based weight calculation.
Number of gene trees: 25
0 trees have missing taxa
Calculating distance matrix (for completion of X) ....with 2 distance matrices for parallellism
Species tree distances calculated ...

Building set of clusters (X) from gene trees 
------------------------------
Number of Clusters after addition from gene trees: 119
Number of Clusters after addition by distance: 119
Adding to X using resolutions of greedy consensus ...

Computing greedy consensus  
took 0 seconds
Limit for sigma of degrees:325

polytomy size limit : > 3
 [3, 3]
discarded polytomies: 
Threshold 0.0:
Threshold 0.01:
Threshold 0.02:
Threshold 0.05:
Threshold 0.1:
Threshold 0.2:
Threshold 0.3333333333333333:
polytomy of size 3; rounds with additions with at least 5 support: 0; clusters: 119
polytomy of size 3; rounds with additions with at least 5 support: 0; clusters: 119
Number of Clusters after addition by greedy: 119
partitions formed in 0.26 secs
Dynamic Programming starting after 0.26 secs
Polytree max score: 8250
Polytree building time: 0.026 seconds.
Using native AVX batch computing method.
Number of quartet trees in the gene trees: 8250
Computing hash values took 0 seconds
Size of largest cluster: 11
Size of largest cluster: 11
Finishing up:136 0 0
Total Number of elements: 135
Normalized score (portion of input quartet trees satisfied before correcting for multiple individuals): 0.7967272727272727
Final optimization score: 6573
Optimal tree inferred in 1.38 secs.
Weight calculation using polytrees cumulatively took 0.001996356 secs
(2,(3,(4,(1,(11,(10,(9,((8,7),(6,5)))))))));
Final quartet score is: 6573
Final normalized quartet score is: 0.7967272727272727
(2,(3,(4,(1,(11,(10,(9,((8,7)1:0.5717078337004514,(6,5)1:0.856959771298941)0.78:0.2017396426510561)0.79:0.18888148770768748)1:1.823012012732159)1:2.159484249353373)0.64:0.18838385146950046)0.74:0.16989903679539747));
ASTRAL finished in 1.707 secs
Shutting down threading
Memory Peak: 1194