

================== ASTRAL ===================== 

This is ASTRAL version 5.15.4
Using native AVX batch computing.
Gene trees are treated as unrooted
Warning:

 Problem using GPU. Proceeding without GPU
org.jocl.CLException: CL_PLATFORM_NOT_FOUND_KHR
org.jocl.CLException: CL_PLATFORM_NOT_FOUND_KHR
Starting 2 threads ...
There are 2 threads used to run.
5 trees read from /home/vasenaj/Desktop/phylogenetic-tree-comparison-rt-refactor/data_sets/gene-trees/model.11taxon/estimated_5genes_strongILS/R12/all_gt.tre
All output trees will be *arbitrarily* rooted at 4

======== Running the main analysis
Number of taxa: 11 (11 species)
Taxa: [4, 8, 5, 10, 9, 7, 6, 11, 2, 3, 1]
Taxon occupancy: {11=5, 1=5, 2=5, 3=5, 4=5, 5=5, 6=5, 7=5, 8=5, 9=5, 10=5}
Using polytree-based weight calculation.
Number of gene trees: 5
0 trees have missing taxa
Calculating distance matrix (for completion of X) ....with 2 distance matrices for parallellism
Species tree distances calculated ...

Building set of clusters (X) from gene trees 
------------------------------
Number of Clusters after addition from gene trees: 73
Number of Clusters after addition by distance: 73
Adding to X using resolutions of greedy consensus ...

Computing greedy consensus  
took 0 seconds
Limit for sigma of degrees:325

polytomy size limit : > 4
 [4]
discarded polytomies: 
Threshold 0.0:
Threshold 0.01:
Threshold 0.02:
Threshold 0.05:
Threshold 0.1:
Threshold 0.2:
Threshold 0.3333333333333333:
polytomy of size 4; rounds with additions with at least 5 support: 0; clusters: 73
Number of Clusters after addition by greedy: 73
partitions formed in 0.166 secs
Dynamic Programming starting after 0.167 secs
Polytree max score: 1650
Polytree building time: 0.006 seconds.
Using native AVX batch computing method.
Number of quartet trees in the gene trees: 1650
Computing hash values took 0 seconds
Size of largest cluster: 11
Size of largest cluster: 11
Finishing up:49 21 22
Total Number of elements: 48
Normalized score (portion of input quartet trees satisfied before correcting for multiple individuals): 0.8315151515151515
Final optimization score: 1372
Optimal tree inferred in 1.252 secs.
Weight calculation using polytrees cumulatively took 6.64647E-4 secs
(4,((11,(10,(6,(9,(5,(8,7)))))),(1,(2,3))));
Final quartet score is: 1372
Final normalized quartet score is: 0.8315151515151515
You may want to ignore posterior probabilities and other statistics related to the following branch branch because the effective number of genes impacting it is only 5:
	{8, 7}
You may want to ignore posterior probabilities and other statistics related to the following branch branch because the effective number of genes impacting it is only 5:
	{8, 5, 7}
You may want to ignore posterior probabilities and other statistics related to the following branch branch because the effective number of genes impacting it is only 5:
	{8, 5, 9, 7}
You may want to ignore posterior probabilities and other statistics related to the following branch branch because the effective number of genes impacting it is only 5:
	{8, 5, 9, 7, 6}
You may want to ignore posterior probabilities and other statistics related to the following branch branch because the effective number of genes impacting it is only 5:
	{8, 5, 10, 9, 7, 6}
You may want to ignore posterior probabilities and other statistics related to the following branch branch because the effective number of genes impacting it is only 5:
	{8, 5, 10, 9, 7, 6, 11}
You may want to ignore posterior probabilities and other statistics related to the following branch branch because the effective number of genes impacting it is only 5:
	{2, 3}
You may want to ignore posterior probabilities and other statistics related to the following branch branch because the effective number of genes impacting it is only 5:
	{2, 3, 1}
(4,((11,(10,(6,(9,(5,(8,7)0.68:0.24686007793152595)0.7:0.2641515750415869)0.37:0.0)0.89:0.5753641449035618)0.99:1.3862943611198908)0.99:1.3862943611198908,(1,(2,3)0.76:0.33024168687057687)0.56:0.13353139262452274));
ASTRAL finished in 1.569 secs
Shutting down threading
Memory Peak: 1188