

================== ASTRAL ===================== 

This is ASTRAL version 5.15.4
Using native AVX batch computing.
Gene trees are treated as unrooted
Warning:

 Problem using GPU. Proceeding without GPU
org.jocl.CLException: CL_PLATFORM_NOT_FOUND_KHR
org.jocl.CLException: CL_PLATFORM_NOT_FOUND_KHR
Starting 2 threads ...
There are 2 threads used to run.
1000 trees read from /home/vasenaj/Desktop/phylogenetic-tree-comparison-rt-refactor/data_sets/gene-trees/model.10.2000000.0.000001/45/truegenetrees
All output trees will be *arbitrarily* rooted at 0

======== Running the main analysis
Number of taxa: 11 (11 species)
Taxa: [0, 4, 8, 6, 3, 5, 9, 2, 7, 10, 1]
Taxon occupancy: {0=1000, 1=1000, 2=1000, 3=1000, 4=1000, 5=1000, 6=1000, 7=1000, 8=1000, 9=1000, 10=1000}
Using polytree-based weight calculation.
Number of gene trees: 1000
0 trees have missing taxa
Calculating distance matrix (for completion of X) ....with 2 distance matrices for parallellism
Species tree distances calculated ...

Building set of clusters (X) from gene trees 
------------------------------
Number of Clusters after addition from gene trees: 149
Number of Clusters after addition by distance: 149
Adding to X using resolutions of greedy consensus ...

Computing greedy consensus  
Threshold 0.0:
Threshold 0.01:
Threshold 0.02:
Threshold 0.05:
Threshold 0.1:
Threshold 0.2:
Threshold 0.3333333333333333:
took 0 seconds
Limit for sigma of degrees:325

polytomy size limit : > 3
 []
discarded polytomies: 
Number of Clusters after addition by greedy: 149
partitions formed in 0.926 secs
Dynamic Programming starting after 0.926 secs
Polytree max score: 330000
Polytree building time: 0.127 seconds.
Using native AVX batch computing method.
Number of quartet trees in the gene trees: 330000
Computing hash values took 0 seconds
Size of largest cluster: 11
Size of largest cluster: 11
Finishing up:210 0 209
Total Number of elements: 209
Normalized score (portion of input quartet trees satisfied before correcting for multiple individuals): 0.9072181818181818
Final optimization score: 299382
Optimal tree inferred in 2.276 secs.
Weight calculation using polytrees cumulatively took 0.002194632 secs
(0,(4,(((9,2),(1,(7,10))),((3,5),(8,6)))));
Final quartet score is: 299382
Final normalized quartet score is: 0.9072181818181818
(0,(4,(((9,2)1:1.4512991914288855,(1,(7,10)1:2.5353590338406145)1:0.0976480753888883)1:3.124565145396963,((3,5)1:1.1233923176665968,(8,6)1:0.5776978682497819)1:2.9710640271384996)1:4.018383021419052));
ASTRAL finished in 3.195 secs
Shutting down threading
Memory Peak: 1078