

================== ASTRAL ===================== 

This is ASTRAL version 5.15.4
Using native AVX batch computing.
Gene trees are treated as unrooted
Warning:

 Problem using GPU. Proceeding without GPU
org.jocl.CLException: CL_PLATFORM_NOT_FOUND_KHR
org.jocl.CLException: CL_PLATFORM_NOT_FOUND_KHR
Starting 2 threads ...
There are 2 threads used to run.
1000 trees read from /home/vasenaj/Desktop/phylogenetic-tree-comparison-rt-refactor/data_sets/gene-trees/model.10.2000000.0.000001/07/truegenetrees
All output trees will be *arbitrarily* rooted at 0

======== Running the main analysis
Number of taxa: 11 (11 species)
Taxa: [0, 5, 7, 2, 10, 8, 3, 6, 1, 4, 9]
Taxon occupancy: {0=1000, 1=1000, 2=1000, 3=1000, 4=1000, 5=1000, 6=1000, 7=1000, 8=1000, 9=1000, 10=1000}
Using polytree-based weight calculation.
Number of gene trees: 1000
0 trees have missing taxa
Calculating distance matrix (for completion of X) ....with 2 distance matrices for parallellism
Species tree distances calculated ...

Building set of clusters (X) from gene trees 
------------------------------
Number of Clusters after addition from gene trees: 89
Number of Clusters after addition by distance: 89
Adding to X using resolutions of greedy consensus ...

Computing greedy consensus  
took 0 seconds
Limit for sigma of degrees:325

polytomy size limit : > 3
 []
discarded polytomies: 
Threshold 0.0:
Threshold 0.01:
Threshold 0.02:
Threshold 0.05:
Threshold 0.1:
Threshold 0.2:
Threshold 0.3333333333333333:
Number of Clusters after addition by greedy: 89
partitions formed in 1.029 secs
Dynamic Programming starting after 1.029 secs
Polytree max score: 330000
Polytree building time: 0.076 seconds.
Using native AVX batch computing method.
Number of quartet trees in the gene trees: 330000
Computing hash values took 0 seconds
Size of largest cluster: 11
Size of largest cluster: 11
Finishing up:71 0 70
Total Number of elements: 70
Normalized score (portion of input quartet trees satisfied before correcting for multiple individuals): 0.9745757575757575
Final optimization score: 321610
Optimal tree inferred in 2.189 secs.
Weight calculation using polytrees cumulatively took 7.06169E-4 secs
(0,(((8,(3,6)),(9,(1,4))),(5,(10,(7,2)))));
Final quartet score is: 321610
Final normalized quartet score is: 0.9745757575757575
(0,(((8,(3,6)1:0.8472978603872037)1:5.116995310087171,(9,(1,4)1:1.2251750119765388)1:3.4352367360734393)1:3.284413846338854,(5,(10,(7,2)1:0.7995071965508553)1:3.730700948967274)1:4.234606129888691));
ASTRAL finished in 3.135 secs
Shutting down threading
Memory Peak: 1078