

================== ASTRAL ===================== 

This is ASTRAL version 5.15.4
Using native AVX batch computing.
Gene trees are treated as unrooted
Warning:

 Problem using GPU. Proceeding without GPU
org.jocl.CLException: CL_PLATFORM_NOT_FOUND_KHR
org.jocl.CLException: CL_PLATFORM_NOT_FOUND_KHR
Starting 2 threads ...
There are 2 threads used to run.
25 trees read from /home/vasenaj/Desktop/phylogenetic-tree-comparison-rt-refactor/data_sets/gene-trees/model.37taxon/noscale.25g.500b/R16/all_gt.tre
All output trees will be *arbitrarily* rooted at GAL

======== Running the main analysis
Number of taxa: 37 (37 species)
Taxa: [GAL, MON, MAC, ORN, CHO, DAS, ECH, PRO, LOX, SOR, TUP, NEW, TAR, CAL, PON, HOM, PAN, GOR, FEL, EQU, CAN, BOS, TUR, SUS, VIC, ERI, MYO, PTE, OTO, MIC, MUS, RAT, SPE, DIP, CAV, ORY, OCH]
Taxon occupancy: {PTE=25, NEW=25, TAR=25, RAT=25, SPE=25, ORN=25, CHO=25, OTO=25, PRO=25, ORY=25, MYO=25, MIC=25, HOM=25, BOS=25, EQU=25, MUS=25, DIP=25, ECH=25, GOR=25, FEL=25, MON=25, MAC=25, TUP=25, PON=25, CAL=25, TUR=25, SUS=25, CAN=25, VIC=25, GAL=25, LOX=25, OCH=25, DAS=25, SOR=25, CAV=25, PAN=25, ERI=25}
Using polytree-based weight calculation.
Number of gene trees: 25
0 trees have missing taxa
Calculating distance matrix (for completion of X) ....with 2 distance matrices for parallellism
Species tree distances calculated ...

Building set of clusters (X) from gene trees 
------------------------------
Number of Clusters after addition from gene trees: 625
Number of Clusters after addition by distance: 625
Adding to X using resolutions of greedy consensus ...

Computing greedy consensus  
took 0 seconds
Limit for sigma of degrees:975

polytomy size limit : > 6
 [3, 3, 3, 3, 3, 4, 6]
discarded polytomies: 
Threshold 0.0:
Threshold 0.01:
Threshold 0.02:
Threshold 0.05:
Threshold 0.1:
Threshold 0.2:
polytomy of size 3; rounds with additions with at least 5 support: 0; clusters: 625
Threshold 0.3333333333333333:
polytomy of size 6; rounds with additions with at least 5 support: 0; clusters: 625
polytomy of size 3; rounds with additions with at least 5 support: 0; clusters: 625
polytomy of size 4; rounds with additions with at least 5 support: 0; clusters: 625
polytomy of size 3; rounds with additions with at least 5 support: 0; clusters: 625
polytomy of size 3; rounds with additions with at least 5 support: 0; clusters: 625
polytomy of size 3; rounds with additions with at least 5 support: 0; clusters: 625
Number of Clusters after addition by greedy: 625
partitions formed in 0.853 secs
Dynamic Programming starting after 0.854 secs
Polytree max score: 1651125
Polytree building time: 0.033 seconds.
Using native AVX batch computing method.
Number of quartet trees in the gene trees: 1651125
Computing hash values took 0 seconds
Size of largest cluster: 37
Size of largest cluster: 37
Finishing up:727 8 9
Total Number of elements: 726
Normalized score (portion of input quartet trees satisfied before correcting for multiple individuals): 0.8320096903626315
Final optimization score: 1373752
Optimal tree inferred in 1.999 secs.
Weight calculation using polytrees cumulatively took 0.009277265 secs
(GAL,(((((TUP,((NEW,(CAL,(PON,(GOR,(HOM,PAN))))),(TAR,(OTO,MIC)))),((SPE,(CAV,(DIP,(MUS,RAT)))),(ORY,OCH))),((((VIC,(SUS,(BOS,TUR))),(EQU,(FEL,CAN))),(MYO,PTE)),(SOR,ERI))),((ECH,(PRO,LOX)),(CHO,DAS))),(ORN,(MON,MAC))));
Final quartet score is: 1373752
Final normalized quartet score is: 0.8320096903626315
(GAL,(((((TUP,((NEW,(CAL,(PON,(GOR,(HOM,PAN)0.99:0.454736157114947)1:1.0608719606852628)1:2.8218597712465634)0.57:0.08610946035577384)1:0.7075359180120447,(TAR,(OTO,MIC)1:1.7540191412452077)0.56:0.09654720834499982)1:1.1322928214457753)0.58:0.09036364290631041,((SPE,(CAV,(DIP,(MUS,RAT)1:2.8526314299133184)0.41:0.02298951822469872)0.51:0.08985632912186105)1:0.8022540211773933,(ORY,OCH)1:1.466337068793427)0.99:0.48895123755946107)1:0.8249009808305772,((((VIC,(SUS,(BOS,TUR)1:0.894195021038824)0.95:0.32690278560506236)1:2.142954947402161,(EQU,(FEL,CAN)1:1.744262966299843)0.45:0.040221213486864915)0.57:0.10642946284673145,(MYO,PTE)0.99:0.4715747214777769)1:0.5519712653288565,(SOR,ERI)0.63:0.11676654062823057)1:0.739934575342055)1:0.8085677273151328,((ECH,(PRO,LOX)1:1.2431935174792175)1:1.1422176001392153,(CHO,DAS)1:1.8718021769015907)0.36:0.0)1:0.6142039782198261,(ORN,(MON,MAC)1:1.070724257128275)0.77:0.1816225004914569));
ASTRAL finished in 2.501 secs
Shutting down threading
Memory Peak: 1128