

================== ASTRAL ===================== 

This is ASTRAL version 5.15.4
Using native AVX batch computing.
Gene trees are treated as unrooted
Warning:

 Problem using GPU. Proceeding without GPU
org.jocl.CLException: CL_PLATFORM_NOT_FOUND_KHR
org.jocl.CLException: CL_PLATFORM_NOT_FOUND_KHR
Starting 2 threads ...
There are 2 threads used to run.
15 trees read from /home/vasenaj/Desktop/phylogenetic-tree-comparison-rt-refactor/data_sets/gene-trees/model.11taxon/estimated_15genes_strongILS/R4/all_gt.tre
All output trees will be *arbitrarily* rooted at 9

======== Running the main analysis
Number of taxa: 11 (11 species)
Taxa: [9, 10, 11, 5, 6, 8, 7, 4, 2, 3, 1]
Taxon occupancy: {11=15, 1=15, 2=15, 3=15, 4=15, 5=15, 6=15, 7=15, 8=15, 9=15, 10=15}
Using polytree-based weight calculation.
Number of gene trees: 15
0 trees have missing taxa
Calculating distance matrix (for completion of X) ....with 2 distance matrices for parallellism
Species tree distances calculated ...

Building set of clusters (X) from gene trees 
------------------------------
Number of Clusters after addition from gene trees: 91
Number of Clusters after addition by distance: 91
Adding to X using resolutions of greedy consensus ...

Computing greedy consensus  
took 0 seconds
Limit for sigma of degrees:325

polytomy size limit : > 3
 [3, 3]
discarded polytomies: 
Threshold 0.0:
Threshold 0.01:
Threshold 0.02:
Threshold 0.05:
Threshold 0.1:
Threshold 0.2:
Threshold 0.3333333333333333:
polytomy of size 3; rounds with additions with at least 5 support: 0; clusters: 91
polytomy of size 3; rounds with additions with at least 5 support: 0; clusters: 91
Number of Clusters after addition by greedy: 91
partitions formed in 0.233 secs
Dynamic Programming starting after 0.233 secs
Polytree max score: 4950
Polytree building time: 0.008 seconds.
Using native AVX batch computing method.
Number of quartet trees in the gene trees: 4950
Computing hash values took 0 seconds
Size of largest cluster: 11
Size of largest cluster: 11
Finishing up:81 0 0
Total Number of elements: 80
Normalized score (portion of input quartet trees satisfied before correcting for multiple individuals): 0.8173737373737374
Final optimization score: 4046
Optimal tree inferred in 1.319 secs.
Weight calculation using polytrees cumulatively took 8.20792E-4 secs
(9,((10,(11,(4,(3,(2,1))))),((8,7),(5,6))));
Final quartet score is: 4046
Final normalized quartet score is: 0.8173737373737374
You may want to ignore posterior probabilities and other statistics related to the following branch branch because the effective number of genes impacting it is only 15:
	{2, 1}
You may want to ignore posterior probabilities and other statistics related to the following branch branch because the effective number of genes impacting it is only 15:
	{2, 3, 1}
You may want to ignore posterior probabilities and other statistics related to the following branch branch because the effective number of genes impacting it is only 15:
	{4, 2, 3, 1}
You may want to ignore posterior probabilities and other statistics related to the following branch branch because the effective number of genes impacting it is only 15:
	{11, 4, 2, 3, 1}
You may want to ignore posterior probabilities and other statistics related to the following branch branch because the effective number of genes impacting it is only 15:
	{10, 11, 4, 2, 3, 1}
You may want to ignore posterior probabilities and other statistics related to the following branch branch because the effective number of genes impacting it is only 15:
	{8, 7}
You may want to ignore posterior probabilities and other statistics related to the following branch branch because the effective number of genes impacting it is only 15:
	{5, 6}
You may want to ignore posterior probabilities and other statistics related to the following branch branch because the effective number of genes impacting it is only 15:
	{5, 6, 8, 7}
(9,((10,(11,(4,(3,(2,1)0.37:0.0)0.72:0.22705745063534608)1:2.367123614131617)1:1.6739764335716716)0.86:0.30026085465864094,((8,7)0.99:0.6241543090729941,(5,6)1:1.317301489632939)0.56:0.09844007281325252));
ASTRAL finished in 1.631 secs
Shutting down threading
Memory Peak: 1188