

================== ASTRAL ===================== 

This is ASTRAL version 5.15.4
Using native AVX batch computing.
Gene trees are treated as unrooted
Warning:

 Problem using GPU. Proceeding without GPU
org.jocl.CLException: CL_PLATFORM_NOT_FOUND_KHR
org.jocl.CLException: CL_PLATFORM_NOT_FOUND_KHR
Starting 2 threads ...
There are 2 threads used to run.
100 trees read from /home/vasenaj/Desktop/phylogenetic-tree-comparison-rt-refactor/data_sets/gene-trees/model.15taxon/100gene-1000bp/R10/all_gt.tre
All output trees will be *arbitrarily* rooted at N

======== Running the main analysis
Number of taxa: 15 (15 species)
Taxa: [N, K, M, I, F, B, A, D, G, E, C, H, O, J, L]
Taxon occupancy: {A=100, B=100, C=100, D=100, E=100, F=100, G=100, H=100, I=100, J=100, K=100, L=100, M=100, N=100, O=100}
Using polytree-based weight calculation.
Number of gene trees: 100
0 trees have missing taxa
Calculating distance matrix (for completion of X) ....with 2 distance matrices for parallellism
Species tree distances calculated ...

Building set of clusters (X) from gene trees 
------------------------------
Number of Clusters after addition from gene trees: 1035
Number of Clusters after addition by distance: 1035
Adding to X using resolutions of greedy consensus ...

Computing greedy consensus  
took 0 seconds
Threshold 0.0:
Threshold 0.01:
Threshold 0.02:
Threshold 0.05:
Threshold 0.1:
Limit for sigma of degrees:425

polytomy size limit : > 14
 [3, 13, 14]
discarded polytomies: 
polytomy of size 3; rounds with additions with at least 5 support: 0; clusters: 1035
Threshold 0.2:
polytomy of size 13; rounds with additions with at least 5 support: 0; clusters: 1035
Threshold 0.3333333333333333:
polytomy of size 14; rounds with additions with at least 5 support: 0; clusters: 1035
Number of Clusters after addition by greedy: 1035
partitions formed in 1.447 secs
Dynamic Programming starting after 1.447 secs
Polytree max score: 136500
Polytree building time: 0.03 seconds.
Using native AVX batch computing method.
Number of quartet trees in the gene trees: 136500
Computing hash values took 0 seconds
Size of largest cluster: 15
Size of largest cluster: 15
Finishing up:3042 192 3041
Total Number of elements: 3041
Normalized score (portion of input quartet trees satisfied before correcting for multiple individuals): 0.602021978021978
Final optimization score: 82176
Optimal tree inferred in 2.686 secs.
Weight calculation using polytrees cumulatively took 0.076970324 secs
(N,(O,(M,(L,(K,(J,(I,(H,(G,(F,(E,(D,(C,(B,A))))))))))))));
Final quartet score is: 82176
Final normalized quartet score is: 0.602021978021978
(N,(O,(M,(L,(K,(J,(I,(H,(G,(F,(E,(D,(C,(B,A)0.9:0.13353139262452274)0.92:0.14062865449528453)1:0.2399926238585347)0.97:0.18281672887636763)0.99:0.20505322201185616)0.99:0.21539430506797683)0.98:0.2010243647850243)0.9:0.1355135538285137)0.93:0.14634295575872305)0.91:0.13892071215012827)0.94:0.15471339437702306)0.45:0.036551012650347145));
ASTRAL finished in 3.485 secs
Shutting down threading
Memory Peak: 1116