

================== ASTRAL ===================== 

This is ASTRAL version 5.15.4
Using native AVX batch computing.
Gene trees are treated as unrooted
Warning:

 Problem using GPU. Proceeding without GPU
org.jocl.CLException: CL_PLATFORM_NOT_FOUND_KHR
org.jocl.CLException: CL_PLATFORM_NOT_FOUND_KHR
Starting 2 threads ...
There are 2 threads used to run.
1000 trees read from /home/vasenaj/Desktop/phylogenetic-tree-comparison-rt-refactor/data_sets/gene-trees/model.15taxon/1000gene-true/R1/all_gt.tre
All output trees will be *arbitrarily* rooted at O

======== Running the main analysis
Number of taxa: 15 (15 species)
Taxa: [O, N, J, L, H, I, F, A, C, D, B, E, G, K, M]
Taxon occupancy: {A=1000, B=1000, C=1000, D=1000, E=1000, F=1000, G=1000, H=1000, I=1000, J=1000, K=1000, L=1000, M=1000, N=1000, O=1000}
Using polytree-based weight calculation.
Number of gene trees: 1000
0 trees have missing taxa
Calculating distance matrix (for completion of X) ....with 2 distance matrices for parallellism
Species tree distances calculated ...

Building set of clusters (X) from gene trees 
------------------------------
Number of Clusters after addition from gene trees: 4009
Number of Clusters after addition by distance: 4009
Adding to X using resolutions of greedy consensus ...

Computing greedy consensus  
Threshold 0.0:
Threshold 0.01:
Threshold 0.02:
Threshold 0.05:
Threshold 0.1:
Threshold 0.2:
took 0 seconds
Limit for sigma of degrees:425

polytomy size limit : > 13
 [12, 13]
discarded polytomies: 
polytomy of size 12; rounds with additions with at least 5 support: 0; clusters: 4009
Threshold 0.3333333333333333:
polytomy of size 13; rounds with additions with at least 5 support: 0; clusters: 4009
Number of Clusters after addition by greedy: 4009
partitions formed in 3.356 secs
Dynamic Programming starting after 3.356 secs
Polytree max score: 1365000
Polytree building time: 0.106 seconds.
Using native AVX batch computing method.
Number of quartet trees in the gene trees: 1365000
Computing hash values took 0 seconds
Size of largest cluster: 15
Size of largest cluster: 15
Finishing up:38281 320 38280
Total Number of elements: 38280
Normalized score (portion of input quartet trees satisfied before correcting for multiple individuals): 0.6210827838827839
Final optimization score: 847778
Optimal tree inferred in 6.255 secs.
Weight calculation using polytrees cumulatively took 1.516738734 secs
(O,(N,(M,(L,(K,(J,(I,(H,(G,(F,(E,(D,(C,(A,B))))))))))))));
Final quartet score is: 847778
Final normalized quartet score is: 0.6210827838827839
(O,(N,(M,(L,(K,(J,(I,(H,(G,(F,(E,(D,(C,(A,B)1:0.23909807259603685)1:0.15757356874132222)1:0.17392533548667558)1:0.23550948887262382)1:0.1835110751793235)1:0.20451550970566998)1:0.2318062677995159)1:0.2129249603856185)1:0.18177225713718725)1:0.20636453029565033)1:0.23634791067662572)1:0.18522286441663416));
ASTRAL finished in 6.841 secs
Shutting down threading
Memory Peak: 1104