

================== ASTRAL ===================== 

This is ASTRAL version 5.15.4
Using native AVX batch computing.
Gene trees are treated as unrooted
Warning:

 Problem using GPU. Proceeding without GPU
org.jocl.CLException: CL_PLATFORM_NOT_FOUND_KHR
org.jocl.CLException: CL_PLATFORM_NOT_FOUND_KHR
Starting 2 threads ...
There are 2 threads used to run.
5 trees read from /home/vasenaj/Desktop/phylogenetic-tree-comparison-rt-refactor/data_sets/gene-trees/model.11taxon/estimated_5genes_strongILS/R7/all_gt.tre
All output trees will be *arbitrarily* rooted at 2

======== Running the main analysis
Number of taxa: 11 (11 species)
Taxa: [2, 11, 9, 10, 7, 8, 6, 5, 4, 3, 1]
Taxon occupancy: {11=5, 1=5, 2=5, 3=5, 4=5, 5=5, 6=5, 7=5, 8=5, 9=5, 10=5}
Using polytree-based weight calculation.
Number of gene trees: 5
0 trees have missing taxa
Calculating distance matrix (for completion of X) ....with 2 distance matrices for parallellism
Species tree distances calculated ...

Building set of clusters (X) from gene trees 
------------------------------
Number of Clusters after addition from gene trees: 71
Number of Clusters after addition by distance: 71
Adding to X using resolutions of greedy consensus ...

Computing greedy consensus  
Threshold 0.0:
Threshold 0.01:
Threshold 0.02:
Threshold 0.05:
Threshold 0.1:
Threshold 0.2:
Threshold 0.3333333333333333:
took 0 seconds
Limit for sigma of degrees:325

polytomy size limit : > 3
 [3]
discarded polytomies: 
polytomy of size 3; rounds with additions with at least 5 support: 0; clusters: 73
Number of Clusters after addition by greedy: 73
partitions formed in 0.206 secs
Dynamic Programming starting after 0.206 secs
Polytree max score: 1650
Polytree building time: 0.017 seconds.
Using native AVX batch computing method.
Number of quartet trees in the gene trees: 1650
Computing hash values took 0 seconds
Size of largest cluster: 11
Size of largest cluster: 11
Finishing up:47 0 0
Total Number of elements: 46
Normalized score (portion of input quartet trees satisfied before correcting for multiple individuals): 0.8036363636363636
Final optimization score: 1326
Optimal tree inferred in 1.331 secs.
Weight calculation using polytrees cumulatively took 7.71224E-4 secs
(2,(1,(3,(4,(11,(5,(9,(6,(10,(7,8))))))))));
Final quartet score is: 1326
Final normalized quartet score is: 0.8036363636363636
You may want to ignore posterior probabilities and other statistics related to the following branch branch because the effective number of genes impacting it is only 5:
	{7, 8}
You may want to ignore posterior probabilities and other statistics related to the following branch branch because the effective number of genes impacting it is only 5:
	{10, 7, 8}
You may want to ignore posterior probabilities and other statistics related to the following branch branch because the effective number of genes impacting it is only 5:
	{10, 7, 8, 6}
You may want to ignore posterior probabilities and other statistics related to the following branch branch because the effective number of genes impacting it is only 5:
	{9, 10, 7, 8, 6}
You may want to ignore posterior probabilities and other statistics related to the following branch branch because the effective number of genes impacting it is only 5:
	{9, 10, 7, 8, 6, 5}
You may want to ignore posterior probabilities and other statistics related to the following branch branch because the effective number of genes impacting it is only 5:
	{11, 9, 10, 7, 8, 6, 5}
You may want to ignore posterior probabilities and other statistics related to the following branch branch because the effective number of genes impacting it is only 5:
	{11, 9, 10, 7, 8, 6, 5, 4}
You may want to ignore posterior probabilities and other statistics related to the following branch branch because the effective number of genes impacting it is only 5:
	{11, 9, 10, 7, 8, 6, 5, 4, 3}
(2,(1,(3,(4,(11,(5,(9,(6,(10,(7,8)0.98:1.067840630001356)0.91:0.6241543090729941)0.45:0.028170876966696335)0.53:0.13353139262452274)0.99:1.3862943611198908)0.97:0.8754687373538999)0.4:0.0)0.58:0.20763936477824438));
ASTRAL finished in 1.607 secs
Shutting down threading
Memory Peak: 1182