

================== ASTRAL ===================== 

This is ASTRAL version 5.15.4
Using native AVX batch computing.
Gene trees are treated as unrooted
Warning:

 Problem using GPU. Proceeding without GPU
org.jocl.CLException: CL_PLATFORM_NOT_FOUND_KHR
org.jocl.CLException: CL_PLATFORM_NOT_FOUND_KHR
Starting 2 threads ...
There are 2 threads used to run.
100 trees read from /home/vasenaj/Desktop/phylogenetic-tree-comparison-rt-refactor/data_sets/gene-trees/model.15taxon/100gene-1000bp/R9/all_gt.tre
All output trees will be *arbitrarily* rooted at C

======== Running the main analysis
Number of taxa: 15 (15 species)
Taxa: [C, E, N, M, J, K, I, H, F, B, L, O, A, D, G]
Taxon occupancy: {A=100, B=100, C=100, D=100, E=100, F=100, G=100, H=100, I=100, J=100, K=100, L=100, M=100, N=100, O=100}
Using polytree-based weight calculation.
Number of gene trees: 100
0 trees have missing taxa
Calculating distance matrix (for completion of X) ....with 2 distance matrices for parallellism
Species tree distances calculated ...

Building set of clusters (X) from gene trees 
------------------------------
Number of Clusters after addition from gene trees: 1061
Number of Clusters after addition by distance: 1061
Adding to X using resolutions of greedy consensus ...

Computing greedy consensus  
took 0 seconds
Limit for sigma of degrees:425

polytomy size limit : > 13
 [3, 3, 11, 13]
discarded polytomies: 
Threshold 0.0:
Threshold 0.01:
Threshold 0.02:
Threshold 0.05:
Threshold 0.1:
polytomy of size 3; rounds with additions with at least 5 support: 0; clusters: 1061
polytomy of size 3; rounds with additions with at least 5 support: 0; clusters: 1061
Threshold 0.2:
polytomy of size 11; rounds with additions with at least 5 support: 0; clusters: 1061
Threshold 0.3333333333333333:
polytomy of size 13; rounds with additions with at least 5 support: 0; clusters: 1061
Number of Clusters after addition by greedy: 1061
partitions formed in 1.532 secs
Dynamic Programming starting after 1.532 secs
Polytree max score: 136500
Polytree building time: 0.046 seconds.
Using native AVX batch computing method.
Number of quartet trees in the gene trees: 136500
Computing hash values took 0 seconds
Size of largest cluster: 15
Size of largest cluster: 15
Finishing up:3109 52 53
Total Number of elements: 3108
Normalized score (portion of input quartet trees satisfied before correcting for multiple individuals): 0.5986373626373627
Final optimization score: 81714
Optimal tree inferred in 2.771 secs.
Weight calculation using polytrees cumulatively took 0.060746766 secs
(C,((B,A),(D,(E,(F,(G,(H,(I,(J,(K,(L,(M,(N,O)))))))))))));
Final quartet score is: 81714
Final normalized quartet score is: 0.5986373626373627
(C,((B,A)0.89:0.13070653198896787,(D,(E,(F,(G,(H,(I,(J,(K,(L,(M,(N,O)0.98:0.19327238798070642)0.98:0.18918574559525408)0.51:0.03732152764929988)0.99:0.20840126957700628)0.92:0.13934742433923566)1:0.28391736212298346)0.89:0.13656691048710687)0.93:0.14748974487522978)1:0.23309388216737792)0.81:0.10646123123401181)0.99:0.21898927598583595));
ASTRAL finished in 3.481 secs
Shutting down threading
Memory Peak: 1110