

================== ASTRAL ===================== 

This is ASTRAL version 5.15.4
Using native AVX batch computing.
Gene trees are treated as unrooted
Warning:

 Problem using GPU. Proceeding without GPU
org.jocl.CLException: CL_PLATFORM_NOT_FOUND_KHR
org.jocl.CLException: CL_PLATFORM_NOT_FOUND_KHR
Starting 2 threads ...
There are 2 threads used to run.
1000 trees read from /home/vasenaj/Desktop/phylogenetic-tree-comparison-rt-refactor/data_sets/gene-trees/model.15taxon/1000gene-100bp/R1/all_gt.tre
All output trees will be *arbitrarily* rooted at F

======== Running the main analysis
Number of taxa: 15 (15 species)
Taxa: [F, B, E, M, H, N, K, L, J, D, A, C, O, I, G]
Taxon occupancy: {A=1000, B=1000, C=1000, D=1000, E=1000, F=1000, G=1000, H=1000, I=1000, J=1000, K=1000, L=1000, M=1000, N=1000, O=1000}
Using polytree-based weight calculation.
Number of gene trees: 1000
0 trees have missing taxa
Calculating distance matrix (for completion of X) ....with 2 distance matrices for parallellism
Species tree distances calculated ...

Building set of clusters (X) from gene trees 
------------------------------
Number of Clusters after addition from gene trees: 5861
Number of Clusters after addition by distance: 5861
Adding to X using resolutions of greedy consensus ...

Computing greedy consensus  
took 0 seconds
Limit for sigma of degrees:425

polytomy size limit : > 14
 [5, 11, 13, 14]
discarded polytomies: 
Threshold 0.0:
Threshold 0.01:
Threshold 0.02:
Threshold 0.05:
polytomy of size 5; rounds with additions with at least 5 support: 0; clusters: 5861
Threshold 0.1:
polytomy of size 11; rounds with additions with at least 5 support: 0; clusters: 5861
Threshold 0.2:
polytomy of size 13; rounds with additions with at least 5 support: 0; clusters: 5861
Threshold 0.3333333333333333:
polytomy of size 14; rounds with additions with at least 5 support: 0; clusters: 5861
Number of Clusters after addition by greedy: 5861
partitions formed in 7.781 secs
Dynamic Programming starting after 7.781 secs
Polytree max score: 1365000
Polytree building time: 0.185 seconds.
Using native AVX batch computing method.
Number of quartet trees in the gene trees: 1365000
Computing hash values took 0 seconds
Size of largest cluster: 15
Size of largest cluster: 15
Finishing up:77147 76928 77146
Total Number of elements: 77146
Normalized score (portion of input quartet trees satisfied before correcting for multiple individuals): 0.5060842490842491
Final optimization score: 690805
Optimal tree inferred in 16.397 secs.
Weight calculation using polytrees cumulatively took 6.656305232 secs
(F,((G,(H,(I,(O,(J,(K,(L,(M,N)))))))),(E,(D,(C,(B,A))))));
Final quartet score is: 690805
Final normalized quartet score is: 0.5060842490842491
(F,((G,(H,(I,(O,(J,(K,(L,(M,N)1:0.07370461080371615)0.99:0.06633834164142367)1:0.0979510264095345)0.96:0.06469393336882599)0.95:0.0656180246708245)1:0.11117316794678697)1:0.11336864614538733)1:0.111665733114441,(E,(D,(C,(B,A)1:0.16263646593420436)1:0.10620851231665535)1:0.12820806707412763)1:0.11973611550192782));
ASTRAL finished in 17.808 secs
Shutting down threading
Memory Peak: 1110