

================== ASTRAL ===================== 

This is ASTRAL version 5.15.4
Using native AVX batch computing.
Gene trees are treated as unrooted
Warning:

 Problem using GPU. Proceeding without GPU
org.jocl.CLException: CL_PLATFORM_NOT_FOUND_KHR
org.jocl.CLException: CL_PLATFORM_NOT_FOUND_KHR
Starting 2 threads ...
There are 2 threads used to run.
15 trees read from /home/vasenaj/Desktop/phylogenetic-tree-comparison-rt-refactor/data_sets/gene-trees/model.11taxon/estimated_15genes_strongILS/R9/all_gt.tre
All output trees will be *arbitrarily* rooted at 3

======== Running the main analysis
Number of taxa: 11 (11 species)
Taxa: [3, 2, 10, 5, 9, 8, 7, 6, 11, 4, 1]
Taxon occupancy: {11=15, 1=15, 2=15, 3=15, 4=15, 5=15, 6=15, 7=15, 8=15, 9=15, 10=15}
Using polytree-based weight calculation.
Number of gene trees: 15
0 trees have missing taxa
Calculating distance matrix (for completion of X) ....with 2 distance matrices for parallellism
Species tree distances calculated ...

Building set of clusters (X) from gene trees 
------------------------------
Number of Clusters after addition from gene trees: 93
Number of Clusters after addition by distance: 93
Adding to X using resolutions of greedy consensus ...

Computing greedy consensus  
took 0 seconds
Limit for sigma of degrees:325

polytomy size limit : > 3
 [3]
discarded polytomies: 
Threshold 0.0:
Threshold 0.01:
Threshold 0.02:
Threshold 0.05:
Threshold 0.1:
Threshold 0.2:
Threshold 0.3333333333333333:
polytomy of size 3; rounds with additions with at least 5 support: 0; clusters: 93
Number of Clusters after addition by greedy: 93
partitions formed in 0.184 secs
Dynamic Programming starting after 0.184 secs
Polytree max score: 4950
Polytree building time: 0.008 seconds.
Using native AVX batch computing method.
Number of quartet trees in the gene trees: 4950
Computing hash values took 0 seconds
Size of largest cluster: 11
Size of largest cluster: 11
Finishing up:83 0 0
Total Number of elements: 82
Normalized score (portion of input quartet trees satisfied before correcting for multiple individuals): 0.8424242424242424
Final optimization score: 4170
Optimal tree inferred in 1.253 secs.
Weight calculation using polytrees cumulatively took 4.49765E-4 secs
(3,(2,(1,(4,(11,(10,(9,((8,7),(5,6)))))))));
Final quartet score is: 4170
Final normalized quartet score is: 0.8424242424242424
You may want to ignore posterior probabilities and other statistics related to the following branch branch because the effective number of genes impacting it is only 15:
	{8, 7}
You may want to ignore posterior probabilities and other statistics related to the following branch branch because the effective number of genes impacting it is only 15:
	{5, 6}
You may want to ignore posterior probabilities and other statistics related to the following branch branch because the effective number of genes impacting it is only 15:
	{5, 8, 7, 6}
You may want to ignore posterior probabilities and other statistics related to the following branch branch because the effective number of genes impacting it is only 15:
	{5, 9, 8, 7, 6}
You may want to ignore posterior probabilities and other statistics related to the following branch branch because the effective number of genes impacting it is only 15:
	{10, 5, 9, 8, 7, 6}
You may want to ignore posterior probabilities and other statistics related to the following branch branch because the effective number of genes impacting it is only 15:
	{10, 5, 9, 8, 7, 6, 11}
You may want to ignore posterior probabilities and other statistics related to the following branch branch because the effective number of genes impacting it is only 15:
	{10, 5, 9, 8, 7, 6, 11, 4}
You may want to ignore posterior probabilities and other statistics related to the following branch branch because the effective number of genes impacting it is only 15:
	{10, 5, 9, 8, 7, 6, 11, 4, 1}
(3,(2,(1,(4,(11,(10,(9,((8,7)0.99:0.6623755218931916,(5,6)0.86:0.32404971662265564)0.44:0.0317486983145803)1:1.0453677741492975)1:2.367123614131617)1:1.6739764335716716)0.74:0.23549631928121076)0.56:0.15610571466306167));
ASTRAL finished in 1.555 secs
Shutting down threading
Memory Peak: 1188