

================== ASTRAL ===================== 

This is ASTRAL version 5.15.4
Using native AVX batch computing.
Gene trees are treated as unrooted
Warning:

 Problem using GPU. Proceeding without GPU
org.jocl.CLException: CL_PLATFORM_NOT_FOUND_KHR
org.jocl.CLException: CL_PLATFORM_NOT_FOUND_KHR
Starting 2 threads ...
There are 2 threads used to run.
100 trees read from /home/vasenaj/Desktop/phylogenetic-tree-comparison-rt-refactor/data_sets/gene-trees/model.15taxon/100gene-1000bp/R1/all_gt.tre
All output trees will be *arbitrarily* rooted at O

======== Running the main analysis
Number of taxa: 15 (15 species)
Taxa: [O, K, H, I, E, G, F, B, C, D, A, J, L, M, N]
Taxon occupancy: {A=100, B=100, C=100, D=100, E=100, F=100, G=100, H=100, I=100, J=100, K=100, L=100, M=100, N=100, O=100}
Using polytree-based weight calculation.
Number of gene trees: 100
0 trees have missing taxa
Calculating distance matrix (for completion of X) ....with 2 distance matrices for parallellism
Species tree distances calculated ...

Building set of clusters (X) from gene trees 
------------------------------
Number of Clusters after addition from gene trees: 1009
Number of Clusters after addition by distance: 1009
Adding to X using resolutions of greedy consensus ...

Computing greedy consensus  
Threshold 0.0:
Threshold 0.01:
Threshold 0.02:
Threshold 0.05:
Threshold 0.1:
Threshold 0.2:
took 0 seconds
Limit for sigma of degrees:425

polytomy size limit : > 13
 [12, 13]
discarded polytomies: 
polytomy of size 12; rounds with additions with at least 5 support: 0; clusters: 1009
Threshold 0.3333333333333333:
polytomy of size 13; rounds with additions with at least 5 support: 0; clusters: 1009
Number of Clusters after addition by greedy: 1009
partitions formed in 1.369 secs
Dynamic Programming starting after 1.369 secs
Polytree max score: 136500
Polytree building time: 0.056 seconds.
Using native AVX batch computing method.
Number of quartet trees in the gene trees: 136500
Computing hash values took 0 seconds
Size of largest cluster: 15
Size of largest cluster: 15
Finishing up:2984 117 118
Total Number of elements: 2983
Normalized score (portion of input quartet trees satisfied before correcting for multiple individuals): 0.603912087912088
Final optimization score: 82434
Optimal tree inferred in 2.663 secs.
Weight calculation using polytrees cumulatively took 0.041067449 secs
(O,((M,N),(L,(K,(J,(I,(H,(G,(F,(E,(D,(C,(B,A)))))))))))));
Final quartet score is: 82434
Final normalized quartet score is: 0.603912087912088
(O,((M,N)0.87:0.13920516671043048,(L,(K,(J,(I,(H,(G,(F,(E,(D,(C,(B,A)0.92:0.14348172347769073)0.61:0.08398837538195332)0.96:0.17070610973256206)1:0.2659184278154214)0.93:0.14619969954473958)0.91:0.15497610290342595)0.98:0.19671029424605427)0.99:0.23371907756129617)0.98:0.18529627391069717)0.84:0.11753554153310564)0.65:0.10776364087561176));
ASTRAL finished in 3.482 secs
Shutting down threading
Memory Peak: 1110