

================== ASTRAL ===================== 

This is ASTRAL version 5.15.4
Using native AVX batch computing.
Gene trees are treated as unrooted
Warning:

 Problem using GPU. Proceeding without GPU
org.jocl.CLException: CL_PLATFORM_NOT_FOUND_KHR
org.jocl.CLException: CL_PLATFORM_NOT_FOUND_KHR
Starting 2 threads ...
There are 2 threads used to run.
200 trees read from /home/vasenaj/Desktop/phylogenetic-tree-comparison-rt-refactor/data_sets/gene-trees/model.37taxon/noscale.200g.500b/R9/all_gt.tre
All output trees will be *arbitrarily* rooted at ECH

======== Running the main analysis
Number of taxa: 37 (37 species)
Taxa: [ECH, PRO, LOX, EQU, PTE, FEL, CAN, VIC, BOS, TUR, SUS, MYO, ERI, SOR, DIP, SPE, OCH, ORY, CAV, TUP, RAT, MUS, CHO, DAS, TAR, MIC, OTO, NEW, CAL, PON, PAN, GOR, HOM, MON, GAL, MAC, ORN]
Taxon occupancy: {PTE=200, NEW=200, RAT=200, TAR=200, SPE=200, ORN=200, CHO=200, OTO=200, PRO=200, ORY=200, MYO=200, MIC=200, BOS=200, HOM=200, EQU=200, DIP=200, MUS=200, ECH=200, GOR=200, FEL=200, MON=200, TUP=200, PON=200, MAC=200, CAL=200, TUR=200, SUS=200, CAN=200, VIC=200, GAL=200, LOX=200, OCH=200, SOR=200, DAS=200, CAV=200, PAN=200, ERI=200}
Using polytree-based weight calculation.
Number of gene trees: 200
0 trees have missing taxa
Calculating distance matrix (for completion of X) ....with 2 distance matrices for parallellism
Species tree distances calculated ...

Building set of clusters (X) from gene trees 
------------------------------
Number of Clusters after addition from gene trees: 1793
Number of Clusters after addition by distance: 1793
Adding to X using resolutions of greedy consensus ...

Computing greedy consensus  
took 0 seconds
Threshold 0.0:
Threshold 0.01:
Threshold 0.02:
Threshold 0.05:
Threshold 0.1:
Threshold 0.2:
Limit for sigma of degrees:975

polytomy size limit : > 6
 [3, 3, 4, 4, 6]
discarded polytomies: 
polytomy of size 4; rounds with additions with at least 5 support: 0; clusters: 1793
Threshold 0.3333333333333333:
polytomy of size 6; rounds with additions with at least 5 support: 0; clusters: 1793
polytomy of size 4; rounds with additions with at least 5 support: 0; clusters: 1793
polytomy of size 3; rounds with additions with at least 5 support: 0; clusters: 1793
polytomy of size 3; rounds with additions with at least 5 support: 0; clusters: 1793
Number of Clusters after addition by greedy: 1793
partitions formed in 1.401 secs
Dynamic Programming starting after 1.401 secs
Polytree max score: 13209000
Polytree building time: 0.057 seconds.
Using native AVX batch computing method.
Number of quartet trees in the gene trees: 13209000
Computing hash values took 0 seconds
Size of largest cluster: 37
Size of largest cluster: 37
Finishing up:4459 225 226
Total Number of elements: 4458
Normalized score (portion of input quartet trees satisfied before correcting for multiple individuals): 0.8512087970323264
Final optimization score: 11243617
Optimal tree inferred in 2.747 secs.
Weight calculation using polytrees cumulatively took 0.085057279 secs
(ECH,(((((((TAR,(CAL,(NEW,(PON,(GOR,(PAN,HOM)))))),(MIC,OTO)),(TUP,((CAV,(SPE,(DIP,(RAT,MUS)))),(OCH,ORY)))),((((EQU,(FEL,CAN)),(PTE,MYO)),(VIC,(SUS,(BOS,TUR)))),(ERI,SOR))),((MON,MAC),(GAL,ORN))),(CHO,DAS)),(PRO,LOX)));
Final quartet score is: 11324453
Final normalized quartet score is: 0.8573285638579756
(ECH,(((((((TAR,(CAL,(NEW,(PON,(GOR,(PAN,HOM)1:0.6077833408752716)1:1.2869218873066866)1:2.03802271037672)1:0.344982103274675)1:0.5412164469995658)1:0.23249327188044125,(MIC,OTO)1:1.6383705781174578)1:1.224107976247971,(TUP,((CAV,(SPE,(DIP,(RAT,MUS)1:2.583558667193673)1:0.16190720294705527)0.46:0.02073589847917816)1:0.7041527943965471,(OCH,ORY)1:2.017892559390631)1:0.5106540824670027)0.96:0.11943018036731207)1:1.2591319351153243,((((EQU,(FEL,CAN)1:1.8846143689494035)0.84:0.07862987689808086,(PTE,MYO)1:0.7984731473397435)0.53:0.044508299673322274,(VIC,(SUS,(BOS,TUR)1:0.5663327652352699)1:0.3284538144531179)1:2.0698220022305134)1:0.3478164776663604,(ERI,SOR)1:0.2876820724517809)1:1.4866345669978407)1:0.8818133490008376,((MON,MAC)1:2.1102132003465885,(GAL,ORN)0.99:0.1547539071114229)1:0.865307320250106)0.55:0.03346969140792336,(CHO,DAS)1:3.9815490680767565)1:2.139017273475279,(PRO,LOX)1:1.1878609818127284));
ASTRAL finished in 3.622 secs
Shutting down threading
Memory Peak: 1128