

================== ASTRAL ===================== 

This is ASTRAL version 5.15.4
Using native AVX batch computing.
Gene trees are treated as unrooted
Warning:

 Problem using GPU. Proceeding without GPU
org.jocl.CLException: CL_PLATFORM_NOT_FOUND_KHR
org.jocl.CLException: CL_PLATFORM_NOT_FOUND_KHR
Starting 2 threads ...
There are 2 threads used to run.
200 trees read from /home/vasenaj/Desktop/phylogenetic-tree-comparison-rt-refactor/data_sets/gene-trees/model.37taxon/noscale.200g.500b/R11/all_gt.tre
All output trees will be *arbitrarily* rooted at SOR

======== Running the main analysis
Number of taxa: 37 (37 species)
Taxa: [SOR, MYO, PTE, VIC, SUS, BOS, TUR, FEL, CAN, CHO, DAS, GAL, ORN, MAC, MON, LOX, PRO, ECH, OCH, ORY, TUP, MUS, RAT, CAV, DIP, SPE, NEW, PON, CAL, GOR, HOM, PAN, OTO, MIC, TAR, EQU, ERI]
Taxon occupancy: {PTE=200, NEW=200, RAT=200, TAR=200, SPE=200, ORN=200, CHO=200, OTO=200, PRO=200, ORY=200, MYO=200, MIC=200, BOS=200, HOM=200, EQU=200, MUS=200, DIP=200, ECH=200, GOR=200, FEL=200, MON=200, MAC=200, TUP=200, PON=200, CAL=200, SUS=200, TUR=200, VIC=200, CAN=200, GAL=200, LOX=200, OCH=200, SOR=200, DAS=200, CAV=200, PAN=200, ERI=200}
Using polytree-based weight calculation.
Number of gene trees: 200
0 trees have missing taxa
Calculating distance matrix (for completion of X) ....with 2 distance matrices for parallellism
Species tree distances calculated ...

Building set of clusters (X) from gene trees 
------------------------------
Number of Clusters after addition from gene trees: 1715
Number of Clusters after addition by distance: 1715
Adding to X using resolutions of greedy consensus ...

Computing greedy consensus  
Threshold 0.0:
Threshold 0.01:
Threshold 0.02:
Threshold 0.05:
Threshold 0.1:
Threshold 0.2:
took 0 seconds
Limit for sigma of degrees:975

polytomy size limit : > 5
 [3, 3, 3, 5, 5]
discarded polytomies: 
polytomy of size 5; rounds with additions with at least 5 support: 0; clusters: 1715
Threshold 0.3333333333333333:
polytomy of size 3; rounds with additions with at least 5 support: 0; clusters: 1715
polytomy of size 3; rounds with additions with at least 5 support: 0; clusters: 1715
polytomy of size 3; rounds with additions with at least 5 support: 0; clusters: 1715
polytomy of size 5; rounds with additions with at least 5 support: 0; clusters: 1715
Number of Clusters after addition by greedy: 1715
partitions formed in 1.317 secs
Dynamic Programming starting after 1.317 secs
Polytree max score: 13209000
Polytree building time: 0.064 seconds.
Using native AVX batch computing method.
Number of quartet trees in the gene trees: 13209000
Computing hash values took 0 seconds
Size of largest cluster: 37
Size of largest cluster: 37
Finishing up:4182 5 6
Total Number of elements: 4181
Normalized score (portion of input quartet trees satisfied before correcting for multiple individuals): 0.8540616246498599
Final optimization score: 11281300
Optimal tree inferred in 2.643 secs.
Weight calculation using polytrees cumulatively took 0.069487004 secs
(SOR,(ERI,(((((TAR,(CAL,(NEW,(PON,(GOR,(HOM,PAN)))))),(OTO,MIC)),(TUP,((SPE,(CAV,(DIP,(MUS,RAT)))),(OCH,ORY)))),(((ECH,(LOX,PRO)),(CHO,DAS)),((MAC,MON),(GAL,ORN)))),(((EQU,(FEL,CAN)),(VIC,(SUS,(BOS,TUR)))),(MYO,PTE)))));
Final quartet score is: 12210258
Final normalized quartet score is: 0.9243892800363389
(SOR,(ERI,(((((TAR,(CAL,(NEW,(PON,(GOR,(HOM,PAN)1:0.5937747067467416)1:1.3005275393624656)1:1.9338562247115)1:0.23083130770702842)1:0.7759881612758489)1:0.2354682116289005,(OTO,MIC)1:1.6470303448894927)1:1.1908113083565173,(TUP,((SPE,(CAV,(DIP,(MUS,RAT)1:2.7006152226146916)1:0.22784704226233926)0.93:0.10489420648640137)1:0.7132483598810323,(OCH,ORY)1:2.6786363158959143)1:0.4966023290113524)0.72:0.05689505958306077)1:1.4390240050978396,(((ECH,(LOX,PRO)1:1.313504201588245)1:1.8082188109399726,(CHO,DAS)1:2.9211579922288453)0.85:0.08051478959129175,((MAC,MON)1:1.6450018191828961,(GAL,ORN)0.87:0.10092291670928254)1:0.9647544567933634)1:0.8140678655553912)1:1.5015199440652542,(((EQU,(FEL,CAN)1:1.972151370129849)0.57:0.034802626590224546,(VIC,(SUS,(BOS,TUR)1:0.6748778599067171)1:0.35422269696901143)1:2.0578953480790196)0.57:0.03490611828510887,(MYO,PTE)1:0.9155865936055972)1:0.3230155390911341)1:0.3874970043458093));
ASTRAL finished in 3.529 secs
Shutting down threading
Memory Peak: 1134