

================== ASTRAL ===================== 

This is ASTRAL version 5.15.4
Using native AVX batch computing.
Gene trees are treated as unrooted
Warning:

 Problem using GPU. Proceeding without GPU
org.jocl.CLException: CL_PLATFORM_NOT_FOUND_KHR
org.jocl.CLException: CL_PLATFORM_NOT_FOUND_KHR
Starting 2 threads ...
There are 2 threads used to run.
1000 trees read from /home/vasenaj/Desktop/phylogenetic-tree-comparison-rt-refactor/data_sets/gene-trees/model.10.2000000.0.000001/44/truegenetrees
All output trees will be *arbitrarily* rooted at 3

======== Running the main analysis
Number of taxa: 11 (11 species)
Taxa: [3, 4, 9, 1, 5, 7, 8, 2, 6, 10, 0]
Taxon occupancy: {0=1000, 1=1000, 2=1000, 3=1000, 4=1000, 5=1000, 6=1000, 7=1000, 8=1000, 9=1000, 10=1000}
Using polytree-based weight calculation.
Number of gene trees: 1000
0 trees have missing taxa
Calculating distance matrix (for completion of X) ....with 2 distance matrices for parallellism
Species tree distances calculated ...

Building set of clusters (X) from gene trees 
------------------------------
Number of Clusters after addition from gene trees: 85
Number of Clusters after addition by distance: 85
Adding to X using resolutions of greedy consensus ...

Computing greedy consensus  
Threshold 0.0:
took 0 seconds
Limit for sigma of degrees:325

polytomy size limit : > 3
 []
discarded polytomies: 
Threshold 0.01:
Threshold 0.02:
Threshold 0.05:
Threshold 0.1:
Threshold 0.2:
Threshold 0.3333333333333333:
Number of Clusters after addition by greedy: 85
partitions formed in 0.91 secs
Dynamic Programming starting after 0.91 secs
Polytree max score: 330000
Polytree building time: 0.109 seconds.
Using native AVX batch computing method.
Number of quartet trees in the gene trees: 330000
Computing hash values took 0 seconds
Size of largest cluster: 11
Size of largest cluster: 11
Finishing up:70 0 69
Total Number of elements: 69
Normalized score (portion of input quartet trees satisfied before correcting for multiple individuals): 0.9127030303030303
Final optimization score: 301192
Optimal tree inferred in 2.083 secs.
Weight calculation using polytrees cumulatively took 7.77161E-4 secs
(3,((1,((0,(8,(5,7))),(10,(2,6)))),(4,9)));
Final quartet score is: 301192
Final normalized quartet score is: 0.9127030303030303
(3,((1,((0,(8,(5,7)1:1.793759469894722)1:4.631487494305473)1:0.18672685026187097,(10,(2,6)1:1.9285786927036728)1:5.810142490647089)1:6.5032896712070904)1:1.1142179413905553,(4,9)1:0.5461578031795797));
ASTRAL finished in 2.931 secs
Shutting down threading
Memory Peak: 1078