

================== ASTRAL ===================== 

This is ASTRAL version 5.15.4
Using native AVX batch computing.
Gene trees are treated as unrooted
Warning:

 Problem using GPU. Proceeding without GPU
org.jocl.CLException: CL_PLATFORM_NOT_FOUND_KHR
org.jocl.CLException: CL_PLATFORM_NOT_FOUND_KHR
Starting 2 threads ...
There are 2 threads used to run.
100 trees read from /home/vasenaj/Desktop/phylogenetic-tree-comparison-rt-refactor/data_sets/gene-trees/model.15taxon/100gene-1000bp/R2/all_gt.tre
All output trees will be *arbitrarily* rooted at M

======== Running the main analysis
Number of taxa: 15 (15 species)
Taxa: [M, N, L, A, D, B, H, G, E, C, F, I, J, K, O]
Taxon occupancy: {A=100, B=100, C=100, D=100, E=100, F=100, G=100, H=100, I=100, J=100, K=100, L=100, M=100, N=100, O=100}
Using polytree-based weight calculation.
Number of gene trees: 100
0 trees have missing taxa
Calculating distance matrix (for completion of X) ....with 2 distance matrices for parallellism
Species tree distances calculated ...

Building set of clusters (X) from gene trees 
------------------------------
Number of Clusters after addition from gene trees: 1075
Number of Clusters after addition by distance: 1075
Adding to X using resolutions of greedy consensus ...

Computing greedy consensus  
took 0 seconds
Limit for sigma of degrees:425

polytomy size limit : > 13
 [3, 3, 12, 13]
discarded polytomies: 
Threshold 0.0:
Threshold 0.01:
Threshold 0.02:
Threshold 0.05:
Threshold 0.1:
polytomy of size 3; rounds with additions with at least 5 support: 0; clusters: 1075
polytomy of size 3; rounds with additions with at least 5 support: 0; clusters: 1075
Threshold 0.2:
polytomy of size 12; rounds with additions with at least 5 support: 0; clusters: 1075
Threshold 0.3333333333333333:
polytomy of size 13; rounds with additions with at least 5 support: 0; clusters: 1075
Number of Clusters after addition by greedy: 1075
partitions formed in 1.441 secs
Dynamic Programming starting after 1.441 secs
Polytree max score: 136500
Polytree building time: 0.048 seconds.
Using native AVX batch computing method.
Number of quartet trees in the gene trees: 136500
Computing hash values took 0 seconds
Size of largest cluster: 15
Size of largest cluster: 15
Finishing up:3286 197 198
Total Number of elements: 3285
Normalized score (portion of input quartet trees satisfied before correcting for multiple individuals): 0.599934065934066
Final optimization score: 81891
Optimal tree inferred in 2.752 secs.
Weight calculation using polytrees cumulatively took 0.049212346 secs
(M,(L,(N,(K,(O,(J,(I,(H,(G,(F,(E,(D,(C,(A,B))))))))))))));
Final quartet score is: 81891
Final normalized quartet score is: 0.599934065934066
(M,(L,(N,(K,(O,(J,(I,(H,(G,(F,(E,(D,(C,(A,B)0.74:0.09061823392062297)0.99:0.23337801343793552)0.75:0.08683137518912534)1:0.2707741158020803)0.98:0.18430371799794576)0.97:0.1792146484904743)0.96:0.17120954991772108)1:0.25745061367211713)1:0.27946509934950037)0.49:0.06124362524071867)0.95:0.15708025938728978)0.5:0.03526813883745776));
ASTRAL finished in 3.532 secs
Shutting down threading
Memory Peak: 1110