

================== ASTRAL ===================== 

This is ASTRAL version 5.15.4
Using native AVX batch computing.
Gene trees are treated as unrooted
Warning:

 Problem using GPU. Proceeding without GPU
org.jocl.CLException: CL_PLATFORM_NOT_FOUND_KHR
org.jocl.CLException: CL_PLATFORM_NOT_FOUND_KHR
Starting 2 threads ...
There are 2 threads used to run.
800 trees read from /home/vasenaj/Desktop/phylogenetic-tree-comparison-rt-refactor/data_sets/gene-trees/model.37taxon/noscale.800g.500b/R4/all_gt.tre
All output trees will be *arbitrarily* rooted at GAL

======== Running the main analysis
Number of taxa: 37 (37 species)
Taxa: [GAL, DIP, RAT, MUS, SPE, CAV, OCH, ORY, EQU, ERI, SUS, FEL, CAN, TUP, CAL, MIC, OTO, TAR, NEW, PON, HOM, GOR, PAN, MYO, PTE, VIC, TUR, BOS, SOR, ECH, LOX, PRO, MAC, MON, ORN, DAS, CHO]
Taxon occupancy: {PTE=800, NEW=800, RAT=800, TAR=800, SPE=800, ORN=800, OTO=800, CHO=800, PRO=800, ORY=800, MYO=800, MIC=800, HOM=800, BOS=800, EQU=800, DIP=800, MUS=800, GOR=800, ECH=800, FEL=800, MON=800, TUP=800, PON=800, MAC=800, CAL=800, SUS=800, TUR=800, CAN=800, VIC=800, GAL=800, LOX=800, OCH=800, SOR=800, DAS=800, CAV=800, PAN=800, ERI=800}
Using polytree-based weight calculation.
Number of gene trees: 800
0 trees have missing taxa
Calculating distance matrix (for completion of X) ....with 2 distance matrices for parallellism
Species tree distances calculated ...

Building set of clusters (X) from gene trees 
------------------------------
Number of Clusters after addition from gene trees: 3879
Number of Clusters after addition by distance: 3879
Adding to X using resolutions of greedy consensus ...

Computing greedy consensus  
Threshold 0.0:
Threshold 0.01:
Threshold 0.02:
Threshold 0.05:
Threshold 0.1:
Threshold 0.2:
took 0 seconds
Limit for sigma of degrees:975

polytomy size limit : > 5
 [3, 3, 3, 3, 3, 4, 4, 5]
discarded polytomies: 
polytomy of size 4; rounds with additions with at least 5 support: 0; clusters: 3879
polytomy of size 3; rounds with additions with at least 5 support: 0; clusters: 3879
Threshold 0.3333333333333333:
polytomy of size 5; rounds with additions with at least 5 support: 0; clusters: 3879
polytomy of size 3; rounds with additions with at least 5 support: 0; clusters: 3879
polytomy of size 4; rounds with additions with at least 5 support: 0; clusters: 3879
polytomy of size 3; rounds with additions with at least 5 support: 0; clusters: 3879
polytomy of size 3; rounds with additions with at least 5 support: 0; clusters: 3879
polytomy of size 3; rounds with additions with at least 5 support: 0; clusters: 3879
Number of Clusters after addition by greedy: 3879
partitions formed in 3.493 secs
Dynamic Programming starting after 3.493 secs
Polytree max score: 52836000
Polytree building time: 0.177 seconds.
Using native AVX batch computing method.
Number of quartet trees in the gene trees: 52836000
Computing hash values took 0 seconds
Size of largest cluster: 37
Size of largest cluster: 37
Finishing up:15904 384 15903
Total Number of elements: 15903
Normalized score (portion of input quartet trees satisfied before correcting for multiple individuals): 0.8536628813687637
Final optimization score: 45104132
Optimal tree inferred in 5.596 secs.
Weight calculation using polytrees cumulatively took 0.59642806 secs
(GAL,(ORN,((MAC,MON),(((((TAR,(CAL,(NEW,(PON,(GOR,(HOM,PAN)))))),(MIC,OTO)),(TUP,((OCH,ORY),(SPE,(CAV,(DIP,(RAT,MUS))))))),(((EQU,((FEL,CAN),(VIC,(SUS,(TUR,BOS))))),(MYO,PTE)),(ERI,SOR))),((DAS,CHO),(ECH,(LOX,PRO)))))));
Final quartet score is: 48222490
Final normalized quartet score is: 0.9126824513589219
(GAL,(ORN,((MAC,MON)1:1.5889089616651522,(((((TAR,(CAL,(NEW,(PON,(GOR,(HOM,PAN)1:0.5214940650829142)1:1.4878663021481926)1:1.8800484751125717)1:0.2540040566923043)1:0.7046235191158928)1:0.23526358646800688,(MIC,OTO)1:1.570360157775875)1:1.2068556117693272,(TUP,((OCH,ORY)1:2.3440054770837557,(SPE,(CAV,(DIP,(RAT,MUS)1:2.469168620037762)1:0.23528281853170577)0.84:0.04465837936348409)1:0.7118923147646362)1:0.6146136730285059)0.44:0.008064054395785013)1:1.3728612804620877,(((EQU,((FEL,CAN)1:1.9753504069160015,(VIC,(SUS,(TUR,BOS)1:0.6771923016274614)1:0.2675330873051493)1:2.1064222195358178)0.45:0.012879084882601087)0.87:0.04364774431036724,(MYO,PTE)1:0.9701599846823361)1:0.3602436192518798,(ERI,SOR)1:0.30857816204838995)1:1.5505335936633873)1:0.9461914154389638,((DAS,CHO)1:3.3694047938612934,(ECH,(LOX,PRO)1:1.2540029967615696)1:1.7633740397488082)1:0.09012312527517605)1:0.7403655469431063)1:0.12277504602316842));
ASTRAL finished in 7.143 secs
Shutting down threading
Memory Peak: 1128