

================== ASTRAL ===================== 

This is ASTRAL version 5.15.4
Using native AVX batch computing.
Gene trees are treated as unrooted
Warning:

 Problem using GPU. Proceeding without GPU
org.jocl.CLException: CL_PLATFORM_NOT_FOUND_KHR
org.jocl.CLException: CL_PLATFORM_NOT_FOUND_KHR
Starting 2 threads ...
There are 2 threads used to run.
50 trees read from /home/vasenaj/Desktop/phylogenetic-tree-comparison-rt-refactor/data_sets/gene-trees/model.11taxon/estimated_50genes_strongILS/R13/all_gt.tre
All output trees will be *arbitrarily* rooted at 6

======== Running the main analysis
Number of taxa: 11 (11 species)
Taxa: [6, 9, 10, 5, 8, 7, 11, 3, 4, 2, 1]
Taxon occupancy: {11=50, 1=50, 2=50, 3=50, 4=50, 5=50, 6=50, 7=50, 8=50, 9=50, 10=50}
Using polytree-based weight calculation.
Number of gene trees: 50
0 trees have missing taxa
Calculating distance matrix (for completion of X) ....with 2 distance matrices for parallellism
Species tree distances calculated ...

Building set of clusters (X) from gene trees 
------------------------------
Number of Clusters after addition from gene trees: 141
Number of Clusters after addition by distance: 141
Adding to X using resolutions of greedy consensus ...

Computing greedy consensus  
took 0 seconds
Limit for sigma of degrees:325

polytomy size limit : > 3
 [3, 3]
discarded polytomies: 
Threshold 0.0:
Threshold 0.01:
Threshold 0.02:
Threshold 0.05:
Threshold 0.1:
Threshold 0.2:
Threshold 0.3333333333333333:
polytomy of size 3; rounds with additions with at least 5 support: 0; clusters: 141
polytomy of size 3; rounds with additions with at least 5 support: 0; clusters: 141
Number of Clusters after addition by greedy: 141
partitions formed in 0.315 secs
Dynamic Programming starting after 0.315 secs
Polytree max score: 16500
Polytree building time: 0.029 seconds.
Using native AVX batch computing method.
Number of quartet trees in the gene trees: 16500
Computing hash values took 0 seconds
Size of largest cluster: 11
Size of largest cluster: 11
Finishing up:205 73 74
Total Number of elements: 204
Normalized score (portion of input quartet trees satisfied before correcting for multiple individuals): 0.8086060606060607
Final optimization score: 13342
Optimal tree inferred in 1.44 secs.
Weight calculation using polytrees cumulatively took 0.003059351 secs
(6,(5,((9,(10,(11,(4,(3,(2,1)))))),(8,7))));
Final quartet score is: 13342
Final normalized quartet score is: 0.8086060606060607
(6,(5,((9,(10,(11,(4,(3,(2,1)0.48:0.08034912716421337)0.97:0.249215791623985)1:3.015534900850171)1:2.5708490795887244)0.99:0.2955561288826868)0.7:0.10590532634959166,(8,7)1:0.6682496289382183)1:1.0655514264072212));
ASTRAL finished in 1.774 secs
Shutting down threading
Memory Peak: 1194