

================== ASTRAL ===================== 

This is ASTRAL version 5.15.4
Using native AVX batch computing.
Gene trees are treated as unrooted
Warning:

 Problem using GPU. Proceeding without GPU
org.jocl.CLException: CL_PLATFORM_NOT_FOUND_KHR
org.jocl.CLException: CL_PLATFORM_NOT_FOUND_KHR
Starting 2 threads ...
There are 2 threads used to run.
1000 trees read from /home/vasenaj/Desktop/phylogenetic-tree-comparison-rt-refactor/data_sets/gene-trees/model.10.2000000.0.000001/15/truegenetrees
All output trees will be *arbitrarily* rooted at 2

======== Running the main analysis
Number of taxa: 11 (11 species)
Taxa: [2, 8, 5, 9, 6, 10, 4, 1, 7, 3, 0]
Taxon occupancy: {0=1000, 1=1000, 2=1000, 3=1000, 4=1000, 5=1000, 6=1000, 7=1000, 8=1000, 9=1000, 10=1000}
Using polytree-based weight calculation.
Number of gene trees: 1000
0 trees have missing taxa
Calculating distance matrix (for completion of X) ....with 2 distance matrices for parallellism
Species tree distances calculated ...

Building set of clusters (X) from gene trees 
------------------------------
Number of Clusters after addition from gene trees: 117
Number of Clusters after addition by distance: 117
Adding to X using resolutions of greedy consensus ...

Computing greedy consensus  
took 0 seconds
Limit for sigma of degrees:325

polytomy size limit : > 3
 []
discarded polytomies: 
Threshold 0.0:
Threshold 0.01:
Threshold 0.02:
Threshold 0.05:
Threshold 0.1:
Threshold 0.2:
Threshold 0.3333333333333333:
Number of Clusters after addition by greedy: 117
partitions formed in 1.036 secs
Dynamic Programming starting after 1.036 secs
Polytree max score: 330000
Polytree building time: 0.072 seconds.
Using native AVX batch computing method.
Number of quartet trees in the gene trees: 330000
Computing hash values took 0 seconds
Size of largest cluster: 11
Size of largest cluster: 11
Finishing up:131 0 0
Total Number of elements: 130
Normalized score (portion of input quartet trees satisfied before correcting for multiple individuals): 0.9402666666666667
Final optimization score: 310288
Optimal tree inferred in 2.199 secs.
Weight calculation using polytrees cumulatively took 0.001156529 secs
(2,(8,(0,((5,(9,6)),((1,(10,4)),(7,3))))));
Final quartet score is: 310288
Final normalized quartet score is: 0.9402666666666667
(2,(8,(0,((5,(9,6)1:1.1280112635228912)1:3.5801280904879,((1,(10,4)1:1.4034232433828577)1:2.6114693730964293,(7,3)1:4.711530201978998)1:0.9413268100354805)1:4.854631045619675)1:5.810142490647089));
ASTRAL finished in 3.096 secs
Shutting down threading
Memory Peak: 1078