

================== ASTRAL ===================== 

This is ASTRAL version 5.15.4
Using native AVX batch computing.
Gene trees are treated as unrooted
Warning:

 Problem using GPU. Proceeding without GPU
org.jocl.CLException: CL_PLATFORM_NOT_FOUND_KHR
org.jocl.CLException: CL_PLATFORM_NOT_FOUND_KHR
Starting 2 threads ...
There are 2 threads used to run.
5 trees read from /home/vasenaj/Desktop/phylogenetic-tree-comparison-rt-refactor/data_sets/gene-trees/model.11taxon/simulated_5genes_strongILS/R11/all_gt.tre
All output trees will be *arbitrarily* rooted at 11.11

======== Running the main analysis
Number of taxa: 11 (11 species)
Taxa: [11.11, 4.4, 3.3, 2.2, 1.1, 5.5, 6.6, 10.10, 9.9, 7.7, 8.8]
Taxon occupancy: {7.7=5, 8.8=5, 1.1=5, 9.9=5, 2.2=5, 11.11=5, 10.10=5, 3.3=5, 4.4=5, 5.5=5, 6.6=5}
Using polytree-based weight calculation.
Number of gene trees: 5
0 trees have missing taxa
Calculating distance matrix (for completion of X) ....with 2 distance matrices for parallellism
Species tree distances calculated ...

Building set of clusters (X) from gene trees 
------------------------------
Number of Clusters after addition from gene trees: 53
Number of Clusters after addition by distance: 53
Adding to X using resolutions of greedy consensus ...

Computing greedy consensus  
took 0 seconds
Limit for sigma of degrees:325

polytomy size limit : > 3
 []
discarded polytomies: 
Threshold 0.0:
Threshold 0.01:
Threshold 0.02:
Threshold 0.05:
Threshold 0.1:
Threshold 0.2:
Threshold 0.3333333333333333:
Number of Clusters after addition by greedy: 53
partitions formed in 0.141 secs
Dynamic Programming starting after 0.141 secs
Polytree max score: 1650
Polytree building time: 0.009 seconds.
Using native AVX batch computing method.
Number of quartet trees in the gene trees: 1650
Computing hash values took 0 seconds
Size of largest cluster: 11
Size of largest cluster: 11
Finishing up:24 0 0
Total Number of elements: 23
Normalized score (portion of input quartet trees satisfied before correcting for multiple individuals): 0.9030303030303031
Final optimization score: 1490
Optimal tree inferred in 1.263 secs.
Weight calculation using polytrees cumulatively took 5.8215E-4 secs
(11.11,((10.10,(9.9,((5.5,6.6),(7.7,8.8)))),(4.4,(1.1,(3.3,2.2)))));
Final quartet score is: 1490
Final normalized quartet score is: 0.9030303030303031
You may want to ignore posterior probabilities and other statistics related to the following branch branch because the effective number of genes impacting it is only 5:
	{5.5, 6.6}
You may want to ignore posterior probabilities and other statistics related to the following branch branch because the effective number of genes impacting it is only 5:
	{7.7, 8.8}
You may want to ignore posterior probabilities and other statistics related to the following branch branch because the effective number of genes impacting it is only 5:
	{5.5, 6.6, 7.7, 8.8}
You may want to ignore posterior probabilities and other statistics related to the following branch branch because the effective number of genes impacting it is only 5:
	{5.5, 6.6, 9.9, 7.7, 8.8}
You may want to ignore posterior probabilities and other statistics related to the following branch branch because the effective number of genes impacting it is only 5:
	{5.5, 6.6, 10.10, 9.9, 7.7, 8.8}
You may want to ignore posterior probabilities and other statistics related to the following branch branch because the effective number of genes impacting it is only 5:
	{3.3, 2.2}
You may want to ignore posterior probabilities and other statistics related to the following branch branch because the effective number of genes impacting it is only 5:
	{3.3, 2.2, 1.1}
You may want to ignore posterior probabilities and other statistics related to the following branch branch because the effective number of genes impacting it is only 5:
	{4.4, 3.3, 2.2, 1.1}
(11.11,((10.10,(9.9,((5.5,6.6)0.99:1.3862943611198908,(7.7,8.8)0.93:0.6931471805599453)0.4:0.0)0.85:0.4700036292457356)0.99:1.3862943611198908,(4.4,(1.1,(3.3,2.2)0.4:0.0)0.99:1.3862943611198908)0.99:1.3862943611198908));
ASTRAL finished in 1.532 secs
Shutting down threading
Memory Peak: 1188