

================== ASTRAL ===================== 

This is ASTRAL version 5.15.4
Using native AVX batch computing.
Gene trees are treated as unrooted
Warning:

 Problem using GPU. Proceeding without GPU
org.jocl.CLException: CL_PLATFORM_NOT_FOUND_KHR
org.jocl.CLException: CL_PLATFORM_NOT_FOUND_KHR
Starting 2 threads ...
There are 2 threads used to run.
100 trees read from /home/vasenaj/Desktop/phylogenetic-tree-comparison-rt-refactor/data_sets/gene-trees/model.15taxon/100gene-true/R4/all_gt.tre
All output trees will be *arbitrarily* rooted at K

======== Running the main analysis
Number of taxa: 15 (15 species)
Taxa: [K, L, I, J, H, C, D, A, F, E, B, G, N, M, O]
Taxon occupancy: {A=100, B=100, C=100, D=100, E=100, F=100, G=100, H=100, I=100, J=100, K=100, L=100, M=100, N=100, O=100}
Using polytree-based weight calculation.
Number of gene trees: 100
0 trees have missing taxa
Calculating distance matrix (for completion of X) ....with 2 distance matrices for parallellism
Species tree distances calculated ...

Building set of clusters (X) from gene trees 
------------------------------
Number of Clusters after addition from gene trees: 1009
Number of Clusters after addition by distance: 1009
Adding to X using resolutions of greedy consensus ...

Computing greedy consensus  
took 0 seconds
Threshold 0.0:
Threshold 0.01:
Threshold 0.02:
Threshold 0.05:
Threshold 0.1:
Threshold 0.2:
Limit for sigma of degrees:425

polytomy size limit : > 13
 [11, 13]
discarded polytomies: 
polytomy of size 11; rounds with additions with at least 5 support: 0; clusters: 1009
Threshold 0.3333333333333333:
polytomy of size 13; rounds with additions with at least 5 support: 0; clusters: 1009
Number of Clusters after addition by greedy: 1009
partitions formed in 1.135 secs
Dynamic Programming starting after 1.135 secs
Polytree max score: 136500
Polytree building time: 0.032 seconds.
Using native AVX batch computing method.
Number of quartet trees in the gene trees: 136500
Computing hash values took 0 seconds
Size of largest cluster: 15
Size of largest cluster: 15
Finishing up:2989 192 2988
Total Number of elements: 2988
Normalized score (portion of input quartet trees satisfied before correcting for multiple individuals): 0.6136043956043956
Final optimization score: 83757
Optimal tree inferred in 2.375 secs.
Weight calculation using polytrees cumulatively took 0.058480843 secs
(K,((J,(I,(H,(G,(F,(E,(D,(C,(A,B))))))))),(L,(M,(N,O)))));
Final quartet score is: 83757
Final normalized quartet score is: 0.6136043956043956
(K,((J,(I,(H,(G,(F,(E,(D,(C,(A,B)0.98:0.20080821866940915)1:0.2930972481395577)0.97:0.183113949862357)0.85:0.11484799068231924)0.97:0.17984936764856546)0.88:0.12849258321305873)1:0.26024487123332884)0.92:0.15266663305476316)0.99:0.217077006566094,(L,(M,(N,O)0.98:0.19177201260547144)0.98:0.19163572640423862)1:0.2713150949875756));
ASTRAL finished in 2.822 secs
Shutting down threading
Memory Peak: 1098