

================== ASTRAL ===================== 

This is ASTRAL version 5.15.4
Using native AVX batch computing.
Gene trees are treated as unrooted
Warning:

 Problem using GPU. Proceeding without GPU
org.jocl.CLException: CL_PLATFORM_NOT_FOUND_KHR
org.jocl.CLException: CL_PLATFORM_NOT_FOUND_KHR
Starting 2 threads ...
There are 2 threads used to run.
25 trees read from /home/vasenaj/Desktop/phylogenetic-tree-comparison-rt-refactor/data_sets/gene-trees/model.37taxon/noscale.25g.500b/R19/all_gt.tre
All output trees will be *arbitrarily* rooted at GAL

======== Running the main analysis
Number of taxa: 37 (37 species)
Taxa: [GAL, MAC, TUP, SPE, RAT, MUS, DIP, CAV, ORY, OCH, TAR, PAN, GOR, HOM, PON, NEW, CAL, MIC, OTO, ERI, SOR, EQU, VIC, TUR, BOS, SUS, ORN, MON, CHO, DAS, LOX, ECH, PRO, FEL, CAN, PTE, MYO]
Taxon occupancy: {PTE=25, NEW=25, RAT=25, TAR=25, SPE=25, ORN=25, OTO=25, CHO=25, PRO=25, ORY=25, MYO=25, MIC=25, HOM=25, BOS=25, EQU=25, MUS=25, DIP=25, GOR=25, ECH=25, FEL=25, MON=25, MAC=25, TUP=25, PON=25, CAL=25, TUR=25, SUS=25, VIC=25, CAN=25, GAL=25, LOX=25, OCH=25, SOR=25, DAS=25, CAV=25, PAN=25, ERI=25}
Using polytree-based weight calculation.
Number of gene trees: 25
0 trees have missing taxa
Calculating distance matrix (for completion of X) ....with 2 distance matrices for parallellism
Species tree distances calculated ...

Building set of clusters (X) from gene trees 
------------------------------
Number of Clusters after addition from gene trees: 623
Number of Clusters after addition by distance: 623
Adding to X using resolutions of greedy consensus ...

Computing greedy consensus  
took 0 seconds
Limit for sigma of degrees:975

polytomy size limit : > 5
 [3, 3, 3, 3, 4, 5]
discarded polytomies: 
Threshold 0.0:
Threshold 0.01:
Threshold 0.02:
Threshold 0.05:
Threshold 0.1:
Threshold 0.2:
polytomy of size 4; rounds with additions with at least 5 support: 0; clusters: 623
Threshold 0.3333333333333333:
polytomy of size 3; rounds with additions with at least 5 support: 0; clusters: 623
polytomy of size 3; rounds with additions with at least 5 support: 0; clusters: 623
polytomy of size 3; rounds with additions with at least 5 support: 0; clusters: 623
polytomy of size 5; rounds with additions with at least 5 support: 0; clusters: 625
polytomy of size 3; rounds with additions with at least 5 support: 0; clusters: 625
Number of Clusters after addition by greedy: 625
partitions formed in 0.806 secs
Dynamic Programming starting after 0.806 secs
Polytree max score: 1651125
Polytree building time: 0.024 seconds.
Using native AVX batch computing method.
Number of quartet trees in the gene trees: 1651125
Computing hash values took 0 seconds
Size of largest cluster: 37
Size of largest cluster: 37
Finishing up:750 64 749
Total Number of elements: 749
Normalized score (portion of input quartet trees satisfied before correcting for multiple individuals): 0.8467020970550382
Final optimization score: 1398011
Optimal tree inferred in 1.923 secs.
Weight calculation using polytrees cumulatively took 0.006207702 secs
(GAL,(ORN,(((((((VIC,(SUS,(TUR,BOS))),(PTE,MYO)),(EQU,(FEL,CAN))),(ERI,SOR)),((TUP,((TAR,(CAL,(NEW,(PON,(GOR,(PAN,HOM)))))),(MIC,OTO))),((CAV,(SPE,(DIP,(RAT,MUS)))),(ORY,OCH)))),((ECH,(LOX,PRO)),(CHO,DAS))),(MAC,MON))));
Final quartet score is: 1394349
Final normalized quartet score is: 0.8444842153077448
(GAL,(ORN,(((((((VIC,(SUS,(TUR,BOS)1:0.6619642531232575)0.82:0.21141193729356364)1:1.3307915767972032,(PTE,MYO)1:0.7884263434755718)0.47:0.04656907492305232,(EQU,(FEL,CAN)1:2.144885449932219)0.88:0.2552467966986272)0.96:0.3519138249562298,(ERI,SOR)0.93:0.2979250167892852)1:1.1012552956814634,((TUP,((TAR,(CAL,(NEW,(PON,(GOR,(PAN,HOM)0.82:0.21357410029805904)1:1.1478833376748923)1:2.1439800628174073)0.96:0.3731156287601938)1:0.6877770103853518)0.57:0.09673633364107175,(MIC,OTO)1:1.1313236216358742)1:1.0894964552601007)0.41:0.02035222884889842,((CAV,(SPE,(DIP,(RAT,MUS)1:1.466337068793427)0.99:0.5157913123689534)0.41:0.018805528410688693)1:0.5728033240418882,(ORY,OCH)1:2.670309873119364)0.98:0.39646724899097135)1:1.343372674395046)1:0.854662427790031,((ECH,(LOX,PRO)1:0.7731898882334817)1:1.466337068793427,(CHO,DAS)1:1.7965787556640034)0.43:0.05071509257901645)1:0.7389610091828707,(MAC,MON)1:1.2708450488097272)0.5:0.10691572592463273));
ASTRAL finished in 2.408 secs
Shutting down threading
Memory Peak: 1128