

================== ASTRAL ===================== 

This is ASTRAL version 5.15.4
Using native AVX batch computing.
Gene trees are treated as unrooted
Warning:

 Problem using GPU. Proceeding without GPU
org.jocl.CLException: CL_PLATFORM_NOT_FOUND_KHR
org.jocl.CLException: CL_PLATFORM_NOT_FOUND_KHR
Starting 2 threads ...
There are 2 threads used to run.
1000 trees read from /home/vasenaj/Desktop/phylogenetic-tree-comparison-rt-refactor/data_sets/gene-trees/model.10.2000000.0.000001/39/truegenetrees
All output trees will be *arbitrarily* rooted at 0

======== Running the main analysis
Number of taxa: 11 (11 species)
Taxa: [0, 1, 4, 5, 6, 9, 7, 10, 3, 2, 8]
Taxon occupancy: {0=1000, 1=1000, 2=1000, 3=1000, 4=1000, 5=1000, 6=1000, 7=1000, 8=1000, 9=1000, 10=1000}
Using polytree-based weight calculation.
Number of gene trees: 1000
0 trees have missing taxa
Calculating distance matrix (for completion of X) ....with 2 distance matrices for parallellism
Species tree distances calculated ...

Building set of clusters (X) from gene trees 
------------------------------
Number of Clusters after addition from gene trees: 169
Number of Clusters after addition by distance: 169
Adding to X using resolutions of greedy consensus ...

Computing greedy consensus  
took 0 seconds
Limit for sigma of degrees:325

polytomy size limit : > 3
 []
discarded polytomies: 
Threshold 0.0:
Threshold 0.01:
Threshold 0.02:
Threshold 0.05:
Threshold 0.1:
Threshold 0.2:
Threshold 0.3333333333333333:
Number of Clusters after addition by greedy: 169
partitions formed in 1.122 secs
Dynamic Programming starting after 1.122 secs
Polytree max score: 330000
Polytree building time: 0.118 seconds.
Using native AVX batch computing method.
Number of quartet trees in the gene trees: 330000
Computing hash values took 0 seconds
Size of largest cluster: 11
Size of largest cluster: 11
Finishing up:282 256 281
Total Number of elements: 281
Normalized score (portion of input quartet trees satisfied before correcting for multiple individuals): 0.911839393939394
Final optimization score: 300907
Optimal tree inferred in 2.369 secs.
Weight calculation using polytrees cumulatively took 0.00544334 secs
(0,((3,2),(8,(10,((1,(4,5)),(6,(9,7)))))));
Final quartet score is: 300907
Final normalized quartet score is: 0.911839393939394
(0,((3,2)1:4.455596827841795,(8,(10,((1,(4,5)0.45:0.014464751286654202)1:1.314973199873348,(6,(9,7)1:1.3385036972835425)1:1.125699123764512)1:3.7499828785167244)1:1.858898772065683)1:0.9363092380435005));
ASTRAL finished in 3.62 secs
Shutting down threading
Memory Peak: 1078