

================== ASTRAL ===================== 

This is ASTRAL version 5.15.4
Using native AVX batch computing.
Gene trees are treated as unrooted
Warning:

 Problem using GPU. Proceeding without GPU
org.jocl.CLException: CL_PLATFORM_NOT_FOUND_KHR
org.jocl.CLException: CL_PLATFORM_NOT_FOUND_KHR
Starting 2 threads ...
There are 2 threads used to run.
200 trees read from /home/vasenaj/Desktop/phylogenetic-tree-comparison-rt-refactor/data_sets/gene-trees/model.37taxon/noscale.200g.500b/R3/all_gt.tre
All output trees will be *arbitrarily* rooted at MON

======== Running the main analysis
Number of taxa: 37 (37 species)
Taxa: [MON, MAC, GAL, MYO, VIC, CAN, FEL, PTE, TUR, BOS, SUS, EQU, CAV, ORY, OCH, TUP, CAL, PON, GOR, PAN, HOM, TAR, OTO, MIC, NEW, DIP, SPE, RAT, MUS, ERI, SOR, DAS, CHO, ECH, PRO, LOX, ORN]
Taxon occupancy: {PTE=200, NEW=200, TAR=200, RAT=200, SPE=200, ORN=200, OTO=200, CHO=200, PRO=200, ORY=200, MYO=200, MIC=200, BOS=200, HOM=200, EQU=200, DIP=200, MUS=200, GOR=200, ECH=200, FEL=200, MON=200, MAC=200, TUP=200, PON=200, CAL=200, TUR=200, SUS=200, VIC=200, CAN=200, GAL=200, LOX=200, OCH=200, SOR=200, DAS=200, CAV=200, PAN=200, ERI=200}
Using polytree-based weight calculation.
Number of gene trees: 200
0 trees have missing taxa
Calculating distance matrix (for completion of X) ....with 2 distance matrices for parallellism
Species tree distances calculated ...

Building set of clusters (X) from gene trees 
------------------------------
Number of Clusters after addition from gene trees: 1935
Number of Clusters after addition by distance: 1935
Adding to X using resolutions of greedy consensus ...

Computing greedy consensus  
Threshold 0.0:
Threshold 0.01:
Threshold 0.02:
Threshold 0.05:
Threshold 0.1:
Threshold 0.2:
took 0 seconds
Limit for sigma of degrees:975

polytomy size limit : > 5
 [3, 3, 4, 4, 5]
discarded polytomies: 
polytomy of size 4; rounds with additions with at least 5 support: 0; clusters: 1935
Threshold 0.3333333333333333:
polytomy of size 5; rounds with additions with at least 5 support: 0; clusters: 1935
polytomy of size 4; rounds with additions with at least 5 support: 0; clusters: 1935
polytomy of size 3; rounds with additions with at least 5 support: 0; clusters: 1935
polytomy of size 3; rounds with additions with at least 5 support: 0; clusters: 1935
Number of Clusters after addition by greedy: 1935
partitions formed in 1.456 secs
Dynamic Programming starting after 1.456 secs
Polytree max score: 13209000
Polytree building time: 0.048 seconds.
Using native AVX batch computing method.
Number of quartet trees in the gene trees: 13209000
Computing hash values took 0 seconds
Size of largest cluster: 37
Size of largest cluster: 37
Finishing up:4946 7 8
Total Number of elements: 4945
Normalized score (portion of input quartet trees satisfied before correcting for multiple individuals): 0.8514283443106972
Final optimization score: 11246517
Optimal tree inferred in 2.764 secs.
Weight calculation using polytrees cumulatively took 0.078652191 secs
(MON,(MAC,(((((TUP,((TAR,(CAL,(NEW,(PON,(GOR,(PAN,HOM)))))),(OTO,MIC))),((SPE,(CAV,(DIP,(RAT,MUS)))),(ORY,OCH))),((((VIC,(SUS,(TUR,BOS))),(EQU,(CAN,FEL))),(MYO,PTE)),(ERI,SOR))),((DAS,CHO),(ECH,(PRO,LOX)))),(GAL,ORN))));
Final quartet score is: 11201844
Final normalized quartet score is: 0.8480463320463321
(MON,(MAC,(((((TUP,((TAR,(CAL,(NEW,(PON,(GOR,(PAN,HOM)1:0.5671064596645802)1:1.5667181269145392)1:1.6238446758616307)1:0.22924057904526773)1:0.718133368577674)1:0.22885680251741072,(OTO,MIC)1:1.5340688238078743)1:1.169091186071991)0.76:0.06314645568457113,((SPE,(CAV,(DIP,(RAT,MUS)1:2.123414529903829)1:0.17650404732061722)0.43:0.019387601491006323)1:0.7226835949923963,(ORY,OCH)1:2.3599191148772922)1:0.5898499861159126)1:1.3649224295759208,((((VIC,(SUS,(TUR,BOS)1:0.6757403006673757)1:0.31752133011858336)1:1.5618066495453737,(EQU,(CAN,FEL)1:1.7321165820604454)0.55:0.03152404051560247)0.88:0.08866034191053168,(MYO,PTE)1:0.7721877506791843)1:0.4030027902900241,(ERI,SOR)1:0.39305676235358866)1:1.35884002142052)1:0.8702036693524854,((DAS,CHO)1:2.9519296508955994,(ECH,(PRO,LOX)1:1.3143208614948017)1:2.058213241059982)0.98:0.13956539985721592)1:0.6598846034185637,(GAL,ORN)0.9:0.09493711507326817)1:1.7816345092933281));
ASTRAL finished in 3.614 secs
Shutting down threading
Memory Peak: 1128