

================== ASTRAL ===================== 

This is ASTRAL version 5.15.4
Using native AVX batch computing.
Gene trees are treated as unrooted
Warning:

 Problem using GPU. Proceeding without GPU
org.jocl.CLException: CL_PLATFORM_NOT_FOUND_KHR
org.jocl.CLException: CL_PLATFORM_NOT_FOUND_KHR
Starting 2 threads ...
There are 2 threads used to run.
100 trees read from /home/vasenaj/Desktop/phylogenetic-tree-comparison-rt-refactor/data_sets/gene-trees/model.11taxon/estimated_100genes_strongILS/R15/all_gt.tre
All output trees will be *arbitrarily* rooted at 11

======== Running the main analysis
Number of taxa: 11 (11 species)
Taxa: [11, 10, 8, 7, 6, 5, 9, 4, 3, 2, 1]
Taxon occupancy: {11=100, 1=100, 2=100, 3=100, 4=100, 5=100, 6=100, 7=100, 8=100, 9=100, 10=100}
Using polytree-based weight calculation.
Number of gene trees: 100
0 trees have missing taxa
Calculating distance matrix (for completion of X) ....with 2 distance matrices for parallellism
Species tree distances calculated ...

Building set of clusters (X) from gene trees 
------------------------------
Number of Clusters after addition from gene trees: 207
Number of Clusters after addition by distance: 207
Adding to X using resolutions of greedy consensus ...

Computing greedy consensus  
took 0 seconds
Limit for sigma of degrees:325

polytomy size limit : > 4
 [3, 4]
discarded polytomies: 
Threshold 0.0:
Threshold 0.01:
Threshold 0.02:
Threshold 0.05:
Threshold 0.1:
Threshold 0.2:
Threshold 0.3333333333333333:
polytomy of size 3; rounds with additions with at least 5 support: 0; clusters: 207
polytomy of size 4; rounds with additions with at least 5 support: 0; clusters: 207
Number of Clusters after addition by greedy: 207
partitions formed in 0.523 secs
Dynamic Programming starting after 0.523 secs
Polytree max score: 33000
Polytree building time: 0.035 seconds.
Using native AVX batch computing method.
Number of quartet trees in the gene trees: 33000
Computing hash values took 0 seconds
Size of largest cluster: 11
Size of largest cluster: 11
Finishing up:324 13 14
Total Number of elements: 323
Normalized score (portion of input quartet trees satisfied before correcting for multiple individuals): 0.7853939393939394
Final optimization score: 25918
Optimal tree inferred in 1.667 secs.
Weight calculation using polytrees cumulatively took 0.004650762 secs
(11,((10,(9,((6,5),(8,7)))),(4,(3,(2,1)))));
Final quartet score is: 25918
Final normalized quartet score is: 0.7853939393939394
(11,((10,(9,((6,5)1:0.717486248865213,(8,7)1:0.7461541437347856)0.99:0.2129849292446644)0.99:0.20414206021761006)1:2.377073944984784,(4,(3,(2,1)0.96:0.16441355951872638)0.69:0.07334664741196224)1:2.116420544920923));
ASTRAL finished in 2.109 secs
Shutting down threading
Memory Peak: 1200