
================== ASTRAL-Pro ===================== 

This is ASTRAL-Pro (A-Pro) version 1.1.6
Using native AVX batch computing.
Gene trees are treated as unrooted
There are 2 threads used to run.
ti: 3
tx: 3
pw: 4
The number of input tree read is 1000
16000 trees read from /home/vasenaj/Desktop/phylogenetic-tree-comparison-rt-refactor/data_sets/gene-trees/model.10.2000000.0.000001/11/truegenetrees
1000 extra trees.
All output trees will be *arbitrarily* rooted at 7

======== Running the main analysis
Number of taxa: 11 (11 species)
Taxa: [7, 8, 10, 5, 6, 2, 9, 1, 3, 4, 0]
Taxon occupancy: {0=16000, 1=16000, 2=16000, 3=16000, 4=16000, 5=16000, 6=16000, 7=16000, 8=16000, 9=16000, 10=16000}
Using polytree-based weight calculation.
Number of gene trees: 16000
0 trees have missing taxa
Calculating distance matrix (for completion of X) ....with 2 distance matrices in parallel
Species tree distances calculated ...

Building set of clusters (X) from gene trees 
------------------------------
Number of Clusters after addition by distance: 223
Adding to X using resolutions of greedy consensus ...

Computing greedy consensus  took 1 seconds
Limit for sigma of degrees:325

polytomy size limit : > 3
 []
discarded polytomies: 
Threshold 0.0:
Threshold 0.01:
Threshold 0.02:
Threshold 0.05:
Threshold 0.1:
Threshold 0.2:
Threshold 0.3333333333333333:
Number of Clusters after addition by greedy: 223
calculating extra bipartitions from extra input trees ...
Number of Clusters after additions from extra trees: 223
partitions formed in 9.525 secs
Dynamic Programming starting after 9.525 secs
Polytree max score: 330000
Polytree building time: 0.596 seconds.
Number of quartet trees in the gene trees: 330000
Computing hash values took 0 seconds
Size of largest cluster: 11
Total Number of elements: 450
Final optimization score: 0
Size of largest cluster: 11
451 128 128
Total Number of elements: 450
Normalized score (portion of input quartet trees satisfied before correcting for multiple individuals): 0.8597363636363636
Final optimization score: 283713
Optimal tree inferred in 11.441 secs.
Weight calculation cumulatively took 0.005439009 secs
(7,(8,(10,((4,0),((1,3),(5,(9,(6,2))))))));
Final quartet score is: 283713
Final normalized quartet score is: 0.8597363636363636
(7,(8,(10,((4,0)1:1.8739690249866812,((1,3)1:2.6013170016324105,(5,(9,(6,2)1:3.216755197865042)1:0.31429246400689115)1:0.47968067077250703)1:2.4385455787612473)1:0.1918573881493246)1:5.810142490647089));
ASTRAL-Pro finished in 14.342 secs
Memory Peak: 1092