

================== ASTRAL ===================== 

This is ASTRAL version 5.15.4
Using native AVX batch computing.
Gene trees are treated as unrooted
Warning:

 Problem using GPU. Proceeding without GPU
org.jocl.CLException: CL_PLATFORM_NOT_FOUND_KHR
org.jocl.CLException: CL_PLATFORM_NOT_FOUND_KHR
Starting 2 threads ...
There are 2 threads used to run.
25 trees read from /home/vasenaj/Desktop/phylogenetic-tree-comparison-rt-refactor/data_sets/gene-trees/model.11taxon/estimated_25genes_strongILS/R14/all_gt.tre
All output trees will be *arbitrarily* rooted at 3

======== Running the main analysis
Number of taxa: 11 (11 species)
Taxa: [3, 2, 10, 6, 9, 7, 8, 11, 5, 4, 1]
Taxon occupancy: {11=25, 1=25, 2=25, 3=25, 4=25, 5=25, 6=25, 7=25, 8=25, 9=25, 10=25}
Using polytree-based weight calculation.
Number of gene trees: 25
0 trees have missing taxa
Calculating distance matrix (for completion of X) ....with 2 distance matrices for parallellism
Species tree distances calculated ...

Building set of clusters (X) from gene trees 
------------------------------
Number of Clusters after addition from gene trees: 121
Number of Clusters after addition by distance: 121
Adding to X using resolutions of greedy consensus ...

Computing greedy consensus  
took 0 seconds
Limit for sigma of degrees:325

polytomy size limit : > 4
 [3, 4]
discarded polytomies: 
Threshold 0.0:
Threshold 0.01:
Threshold 0.02:
Threshold 0.05:
Threshold 0.1:
Threshold 0.2:
Threshold 0.3333333333333333:
polytomy of size 3; rounds with additions with at least 5 support: 0; clusters: 121
polytomy of size 4; rounds with additions with at least 5 support: 0; clusters: 121
Number of Clusters after addition by greedy: 121
partitions formed in 0.282 secs
Dynamic Programming starting after 0.282 secs
Polytree max score: 8250
Polytree building time: 0.026 seconds.
Using native AVX batch computing method.
Number of quartet trees in the gene trees: 8250
Computing hash values took 0 seconds
Size of largest cluster: 11
Size of largest cluster: 11
Finishing up:137 0 136
Total Number of elements: 136
Normalized score (portion of input quartet trees satisfied before correcting for multiple individuals): 0.7859393939393939
Final optimization score: 6484
Optimal tree inferred in 1.38 secs.
Weight calculation using polytrees cumulatively took 0.002243806 secs
(3,(1,(2,(4,(11,(10,(9,((7,8),(6,5)))))))));
Final quartet score is: 6484
Final normalized quartet score is: 0.7859393939393939
(3,(1,(2,(4,(11,(10,(9,((7,8)0.98:0.4165149442947494,(6,5)0.99:0.5288441292686692)0.56:0.08526465165468802)0.91:0.2724146003209926)1:1.466337068793427)1:2.159484249353373)0.68:0.1398306260525099)0.51:0.09579106464167549));
ASTRAL finished in 1.665 secs
Shutting down threading
Memory Peak: 1194