

================== ASTRAL ===================== 

This is ASTRAL version 5.15.4
Using native AVX batch computing.
Gene trees are treated as unrooted
Warning:

 Problem using GPU. Proceeding without GPU
org.jocl.CLException: CL_PLATFORM_NOT_FOUND_KHR
org.jocl.CLException: CL_PLATFORM_NOT_FOUND_KHR
Starting 2 threads ...
There are 2 threads used to run.
100 trees read from /home/vasenaj/Desktop/phylogenetic-tree-comparison-rt-refactor/data_sets/gene-trees/model.15taxon/100gene-100bp/R10/all_gt.tre
All output trees will be *arbitrarily* rooted at M

======== Running the main analysis
Number of taxa: 15 (15 species)
Taxa: [M, N, L, J, H, K, I, G, F, B, A, D, O, E, C]
Taxon occupancy: {A=100, B=100, C=100, D=100, E=100, F=100, G=100, H=100, I=100, J=100, K=100, L=100, M=100, N=100, O=100}
Using polytree-based weight calculation.
Number of gene trees: 100
Calculating distance matrix (for completion of X) ....0 trees have missing taxa
with 2 distance matrices for parallellism
Species tree distances calculated ...

Building set of clusters (X) from gene trees 
------------------------------
Number of Clusters after addition from gene trees: 1255
Number of Clusters after addition by distance: 1255
Adding to X using resolutions of greedy consensus ...

Computing greedy consensus  
Threshold 0.0:
Threshold 0.01:
Threshold 0.02:
Threshold 0.05:
took 0 seconds
Limit for sigma of degrees:425

polytomy size limit : > 14
 [4, 8, 13, 14]
discarded polytomies: 
polytomy of size 4; rounds with additions with at least 5 support: 2; clusters: 1261
Threshold 0.1:
polytomy of size 8; rounds with additions with at least 5 support: 0; clusters: 1263
Threshold 0.2:
polytomy of size 13; rounds with additions with at least 5 support: 0; clusters: 1263
Threshold 0.3333333333333333:
polytomy of size 14; rounds with additions with at least 5 support: 0; clusters: 1263
Number of Clusters after addition by greedy: 1263
partitions formed in 1.444 secs
Dynamic Programming starting after 1.444 secs
Polytree max score: 136500
Polytree building time: 0.038 seconds.
Using native AVX batch computing method.
Number of quartet trees in the gene trees: 136500
Computing hash values took 0 seconds
Size of largest cluster: 15
Size of largest cluster: 15
Finishing up:3875 39 40
Total Number of elements: 3874
Normalized score (portion of input quartet trees satisfied before correcting for multiple individuals): 0.5292307692307693
Final optimization score: 72240
Optimal tree inferred in 2.658 secs.
Weight calculation using polytrees cumulatively took 0.040716789 secs
(M,(N,(L,(K,(O,(J,(I,(H,(G,(F,(E,(D,(C,(B,A))))))))))))));
Final quartet score is: 72240
Final normalized quartet score is: 0.5292307692307693
(M,(N,(L,(K,(O,(J,(I,(H,(G,(F,(E,(D,(C,(B,A)0.8:0.10014859877131697)0.74:0.0839883753819532)1:0.28966423365577243)0.88:0.12227951582708746)0.97:0.1745302061709659)0.94:0.15291382128986236)0.87:0.12768872464887093)0.36:0.001982161203991211)0.62:0.058615502834448927)0.61:0.06019154728991488)0.62:0.05933157876909325)0.96:0.1636844307952103));
ASTRAL finished in 3.166 secs
Shutting down threading
Memory Peak: 1110