

================== ASTRAL ===================== 

This is ASTRAL version 5.15.4
Using native AVX batch computing.
Gene trees are treated as unrooted
Warning:

 Problem using GPU. Proceeding without GPU
org.jocl.CLException: CL_PLATFORM_NOT_FOUND_KHR
org.jocl.CLException: CL_PLATFORM_NOT_FOUND_KHR
Starting 2 threads ...
There are 2 threads used to run.
25 trees read from /home/vasenaj/Desktop/phylogenetic-tree-comparison-rt-refactor/data_sets/gene-trees/model.11taxon/estimated_25genes_strongILS/R11/all_gt.tre
All output trees will be *arbitrarily* rooted at 2

======== Running the main analysis
Number of taxa: 11 (11 species)
Taxa: [2, 11, 6, 7, 8, 5, 10, 9, 3, 4, 1]
Taxon occupancy: {11=25, 1=25, 2=25, 3=25, 4=25, 5=25, 6=25, 7=25, 8=25, 9=25, 10=25}
Using polytree-based weight calculation.
Number of gene trees: 25
0 trees have missing taxa
Calculating distance matrix (for completion of X) ....with 2 distance matrices for parallellism
Species tree distances calculated ...

Building set of clusters (X) from gene trees 
------------------------------
Number of Clusters after addition from gene trees: 133
Number of Clusters after addition by distance: 133
Adding to X using resolutions of greedy consensus ...

Computing greedy consensus  
Threshold 0.0:
Threshold 0.01:
Threshold 0.02:
Threshold 0.05:
Threshold 0.1:
Threshold 0.2:
took 0 seconds
Limit for sigma of degrees:325

polytomy size limit : > 3
 [3, 3, 3]
discarded polytomies: 
polytomy of size 3; rounds with additions with at least 5 support: 0; clusters: 133
Threshold 0.3333333333333333:
polytomy of size 3; rounds with additions with at least 5 support: 0; clusters: 133
polytomy of size 3; rounds with additions with at least 5 support: 0; clusters: 133
Number of Clusters after addition by greedy: 133
partitions formed in 0.387 secs
Dynamic Programming starting after 0.388 secs
Polytree max score: 8250
Polytree building time: 0.039 seconds.
Using native AVX batch computing method.
Number of quartet trees in the gene trees: 8250
Computing hash values took 0 seconds
Size of largest cluster: 11
Size of largest cluster: 11
Finishing up:181 7 8
Total Number of elements: 180
Normalized score (portion of input quartet trees satisfied before correcting for multiple individuals): 0.7963636363636364
Final optimization score: 6570
Optimal tree inferred in 1.542 secs.
Weight calculation using polytrees cumulatively took 0.00381235 secs
(2,((4,(11,(10,(9,((6,5),(7,8)))))),(3,1)));
Final quartet score is: 6570
Final normalized quartet score is: 0.7963636363636364
(2,((4,(11,(10,(9,((6,5)1:0.8003408772994328,(7,8)1:0.6714071939235395)0.83:0.2165547284361967)0.57:0.1021605129271553)1:1.823012012732159)1:2.159484249353373)0.94:0.32690278560506236,(3,1)0.53:0.08004270767353637));
ASTRAL finished in 1.864 secs
Shutting down threading
Memory Peak: 1194