

================== ASTRAL ===================== 

This is ASTRAL version 5.15.4
Using native AVX batch computing.
Gene trees are treated as unrooted
Warning:

 Problem using GPU. Proceeding without GPU
org.jocl.CLException: CL_PLATFORM_NOT_FOUND_KHR
org.jocl.CLException: CL_PLATFORM_NOT_FOUND_KHR
Starting 2 threads ...
There are 2 threads used to run.
15 trees read from /home/vasenaj/Desktop/phylogenetic-tree-comparison-rt-refactor/data_sets/gene-trees/model.11taxon/estimated_15genes_strongILS/R16/all_gt.tre
All output trees will be *arbitrarily* rooted at 2

======== Running the main analysis
Number of taxa: 11 (11 species)
Taxa: [2, 3, 8, 9, 5, 6, 10, 7, 11, 4, 1]
Taxon occupancy: {11=15, 1=15, 2=15, 3=15, 4=15, 5=15, 6=15, 7=15, 8=15, 9=15, 10=15}
Using polytree-based weight calculation.
Number of gene trees: 15
0 trees have missing taxa
Calculating distance matrix (for completion of X) ....with 2 distance matrices for parallellism
Species tree distances calculated ...

Building set of clusters (X) from gene trees 
------------------------------
Number of Clusters after addition from gene trees: 89
Number of Clusters after addition by distance: 89
Adding to X using resolutions of greedy consensus ...

Computing greedy consensus  
took 0 seconds
Limit for sigma of degrees:325

polytomy size limit : > 3
 [3]
discarded polytomies: 
Threshold 0.0:
Threshold 0.01:
Threshold 0.02:
Threshold 0.05:
Threshold 0.1:
Threshold 0.2:
Threshold 0.3333333333333333:
polytomy of size 3; rounds with additions with at least 5 support: 0; clusters: 89
Number of Clusters after addition by greedy: 89
partitions formed in 0.223 secs
Dynamic Programming starting after 0.223 secs
Polytree max score: 4950
Polytree building time: 0.013 seconds.
Using native AVX batch computing method.
Number of quartet trees in the gene trees: 4950
Computing hash values took 0 seconds
Size of largest cluster: 11
Size of largest cluster: 11
Finishing up:77 0 0
Total Number of elements: 76
Normalized score (portion of input quartet trees satisfied before correcting for multiple individuals): 0.8379797979797979
Final optimization score: 4148
Optimal tree inferred in 1.349 secs.
Weight calculation using polytrees cumulatively took 0.002843301 secs
(2,(1,(3,(4,(11,(10,(9,((5,6),(8,7)))))))));
Final quartet score is: 4148
Final normalized quartet score is: 0.8379797979797979
You may want to ignore posterior probabilities and other statistics related to the following branch branch because the effective number of genes impacting it is only 15:
	{5, 6}
You may want to ignore posterior probabilities and other statistics related to the following branch branch because the effective number of genes impacting it is only 15:
	{8, 7}
You may want to ignore posterior probabilities and other statistics related to the following branch branch because the effective number of genes impacting it is only 15:
	{8, 5, 6, 7}
You may want to ignore posterior probabilities and other statistics related to the following branch branch because the effective number of genes impacting it is only 15:
	{8, 9, 5, 6, 7}
You may want to ignore posterior probabilities and other statistics related to the following branch branch because the effective number of genes impacting it is only 15:
	{8, 9, 5, 6, 10, 7}
You may want to ignore posterior probabilities and other statistics related to the following branch branch because the effective number of genes impacting it is only 15:
	{8, 9, 5, 6, 10, 7, 11}
You may want to ignore posterior probabilities and other statistics related to the following branch branch because the effective number of genes impacting it is only 15:
	{8, 9, 5, 6, 10, 7, 11, 4}
You may want to ignore posterior probabilities and other statistics related to the following branch branch because the effective number of genes impacting it is only 15:
	{3, 8, 9, 5, 6, 10, 7, 11, 4}
(2,(1,(3,(4,(11,(10,(9,((5,6)1:0.7720744391496157,(8,7)1:0.772074439149616)0.43:0.03578910785158528)0.94:0.42121346507630353)1:2.367123614131617)1:2.367123614131617)0.9:0.3522205935893521)0.64:0.15610571466306167));
ASTRAL finished in 1.655 secs
Shutting down threading
Memory Peak: 1194