

================== ASTRAL ===================== 

This is ASTRAL version 5.15.4
Using native AVX batch computing.
Gene trees are treated as unrooted
Warning:

 Problem using GPU. Proceeding without GPU
org.jocl.CLException: CL_PLATFORM_NOT_FOUND_KHR
org.jocl.CLException: CL_PLATFORM_NOT_FOUND_KHR
Starting 2 threads ...
There are 2 threads used to run.
5 trees read from /home/vasenaj/Desktop/phylogenetic-tree-comparison-rt-refactor/data_sets/gene-trees/model.11taxon/estimated_5genes_strongILS/R5/all_gt.tre
All output trees will be *arbitrarily* rooted at 11

======== Running the main analysis
Number of taxa: 11 (11 species)
Taxa: [11, 2, 4, 6, 5, 9, 7, 8, 10, 3, 1]
Taxon occupancy: {11=5, 1=5, 2=5, 3=5, 4=5, 5=5, 6=5, 7=5, 8=5, 9=5, 10=5}
Using polytree-based weight calculation.
Number of gene trees: 5
0 trees have missing taxa
Calculating distance matrix (for completion of X) ....with 2 distance matrices for parallellism
Species tree distances calculated ...

Building set of clusters (X) from gene trees 
------------------------------
Number of Clusters after addition from gene trees: 69
Number of Clusters after addition by distance: 69
Adding to X using resolutions of greedy consensus ...

Computing greedy consensus  
took 0 seconds
Limit for sigma of degrees:325

polytomy size limit : > 3
 [3]
discarded polytomies: 
Threshold 0.0:
Threshold 0.01:
Threshold 0.02:
Threshold 0.05:
Threshold 0.1:
Threshold 0.2:
Threshold 0.3333333333333333:
polytomy of size 3; rounds with additions with at least 5 support: 0; clusters: 69
Number of Clusters after addition by greedy: 69
partitions formed in 0.185 secs
Dynamic Programming starting after 0.186 secs
Polytree max score: 1650
Polytree building time: 0.01 seconds.
Using native AVX batch computing method.
Number of quartet trees in the gene trees: 1650
Computing hash values took 0 seconds
Size of largest cluster: 11
Size of largest cluster: 11
Total Number of elements: 40
Normalized score (portion of input quartet trees satisfied before correcting for multiple individuals): 0.8296969696969697
Final optimization score: 1369
Optimal tree inferred in 1.254 secs.
Weight calculation using polytrees cumulatively took 2.66825E-4 secs
(11,((10,((6,(7,8)),(5,9))),(4,(3,(2,1)))));
Finishing up:41 40 40
Final quartet score is: 1369
Final normalized quartet score is: 0.8296969696969697
You may want to ignore posterior probabilities and other statistics related to the following branch branch because the effective number of genes impacting it is only 5:
	{7, 8}
You may want to ignore posterior probabilities and other statistics related to the following branch branch because the effective number of genes impacting it is only 5:
	{6, 7, 8}
You may want to ignore posterior probabilities and other statistics related to the following branch branch because the effective number of genes impacting it is only 5:
	{5, 9}
You may want to ignore posterior probabilities and other statistics related to the following branch branch because the effective number of genes impacting it is only 5:
	{6, 5, 9, 7, 8}
You may want to ignore posterior probabilities and other statistics related to the following branch branch because the effective number of genes impacting it is only 5:
	{6, 5, 9, 7, 8, 10}
You may want to ignore posterior probabilities and other statistics related to the following branch branch because the effective number of genes impacting it is only 5:
	{2, 1}
You may want to ignore posterior probabilities and other statistics related to the following branch branch because the effective number of genes impacting it is only 5:
	{2, 3, 1}
You may want to ignore posterior probabilities and other statistics related to the following branch branch because the effective number of genes impacting it is only 5:
	{2, 4, 3, 1}
(11,((10,((6,(7,8)0.93:0.6931471805599453)0.4:0.0,(5,9)0.56:0.13353139262452274)0.93:0.6931471805599453)0.99:1.3862943611198908,(4,(3,(2,1)0.68:0.24686007793152595)0.56:0.13353139262452274)0.93:0.6931471805599453));
ASTRAL finished in 1.518 secs
Shutting down threading
Memory Peak: 1182