

================== ASTRAL ===================== 

This is ASTRAL version 5.15.4
Using native AVX batch computing.
Gene trees are treated as unrooted
Warning:

 Problem using GPU. Proceeding without GPU
org.jocl.CLException: CL_PLATFORM_NOT_FOUND_KHR
org.jocl.CLException: CL_PLATFORM_NOT_FOUND_KHR
Starting 2 threads ...
There are 2 threads used to run.
800 trees read from /home/vasenaj/Desktop/phylogenetic-tree-comparison-rt-refactor/data_sets/gene-trees/model.37taxon/noscale.800g.500b/R2/all_gt.tre
All output trees will be *arbitrarily* rooted at GAL

======== Running the main analysis
Number of taxa: 37 (37 species)
Taxa: [GAL, ERI, MYO, PTE, EQU, SUS, TUR, VIC, BOS, FEL, CAN, SOR, TUP, OTO, MIC, ORY, OCH, DIP, RAT, MUS, SPE, CAV, TAR, CAL, NEW, PON, GOR, HOM, PAN, LOX, PRO, ECH, CHO, DAS, ORN, MAC, MON]
Taxon occupancy: {PTE=800, NEW=800, RAT=800, TAR=800, SPE=800, ORN=800, OTO=800, CHO=800, PRO=800, ORY=800, MYO=800, MIC=800, BOS=800, HOM=800, EQU=800, DIP=800, MUS=800, GOR=800, ECH=800, FEL=800, MON=800, TUP=800, PON=800, MAC=800, CAL=800, SUS=800, TUR=800, VIC=800, CAN=800, GAL=800, LOX=800, OCH=800, SOR=800, DAS=800, CAV=800, PAN=800, ERI=800}
Using polytree-based weight calculation.
Number of gene trees: 800
0 trees have missing taxa
Calculating distance matrix (for completion of X) ....with 2 distance matrices for parallellism
Species tree distances calculated ...

Building set of clusters (X) from gene trees 
------------------------------
Number of Clusters after addition from gene trees: 3969
Number of Clusters after addition by distance: 3969
Adding to X using resolutions of greedy consensus ...

Computing greedy consensus  
took 1 seconds
Threshold 0.0:
Threshold 0.01:
Threshold 0.02:
Threshold 0.05:
Threshold 0.1:
Threshold 0.2:
Limit for sigma of degrees:975

polytomy size limit : > 5
 [3, 3, 3, 3, 4, 5]
discarded polytomies: 
polytomy of size 4; rounds with additions with at least 5 support: 0; clusters: 3969
Threshold 0.3333333333333333:
polytomy of size 5; rounds with additions with at least 5 support: 0; clusters: 3969
polytomy of size 3; rounds with additions with at least 5 support: 0; clusters: 3969
polytomy of size 3; rounds with additions with at least 5 support: 0; clusters: 3969
polytomy of size 3; rounds with additions with at least 5 support: 0; clusters: 3969
polytomy of size 3; rounds with additions with at least 5 support: 0; clusters: 3969
Number of Clusters after addition by greedy: 3969
partitions formed in 4.247 secs
Dynamic Programming starting after 4.247 secs
Polytree max score: 52836000
Polytree building time: 0.17 seconds.
Using native AVX batch computing method.
Number of quartet trees in the gene trees: 52836000
Computing hash values took 0 seconds
Size of largest cluster: 37
Size of largest cluster: 37
Finishing up:15776 128 15775
Total Number of elements: 15775
Normalized score (portion of input quartet trees satisfied before correcting for multiple individuals): 0.8550405405405406
Final optimization score: 45176922
Optimal tree inferred in 6.769 secs.
Weight calculation using polytrees cumulatively took 1.051490344 secs
(GAL,(ORN,((MAC,MON),(((((TAR,(CAL,(NEW,(PON,(GOR,(HOM,PAN)))))),(OTO,MIC)),(TUP,((SPE,(CAV,(DIP,(RAT,MUS)))),(ORY,OCH)))),((((VIC,(SUS,(TUR,BOS))),(EQU,(FEL,CAN))),(MYO,PTE)),(ERI,SOR))),((CHO,DAS),(ECH,(LOX,PRO)))))));
Final quartet score is: 48303203
Final normalized quartet score is: 0.9142100651071239
(GAL,(ORN,((MAC,MON)1:1.6051626472124303,(((((TAR,(CAL,(NEW,(PON,(GOR,(HOM,PAN)1:0.43983968455807654)1:1.38606739788696)1:1.8659574771260274)1:0.22325304746213148)1:0.7130951367679214)1:0.24136069191068635,(OTO,MIC)1:1.5232931749766874)1:1.2882215725075228,(TUP,((SPE,(CAV,(DIP,(RAT,MUS)1:2.4073582802450035)1:0.2439361986513316)0.93:0.05044767003243922)1:0.6825450306916715,(ORY,OCH)1:2.082692763750938)1:0.5787996605548598)1:0.08329728467440269)1:1.3681123828610697,((((VIC,(SUS,(TUR,BOS)1:0.6726492975997636)1:0.2950865603456453)1:2.133212880339377,(EQU,(FEL,CAN)1:2.159924972145876)0.59:0.02563797191095353)1:0.09060201231426732,(MYO,PTE)1:0.8615554298332541)1:0.34800491928032906,(ERI,SOR)1:0.39888448397060167)1:1.476863026063402)1:0.9267791087680122,((CHO,DAS)1:3.2264929325513374,(ECH,(LOX,PRO)1:1.2348856108694237)1:1.697503215395165)1:0.0995969319470053)1:0.8693478613240536)0.58:0.04500520135547453));
ASTRAL finished in 9.205 secs
Shutting down threading
Memory Peak: 1128