

================== ASTRAL ===================== 

This is ASTRAL version 5.15.4
Using native AVX batch computing.
Gene trees are treated as unrooted
Warning:

 Problem using GPU. Proceeding without GPU
org.jocl.CLException: CL_PLATFORM_NOT_FOUND_KHR
org.jocl.CLException: CL_PLATFORM_NOT_FOUND_KHR
Starting 2 threads ...
There are 2 threads used to run.
100 trees read from /home/vasenaj/Desktop/phylogenetic-tree-comparison-rt-refactor/data_sets/gene-trees/model.11taxon/estimated_100genes_strongILS/R1/all_gt.tre
All output trees will be *arbitrarily* rooted at 2

======== Running the main analysis
Number of taxa: 11 (11 species)
Taxa: [2, 4, 11, 10, 9, 7, 8, 5, 6, 3, 1]
Taxon occupancy: {11=100, 1=100, 2=100, 3=100, 4=100, 5=100, 6=100, 7=100, 8=100, 9=100, 10=100}
Using polytree-based weight calculation.
Number of gene trees: 100
0 trees have missing taxa
Calculating distance matrix (for completion of X) ....with 2 distance matrices for parallellism
Species tree distances calculated ...

Building set of clusters (X) from gene trees 
------------------------------
Number of Clusters after addition from gene trees: 187
Number of Clusters after addition by distance: 187
Adding to X using resolutions of greedy consensus ...

Computing greedy consensus  
took 0 seconds
Limit for sigma of degrees:325

polytomy size limit : > 3
 [3, 3]
discarded polytomies: 
Threshold 0.0:
Threshold 0.01:
Threshold 0.02:
Threshold 0.05:
Threshold 0.1:
Threshold 0.2:
Threshold 0.3333333333333333:
polytomy of size 3; rounds with additions with at least 5 support: 0; clusters: 187
polytomy of size 3; rounds with additions with at least 5 support: 0; clusters: 187
Number of Clusters after addition by greedy: 187
partitions formed in 0.62 secs
Dynamic Programming starting after 0.62 secs
Polytree max score: 33000
Polytree building time: 0.074 seconds.
Using native AVX batch computing method.
Number of quartet trees in the gene trees: 33000
Computing hash values took 0 seconds
Size of largest cluster: 11
Size of largest cluster: 11
Finishing up:303 128 128
Total Number of elements: 302
Normalized score (portion of input quartet trees satisfied before correcting for multiple individuals): 0.8025151515151515
Final optimization score: 26483
Optimal tree inferred in 1.826 secs.
Weight calculation using polytrees cumulatively took 0.003529906 secs
(2,((4,(11,(10,((9,(7,8)),(5,6))))),(3,1)));
Final quartet score is: 26483
Final normalized quartet score is: 0.8025151515151515
(2,((4,(11,(10,((9,(7,8)1:1.0473499353532887)0.63:0.07249084932806645,(5,6)1:0.7456571258319098)1:0.40596028019057745)1:2.2637452596777825)1:2.743318339939669)1:0.3163784461260044,(3,1)0.43:0.020000666706669543));
ASTRAL finished in 2.231 secs
Shutting down threading
Memory Peak: 1194