

================== ASTRAL ===================== 

This is ASTRAL version 5.15.4
Using native AVX batch computing.
Gene trees are treated as unrooted
Warning:

 Problem using GPU. Proceeding without GPU
org.jocl.CLException: CL_PLATFORM_NOT_FOUND_KHR
org.jocl.CLException: CL_PLATFORM_NOT_FOUND_KHR
Starting 2 threads ...
There are 2 threads used to run.
1000 trees read from /home/vasenaj/Desktop/phylogenetic-tree-comparison-rt-refactor/data_sets/gene-trees/model.15taxon/1000gene-100bp/R9/all_gt.tre
All output trees will be *arbitrarily* rooted at C

======== Running the main analysis
Number of taxa: 15 (15 species)
Taxa: [C, G, B, F, M, H, I, K, J, L, N, E, A, D, O]
Taxon occupancy: {A=1000, B=1000, C=1000, D=1000, E=1000, F=1000, G=1000, H=1000, I=1000, J=1000, K=1000, L=1000, M=1000, N=1000, O=1000}
Using polytree-based weight calculation.
Number of gene trees: 1000
0 trees have missing taxa
Calculating distance matrix (for completion of X) ....with 2 distance matrices for parallellism
Species tree distances calculated ...

Building set of clusters (X) from gene trees 
------------------------------
Number of Clusters after addition from gene trees: 5769
Number of Clusters after addition by distance: 5769
Adding to X using resolutions of greedy consensus ...

Computing greedy consensus  
Threshold 0.0:
took 1 seconds
Limit for sigma of degrees:425

polytomy size limit : > 14
 [4, 11, 13, 14]
discarded polytomies: 
Threshold 0.01:
Threshold 0.02:
Threshold 0.05:
polytomy of size 4; rounds with additions with at least 5 support: 0; clusters: 5769
Threshold 0.1:
polytomy of size 11; rounds with additions with at least 5 support: 0; clusters: 5769
Threshold 0.2:
polytomy of size 13; rounds with additions with at least 5 support: 0; clusters: 5769
Threshold 0.3333333333333333:
polytomy of size 14; rounds with additions with at least 5 support: 0; clusters: 5769
Number of Clusters after addition by greedy: 5769
partitions formed in 7.629 secs
Dynamic Programming starting after 7.629 secs
Polytree max score: 1365000
Polytree building time: 0.167 seconds.
Using native AVX batch computing method.
Number of quartet trees in the gene trees: 1365000
Computing hash values took 0 seconds
Size of largest cluster: 15
Size of largest cluster: 15
Finishing up:75159 74944 75158
Total Number of elements: 75158
Normalized score (portion of input quartet trees satisfied before correcting for multiple individuals): 0.5127142857142857
Final optimization score: 699855
Optimal tree inferred in 15.961 secs.
Weight calculation using polytrees cumulatively took 6.287483731 secs
(C,((B,A),(D,(E,(F,(G,(H,(I,(J,(O,(K,(L,(M,N)))))))))))));
Final quartet score is: 699855
Final normalized quartet score is: 0.5127142857142857
(C,((B,A)1:0.14616979149624487,(D,(E,(F,(G,(H,(I,(J,(O,(K,(L,(M,N)1:0.09847452171692021)1:0.08277666585482375)0.92:0.05852268657674999)0.95:0.06309655982067017)1:0.07179757164179801)1:0.09237101828804486)1:0.12385340686515803)1:0.1228705681178989)1:0.11505511645694845)1:0.13493097297894538)1:0.16196882894368264));
ASTRAL finished in 17.5 secs
Shutting down threading
Memory Peak: 1110