

================== ASTRAL ===================== 

This is ASTRAL version 5.15.4
Using native AVX batch computing.
Gene trees are treated as unrooted
Warning:

 Problem using GPU. Proceeding without GPU
org.jocl.CLException: CL_PLATFORM_NOT_FOUND_KHR
org.jocl.CLException: CL_PLATFORM_NOT_FOUND_KHR
Starting 2 threads ...
There are 2 threads used to run.
25 trees read from /home/vasenaj/Desktop/phylogenetic-tree-comparison-rt-refactor/data_sets/gene-trees/model.37taxon/noscale.25g.500b/R11/all_gt.tre
All output trees will be *arbitrarily* rooted at GAL

======== Running the main analysis
Number of taxa: 37 (37 species)
Taxa: [GAL, ORN, MAC, MON, LOX, PRO, ECH, CHO, DAS, OCH, ORY, TUP, MUS, RAT, CAV, DIP, SPE, NEW, PON, CAL, GOR, HOM, PAN, OTO, MIC, TAR, EQU, FEL, CAN, MYO, PTE, VIC, SUS, BOS, TUR, ERI, SOR]
Taxon occupancy: {PTE=25, NEW=25, RAT=25, TAR=25, SPE=25, ORN=25, CHO=25, OTO=25, PRO=25, ORY=25, MYO=25, MIC=25, HOM=25, BOS=25, EQU=25, MUS=25, DIP=25, ECH=25, GOR=25, FEL=25, MON=25, MAC=25, TUP=25, PON=25, CAL=25, SUS=25, TUR=25, CAN=25, VIC=25, GAL=25, LOX=25, OCH=25, DAS=25, SOR=25, CAV=25, PAN=25, ERI=25}
Using polytree-based weight calculation.
Number of gene trees: 25
0 trees have missing taxa
Calculating distance matrix (for completion of X) ....with 2 distance matrices for parallellism
Species tree distances calculated ...

Building set of clusters (X) from gene trees 
------------------------------
Number of Clusters after addition from gene trees: 563
Number of Clusters after addition by distance: 563
Adding to X using resolutions of greedy consensus ...

Computing greedy consensus  
took 0 seconds
Limit for sigma of degrees:975

polytomy size limit : > 5
 [3, 3, 3, 3, 5]
discarded polytomies: 
Threshold 0.0:
Threshold 0.01:
Threshold 0.02:
Threshold 0.05:
Threshold 0.1:
Threshold 0.2:
Threshold 0.3333333333333333:
polytomy of size 5; rounds with additions with at least 5 support: 0; clusters: 563
polytomy of size 3; rounds with additions with at least 5 support: 0; clusters: 563
polytomy of size 3; rounds with additions with at least 5 support: 0; clusters: 563
polytomy of size 3; rounds with additions with at least 5 support: 0; clusters: 563
polytomy of size 3; rounds with additions with at least 5 support: 0; clusters: 563
Number of Clusters after addition by greedy: 563
partitions formed in 0.638 secs
Dynamic Programming starting after 0.638 secs
Polytree max score: 1651125
Polytree building time: 0.029 seconds.
Using native AVX batch computing method.
Number of quartet trees in the gene trees: 1651125
Computing hash values took 0 seconds
Size of largest cluster: 37
Size of largest cluster: 37
Finishing up:682 0 0
Total Number of elements: 681
Normalized score (portion of input quartet trees satisfied before correcting for multiple individuals): 0.8670518585812703
Final optimization score: 1431611
Optimal tree inferred in 1.787 secs.
Weight calculation using polytrees cumulatively took 0.016619427 secs
(GAL,(((((((EQU,(VIC,(SUS,(BOS,TUR)))),(FEL,CAN)),(MYO,PTE)),(ERI,SOR)),(TUP,(((TAR,(CAL,(NEW,(PON,(GOR,(HOM,PAN)))))),(OTO,MIC)),(((DIP,(MUS,RAT)),(CAV,SPE)),(OCH,ORY))))),((ECH,(LOX,PRO)),(CHO,DAS))),(ORN,(MAC,MON))));
Final quartet score is: 1428705
Final normalized quartet score is: 0.865291846468317
(GAL,(((((((EQU,(VIC,(SUS,(BOS,TUR)1:0.7658638481414088)0.63:0.11179140598811681)1:2.005333569526115)0.59:0.15350985955540902,(FEL,CAN)1:2.0641740695490483)0.42:0.03615399178249679,(MYO,PTE)1:1.222990810161698)0.68:0.15248786189215935,(ERI,SOR)0.91:0.27624216994897716)1:1.6321293236361696,(TUP,(((TAR,(CAL,(NEW,(PON,(GOR,(HOM,PAN)1:0.6554068525770984)1:0.9808292530117262)1:1.7505529332687229)0.54:0.08004270767353637)1:0.5574066913255644)0.48:0.07373821803599466,(OTO,MIC)1:1.198298197571327)1:1.0392417013765578,(((DIP,(MUS,RAT)1:2.8526314299133184)0.99:0.504236800887978,(CAV,SPE)0.83:0.21134444497078994)1:0.8716299610467346,(OCH,ORY)1:2.159484249353373)0.98:0.41818300139544656)0.75:0.18133303455408628)1:1.4364841056437447)1:0.6606493285419484,((ECH,(LOX,PRO)1:1.466337068793427)1:1.2431935174792175,(CHO,DAS)1:1.7436563542096617)0.43:0.04549032616687659)1:0.9224912339993022,(ORN,(MAC,MON)1:0.9151601495038688)0.51:0.10497209071606167));
ASTRAL finished in 2.168 secs
Shutting down threading
Memory Peak: 1128