

================== ASTRAL ===================== 

This is ASTRAL version 5.15.4
Using native AVX batch computing.
Gene trees are treated as unrooted
Warning:

 Problem using GPU. Proceeding without GPU
org.jocl.CLException: CL_PLATFORM_NOT_FOUND_KHR
org.jocl.CLException: CL_PLATFORM_NOT_FOUND_KHR
Starting 2 threads ...
There are 2 threads used to run.
1000 trees read from /home/vasenaj/Desktop/phylogenetic-tree-comparison-rt-refactor/data_sets/gene-trees/model.10.2000000.0.000001/40/truegenetrees
All output trees will be *arbitrarily* rooted at 1

======== Running the main analysis
Number of taxa: 11 (11 species)
Taxa: [1, 4, 2, 5, 8, 6, 7, 3, 10, 9, 0]
Taxon occupancy: {0=1000, 1=1000, 2=1000, 3=1000, 4=1000, 5=1000, 6=1000, 7=1000, 8=1000, 9=1000, 10=1000}
Using polytree-based weight calculation.
Number of gene trees: 1000
0 trees have missing taxa
Calculating distance matrix (for completion of X) ....with 2 distance matrices for parallellism
Species tree distances calculated ...

Building set of clusters (X) from gene trees 
------------------------------
Number of Clusters after addition from gene trees: 171
Number of Clusters after addition by distance: 171
Adding to X using resolutions of greedy consensus ...

Computing greedy consensus  
took 0 seconds
Limit for sigma of degrees:325

polytomy size limit : > 3
 []
discarded polytomies: 
Threshold 0.0:
Threshold 0.01:
Threshold 0.02:
Threshold 0.05:
Threshold 0.1:
Threshold 0.2:
Threshold 0.3333333333333333:
Number of Clusters after addition by greedy: 171
partitions formed in 0.678 secs
Dynamic Programming starting after 0.678 secs
Polytree max score: 330000
Polytree building time: 0.067 seconds.
Using native AVX batch computing method.
Number of quartet trees in the gene trees: 330000
Computing hash values took 0 seconds
Size of largest cluster: 11
Size of largest cluster: 11
Finishing up:284 9 10
Total Number of elements: 283
Normalized score (portion of input quartet trees satisfied before correcting for multiple individuals): 0.8986515151515152
Final optimization score: 296555
Optimal tree inferred in 1.886 secs.
Weight calculation using polytrees cumulatively took 0.006999195 secs
(1,(4,(2,(5,((0,(10,9)),((8,6),(7,3)))))));
Final quartet score is: 296555
Final normalized quartet score is: 0.8986515151515152
(1,(4,(2,(5,((0,(10,9)1:5.810142490647089)1:4.754089816397797,((8,6)1:0.4969365116053235,(7,3)1:1.5796657541004306)1:2.7897176045027496)1:0.19975536359046295)1:3.641088790277593)1:0.8334087482265367));
ASTRAL finished in 2.971 secs
Shutting down threading
Memory Peak: 1078