

================== ASTRAL ===================== 

This is ASTRAL version 5.15.4
Using native AVX batch computing.
Gene trees are treated as unrooted
Warning:

 Problem using GPU. Proceeding without GPU
org.jocl.CLException: CL_PLATFORM_NOT_FOUND_KHR
org.jocl.CLException: CL_PLATFORM_NOT_FOUND_KHR
Starting 2 threads ...
There are 2 threads used to run.
25 trees read from /home/vasenaj/Desktop/phylogenetic-tree-comparison-rt-refactor/data_sets/gene-trees/model.11taxon/estimated_25genes_strongILS/R7/all_gt.tre
All output trees will be *arbitrarily* rooted at 2

======== Running the main analysis
Number of taxa: 11 (11 species)
Taxa: [2, 4, 3, 11, 9, 10, 5, 6, 8, 7, 1]
Taxon occupancy: {11=25, 1=25, 2=25, 3=25, 4=25, 5=25, 6=25, 7=25, 8=25, 9=25, 10=25}
Using polytree-based weight calculation.
Number of gene trees: 25
0 trees have missing taxa
Calculating distance matrix (for completion of X) ....with 2 distance matrices for parallellism
Species tree distances calculated ...

Building set of clusters (X) from gene trees 
------------------------------
Number of Clusters after addition from gene trees: 119
Number of Clusters after addition by distance: 119
Adding to X using resolutions of greedy consensus ...

Computing greedy consensus  
took 0 seconds
Limit for sigma of degrees:325

polytomy size limit : > 4
 [3, 4]
discarded polytomies: 
Threshold 0.0:
Threshold 0.01:
Threshold 0.02:
Threshold 0.05:
Threshold 0.1:
Threshold 0.2:
Threshold 0.3333333333333333:
polytomy of size 3; rounds with additions with at least 5 support: 0; clusters: 119
polytomy of size 4; rounds with additions with at least 5 support: 0; clusters: 119
Number of Clusters after addition by greedy: 119
partitions formed in 0.33 secs
Dynamic Programming starting after 0.331 secs
Polytree max score: 8250
Polytree building time: 0.017 seconds.
Using native AVX batch computing method.
Number of quartet trees in the gene trees: 8250
Computing hash values took 0 seconds
Size of largest cluster: 11
Size of largest cluster: 11
Finishing up:140 0 0
Total Number of elements: 139
Normalized score (portion of input quartet trees satisfied before correcting for multiple individuals): 0.8123636363636364
Final optimization score: 6702
Optimal tree inferred in 1.439 secs.
Weight calculation using polytrees cumulatively took 0.002127073 secs
(2,(1,((11,(10,(9,((5,6),(8,7))))),(4,3))));
Final quartet score is: 6702
Final normalized quartet score is: 0.8123636363636364
(2,(1,((11,(10,(9,((5,6)1:1.0373414632750688,(8,7)1:0.8569597712989405)0.84:0.22254277028081967)0.6:0.1313360020610871)1:2.159484249353373)1:2.2930156419778953,(4,3)0.49:0.05360945060538094)0.71:0.1735687656843599));
ASTRAL finished in 1.787 secs
Shutting down threading
Memory Peak: 1188