
================== ASTRAL-Pro ===================== 

This is ASTRAL-Pro (A-Pro) version 1.1.6
Using native AVX batch computing.
Gene trees are treated as unrooted
There are 2 threads used to run.
ti: 3
tx: 3
pw: 4
The number of input tree read is 1000
16000 trees read from /home/vasenaj/Desktop/phylogenetic-tree-comparison-rt-refactor/data_sets/gene-trees/model.10.2000000.0.000001/21/truegenetrees
1000 extra trees.
All output trees will be *arbitrarily* rooted at 7

======== Running the main analysis
Number of taxa: 11 (11 species)
Taxa: [7, 8, 4, 1, 6, 5, 3, 10, 2, 9, 0]
Taxon occupancy: {0=16000, 1=16000, 2=16000, 3=16000, 4=16000, 5=16000, 6=16000, 7=16000, 8=16000, 9=16000, 10=16000}
Using polytree-based weight calculation.
Number of gene trees: 16000
0 trees have missing taxa
Calculating distance matrix (for completion of X) ....with 2 distance matrices in parallel
Species tree distances calculated ...

Building set of clusters (X) from gene trees 
------------------------------
Number of Clusters after addition by distance: 105
Adding to X using resolutions of greedy consensus ...

Computing greedy consensus  took 1 seconds
Limit for sigma of degrees:325

polytomy size limit : > 3
 []
discarded polytomies: 
Threshold 0.0:
Threshold 0.01:
Threshold 0.02:
Threshold 0.05:
Threshold 0.1:
Threshold 0.2:
Threshold 0.3333333333333333:
Number of Clusters after addition by greedy: 105
calculating extra bipartitions from extra input trees ...
Number of Clusters after additions from extra trees: 105
partitions formed in 9.688 secs
Dynamic Programming starting after 9.688 secs
Polytree max score: 330000
Polytree building time: 0.731 seconds.
Number of quartet trees in the gene trees: 330000
Computing hash values took 0 seconds
Size of largest cluster: 11
Total Number of elements: 97
Final optimization score: 0
Size of largest cluster: 11
98 3 4
Total Number of elements: 97
Normalized score (portion of input quartet trees satisfied before correcting for multiple individuals): 0.9223363636363636
Final optimization score: 304371
Optimal tree inferred in 11.714 secs.
Weight calculation cumulatively took 0.001340991 secs
(7,(8,(1,(4,((2,((5,3),(6,10))),(9,0))))));
Final quartet score is: 304371
Final normalized quartet score is: 0.9223363636363636
(7,(8,(1,(4,((2,((5,3)1:1.2748584321231862,(6,10)1:0.37970097117203305)1:4.798541578968634)1:1.6512594072874391,(9,0)1:1.758357542843806)1:5.3826984758201615)0.65:0.027086835096402043)1:2.4846569307206527));
ASTRAL-Pro finished in 14.945 secs
Memory Peak: 1092