
================== ASTRAL-Pro ===================== 

This is ASTRAL-Pro (A-Pro) version 1.1.6
Using native AVX batch computing.
Gene trees are treated as unrooted
There are 2 threads used to run.
ti: 3
tx: 3
pw: 4
The number of input tree read is 100
1798 trees read from /home/vasenaj/Desktop/phylogenetic-tree-comparison-rt-refactor/data_sets/gene-trees/model.15taxon/100gene-true/R7/all_gt.tre
100 extra trees.
All output trees will be *arbitrarily* rooted at B

======== Running the main analysis
Number of taxa: 15 (15 species)
Taxa: [B, E, A, D, F, I, M, G, C, L, N, H, J, K, O]
Taxon occupancy: {A=1798, B=1798, C=1798, D=1798, E=1798, F=1798, G=1798, H=1798, I=1798, J=1798, K=1798, L=1798, M=1798, N=1798, O=1798}
Using polytree-based weight calculation.
Number of gene trees: 1798
0 trees have missing taxa
Calculating distance matrix (for completion of X) ....with 2 distance matrices in parallel
Species tree distances calculated ...

Building set of clusters (X) from gene trees 
------------------------------
Number of Clusters after addition by distance: 1043
Adding to X using resolutions of greedy consensus ...

Computing greedy consensus  took 0 seconds
Limit for sigma of degrees:425

polytomy size limit : > 13
 [10, 13]
discarded polytomies: 
Threshold 0.0:
Threshold 0.01:
Threshold 0.02:
Threshold 0.05:
Threshold 0.1:
Threshold 0.2:
polytomy of size 10; rounds with additions with at least 5 support: 0; clusters: 1043
Threshold 0.3333333333333333:
polytomy of size 13; rounds with additions with at least 5 support: 0; clusters: 1043
Number of Clusters after addition by greedy: 1043
calculating extra bipartitions from extra input trees ...
Number of Clusters after additions from extra trees: 1043
partitions formed in 2.53 secs
Dynamic Programming starting after 2.53 secs
Polytree max score: 136500
Polytree building time: 0.118 seconds.
Number of quartet trees in the gene trees: 136500
Computing hash values took 0 seconds
Size of largest cluster: 15
Total Number of elements: 3183
Final optimization score: 0
Size of largest cluster: 15
3184 227 228
Total Number of elements: 3183
Normalized score (portion of input quartet trees satisfied before correcting for multiple individuals): 0.60396336996337
Final optimization score: 82441
Optimal tree inferred in 3.906 secs.
Weight calculation cumulatively took 0.042827939 secs
(B,(A,(C,(D,(E,(F,(G,(H,(I,(J,(K,(L,(M,(N,O))))))))))))));
Final quartet score is: 82441
Final normalized quartet score is: 0.60396336996337
(B,(A,(C,(D,(E,(F,(G,(H,(I,(J,(K,(L,(M,(N,O)1:0.3384543978252042)0.93:0.14530156019467666)0.94:0.15382070127287)1:0.2367463777489521)0.9:0.1325417834393564)0.84:0.1244797367366901)0.99:0.21539430506797683)0.99:0.2183592224104413)0.94:0.1636844307952103)0.97:0.18788153934582974)0.98:0.18592841372494792)1:0.2664567858364991));
ASTRAL-Pro finished in 4.396 secs
Memory Peak: 1092