

================== ASTRAL ===================== 

This is ASTRAL version 5.15.4
Using native AVX batch computing.
Gene trees are treated as unrooted
Warning:

 Problem using GPU. Proceeding without GPU
org.jocl.CLException: CL_PLATFORM_NOT_FOUND_KHR
org.jocl.CLException: CL_PLATFORM_NOT_FOUND_KHR
Starting 2 threads ...
There are 2 threads used to run.
100 trees read from /home/vasenaj/Desktop/phylogenetic-tree-comparison-rt-refactor/data_sets/gene-trees/model.11taxon/simulated_100genes_strongILS/R18/all_gt.tre
All output trees will be *arbitrarily* rooted at 8.8

======== Running the main analysis
Number of taxa: 11 (11 species)
Taxa: [8.8, 7.7, 6.6, 5.5, 9.9, 10.10, 4.4, 2.2, 1.1, 3.3, 11.11]
Taxon occupancy: {7.7=100, 8.8=100, 9.9=100, 1.1=100, 2.2=100, 10.10=100, 11.11=100, 3.3=100, 4.4=100, 5.5=100, 6.6=100}
Using polytree-based weight calculation.
Number of gene trees: 100
0 trees have missing taxa
Calculating distance matrix (for completion of X) ....with 2 distance matrices for parallellism
Species tree distances calculated ...

Building set of clusters (X) from gene trees 
------------------------------
Number of Clusters after addition from gene trees: 73
Number of Clusters after addition by distance: 73
Adding to X using resolutions of greedy consensus ...

Computing greedy consensus  
took 0 seconds
Limit for sigma of degrees:325

polytomy size limit : > 3
 []
discarded polytomies: 
Threshold 0.0:
Threshold 0.01:
Threshold 0.02:
Threshold 0.05:
Threshold 0.1:
Threshold 0.2:
Threshold 0.3333333333333333:
Number of Clusters after addition by greedy: 73
partitions formed in 0.446 secs
Dynamic Programming starting after 0.446 secs
Polytree max score: 33000
Polytree building time: 0.027 seconds.
Using native AVX batch computing method.
Number of quartet trees in the gene trees: 33000
Computing hash values took 0 seconds
Size of largest cluster: 11
Size of largest cluster: 11
Finishing up:56 55 55
Total Number of elements: 55
Normalized score (portion of input quartet trees satisfied before correcting for multiple individuals): 0.9504242424242424
Final optimization score: 31364
Optimal tree inferred in 1.568 secs.
Weight calculation using polytrees cumulatively took 6.72273E-4 secs
(8.8,(7.7,((9.9,(10.10,(11.11,(4.4,(3.3,(2.2,1.1)))))),(6.6,5.5))));
Final quartet score is: 31364
Final normalized quartet score is: 0.9504242424242424
(8.8,(7.7,((9.9,(10.10,(11.11,(4.4,(3.3,(2.2,1.1)1:0.4029929189627754)1:1.5705980791178364)1:4.209655408733094)1:4.209655408733094)1:1.6447060512715583)1:0.8423595787466209,(6.6,5.5)1:3.1110431200649846)1:4.209655408733094));
ASTRAL finished in 2.085 secs
Shutting down threading
Memory Peak: 1200