

================== ASTRAL ===================== 

This is ASTRAL version 5.15.4
Using native AVX batch computing.
Gene trees are treated as unrooted
Warning:

 Problem using GPU. Proceeding without GPU
org.jocl.CLException: CL_PLATFORM_NOT_FOUND_KHR
org.jocl.CLException: CL_PLATFORM_NOT_FOUND_KHR
Starting 2 threads ...
There are 2 threads used to run.
15 trees read from /home/vasenaj/Desktop/phylogenetic-tree-comparison-rt-refactor/data_sets/gene-trees/model.11taxon/estimated_15genes_strongILS/R19/all_gt.tre
All output trees will be *arbitrarily* rooted at 2

======== Running the main analysis
Number of taxa: 11 (11 species)
Taxa: [2, 3, 4, 11, 6, 5, 10, 9, 7, 8, 1]
Taxon occupancy: {11=15, 1=15, 2=15, 3=15, 4=15, 5=15, 6=15, 7=15, 8=15, 9=15, 10=15}
Using polytree-based weight calculation.
Number of gene trees: 15
0 trees have missing taxa
Calculating distance matrix (for completion of X) ....with 2 distance matrices for parallellism
Species tree distances calculated ...

Building set of clusters (X) from gene trees 
------------------------------
Number of Clusters after addition from gene trees: 99
Number of Clusters after addition by distance: 99
Adding to X using resolutions of greedy consensus ...

Computing greedy consensus  
took 0 seconds
Limit for sigma of degrees:325

polytomy size limit : > 3
 []
discarded polytomies: 
Threshold 0.0:
Threshold 0.01:
Threshold 0.02:
Threshold 0.05:
Threshold 0.1:
Threshold 0.2:
Threshold 0.3333333333333333:
Number of Clusters after addition by greedy: 99
partitions formed in 0.198 secs
Dynamic Programming starting after 0.198 secs
Polytree max score: 4950
Polytree building time: 0.009 seconds.
Using native AVX batch computing method.
Number of quartet trees in the gene trees: 4950
Computing hash values took 0 seconds
Size of largest cluster: 11
Size of largest cluster: 11
Finishing up:96 22 23
Total Number of elements: 95
Normalized score (portion of input quartet trees satisfied before correcting for multiple individuals): 0.8066666666666666
Final optimization score: 3993
Optimal tree inferred in 1.298 secs.
Weight calculation using polytrees cumulatively took 0.005658742 secs
(2,(1,(3,(4,(11,(((6,5),(7,8)),(10,9)))))));
Final quartet score is: 3993
Final normalized quartet score is: 0.8066666666666666
You may want to ignore posterior probabilities and other statistics related to the following branch branch because the effective number of genes impacting it is only 15:
	{6, 5}
You may want to ignore posterior probabilities and other statistics related to the following branch branch because the effective number of genes impacting it is only 15:
	{7, 8}
You may want to ignore posterior probabilities and other statistics related to the following branch branch because the effective number of genes impacting it is only 15:
	{6, 5, 7, 8}
You may want to ignore posterior probabilities and other statistics related to the following branch branch because the effective number of genes impacting it is only 15:
	{10, 9}
You may want to ignore posterior probabilities and other statistics related to the following branch branch because the effective number of genes impacting it is only 15:
	{6, 5, 10, 9, 7, 8}
You may want to ignore posterior probabilities and other statistics related to the following branch branch because the effective number of genes impacting it is only 15:
	{11, 6, 5, 10, 9, 7, 8}
You may want to ignore posterior probabilities and other statistics related to the following branch branch because the effective number of genes impacting it is only 15:
	{4, 11, 6, 5, 10, 9, 7, 8}
You may want to ignore posterior probabilities and other statistics related to the following branch branch because the effective number of genes impacting it is only 15:
	{3, 4, 11, 6, 5, 10, 9, 7, 8}
(2,(1,(3,(4,(11,(((6,5)0.99:0.6623755218931916,(7,8)0.51:0.07170701061618387)0.84:0.2876820724517809,(10,9)0.55:0.1158318155251217)1:2.367123614131617)1:1.6739764335716716)0.87:0.30570057795445915)0.93:0.40351388797690263));
ASTRAL finished in 1.607 secs
Shutting down threading
Memory Peak: 1194