

================== ASTRAL ===================== 

This is ASTRAL version 5.15.4
Using native AVX batch computing.
Gene trees are treated as unrooted
Warning:

 Problem using GPU. Proceeding without GPU
org.jocl.CLException: CL_PLATFORM_NOT_FOUND_KHR
org.jocl.CLException: CL_PLATFORM_NOT_FOUND_KHR
Starting 2 threads ...
There are 2 threads used to run.
1000 trees read from /home/vasenaj/Desktop/phylogenetic-tree-comparison-rt-refactor/data_sets/gene-trees/model.10.2000000.0.000001/41/truegenetrees
All output trees will be *arbitrarily* rooted at 5

======== Running the main analysis
Number of taxa: 11 (11 species)
Taxa: [5, 10, 4, 3, 6, 8, 1, 7, 2, 9, 0]
Taxon occupancy: {0=1000, 1=1000, 2=1000, 3=1000, 4=1000, 5=1000, 6=1000, 7=1000, 8=1000, 9=1000, 10=1000}
Using polytree-based weight calculation.
Number of gene trees: 1000
0 trees have missing taxa
Calculating distance matrix (for completion of X) ....with 2 distance matrices for parallellism
Species tree distances calculated ...

Building set of clusters (X) from gene trees 
------------------------------
Number of Clusters after addition from gene trees: 149
Number of Clusters after addition by distance: 149
Adding to X using resolutions of greedy consensus ...

Computing greedy consensus  
Threshold 0.0:
Threshold 0.01:
Threshold 0.02:
Threshold 0.05:
Threshold 0.1:
Threshold 0.2:
Threshold 0.3333333333333333:
took 0 seconds
Limit for sigma of degrees:325

polytomy size limit : > 3
 [3]
discarded polytomies: 
polytomy of size 3; rounds with additions with at least 5 support: 0; clusters: 149
Number of Clusters after addition by greedy: 149
partitions formed in 0.872 secs
Dynamic Programming starting after 0.872 secs
Polytree max score: 330000
Polytree building time: 0.066 seconds.
Using native AVX batch computing method.
Number of quartet trees in the gene trees: 330000
Computing hash values took 0 seconds
Size of largest cluster: 11
Size of largest cluster: 11
Finishing up:202 11 12
Total Number of elements: 201
Normalized score (portion of input quartet trees satisfied before correcting for multiple individuals): 0.9070909090909091
Final optimization score: 299340
Optimal tree inferred in 2.065 secs.
Weight calculation using polytrees cumulatively took 0.00702887 secs
(5,(((10,((6,8),(4,3))),(9,0)),(2,(1,7))));
Final quartet score is: 299340
Final normalized quartet score is: 0.9070909090909091
(5,(((10,((6,8)1:0.875668557516419,(4,3)0.67:0.03459321762123311)1:1.8881691543657966)1:2.5739180274442965,(9,0)1:3.9775610268988033)1:0.8918661798670805,(2,(1,7)1:0.427943640118372)1:3.994852524008857));
ASTRAL finished in 3.23 secs
Shutting down threading
Memory Peak: 1078