

================== ASTRAL ===================== 

This is ASTRAL version 5.15.4
Using native AVX batch computing.
Gene trees are treated as unrooted
Warning:

 Problem using GPU. Proceeding without GPU
org.jocl.CLException: CL_PLATFORM_NOT_FOUND_KHR
org.jocl.CLException: CL_PLATFORM_NOT_FOUND_KHR
Starting 2 threads ...
There are 2 threads used to run.
1000 trees read from /home/vasenaj/Desktop/phylogenetic-tree-comparison-rt-refactor/data_sets/gene-trees/model.10.2000000.0.000001/08/truegenetrees
All output trees will be *arbitrarily* rooted at 0

======== Running the main analysis
Number of taxa: 11 (11 species)
Taxa: [0, 6, 8, 2, 1, 10, 7, 4, 5, 3, 9]
Taxon occupancy: {0=1000, 1=1000, 2=1000, 3=1000, 4=1000, 5=1000, 6=1000, 7=1000, 8=1000, 9=1000, 10=1000}
Using polytree-based weight calculation.
Number of gene trees: 1000
0 trees have missing taxa
Calculating distance matrix (for completion of X) ....with 2 distance matrices for parallellism
Species tree distances calculated ...

Building set of clusters (X) from gene trees 
------------------------------
Number of Clusters after addition from gene trees: 263
Number of Clusters after addition by distance: 263
Adding to X using resolutions of greedy consensus ...

Computing greedy consensus  
took 0 seconds
Limit for sigma of degrees:325

polytomy size limit : > 3
 []
discarded polytomies: 
Threshold 0.0:
Threshold 0.01:
Threshold 0.02:
Threshold 0.05:
Threshold 0.1:
Threshold 0.2:
Threshold 0.3333333333333333:
Number of Clusters after addition by greedy: 263
partitions formed in 0.917 secs
Dynamic Programming starting after 0.917 secs
Polytree max score: 330000
Polytree building time: 0.181 seconds.
Using native AVX batch computing method.
Number of quartet trees in the gene trees: 330000
Computing hash values took 0 seconds
Size of largest cluster: 11
Size of largest cluster: 11
Finishing up:629 0 0
Total Number of elements: 628
Normalized score (portion of input quartet trees satisfied before correcting for multiple individuals): 0.8551424242424243
Final optimization score: 282197
Optimal tree inferred in 2.263 secs.
Weight calculation using polytrees cumulatively took 0.013439917 secs
(0,((9,((7,4),((2,(1,10)),(5,3)))),(6,8)));
Final quartet score is: 282197
Final normalized quartet score is: 0.8551424242424243
(0,((9,((7,4)1:1.4833643302037078,((2,(1,10)1:2.211119365655036)1:0.5868630156733541,(5,3)1:2.2748351800411397)1:0.6677482070384984)1:1.103770424150051)1:5.116995310087171,(6,8)1:0.36556261712082216));
ASTRAL finished in 3.115 secs
Shutting down threading
Memory Peak: 1078